<?xml version="1.0" encoding="UTF-8"?>
<coverage generated="1754056589807" clover="3.2.0">
  <project timestamp="1754056589807" name="All files">
    <metrics statements="4597" coveredstatements="3892" conditionals="1975" coveredconditionals="1484" methods="659" coveredmethods="497" elements="7231" coveredelements="5873" complexity="0" loc="4597" ncloc="4597" packages="16" files="57" classes="57"/>
    <package name="src">
      <metrics statements="5" coveredstatements="5" conditionals="0" coveredconditionals="0" methods="2" coveredmethods="2"/>
      <file name="JsonPackExtension.ts" path="/home/runner/work/json-pack/json-pack/src/JsonPackExtension.ts">
        <metrics statements="3" coveredstatements="3" conditionals="0" coveredconditionals="0" methods="1" coveredmethods="1"/>
        <line num="9" count="42" type="stmt"/>
        <line num="11" count="101" type="stmt"/>
        <line num="12" count="101" type="stmt"/>
      </file>
      <file name="JsonPackValue.ts" path="/home/runner/work/json-pack/json-pack/src/JsonPackValue.ts">
        <metrics statements="2" coveredstatements="2" conditionals="0" coveredconditionals="0" methods="1" coveredmethods="1"/>
        <line num="11" count="26" type="stmt"/>
        <line num="12" count="50" type="stmt"/>
      </file>
    </package>
    <package name="src.__bench__.data">
      <metrics statements="1" coveredstatements="1" conditionals="0" coveredconditionals="0" methods="0" coveredmethods="0"/>
      <file name="json-very-large-object.ts" path="/home/runner/work/json-pack/json-pack/src/__bench__/data/json-very-large-object.ts">
        <metrics statements="1" coveredstatements="1" conditionals="0" coveredconditionals="0" methods="0" coveredmethods="0"/>
        <line num="1" count="1" type="stmt"/>
      </file>
    </package>
    <package name="src.__tests__">
      <metrics statements="5" coveredstatements="5" conditionals="0" coveredconditionals="0" methods="0" coveredmethods="0"/>
      <file name="binary-documents.ts" path="/home/runner/work/json-pack/json-pack/src/__tests__/binary-documents.ts">
        <metrics statements="1" coveredstatements="1" conditionals="0" coveredconditionals="0" methods="0" coveredmethods="0"/>
        <line num="7" count="8" type="stmt"/>
      </file>
      <file name="json-documents.ts" path="/home/runner/work/json-pack/json-pack/src/__tests__/json-documents.ts">
        <metrics statements="1" coveredstatements="1" conditionals="0" coveredconditionals="0" methods="0" coveredmethods="0"/>
        <line num="10" count="15" type="stmt"/>
      </file>
      <file name="msgpack-documents.ts" path="/home/runner/work/json-pack/json-pack/src/__tests__/msgpack-documents.ts">
        <metrics statements="3" coveredstatements="3" conditionals="0" coveredconditionals="0" methods="0" coveredmethods="0"/>
        <line num="1" count="1" type="stmt"/>
        <line num="2" count="1" type="stmt"/>
        <line num="10" count="1" type="stmt"/>
      </file>
    </package>
    <package name="src.bencode">
      <metrics statements="171" coveredstatements="152" conditionals="46" coveredconditionals="29" methods="33" coveredmethods="27"/>
      <file name="BencodeDecoder.ts" path="/home/runner/work/json-pack/json-pack/src/bencode/BencodeDecoder.ts">
        <metrics statements="90" coveredstatements="84" conditionals="30" coveredconditionals="15" methods="14" coveredmethods="13"/>
        <line num="1" count="2" type="stmt"/>
        <line num="4" count="2" type="stmt"/>
        <line num="5" count="2" type="stmt"/>
        <line num="8" count="2" type="stmt"/>
        <line num="9" count="2" type="stmt"/>
        <line num="13" count="18" type="stmt"/>
        <line num="14" count="18" type="stmt"/>
        <line num="18" count="97" type="stmt"/>
        <line num="19" count="97" type="stmt"/>
        <line num="20" count="97" type="stmt"/>
        <line num="21" count="97" type="stmt"/>
        <line num="22" count="97" type="cond" truecount="8" falsecount="0"/>
        <line num="24" count="26" type="stmt"/>
        <line num="26" count="14" type="stmt"/>
        <line num="28" count="16" type="stmt"/>
        <line num="30" count="3" type="stmt"/>
        <line num="32" count="4" type="stmt"/>
        <line num="34" count="4" type="stmt"/>
        <line num="36" count="4" type="stmt"/>
        <line num="38" count="26" type="cond" truecount="3" falsecount="0"/>
        <line num="40" count="0" type="stmt"/>
        <line num="44" count="4" type="cond" truecount="0" falsecount="1"/>
        <line num="45" count="4" type="stmt"/>
        <line num="49" count="4" type="cond" truecount="0" falsecount="1"/>
        <line num="50" count="4" type="stmt"/>
        <line num="54" count="4" type="cond" truecount="0" falsecount="1"/>
        <line num="55" count="4" type="stmt"/>
        <line num="59" count="3" type="cond" truecount="0" falsecount="1"/>
        <line num="60" count="3" type="stmt"/>
        <line num="64" count="0" type="stmt"/>
        <line num="65" count="0" type="cond" truecount="0" falsecount="3"/>
        <line num="67" count="0" type="stmt"/>
        <line num="69" count="0" type="stmt"/>
        <line num="71" count="0" type="stmt"/>
        <line num="76" count="26" type="stmt"/>
        <line num="77" count="26" type="stmt"/>
        <line num="78" count="26" type="cond" truecount="0" falsecount="1"/>
        <line num="79" count="26" type="stmt"/>
        <line num="80" count="26" type="stmt"/>
        <line num="81" count="26" type="stmt"/>
        <line num="82" count="26" type="stmt"/>
        <line num="83" count="26" type="stmt"/>
        <line num="84" count="26" type="stmt"/>
        <line num="85" count="71" type="stmt"/>
        <line num="86" count="71" type="stmt"/>
        <line num="87" count="71" type="cond" truecount="0" falsecount="1"/>
        <line num="88" count="71" type="stmt"/>
        <line num="90" count="26" type="cond" truecount="0" falsecount="1"/>
        <line num="91" count="26" type="stmt"/>
        <line num="92" count="26" type="stmt"/>
        <line num="96" count="18" type="stmt"/>
        <line num="97" count="18" type="stmt"/>
        <line num="101" count="46" type="stmt"/>
        <line num="102" count="46" type="stmt"/>
        <line num="103" count="46" type="stmt"/>
        <line num="104" count="46" type="stmt"/>
        <line num="105" count="46" type="stmt"/>
        <line num="106" count="46" type="stmt"/>
        <line num="107" count="46" type="stmt"/>
        <line num="108" count="52" type="cond" truecount="2" falsecount="1"/>
        <line num="109" count="52" type="stmt"/>
        <line num="110" count="52" type="stmt"/>
        <line num="111" count="52" type="cond" truecount="0" falsecount="1"/>
        <line num="112" count="52" type="stmt"/>
        <line num="114" count="46" type="stmt"/>
        <line num="115" count="46" type="stmt"/>
        <line num="116" count="46" type="stmt"/>
        <line num="117" count="46" type="stmt"/>
        <line num="121" count="16" type="stmt"/>
        <line num="122" count="16" type="cond" truecount="0" falsecount="1"/>
        <line num="123" count="16" type="stmt"/>
        <line num="124" count="16" type="stmt"/>
        <line num="125" count="16" type="stmt"/>
        <line num="126" count="48" type="stmt"/>
        <line num="127" count="48" type="cond" truecount="1" falsecount="0"/>
        <line num="128" count="16" type="stmt"/>
        <line num="129" count="16" type="stmt"/>
        <line num="131" count="32" type="stmt"/>
        <line num="136" count="14" type="stmt"/>
        <line num="137" count="14" type="cond" truecount="0" falsecount="1"/>
        <line num="138" count="14" type="stmt"/>
        <line num="139" count="14" type="stmt"/>
        <line num="140" count="14" type="stmt"/>
        <line num="141" count="32" type="stmt"/>
        <line num="142" count="32" type="cond" truecount="1" falsecount="0"/>
        <line num="143" count="14" type="stmt"/>
        <line num="144" count="14" type="stmt"/>
        <line num="146" count="18" type="stmt"/>
        <line num="147" count="18" type="cond" truecount="0" falsecount="1"/>
        <line num="148" count="18" type="stmt"/>
      </file>
      <file name="BencodeEncoder.ts" path="/home/runner/work/json-pack/json-pack/src/bencode/BencodeEncoder.ts">
        <metrics statements="81" coveredstatements="68" conditionals="16" coveredconditionals="14" methods="19" coveredmethods="14"/>
        <line num="1" count="3" type="stmt"/>
        <line num="2" count="3" type="stmt"/>
        <line num="6" count="3" type="stmt"/>
        <line num="7" count="6" type="stmt"/>
        <line num="10" count="77" type="stmt"/>
        <line num="11" count="77" type="stmt"/>
        <line num="12" count="77" type="stmt"/>
        <line num="13" count="77" type="stmt"/>
        <line num="22" count="0" type="stmt"/>
        <line num="26" count="149" type="cond" truecount="6" falsecount="1"/>
        <line num="28" count="6" type="stmt"/>
        <line num="30" count="56" type="stmt"/>
        <line num="32" count="23" type="stmt"/>
        <line num="34" count="54" type="cond" truecount="1" falsecount="0"/>
        <line num="35" count="51" type="stmt"/>
        <line num="36" count="51" type="cond" truecount="5" falsecount="1"/>
        <line num="38" count="13" type="stmt"/>
        <line num="40" count="18" type="stmt"/>
        <line num="42" count="9" type="stmt"/>
        <line num="44" count="4" type="stmt"/>
        <line num="46" count="7" type="stmt"/>
        <line num="48" count="0" type="stmt"/>
        <line num="52" count="5" type="stmt"/>
        <line num="55" count="5" type="stmt"/>
        <line num="58" count="0" type="stmt"/>
        <line num="63" count="3" type="stmt"/>
        <line num="67" count="5" type="stmt"/>
        <line num="71" count="6" type="cond" truecount="2" falsecount="0"/>
        <line num="75" count="56" type="stmt"/>
        <line num="76" count="56" type="stmt"/>
        <line num="77" count="56" type="stmt"/>
        <line num="78" count="56" type="stmt"/>
        <line num="82" count="0" type="stmt"/>
        <line num="83" count="0" type="stmt"/>
        <line num="84" count="0" type="stmt"/>
        <line num="85" count="0" type="stmt"/>
        <line num="89" count="0" type="stmt"/>
        <line num="93" count="0" type="stmt"/>
        <line num="97" count="5" type="stmt"/>
        <line num="98" count="5" type="stmt"/>
        <line num="99" count="5" type="stmt"/>
        <line num="100" count="5" type="stmt"/>
        <line num="104" count="9" type="stmt"/>
        <line num="105" count="9" type="stmt"/>
        <line num="106" count="9" type="stmt"/>
        <line num="107" count="9" type="stmt"/>
        <line num="108" count="9" type="stmt"/>
        <line num="112" count="45" type="stmt"/>
        <line num="113" count="45" type="stmt"/>
        <line num="114" count="45" type="stmt"/>
        <line num="115" count="45" type="stmt"/>
        <line num="116" count="45" type="stmt"/>
        <line num="117" count="45" type="stmt"/>
        <line num="121" count="0" type="stmt"/>
        <line num="122" count="0" type="stmt"/>
        <line num="123" count="0" type="stmt"/>
        <line num="124" count="0" type="stmt"/>
        <line num="128" count="25" type="stmt"/>
        <line num="129" count="25" type="stmt"/>
        <line num="130" count="25" type="stmt"/>
        <line num="131" count="50" type="stmt"/>
        <line num="132" count="25" type="stmt"/>
        <line num="136" count="13" type="stmt"/>
        <line num="137" count="13" type="stmt"/>
        <line num="138" count="13" type="stmt"/>
        <line num="139" count="13" type="stmt"/>
        <line num="140" count="13" type="stmt"/>
        <line num="141" count="15" type="stmt"/>
        <line num="142" count="15" type="stmt"/>
        <line num="143" count="15" type="stmt"/>
        <line num="145" count="13" type="stmt"/>
        <line num="149" count="4" type="stmt"/>
        <line num="150" count="4" type="stmt"/>
        <line num="151" count="4" type="stmt"/>
        <line num="152" count="4" type="stmt"/>
        <line num="153" count="4" type="stmt"/>
        <line num="154" count="7" type="stmt"/>
        <line num="155" count="7" type="stmt"/>
        <line num="156" count="7" type="stmt"/>
        <line num="158" count="4" type="stmt"/>
        <line num="162" count="7" type="stmt"/>
      </file>
    </package>
    <package name="src.bson">
      <metrics statements="399" coveredstatements="381" conditionals="85" coveredconditionals="73" methods="49" coveredmethods="39"/>
      <file name="BsonDecoder.ts" path="/home/runner/work/json-pack/json-pack/src/bson/BsonDecoder.ts">
        <metrics statements="118" coveredstatements="114" conditionals="28" coveredconditionals="25" methods="17" coveredmethods="16"/>
        <line num="1" count="3" type="stmt"/>
        <line num="2" count="3" type="stmt"/>
        <line num="19" count="3" type="stmt"/>
        <line num="20" count="3" type="cond" truecount="1" falsecount="0"/>
        <line num="23" count="0" type="stmt"/>
        <line num="24" count="0" type="stmt"/>
        <line num="28" count="1123" type="stmt"/>
        <line num="29" count="1123" type="stmt"/>
        <line num="33" count="8478" type="stmt"/>
        <line num="34" count="8478" type="stmt"/>
        <line num="35" count="8478" type="stmt"/>
        <line num="36" count="8478" type="stmt"/>
        <line num="37" count="8478" type="stmt"/>
        <line num="38" count="8478" type="stmt"/>
        <line num="40" count="8478" type="stmt"/>
        <line num="41" count="35958" type="stmt"/>
        <line num="42" count="35958" type="cond" truecount="0" falsecount="1"/>
        <line num="44" count="35958" type="stmt"/>
        <line num="45" count="35958" type="stmt"/>
        <line num="46" count="35958" type="stmt"/>
        <line num="50" count="8478" type="cond" truecount="1" falsecount="0"/>
        <line num="51" count="8478" type="stmt"/>
        <line num="54" count="8478" type="stmt"/>
        <line num="58" count="35960" type="stmt"/>
        <line num="59" count="35960" type="stmt"/>
        <line num="60" count="35960" type="stmt"/>
        <line num="61" count="35960" type="stmt"/>
        <line num="64" count="35960" type="stmt"/>
        <line num="65" count="238162" type="stmt"/>
        <line num="68" count="35960" type="cond" truecount="1" falsecount="0"/>
        <line num="69" count="1" type="stmt"/>
        <line num="70" count="1" type="stmt"/>
        <line num="73" count="35959" type="stmt"/>
        <line num="74" count="35959" type="stmt"/>
        <line num="75" count="35959" type="stmt"/>
        <line num="79" count="11597" type="stmt"/>
        <line num="80" count="11597" type="stmt"/>
        <line num="81" count="11597" type="stmt"/>
        <line num="82" count="11597" type="cond" truecount="0" falsecount="1"/>
        <line num="83" count="0" type="stmt"/>
        <line num="85" count="11597" type="stmt"/>
        <line num="86" count="11597" type="stmt"/>
        <line num="87" count="11597" type="stmt"/>
        <line num="91" count="35958" type="stmt"/>
        <line num="93" count="35958" type="cond" truecount="21" falsecount="1"/>
        <line num="95" count="10158" type="stmt"/>
        <line num="96" count="10158" type="stmt"/>
        <line num="97" count="10158" type="stmt"/>
        <line num="100" count="11593" type="stmt"/>
        <line num="103" count="3859" type="stmt"/>
        <line num="106" count="3495" type="stmt"/>
        <line num="109" count="16" type="stmt"/>
        <line num="112" count="1" type="stmt"/>
        <line num="115" count="2" type="stmt"/>
        <line num="118" count="2820" type="stmt"/>
        <line num="121" count="2" type="stmt"/>
        <line num="122" count="2" type="stmt"/>
        <line num="123" count="2" type="stmt"/>
        <line num="126" count="1310" type="stmt"/>
        <line num="129" count="1" type="stmt"/>
        <line num="132" count="1" type="stmt"/>
        <line num="135" count="1" type="stmt"/>
        <line num="138" count="1" type="stmt"/>
        <line num="141" count="1" type="stmt"/>
        <line num="144" count="1097" type="stmt"/>
        <line num="145" count="1097" type="stmt"/>
        <line num="146" count="1097" type="stmt"/>
        <line num="149" count="1" type="stmt"/>
        <line num="152" count="1596" type="stmt"/>
        <line num="153" count="1596" type="stmt"/>
        <line num="154" count="1596" type="stmt"/>
        <line num="157" count="1" type="stmt"/>
        <line num="160" count="1" type="stmt"/>
        <line num="163" count="1" type="stmt"/>
        <line num="166" count="0" type="stmt"/>
        <line num="171" count="3495" type="stmt"/>
        <line num="172" count="7191" type="stmt"/>
        <line num="173" count="9850" type="stmt"/>
        <line num="177" count="16" type="stmt"/>
        <line num="178" count="16" type="stmt"/>
        <line num="179" count="16" type="stmt"/>
        <line num="180" count="16" type="stmt"/>
        <line num="181" count="16" type="stmt"/>
        <line num="184" count="16" type="cond" truecount="1" falsecount="0"/>
        <line num="185" count="15" type="stmt"/>
        <line num="188" count="1" type="stmt"/>
        <line num="192" count="3" type="stmt"/>
        <line num="193" count="3" type="stmt"/>
        <line num="194" count="3" type="stmt"/>
        <line num="197" count="3" type="stmt"/>
        <line num="200" count="3" type="stmt"/>
        <line num="201" count="3" type="stmt"/>
        <line num="203" count="3" type="stmt"/>
        <line num="204" count="3" type="stmt"/>
        <line num="207" count="3" type="stmt"/>
        <line num="209" count="3" type="stmt"/>
        <line num="210" count="3" type="stmt"/>
        <line num="214" count="1" type="stmt"/>
        <line num="215" count="1" type="stmt"/>
        <line num="216" count="1" type="stmt"/>
        <line num="220" count="1" type="stmt"/>
        <line num="221" count="1" type="stmt"/>
        <line num="222" count="1" type="stmt"/>
        <line num="226" count="1" type="stmt"/>
        <line num="227" count="1" type="stmt"/>
        <line num="228" count="1" type="stmt"/>
        <line num="229" count="1" type="stmt"/>
        <line num="230" count="1" type="stmt"/>
        <line num="231" count="1" type="stmt"/>
        <line num="235" count="1" type="stmt"/>
        <line num="236" count="1" type="stmt"/>
        <line num="237" count="1" type="stmt"/>
        <line num="238" count="1" type="stmt"/>
        <line num="239" count="1" type="stmt"/>
        <line num="240" count="1" type="stmt"/>
        <line num="244" count="1" type="stmt"/>
        <line num="245" count="1" type="stmt"/>
        <line num="246" count="1" type="stmt"/>
      </file>
      <file name="BsonEncoder.ts" path="/home/runner/work/json-pack/json-pack/src/bson/BsonEncoder.ts">
        <metrics statements="251" coveredstatements="237" conditionals="57" coveredconditionals="48" methods="21" coveredmethods="12"/>
        <line num="1" count="6" type="stmt"/>
        <line num="18" count="6" type="stmt"/>
        <line num="19" count="6" type="stmt"/>
        <line num="22" count="1267" type="stmt"/>
        <line num="23" count="1267" type="stmt"/>
        <line num="24" count="1267" type="stmt"/>
        <line num="25" count="1267" type="stmt"/>
        <line num="29" count="1267" type="cond" truecount="1" falsecount="0"/>
        <line num="31" count="1267" type="cond" truecount="0" falsecount="1"/>
        <line num="32" count="1267" type="stmt"/>
        <line num="35" count="0" type="stmt"/>
        <line num="40" count="0" type="stmt"/>
        <line num="45" count="0" type="stmt"/>
        <line num="50" count="0" type="stmt"/>
        <line num="55" count="0" type="stmt"/>
        <line num="60" count="0" type="stmt"/>
        <line num="65" count="0" type="stmt"/>
        <line num="69" count="14066" type="stmt"/>
        <line num="70" count="14066" type="stmt"/>
        <line num="71" count="14066" type="stmt"/>
        <line num="72" count="14066" type="stmt"/>
        <line num="76" count="1609" type="stmt"/>
        <line num="77" count="1609" type="stmt"/>
        <line num="78" count="1609" type="stmt"/>
        <line num="79" count="1609" type="stmt"/>
        <line num="83" count="10217" type="stmt"/>
        <line num="84" count="10217" type="stmt"/>
        <line num="85" count="10217" type="stmt"/>
        <line num="86" count="10217" type="stmt"/>
        <line num="91" count="0" type="stmt"/>
        <line num="95" count="16" type="stmt"/>
        <line num="96" count="16" type="stmt"/>
        <line num="97" count="16" type="stmt"/>
        <line num="98" count="16" type="stmt"/>
        <line num="99" count="16" type="stmt"/>
        <line num="103" count="12744" type="stmt"/>
        <line num="104" count="12744" type="stmt"/>
        <line num="105" count="12744" type="stmt"/>
        <line num="106" count="12744" type="stmt"/>
        <line num="107" count="12744" type="stmt"/>
        <line num="108" count="12744" type="stmt"/>
        <line num="109" count="12744" type="stmt"/>
        <line num="110" count="12744" type="stmt"/>
        <line num="111" count="12744" type="cond" truecount="1" falsecount="0"/>
        <line num="112" count="439" type="stmt"/>
        <line num="118" count="0" type="stmt"/>
        <line num="122" count="0" type="stmt"/>
        <line num="126" count="10888" type="stmt"/>
        <line num="127" count="10888" type="stmt"/>
        <line num="128" count="10888" type="stmt"/>
        <line num="129" count="10888" type="stmt"/>
        <line num="130" count="10888" type="stmt"/>
        <line num="131" count="10888" type="stmt"/>
        <line num="132" count="10888" type="stmt"/>
        <line num="133" count="10888" type="stmt"/>
        <line num="134" count="39924" type="stmt"/>
        <line num="135" count="39924" type="stmt"/>
        <line num="136" count="39924" type="stmt"/>
        <line num="138" count="10888" type="stmt"/>
        <line num="139" count="10888" type="stmt"/>
        <line num="140" count="10888" type="stmt"/>
        <line num="141" count="10888" type="stmt"/>
        <line num="145" count="39928" type="stmt"/>
        <line num="146" count="39928" type="stmt"/>
        <line num="147" count="39928" type="stmt"/>
        <line num="148" count="39928" type="stmt"/>
        <line num="149" count="39928" type="stmt"/>
        <line num="150" count="39928" type="stmt"/>
        <line num="151" count="39928" type="stmt"/>
        <line num="152" count="267397" type="stmt"/>
        <line num="153" count="267397" type="cond" truecount="2" falsecount="0"/>
        <line num="154" count="265787" type="cond" truecount="0" falsecount="1"/>
        <line num="155" count="265787" type="stmt"/>
        <line num="156" count="265787" type="stmt"/>
        <line num="157" count="1610" type="cond" truecount="2" falsecount="0"/>
        <line num="158" count="1177" type="stmt"/>
        <line num="159" count="1177" type="cond" truecount="0" falsecount="1"/>
        <line num="160" count="1177" type="stmt"/>
        <line num="162" count="433" type="cond" truecount="3" falsecount="0"/>
        <line num="163" count="2" type="cond" truecount="1" falsecount="0"/>
        <line num="164" count="2" type="stmt"/>
        <line num="165" count="2" type="cond" truecount="1" falsecount="0"/>
        <line num="166" count="2" type="stmt"/>
        <line num="167" count="2" type="stmt"/>
        <line num="171" count="433" type="cond" truecount="2" falsecount="0"/>
        <line num="172" count="431" type="stmt"/>
        <line num="173" count="431" type="stmt"/>
        <line num="174" count="431" type="cond" truecount="2" falsecount="1"/>
        <line num="175" count="431" type="stmt"/>
        <line num="176" count="431" type="stmt"/>
        <line num="178" count="2" type="stmt"/>
        <line num="179" count="2" type="stmt"/>
        <line num="180" count="2" type="stmt"/>
        <line num="181" count="2" type="cond" truecount="3" falsecount="1"/>
        <line num="182" count="2" type="stmt"/>
        <line num="183" count="2" type="stmt"/>
        <line num="184" count="2" type="stmt"/>
        <line num="187" count="1610" type="stmt"/>
        <line num="188" count="1610" type="cond" truecount="0" falsecount="1"/>
        <line num="189" count="1610" type="stmt"/>
        <line num="191" count="39928" type="stmt"/>
        <line num="192" count="39928" type="stmt"/>
        <line num="196" count="5" type="stmt"/>
        <line num="197" count="5" type="stmt"/>
        <line num="198" count="5" type="stmt"/>
        <line num="199" count="5" type="stmt"/>
        <line num="200" count="5" type="stmt"/>
        <line num="201" count="5" type="stmt"/>
        <line num="202" count="5" type="stmt"/>
        <line num="203" count="5" type="stmt"/>
        <line num="204" count="5" type="stmt"/>
        <line num="205" count="5" type="stmt"/>
        <line num="206" count="5" type="stmt"/>
        <line num="207" count="5" type="stmt"/>
        <line num="208" count="5" type="stmt"/>
        <line num="209" count="5" type="stmt"/>
        <line num="210" count="5" type="cond" truecount="1" falsecount="0"/>
        <line num="211" count="5" type="stmt"/>
        <line num="212" count="5" type="stmt"/>
        <line num="213" count="5" type="stmt"/>
        <line num="214" count="5" type="stmt"/>
        <line num="215" count="5" type="stmt"/>
        <line num="216" count="5" type="stmt"/>
        <line num="220" count="39924" type="stmt"/>
        <line num="221" count="39924" type="cond" truecount="6" falsecount="0"/>
        <line num="223" count="13118" type="stmt"/>
        <line num="224" count="13118" type="cond" truecount="1" falsecount="0"/>
        <line num="225" count="10215" type="stmt"/>
        <line num="226" count="10215" type="stmt"/>
        <line num="227" count="10215" type="stmt"/>
        <line num="228" count="10215" type="stmt"/>
        <line num="230" count="2903" type="cond" truecount="3" falsecount="0"/>
        <line num="231" count="1296" type="stmt"/>
        <line num="232" count="1296" type="stmt"/>
        <line num="233" count="1296" type="stmt"/>
        <line num="234" count="1296" type="stmt"/>
        <line num="236" count="1607" type="stmt"/>
        <line num="237" count="1607" type="stmt"/>
        <line num="238" count="1607" type="stmt"/>
        <line num="239" count="1607" type="stmt"/>
        <line num="242" count="12735" type="stmt"/>
        <line num="243" count="12735" type="stmt"/>
        <line num="244" count="12735" type="stmt"/>
        <line num="245" count="12735" type="stmt"/>
        <line num="248" count="11039" type="cond" truecount="1" falsecount="0"/>
        <line num="249" count="1372" type="stmt"/>
        <line num="250" count="1372" type="stmt"/>
        <line num="251" count="1372" type="stmt"/>
        <line num="253" count="9667" type="stmt"/>
        <line num="254" count="9667" type="cond" truecount="17" falsecount="1"/>
        <line num="256" count="5195" type="stmt"/>
        <line num="257" count="5195" type="stmt"/>
        <line num="258" count="5195" type="stmt"/>
        <line num="259" count="5195" type="stmt"/>
        <line num="262" count="4424" type="stmt"/>
        <line num="263" count="4424" type="stmt"/>
        <line num="264" count="4424" type="stmt"/>
        <line num="265" count="4424" type="stmt"/>
        <line num="268" count="16" type="stmt"/>
        <line num="269" count="16" type="stmt"/>
        <line num="270" count="16" type="stmt"/>
        <line num="271" count="16" type="stmt"/>
        <line num="274" count="3" type="stmt"/>
        <line num="275" count="3" type="stmt"/>
        <line num="276" count="3" type="stmt"/>
        <line num="277" count="3" type="stmt"/>
        <line num="280" count="3" type="stmt"/>
        <line num="281" count="3" type="stmt"/>
        <line num="282" count="3" type="stmt"/>
        <line num="283" count="3" type="stmt"/>
        <line num="284" count="3" type="stmt"/>
        <line num="285" count="3" type="stmt"/>
        <line num="288" count="2" type="stmt"/>
        <line num="289" count="2" type="stmt"/>
        <line num="290" count="2" type="stmt"/>
        <line num="291" count="2" type="stmt"/>
        <line num="292" count="2" type="stmt"/>
        <line num="295" count="2" type="stmt"/>
        <line num="296" count="2" type="stmt"/>
        <line num="297" count="2" type="stmt"/>
        <line num="298" count="2" type="stmt"/>
        <line num="299" count="2" type="stmt"/>
        <line num="300" count="2" type="stmt"/>
        <line num="303" count="2" type="stmt"/>
        <line num="304" count="2" type="stmt"/>
        <line num="305" count="2" type="stmt"/>
        <line num="306" count="2" type="stmt"/>
        <line num="309" count="2" type="stmt"/>
        <line num="310" count="2" type="stmt"/>
        <line num="311" count="2" type="stmt"/>
        <line num="312" count="2" type="stmt"/>
        <line num="313" count="2" type="stmt"/>
        <line num="314" count="2" type="stmt"/>
        <line num="315" count="2" type="stmt"/>
        <line num="316" count="2" type="stmt"/>
        <line num="317" count="2" type="stmt"/>
        <line num="318" count="2" type="stmt"/>
        <line num="321" count="2" type="stmt"/>
        <line num="322" count="2" type="stmt"/>
        <line num="323" count="2" type="stmt"/>
        <line num="324" count="2" type="stmt"/>
        <line num="327" count="2" type="stmt"/>
        <line num="328" count="2" type="stmt"/>
        <line num="329" count="2" type="stmt"/>
        <line num="330" count="2" type="stmt"/>
        <line num="333" count="2" type="stmt"/>
        <line num="334" count="2" type="stmt"/>
        <line num="335" count="2" type="stmt"/>
        <line num="336" count="2" type="stmt"/>
        <line num="339" count="2" type="stmt"/>
        <line num="340" count="2" type="stmt"/>
        <line num="341" count="2" type="stmt"/>
        <line num="342" count="2" type="stmt"/>
        <line num="343" count="2" type="stmt"/>
        <line num="344" count="2" type="stmt"/>
        <line num="347" count="2" type="stmt"/>
        <line num="348" count="2" type="stmt"/>
        <line num="349" count="2" type="stmt"/>
        <line num="350" count="2" type="cond" truecount="0" falsecount="1"/>
        <line num="351" count="2" type="stmt"/>
        <line num="352" count="2" type="stmt"/>
        <line num="355" count="2" type="stmt"/>
        <line num="356" count="2" type="stmt"/>
        <line num="357" count="2" type="stmt"/>
        <line num="360" count="2" type="stmt"/>
        <line num="361" count="2" type="stmt"/>
        <line num="362" count="2" type="stmt"/>
        <line num="365" count="4" type="stmt"/>
        <line num="366" count="4" type="stmt"/>
        <line num="367" count="4" type="stmt"/>
        <line num="368" count="4" type="stmt"/>
        <line num="369" count="4" type="stmt"/>
        <line num="370" count="4" type="stmt"/>
        <line num="371" count="4" type="stmt"/>
        <line num="372" count="4" type="stmt"/>
        <line num="375" count="0" type="stmt"/>
        <line num="376" count="0" type="stmt"/>
        <line num="377" count="0" type="stmt"/>
        <line num="378" count="0" type="stmt"/>
        <line num="381" count="9667" type="stmt"/>
        <line num="384" count="3026" type="stmt"/>
        <line num="385" count="3026" type="stmt"/>
        <line num="386" count="3026" type="stmt"/>
        <line num="387" count="3026" type="stmt"/>
        <line num="390" count="3" type="stmt"/>
        <line num="391" count="3" type="stmt"/>
        <line num="392" count="3" type="stmt"/>
        <line num="395" count="3" type="stmt"/>
        <line num="396" count="3" type="stmt"/>
        <line num="397" count="3" type="cond" truecount="1" falsecount="1"/>
        <line num="398" count="3" type="stmt"/>
      </file>
      <file name="values.ts" path="/home/runner/work/json-pack/json-pack/src/bson/values.ts">
        <metrics statements="30" coveredstatements="30" conditionals="0" coveredconditionals="0" methods="11" coveredmethods="11"/>
        <line num="1" count="11" type="stmt"/>
        <line num="3" count="18" type="stmt"/>
        <line num="4" count="18" type="stmt"/>
        <line num="5" count="18" type="stmt"/>
        <line num="9" count="11" type="stmt"/>
        <line num="11" count="5" type="stmt"/>
        <line num="12" count="5" type="stmt"/>
        <line num="16" count="11" type="stmt"/>
        <line num="17" count="11" type="stmt"/>
        <line num="20" count="11" type="stmt"/>
        <line num="21" count="2" type="stmt"/>
        <line num="24" count="11" type="stmt"/>
        <line num="26" count="5" type="stmt"/>
        <line num="27" count="5" type="stmt"/>
        <line num="31" count="11" type="stmt"/>
        <line num="32" count="16" type="stmt"/>
        <line num="35" count="11" type="stmt"/>
        <line num="36" count="7" type="stmt"/>
        <line num="39" count="11" type="stmt"/>
        <line num="40" count="17" type="stmt"/>
        <line num="43" count="11" type="stmt"/>
        <line num="45" count="8" type="stmt"/>
        <line num="46" count="8" type="stmt"/>
        <line num="50" count="11" type="stmt"/>
        <line num="51" count="5" type="stmt"/>
        <line num="54" count="11" type="stmt"/>
        <line num="56" count="11" type="stmt"/>
        <line num="58" count="11" type="stmt"/>
        <line num="60" count="14" type="stmt"/>
        <line num="61" count="14" type="stmt"/>
      </file>
    </package>
    <package name="src.cbor">
      <metrics statements="627" coveredstatements="492" conditionals="304" coveredconditionals="221" methods="119" coveredmethods="92"/>
      <file name="CborDecoder.ts" path="/home/runner/work/json-pack/json-pack/src/cbor/CborDecoder.ts">
        <metrics statements="187" coveredstatements="123" conditionals="69" coveredconditionals="43" methods="35" coveredmethods="29"/>
        <line num="2" count="10" type="stmt"/>
        <line num="3" count="10" type="stmt"/>
        <line num="7" count="10" type="stmt"/>
        <line num="13" count="3" type="stmt"/>
        <line num="14" count="3" type="stmt"/>
        <line num="15" count="3" type="stmt"/>
        <line num="16" count="3" type="cond" truecount="1" falsecount="1"/>
        <line num="18" count="3" type="stmt"/>
        <line num="20" count="0" type="stmt"/>
        <line num="25" count="3" type="stmt"/>
        <line num="26" count="3" type="cond" truecount="1" falsecount="1"/>
        <line num="27" count="0" type="stmt"/>
        <line num="31" count="3" type="stmt"/>
        <line num="32" count="3" type="stmt"/>
        <line num="33" count="5" type="stmt"/>
        <line num="34" count="5" type="stmt"/>
        <line num="35" count="5" type="stmt"/>
        <line num="37" count="3" type="stmt"/>
        <line num="41" count="0" type="stmt"/>
        <line num="42" count="0" type="stmt"/>
        <line num="43" count="0" type="stmt"/>
        <line num="44" count="0" type="cond" truecount="0" falsecount="1"/>
        <line num="45" count="0" type="stmt"/>
        <line num="46" count="0" type="stmt"/>
        <line num="48" count="0" type="stmt"/>
        <line num="49" count="0" type="stmt"/>
        <line num="55" count="27365" type="stmt"/>
        <line num="58" count="27707" type="stmt"/>
        <line num="62" count="27707" type="stmt"/>
        <line num="63" count="27707" type="stmt"/>
        <line num="64" count="27707" type="cond" truecount="7" falsecount="1"/>
        <line num="67" count="742" type="stmt"/>
        <line num="68" count="742" type="stmt"/>
        <line num="70" count="14" type="stmt"/>
        <line num="71" count="14" type="stmt"/>
        <line num="73" count="16510" type="stmt"/>
        <line num="74" count="16510" type="stmt"/>
        <line num="76" count="3694" type="stmt"/>
        <line num="77" count="3694" type="stmt"/>
        <line num="79" count="5469" type="stmt"/>
        <line num="80" count="5467" type="stmt"/>
        <line num="82" count="1278" type="stmt"/>
        <line num="83" count="1277" type="stmt"/>
        <line num="85" count="0" type="stmt"/>
        <line num="86" count="0" type="stmt"/>
        <line num="91" count="20218" type="cond" truecount="1" falsecount="0"/>
        <line num="92" count="6196" type="cond" truecount="2" falsecount="4"/>
        <line num="94" count="6168" type="stmt"/>
        <line num="96" count="28" type="stmt"/>
        <line num="98" count="0" type="stmt"/>
        <line num="100" count="0" type="stmt"/>
        <line num="102" count="0" type="stmt"/>
        <line num="104" count="0" type="stmt"/>
        <line num="111" count="742" type="cond" truecount="1" falsecount="0"/>
        <line num="112" count="387" type="cond" truecount="4" falsecount="1"/>
        <line num="114" count="147" type="stmt"/>
        <line num="116" count="116" type="stmt"/>
        <line num="118" count="108" type="stmt"/>
        <line num="120" count="16" type="stmt"/>
        <line num="122" count="0" type="stmt"/>
        <line num="129" count="14" type="stmt"/>
        <line num="130" count="14" type="cond" truecount="1" falsecount="1"/>
        <line num="132" count="0" type="stmt"/>
        <line num="133" count="0" type="stmt"/>
        <line num="138" count="0" type="stmt"/>
        <line num="139" count="0" type="stmt"/>
        <line num="140" count="0" type="stmt"/>
        <line num="141" count="0" type="cond" truecount="0" falsecount="1"/>
        <line num="142" count="0" type="cond" truecount="0" falsecount="1"/>
        <line num="143" count="0" type="stmt"/>
        <line num="149" count="16510" type="stmt"/>
        <line num="150" count="16510" type="cond" truecount="1" falsecount="1"/>
        <line num="152" count="0" type="stmt"/>
        <line num="153" count="0" type="stmt"/>
        <line num="158" count="0" type="stmt"/>
        <line num="159" count="0" type="stmt"/>
        <line num="160" count="0" type="stmt"/>
        <line num="161" count="0" type="cond" truecount="0" falsecount="1"/>
        <line num="162" count="0" type="cond" truecount="0" falsecount="1"/>
        <line num="163" count="0" type="stmt"/>
        <line num="169" count="3694" type="stmt"/>
        <line num="170" count="3694" type="cond" truecount="1" falsecount="1"/>
        <line num="172" count="0" type="stmt"/>
        <line num="173" count="0" type="stmt"/>
        <line num="180" count="5469" type="stmt"/>
        <line num="181" count="5469" type="cond" truecount="2" falsecount="0"/>
        <line num="183" count="3" type="stmt"/>
        <line num="184" count="3" type="stmt"/>
        <line num="185" count="3" type="cond" truecount="1" falsecount="0"/>
        <line num="186" count="1" type="stmt"/>
        <line num="188" count="1" type="stmt"/>
        <line num="195" count="0" type="stmt"/>
        <line num="196" count="0" type="cond" truecount="0" falsecount="1"/>
        <line num="197" count="0" type="stmt"/>
        <line num="203" count="1278" type="cond" truecount="2" falsecount="2"/>
        <line num="205" count="0" type="stmt"/>
        <line num="206" count="0" type="stmt"/>
        <line num="208" count="0" type="stmt"/>
        <line num="209" count="0" type="stmt"/>
        <line num="211" count="8" type="stmt"/>
        <line num="212" count="8" type="stmt"/>
        <line num="214" count="196" type="stmt"/>
        <line num="215" count="196" type="stmt"/>
        <line num="217" count="1074" type="cond" truecount="1" falsecount="0"/>
        <line num="218" count="1" type="stmt"/>
        <line num="237" count="8" type="stmt"/>
        <line num="238" count="8" type="stmt"/>
        <line num="239" count="8" type="stmt"/>
        <line num="240" count="8" type="stmt"/>
        <line num="241" count="5" type="stmt"/>
        <line num="242" count="5" type="cond" truecount="1" falsecount="0"/>
        <line num="248" count="5" type="stmt"/>
        <line num="249" count="5" type="stmt"/>
        <line num="259" count="5" type="stmt"/>
        <line num="260" count="5" type="stmt"/>
        <line num="261" count="5" type="stmt"/>
        <line num="262" count="5" type="cond" truecount="3" falsecount="0"/>
        <line num="264" count="2" type="stmt"/>
        <line num="266" count="2" type="stmt"/>
        <line num="268" count="1" type="stmt"/>
        <line num="278" count="14" type="stmt"/>
        <line num="279" count="14" type="stmt"/>
        <line num="280" count="14" type="cond" truecount="3" falsecount="0"/>
        <line num="283" count="4" type="stmt"/>
        <line num="285" count="10" type="stmt"/>
        <line num="290" count="4" type="stmt"/>
        <line num="291" count="4" type="stmt"/>
        <line num="292" count="4" type="stmt"/>
        <line num="293" count="4" type="stmt"/>
        <line num="294" count="4" type="stmt"/>
        <line num="300" count="2" type="stmt"/>
        <line num="301" count="2" type="cond" truecount="1" falsecount="1"/>
        <line num="302" count="0" type="stmt"/>
        <line num="306" count="2" type="stmt"/>
        <line num="307" count="2" type="stmt"/>
        <line num="308" count="6" type="stmt"/>
        <line num="309" count="6" type="stmt"/>
        <line num="310" count="6" type="stmt"/>
        <line num="312" count="2" type="stmt"/>
        <line num="316" count="0" type="stmt"/>
        <line num="317" count="0" type="stmt"/>
        <line num="318" count="0" type="stmt"/>
        <line num="319" count="0" type="cond" truecount="0" falsecount="1"/>
        <line num="320" count="0" type="stmt"/>
        <line num="321" count="0" type="stmt"/>
        <line num="323" count="0" type="stmt"/>
        <line num="324" count="0" type="stmt"/>
        <line num="330" count="2" type="stmt"/>
        <line num="331" count="2" type="cond" truecount="1" falsecount="0"/>
        <line num="332" count="0" type="stmt"/>
        <line num="336" count="2" type="stmt"/>
        <line num="337" count="8" type="stmt"/>
        <line num="338" count="2" type="stmt"/>
        <line num="342" count="0" type="stmt"/>
        <line num="343" count="0" type="stmt"/>
        <line num="344" count="0" type="stmt"/>
        <line num="345" count="0" type="stmt"/>
        <line num="351" count="195" type="stmt"/>
        <line num="352" count="195" type="stmt"/>
        <line num="353" count="195" type="cond" truecount="1" falsecount="0"/>
        <line num="354" count="193" type="stmt"/>
        <line num="355" count="193" type="cond" truecount="1" falsecount="0"/>
        <line num="356" count="0" type="cond" truecount="0" falsecount="5"/>
        <line num="358" count="0" type="stmt"/>
        <line num="360" count="0" type="stmt"/>
        <line num="362" count="0" type="stmt"/>
        <line num="364" count="0" type="stmt"/>
        <line num="366" count="0" type="stmt"/>
        <line num="368" count="0" type="stmt"/>
        <line num="372" count="58" type="stmt"/>
        <line num="376" count="102" type="stmt"/>
        <line num="380" count="35" type="stmt"/>
        <line num="384" count="60" type="stmt"/>
        <line num="385" count="60" type="stmt"/>
        <line num="386" count="82" type="stmt"/>
        <line num="387" count="82" type="cond" truecount="1" falsecount="0"/>
        <line num="388" count="22" type="stmt"/>
        <line num="390" count="0" type="stmt"/>
        <line num="394" count="20" type="stmt"/>
        <line num="395" count="20" type="cond" truecount="1" falsecount="0"/>
        <line num="396" count="17" type="stmt"/>
        <line num="397" count="17" type="stmt"/>
        <line num="401" count="28" type="stmt"/>
        <line num="402" count="55" type="stmt"/>
        <line num="403" count="55" type="cond" truecount="2" falsecount="0"/>
        <line num="404" count="13" type="stmt"/>
        <line num="406" count="27" type="stmt"/>
      </file>
      <file name="CborDecoderBase.ts" path="/home/runner/work/json-pack/json-pack/src/cbor/CborDecoderBase.ts">
        <metrics statements="181" coveredstatements="149" conditionals="110" coveredconditionals="79" methods="25" coveredmethods="23"/>
        <line num="2" count="10" type="stmt"/>
        <line num="3" count="10" type="stmt"/>
        <line num="4" count="10" type="stmt"/>
        <line num="5" count="10" type="stmt"/>
        <line num="6" count="10" type="stmt"/>
        <line num="11" count="10" type="stmt"/>
        <line num="15" count="38" type="cond" truecount="1" falsecount="0"/>
        <line num="16" count="38" type="cond" truecount="1" falsecount="0"/>
        <line num="20" count="809" type="stmt"/>
        <line num="21" count="809" type="stmt"/>
        <line num="25" count="568" type="stmt"/>
        <line num="26" count="568" type="stmt"/>
        <line num="32" count="177254" type="stmt"/>
        <line num="33" count="177254" type="stmt"/>
        <line num="34" count="177254" type="stmt"/>
        <line num="35" count="177254" type="stmt"/>
        <line num="36" count="177254" type="cond" truecount="2" falsecount="0"/>
        <line num="37" count="150508" type="cond" truecount="4" falsecount="0"/>
        <line num="38" count="12810" type="cond" truecount="2" falsecount="0"/>
        <line num="40" count="26746" type="cond" truecount="4" falsecount="0"/>
        <line num="41" count="12572" type="cond" truecount="2" falsecount="0"/>
        <line num="46" count="3" type="stmt"/>
        <line num="47" count="3" type="stmt"/>
        <line num="48" count="3" type="cond" truecount="2" falsecount="0"/>
        <line num="49" count="2" type="cond" truecount="2" falsecount="2"/>
        <line num="50" count="0" type="cond" truecount="0" falsecount="2"/>
        <line num="52" count="1" type="cond" truecount="1" falsecount="3"/>
        <line num="53" count="1" type="cond" truecount="1" falsecount="1"/>
        <line num="58" count="11320" type="cond" truecount="1" falsecount="0"/>
        <line num="59" count="31" type="cond" truecount="4" falsecount="2"/>
        <line num="61" count="11" type="stmt"/>
        <line num="63" count="7" type="stmt"/>
        <line num="65" count="1" type="stmt"/>
        <line num="67" count="0" type="stmt"/>
        <line num="69" count="12" type="stmt"/>
        <line num="71" count="0" type="stmt"/>
        <line num="78" count="136503" type="cond" truecount="2" falsecount="0"/>
        <line num="79" count="135489" type="cond" truecount="2" falsecount="0"/>
        <line num="81" count="1014" type="cond" truecount="2" falsecount="0"/>
        <line num="82" count="349" type="cond" truecount="2" falsecount="0"/>
        <line num="84" count="665" type="stmt"/>
        <line num="85" count="665" type="cond" truecount="2" falsecount="0"/>
        <line num="93" count="1197" type="cond" truecount="2" falsecount="0"/>
        <line num="94" count="313" type="cond" truecount="2" falsecount="0"/>
        <line num="96" count="884" type="cond" truecount="2" falsecount="0"/>
        <line num="97" count="208" type="cond" truecount="2" falsecount="0"/>
        <line num="99" count="676" type="stmt"/>
        <line num="100" count="676" type="cond" truecount="2" falsecount="0"/>
        <line num="108" count="32" type="stmt"/>
        <line num="109" count="32" type="cond" truecount="1" falsecount="0"/>
        <line num="110" count="8" type="cond" truecount="4" falsecount="2"/>
        <line num="112" count="4" type="stmt"/>
        <line num="114" count="2" type="stmt"/>
        <line num="116" count="1" type="stmt"/>
        <line num="118" count="0" type="stmt"/>
        <line num="120" count="1" type="stmt"/>
        <line num="121" count="1" type="stmt"/>
        <line num="122" count="1" type="stmt"/>
        <line num="123" count="3" type="stmt"/>
        <line num="124" count="3" type="stmt"/>
        <line num="125" count="3" type="stmt"/>
        <line num="127" count="1" type="stmt"/>
        <line num="128" count="1" type="stmt"/>
        <line num="129" count="1" type="stmt"/>
        <line num="130" count="1" type="stmt"/>
        <line num="131" count="1" type="stmt"/>
        <line num="132" count="3" type="stmt"/>
        <line num="133" count="3" type="stmt"/>
        <line num="134" count="3" type="stmt"/>
        <line num="136" count="1" type="stmt"/>
        <line num="139" count="0" type="stmt"/>
        <line num="144" count="3" type="stmt"/>
        <line num="145" count="3" type="stmt"/>
        <line num="146" count="3" type="stmt"/>
        <line num="147" count="3" type="cond" truecount="0" falsecount="1"/>
        <line num="148" count="3" type="cond" truecount="0" falsecount="1"/>
        <line num="149" count="3" type="stmt"/>
        <line num="155" count="0" type="stmt"/>
        <line num="156" count="0" type="stmt"/>
        <line num="157" count="0" type="stmt"/>
        <line num="158" count="0" type="stmt"/>
        <line num="159" count="0" type="cond" truecount="0" falsecount="1"/>
        <line num="160" count="0" type="stmt"/>
        <line num="164" count="12786" type="stmt"/>
        <line num="165" count="12786" type="cond" truecount="1" falsecount="0"/>
        <line num="166" count="4068" type="cond" truecount="3" falsecount="3"/>
        <line num="168" count="4047" type="stmt"/>
        <line num="170" count="19" type="stmt"/>
        <line num="172" count="0" type="stmt"/>
        <line num="174" count="0" type="stmt"/>
        <line num="176" count="2" type="stmt"/>
        <line num="177" count="5" type="stmt"/>
        <line num="178" count="2" type="stmt"/>
        <line num="179" count="2" type="stmt"/>
        <line num="182" count="0" type="stmt"/>
        <line num="187" count="30787" type="cond" truecount="1" falsecount="0"/>
        <line num="188" count="11345" type="cond" truecount="2" falsecount="3"/>
        <line num="190" count="11335" type="stmt"/>
        <line num="192" count="10" type="stmt"/>
        <line num="194" count="0" type="stmt"/>
        <line num="196" count="0" type="stmt"/>
        <line num="198" count="0" type="stmt"/>
        <line num="203" count="5" type="stmt"/>
        <line num="204" count="5" type="stmt"/>
        <line num="205" count="5" type="stmt"/>
        <line num="206" count="5" type="cond" truecount="0" falsecount="1"/>
        <line num="207" count="5" type="cond" truecount="0" falsecount="1"/>
        <line num="208" count="5" type="stmt"/>
        <line num="214" count="5844" type="stmt"/>
        <line num="215" count="5844" type="cond" truecount="1" falsecount="0"/>
        <line num="216" count="9" type="stmt"/>
        <line num="220" count="5835" type="stmt"/>
        <line num="221" count="145088" type="stmt"/>
        <line num="222" count="5835" type="stmt"/>
        <line num="226" count="9" type="stmt"/>
        <line num="227" count="42" type="stmt"/>
        <line num="228" count="9" type="stmt"/>
        <line num="229" count="9" type="stmt"/>
        <line num="235" count="8330" type="cond" truecount="2" falsecount="0"/>
        <line num="236" count="8326" type="stmt"/>
        <line num="237" count="8326" type="cond" truecount="2" falsecount="2"/>
        <line num="239" count="54" type="stmt"/>
        <line num="240" count="54" type="stmt"/>
        <line num="242" count="4" type="stmt"/>
        <line num="243" count="4" type="stmt"/>
        <line num="245" count="0" type="stmt"/>
        <line num="246" count="0" type="stmt"/>
        <line num="248" count="0" type="stmt"/>
        <line num="249" count="0" type="stmt"/>
        <line num="251" count="8326" type="stmt"/>
        <line num="252" count="8326" type="stmt"/>
        <line num="253" count="30694" type="stmt"/>
        <line num="254" count="30694" type="cond" truecount="0" falsecount="1"/>
        <line num="255" count="30694" type="stmt"/>
        <line num="256" count="30694" type="stmt"/>
        <line num="258" count="8326" type="stmt"/>
        <line num="259" count="4" type="cond" truecount="1" falsecount="1"/>
        <line num="260" count="0" type="stmt"/>
        <line num="265" count="0" type="stmt"/>
        <line num="266" count="0" type="stmt"/>
        <line num="267" count="0" type="stmt"/>
        <line num="268" count="0" type="stmt"/>
        <line num="269" count="0" type="stmt"/>
        <line num="271" count="0" type="stmt"/>
        <line num="275" count="4" type="stmt"/>
        <line num="276" count="4" type="stmt"/>
        <line num="277" count="7" type="stmt"/>
        <line num="278" count="7" type="cond" truecount="0" falsecount="1"/>
        <line num="279" count="7" type="stmt"/>
        <line num="280" count="7" type="stmt"/>
        <line num="282" count="4" type="stmt"/>
        <line num="283" count="4" type="stmt"/>
        <line num="287" count="30789" type="stmt"/>
        <line num="288" count="30789" type="stmt"/>
        <line num="289" count="30789" type="stmt"/>
        <line num="290" count="30789" type="cond" truecount="1" falsecount="0"/>
        <line num="291" count="30787" type="stmt"/>
        <line num="292" count="30787" type="cond" truecount="1" falsecount="0"/>
        <line num="293" count="30135" type="stmt"/>
        <line num="294" count="30135" type="stmt"/>
        <line num="295" count="30135" type="stmt"/>
        <line num="301" count="16" type="cond" truecount="1" falsecount="0"/>
        <line num="302" count="7" type="cond" truecount="2" falsecount="3"/>
        <line num="304" count="6" type="stmt"/>
        <line num="306" count="1" type="stmt"/>
        <line num="308" count="0" type="stmt"/>
        <line num="310" count="0" type="stmt"/>
        <line num="312" count="0" type="stmt"/>
        <line num="317" count="13" type="stmt"/>
        <line num="323" count="12557" type="cond" truecount="8" falsecount="0"/>
        <line num="325" count="1085" type="stmt"/>
        <line num="327" count="1741" type="stmt"/>
        <line num="329" count="1266" type="stmt"/>
        <line num="331" count="4" type="stmt"/>
        <line num="333" count="1" type="stmt"/>
        <line num="335" count="11" type="stmt"/>
        <line num="337" count="24" type="stmt"/>
        <line num="339" count="8405" type="stmt"/>
        <line num="341" count="20" type="cond" truecount="1" falsecount="0"/>
        <line num="342" count="0" type="stmt"/>
        <line num="346" count="11" type="stmt"/>
      </file>
      <file name="CborDecoderDag.ts" path="/home/runner/work/json-pack/json-pack/src/cbor/CborDecoderDag.ts">
        <metrics statements="5" coveredstatements="5" conditionals="2" coveredconditionals="2" methods="1" coveredmethods="1"/>
        <line num="1" count="2" type="stmt"/>
        <line num="2" count="2" type="stmt"/>
        <line num="4" count="2" type="stmt"/>
        <line num="6" count="2" type="stmt"/>
        <line num="7" count="2" type="cond" truecount="2" falsecount="0"/>
      </file>
      <file name="CborEncoder.ts" path="/home/runner/work/json-pack/json-pack/src/cbor/CborEncoder.ts">
        <metrics statements="34" coveredstatements="32" conditionals="20" coveredconditionals="17" methods="6" coveredmethods="5"/>
        <line num="1" count="12" type="stmt"/>
        <line num="2" count="12" type="stmt"/>
        <line num="3" count="12" type="stmt"/>
        <line num="4" count="12" type="stmt"/>
        <line num="7" count="12" type="stmt"/>
        <line num="14" count="0" type="stmt"/>
        <line num="18" count="304149" type="cond" truecount="6" falsecount="1"/>
        <line num="20" count="279292" type="stmt"/>
        <line num="22" count="9682" type="stmt"/>
        <line num="24" count="2208" type="stmt"/>
        <line num="26" count="12010" type="cond" truecount="1" falsecount="0"/>
        <line num="27" count="11033" type="stmt"/>
        <line num="28" count="11033" type="cond" truecount="7" falsecount="0"/>
        <line num="30" count="6427" type="stmt"/>
        <line num="32" count="4550" type="stmt"/>
        <line num="34" count="42" type="stmt"/>
        <line num="36" count="3" type="stmt"/>
        <line num="38" count="5" type="stmt"/>
        <line num="40" count="1" type="stmt"/>
        <line num="41" count="1" type="stmt"/>
        <line num="43" count="5" type="cond" truecount="1" falsecount="0"/>
        <line num="44" count="4" type="cond" truecount="0" falsecount="1"/>
        <line num="45" count="4" type="cond" truecount="0" falsecount="1"/>
        <line num="46" count="4" type="stmt"/>
        <line num="50" count="4" type="stmt"/>
        <line num="52" count="953" type="stmt"/>
        <line num="54" count="0" type="stmt"/>
        <line num="59" count="4260" type="cond" truecount="2" falsecount="0"/>
        <line num="60" count="4241" type="stmt"/>
        <line num="64" count="3" type="stmt"/>
        <line num="65" count="3" type="stmt"/>
        <line num="66" count="5" type="stmt"/>
        <line num="67" count="5" type="stmt"/>
        <line num="72" count="3" type="stmt"/>
      </file>
      <file name="CborEncoderDag.ts" path="/home/runner/work/json-pack/json-pack/src/cbor/CborEncoderDag.ts">
        <metrics statements="8" coveredstatements="8" conditionals="3" coveredconditionals="3" methods="3" coveredmethods="3"/>
        <line num="1" count="3" type="stmt"/>
        <line num="3" count="3" type="stmt"/>
        <line num="5" count="1" type="stmt"/>
        <line num="9" count="2109" type="cond" truecount="1" falsecount="0"/>
        <line num="10" count="2108" type="cond" truecount="1" falsecount="0"/>
        <line num="11" count="2106" type="stmt"/>
        <line num="15" count="6" type="cond" truecount="1" falsecount="0"/>
        <line num="16" count="6" type="stmt"/>
      </file>
      <file name="CborEncoderFast.ts" path="/home/runner/work/json-pack/json-pack/src/cbor/CborEncoderFast.ts">
        <metrics statements="167" coveredstatements="131" conditionals="89" coveredconditionals="66" methods="45" coveredmethods="28"/>
        <line num="1" count="12" type="stmt"/>
        <line num="7" count="12" type="stmt"/>
        <line num="13" count="12" type="stmt"/>
        <line num="16" count="49" type="cond" truecount="1" falsecount="0"/>
        <line num="19" count="3477" type="stmt"/>
        <line num="20" count="3475" type="stmt"/>
        <line num="24" count="0" type="stmt"/>
        <line num="25" count="0" type="stmt"/>
        <line num="29" count="10449" type="cond" truecount="4" falsecount="0"/>
        <line num="31" count="2837" type="stmt"/>
        <line num="33" count="3171" type="stmt"/>
        <line num="35" count="680" type="stmt"/>
        <line num="37" count="3761" type="cond" truecount="1" falsecount="0"/>
        <line num="38" count="3453" type="stmt"/>
        <line num="39" count="3453" type="cond" truecount="2" falsecount="0"/>
        <line num="41" count="1406" type="stmt"/>
        <line num="43" count="2047" type="stmt"/>
        <line num="50" count="0" type="stmt"/>
        <line num="54" count="33" type="stmt"/>
        <line num="58" count="4" type="stmt"/>
        <line num="62" count="0" type="cond" truecount="0" falsecount="2"/>
        <line num="63" count="0" type="stmt"/>
        <line num="67" count="282129" type="cond" truecount="2" falsecount="0"/>
        <line num="68" count="8542" type="cond" truecount="1" falsecount="1"/>
        <line num="69" count="8542" type="stmt"/>
        <line num="73" count="953" type="cond" truecount="2" falsecount="0"/>
        <line num="74" count="515" type="stmt"/>
        <line num="78" count="438" type="cond" truecount="1" falsecount="0"/>
        <line num="79" count="6" type="stmt"/>
        <line num="83" count="515" type="cond" truecount="1" falsecount="0"/>
        <line num="84" count="4" type="stmt"/>
        <line num="85" count="4" type="stmt"/>
        <line num="89" count="273587" type="cond" truecount="2" falsecount="0"/>
        <line num="90" count="1717" type="stmt"/>
        <line num="94" count="272302" type="stmt"/>
        <line num="95" count="272302" type="stmt"/>
        <line num="96" count="272302" type="stmt"/>
        <line num="97" count="272302" type="stmt"/>
        <line num="98" count="272302" type="cond" truecount="2" falsecount="0"/>
        <line num="99" count="270146" type="stmt"/>
        <line num="100" count="2156" type="cond" truecount="2" falsecount="0"/>
        <line num="101" count="520" type="stmt"/>
        <line num="102" count="520" type="stmt"/>
        <line num="103" count="1636" type="cond" truecount="2" falsecount="0"/>
        <line num="104" count="464" type="stmt"/>
        <line num="105" count="464" type="stmt"/>
        <line num="106" count="464" type="stmt"/>
        <line num="107" count="1172" type="cond" truecount="2" falsecount="0"/>
        <line num="108" count="308" type="stmt"/>
        <line num="109" count="308" type="stmt"/>
        <line num="110" count="308" type="stmt"/>
        <line num="112" count="864" type="stmt"/>
        <line num="113" count="864" type="stmt"/>
        <line num="114" count="864" type="stmt"/>
        <line num="116" count="272302" type="stmt"/>
        <line num="121" count="0" type="stmt"/>
        <line num="126" count="0" type="stmt"/>
        <line num="131" count="0" type="stmt"/>
        <line num="135" count="2228" type="stmt"/>
        <line num="136" count="2228" type="stmt"/>
        <line num="137" count="2228" type="stmt"/>
        <line num="138" count="2228" type="stmt"/>
        <line num="139" count="2228" type="stmt"/>
        <line num="140" count="2228" type="cond" truecount="2" falsecount="0"/>
        <line num="141" count="295" type="stmt"/>
        <line num="142" count="1933" type="cond" truecount="2" falsecount="0"/>
        <line num="143" count="432" type="stmt"/>
        <line num="144" count="432" type="stmt"/>
        <line num="145" count="1501" type="cond" truecount="2" falsecount="0"/>
        <line num="146" count="390" type="stmt"/>
        <line num="147" count="390" type="stmt"/>
        <line num="148" count="390" type="stmt"/>
        <line num="149" count="1111" type="cond" truecount="2" falsecount="0"/>
        <line num="150" count="235" type="stmt"/>
        <line num="151" count="235" type="stmt"/>
        <line num="152" count="235" type="stmt"/>
        <line num="154" count="876" type="stmt"/>
        <line num="155" count="876" type="stmt"/>
        <line num="156" count="876" type="stmt"/>
        <line num="158" count="2228" type="stmt"/>
        <line num="162" count="2173" type="stmt"/>
        <line num="166" count="49" type="stmt"/>
        <line num="167" count="49" type="stmt"/>
        <line num="168" count="49" type="stmt"/>
        <line num="172" count="49" type="stmt"/>
        <line num="173" count="49" type="cond" truecount="2" falsecount="0"/>
        <line num="174" count="14" type="cond" truecount="2" falsecount="0"/>
        <line num="175" count="6" type="cond" truecount="2" falsecount="0"/>
        <line num="176" count="2" type="cond" truecount="1" falsecount="1"/>
        <line num="177" count="0" type="stmt"/>
        <line num="181" count="22130" type="stmt"/>
        <line num="182" count="22130" type="stmt"/>
        <line num="183" count="22130" type="stmt"/>
        <line num="184" count="22130" type="stmt"/>
        <line num="185" count="22130" type="stmt"/>
        <line num="186" count="22130" type="stmt"/>
        <line num="187" count="22130" type="cond" truecount="2" falsecount="0"/>
        <line num="188" count="14751" type="cond" truecount="2" falsecount="0"/>
        <line num="189" count="14727" type="stmt"/>
        <line num="190" count="14727" type="stmt"/>
        <line num="191" count="14727" type="stmt"/>
        <line num="192" count="24" type="cond" truecount="1" falsecount="1"/>
        <line num="193" count="24" type="stmt"/>
        <line num="194" count="24" type="stmt"/>
        <line num="195" count="24" type="stmt"/>
        <line num="197" count="0" type="stmt"/>
        <line num="198" count="0" type="stmt"/>
        <line num="199" count="0" type="stmt"/>
        <line num="201" count="22130" type="stmt"/>
        <line num="202" count="22130" type="cond" truecount="2" falsecount="0"/>
        <line num="203" count="14751" type="cond" truecount="2" falsecount="0"/>
        <line num="204" count="24" type="cond" truecount="1" falsecount="1"/>
        <line num="205" count="0" type="stmt"/>
        <line num="209" count="0" type="stmt"/>
        <line num="210" count="0" type="cond" truecount="0" falsecount="2"/>
        <line num="211" count="0" type="cond" truecount="0" falsecount="2"/>
        <line num="212" count="0" type="cond" truecount="0" falsecount="2"/>
        <line num="213" count="0" type="stmt"/>
        <line num="217" count="0" type="stmt"/>
        <line num="218" count="0" type="stmt"/>
        <line num="222" count="6022" type="stmt"/>
        <line num="223" count="6022" type="stmt"/>
        <line num="224" count="280065" type="stmt"/>
        <line num="228" count="6022" type="stmt"/>
        <line num="229" count="6022" type="cond" truecount="2" falsecount="0"/>
        <line num="230" count="18" type="cond" truecount="2" falsecount="0"/>
        <line num="231" count="8" type="cond" truecount="2" falsecount="0"/>
        <line num="232" count="2" type="cond" truecount="1" falsecount="1"/>
        <line num="233" count="0" type="stmt"/>
        <line num="237" count="4295" type="stmt"/>
        <line num="238" count="4295" type="stmt"/>
        <line num="239" count="4295" type="stmt"/>
        <line num="240" count="4295" type="stmt"/>
        <line num="241" count="15636" type="stmt"/>
        <line num="242" count="15636" type="stmt"/>
        <line num="243" count="15636" type="stmt"/>
        <line num="248" count="8477" type="stmt"/>
        <line num="249" count="8477" type="cond" truecount="2" falsecount="0"/>
        <line num="250" count="59" type="cond" truecount="2" falsecount="0"/>
        <line num="251" count="4" type="cond" truecount="1" falsecount="1"/>
        <line num="252" count="0" type="cond" truecount="0" falsecount="2"/>
        <line num="253" count="0" type="stmt"/>
        <line num="257" count="3" type="stmt"/>
        <line num="261" count="5" type="stmt"/>
        <line num="265" count="20" type="stmt"/>
        <line num="266" count="20" type="stmt"/>
        <line num="270" count="25" type="stmt"/>
        <line num="271" count="25" type="cond" truecount="2" falsecount="0"/>
        <line num="272" count="7" type="cond" truecount="1" falsecount="1"/>
        <line num="273" count="0" type="cond" truecount="0" falsecount="2"/>
        <line num="274" count="0" type="cond" truecount="0" falsecount="2"/>
        <line num="275" count="0" type="stmt"/>
        <line num="279" count="48" type="stmt"/>
        <line num="280" count="48" type="cond" truecount="1" falsecount="1"/>
        <line num="281" count="0" type="cond" truecount="0" falsecount="1"/>
        <line num="287" count="3" type="stmt"/>
        <line num="291" count="0" type="stmt"/>
        <line num="295" count="0" type="stmt"/>
        <line num="299" count="2" type="stmt"/>
        <line num="303" count="0" type="stmt"/>
        <line num="307" count="0" type="stmt"/>
        <line num="311" count="22" type="stmt"/>
        <line num="315" count="0" type="stmt"/>
        <line num="319" count="0" type="stmt"/>
        <line num="323" count="0" type="stmt"/>
        <line num="327" count="0" type="stmt"/>
        <line num="331" count="0" type="stmt"/>
      </file>
      <file name="CborEncoderStable.ts" path="/home/runner/work/json-pack/json-pack/src/cbor/CborEncoderStable.ts">
        <metrics statements="45" coveredstatements="44" conditionals="11" coveredconditionals="11" methods="4" coveredmethods="3"/>
        <line num="1" count="5" type="stmt"/>
        <line num="2" count="5" type="stmt"/>
        <line num="4" count="5" type="stmt"/>
        <line num="6" count="5" type="stmt"/>
        <line num="7" count="43500" type="cond" truecount="2" falsecount="0"/>
        <line num="8" count="1391" type="cond" truecount="2" falsecount="0"/>
        <line num="9" count="58" type="cond" truecount="2" falsecount="0"/>
        <line num="10" count="22" type="stmt"/>
        <line num="13" count="5" type="stmt"/>
        <line num="15" count="4179" type="stmt"/>
        <line num="16" count="4179" type="stmt"/>
        <line num="17" count="4179" type="stmt"/>
        <line num="18" count="4179" type="stmt"/>
        <line num="19" count="4179" type="stmt"/>
        <line num="20" count="15377" type="stmt"/>
        <line num="21" count="15377" type="stmt"/>
        <line num="22" count="15377" type="stmt"/>
        <line num="28" count="21750" type="stmt"/>
        <line num="29" count="21750" type="stmt"/>
        <line num="30" count="21750" type="stmt"/>
        <line num="31" count="21750" type="stmt"/>
        <line num="32" count="21750" type="stmt"/>
        <line num="33" count="21750" type="stmt"/>
        <line num="34" count="21750" type="stmt"/>
        <line num="35" count="21750" type="stmt"/>
        <line num="36" count="21750" type="stmt"/>
        <line num="37" count="21750" type="stmt"/>
        <line num="38" count="21750" type="stmt"/>
        <line num="39" count="21750" type="cond" truecount="1" falsecount="0"/>
        <line num="40" count="3" type="stmt"/>
        <line num="41" count="3" type="stmt"/>
        <line num="43" count="21750" type="cond" truecount="4" falsecount="0"/>
        <line num="45" count="21053" type="stmt"/>
        <line num="46" count="21053" type="stmt"/>
        <line num="48" count="668" type="stmt"/>
        <line num="49" count="668" type="stmt"/>
        <line num="50" count="668" type="stmt"/>
        <line num="52" count="18" type="stmt"/>
        <line num="53" count="18" type="stmt"/>
        <line num="54" count="18" type="stmt"/>
        <line num="57" count="11" type="stmt"/>
        <line num="58" count="11" type="stmt"/>
        <line num="59" count="11" type="stmt"/>
        <line num="62" count="21750" type="stmt"/>
        <line num="66" count="0" type="stmt"/>
      </file>
    </package>
    <package name="src.cbor.__tests__">
      <metrics statements="1" coveredstatements="1" conditionals="0" coveredconditionals="0" methods="0" coveredmethods="0"/>
      <file name="cbor-js-testcases.ts" path="/home/runner/work/json-pack/json-pack/src/cbor/__tests__/cbor-js-testcases.ts">
        <metrics statements="1" coveredstatements="1" conditionals="0" coveredconditionals="0" methods="0" coveredmethods="0"/>
        <line num="5" count="1" type="stmt"/>
      </file>
    </package>
    <package name="src.ejson">
      <metrics statements="663" coveredstatements="591" conditionals="253" coveredconditionals="221" methods="64" coveredmethods="48"/>
      <file name="EjsonDecoder.ts" path="/home/runner/work/json-pack/json-pack/src/ejson/EjsonDecoder.ts">
        <metrics statements="295" coveredstatements="269" conditionals="186" coveredconditionals="159" methods="16" coveredmethods="16"/>
        <line num="1" count="5" type="stmt"/>
        <line num="17" count="5" type="stmt"/>
        <line num="18" count="5" type="stmt"/>
        <line num="26" count="5" type="stmt"/>
        <line num="27" count="5" type="cond" truecount="1" falsecount="0"/>
        <line num="28" count="5" type="stmt"/>
        <line num="36" count="108" type="stmt"/>
        <line num="37" count="108" type="stmt"/>
        <line num="41" count="3162" type="stmt"/>
        <line num="42" count="3162" type="stmt"/>
        <line num="43" count="3162" type="stmt"/>
        <line num="44" count="3162" type="stmt"/>
        <line num="45" count="3162" type="cond" truecount="7" falsecount="0"/>
        <line num="47" count="1075" type="stmt"/>
        <line num="49" count="191" type="stmt"/>
        <line num="51" count="89" type="stmt"/>
        <line num="53" count="88" type="stmt"/>
        <line num="55" count="91" type="stmt"/>
        <line num="57" count="812" type="stmt"/>
        <line num="59" count="816" type="cond" truecount="4" falsecount="0"/>
        <line num="60" count="1" type="stmt"/>
        <line num="65" count="1469" type="stmt"/>
        <line num="66" count="1469" type="cond" truecount="0" falsecount="1"/>
        <line num="67" count="1469" type="stmt"/>
        <line num="68" count="1469" type="stmt"/>
        <line num="69" count="1469" type="stmt"/>
        <line num="70" count="1469" type="stmt"/>
        <line num="71" count="4250" type="stmt"/>
        <line num="72" count="4250" type="stmt"/>
        <line num="73" count="4250" type="cond" truecount="1" falsecount="0"/>
        <line num="74" count="2781" type="cond" truecount="2" falsecount="0"/>
        <line num="75" count="1044" type="cond" truecount="0" falsecount="1"/>
        <line num="76" count="2781" type="stmt"/>
        <line num="77" count="2781" type="stmt"/>
        <line num="78" count="2781" type="stmt"/>
        <line num="83" count="812" type="stmt"/>
        <line num="84" count="812" type="cond" truecount="0" falsecount="1"/>
        <line num="85" count="812" type="stmt"/>
        <line num="86" count="812" type="stmt"/>
        <line num="87" count="812" type="stmt"/>
        <line num="88" count="812" type="stmt"/>
        <line num="89" count="5045" type="stmt"/>
        <line num="90" count="5045" type="stmt"/>
        <line num="91" count="5045" type="cond" truecount="1" falsecount="0"/>
        <line num="92" count="811" type="stmt"/>
        <line num="94" count="811" type="stmt"/>
        <line num="96" count="4234" type="cond" truecount="2" falsecount="0"/>
        <line num="97" count="757" type="cond" truecount="0" falsecount="1"/>
        <line num="98" count="4234" type="stmt"/>
        <line num="99" count="4234" type="stmt"/>
        <line num="100" count="4234" type="cond" truecount="1" falsecount="0"/>
        <line num="101" count="4233" type="stmt"/>
        <line num="102" count="4233" type="cond" truecount="0" falsecount="1"/>
        <line num="103" count="4233" type="stmt"/>
        <line num="104" count="4233" type="cond" truecount="0" falsecount="1"/>
        <line num="105" count="4233" type="stmt"/>
        <line num="108" count="4233" type="stmt"/>
        <line num="109" count="4233" type="stmt"/>
        <line num="114" count="7650" type="stmt"/>
        <line num="115" count="7650" type="stmt"/>
        <line num="116" count="7650" type="stmt"/>
        <line num="117" count="7650" type="stmt"/>
        <line num="118" count="7650" type="cond" truecount="7" falsecount="0"/>
        <line num="120" count="2222" type="stmt"/>
        <line num="122" count="1278" type="stmt"/>
        <line num="124" count="195" type="stmt"/>
        <line num="126" count="227" type="stmt"/>
        <line num="128" count="373" type="stmt"/>
        <line num="130" count="1432" type="stmt"/>
        <line num="132" count="1923" type="cond" truecount="4" falsecount="0"/>
        <line num="133" count="0" type="stmt"/>
        <line num="138" count="1432" type="stmt"/>
        <line num="139" count="1432" type="cond" truecount="0" falsecount="1"/>
        <line num="140" count="1432" type="stmt"/>
        <line num="141" count="1432" type="stmt"/>
        <line num="142" count="1432" type="stmt"/>
        <line num="143" count="1432" type="stmt"/>
        <line num="144" count="4849" type="stmt"/>
        <line num="145" count="4849" type="stmt"/>
        <line num="146" count="4849" type="cond" truecount="1" falsecount="0"/>
        <line num="147" count="1432" type="stmt"/>
        <line num="148" count="1432" type="stmt"/>
        <line num="150" count="3417" type="cond" truecount="2" falsecount="0"/>
        <line num="151" count="1316" type="cond" truecount="0" falsecount="1"/>
        <line num="152" count="3417" type="stmt"/>
        <line num="153" count="3417" type="stmt"/>
        <line num="154" count="3417" type="cond" truecount="0" falsecount="1"/>
        <line num="155" count="3417" type="stmt"/>
        <line num="156" count="3417" type="cond" truecount="0" falsecount="1"/>
        <line num="157" count="3417" type="stmt"/>
        <line num="158" count="3417" type="cond" truecount="0" falsecount="1"/>
        <line num="159" count="3417" type="stmt"/>
        <line num="160" count="3417" type="stmt"/>
        <line num="161" count="3417" type="stmt"/>
        <line num="166" count="2789" type="stmt"/>
        <line num="169" count="2789" type="stmt"/>
        <line num="170" count="97" type="cond" truecount="1" falsecount="0"/>
        <line num="171" count="95" type="stmt"/>
        <line num="175" count="8936" type="stmt"/>
        <line num="177" count="2789" type="cond" truecount="1" falsecount="0"/>
        <line num="179" count="179" type="cond" truecount="1" falsecount="0"/>
        <line num="180" count="11" type="cond" truecount="1" falsecount="0"/>
        <line num="181" count="1" type="stmt"/>
        <line num="183" count="10" type="stmt"/>
        <line num="184" count="10" type="cond" truecount="3" falsecount="0"/>
        <line num="185" count="7" type="stmt"/>
        <line num="187" count="3" type="stmt"/>
        <line num="191" count="168" type="cond" truecount="1" falsecount="0"/>
        <line num="192" count="17" type="cond" truecount="1" falsecount="0"/>
        <line num="193" count="2" type="stmt"/>
        <line num="195" count="15" type="stmt"/>
        <line num="196" count="15" type="cond" truecount="1" falsecount="0"/>
        <line num="197" count="14" type="stmt"/>
        <line num="198" count="14" type="cond" truecount="4" falsecount="0"/>
        <line num="199" count="11" type="stmt"/>
        <line num="202" count="4" type="stmt"/>
        <line num="206" count="151" type="cond" truecount="1" falsecount="0"/>
        <line num="207" count="4" type="cond" truecount="0" falsecount="1"/>
        <line num="208" count="0" type="stmt"/>
        <line num="210" count="4" type="stmt"/>
        <line num="211" count="4" type="cond" truecount="1" falsecount="0"/>
        <line num="212" count="3" type="stmt"/>
        <line num="213" count="3" type="cond" truecount="1" falsecount="0"/>
        <line num="214" count="2" type="stmt"/>
        <line num="217" count="2" type="stmt"/>
        <line num="221" count="147" type="cond" truecount="1" falsecount="0"/>
        <line num="222" count="14" type="cond" truecount="0" falsecount="1"/>
        <line num="223" count="0" type="stmt"/>
        <line num="225" count="14" type="stmt"/>
        <line num="226" count="14" type="cond" truecount="1" falsecount="0"/>
        <line num="227" count="13" type="cond" truecount="1" falsecount="0"/>
        <line num="228" count="10" type="cond" truecount="1" falsecount="0"/>
        <line num="229" count="7" type="cond" truecount="1" falsecount="0"/>
        <line num="230" count="4" type="stmt"/>
        <line num="231" count="4" type="cond" truecount="1" falsecount="0"/>
        <line num="232" count="3" type="stmt"/>
        <line num="235" count="2" type="stmt"/>
        <line num="239" count="133" type="cond" truecount="1" falsecount="0"/>
        <line num="240" count="1" type="cond" truecount="0" falsecount="1"/>
        <line num="241" count="0" type="stmt"/>
        <line num="243" count="1" type="stmt"/>
        <line num="244" count="1" type="cond" truecount="1" falsecount="0"/>
[...]
      <metrics statements="197" coveredstatements="159" conditionals="68" coveredconditionals="56" methods="33" coveredmethods="18"/>
      <file name="UbjsonDecoder.ts" path="/home/runner/work/json-pack/json-pack/src/ubjson/UbjsonDecoder.ts">
        <metrics statements="75" coveredstatements="54" conditionals="30" coveredconditionals="20" methods="4" coveredmethods="3"/>
        <line num="1" count="3" type="stmt"/>
        <line num="2" count="3" type="stmt"/>
        <line num="6" count="3" type="stmt"/>
        <line num="7" count="3" type="stmt"/>
        <line num="10" count="117" type="stmt"/>
        <line num="11" count="117" type="stmt"/>
        <line num="15" count="0" type="stmt"/>
        <line num="16" count="0" type="stmt"/>
        <line num="20" count="74797" type="stmt"/>
        <line num="21" count="74797" type="stmt"/>
        <line num="22" count="74797" type="cond" truecount="14" falsecount="1"/>
        <line num="24" count="1314" type="stmt"/>
        <line num="26" count="1426" type="stmt"/>
        <line num="28" count="1301" type="stmt"/>
        <line num="30" count="38005" type="stmt"/>
        <line num="32" count="222" type="stmt"/>
        <line num="34" count="345" type="stmt"/>
        <line num="35" count="345" type="stmt"/>
        <line num="36" count="345" type="stmt"/>
        <line num="39" count="266" type="stmt"/>
        <line num="40" count="266" type="stmt"/>
        <line num="41" count="266" type="stmt"/>
        <line num="44" count="0" type="stmt"/>
        <line num="45" count="0" type="stmt"/>
        <line num="46" count="0" type="stmt"/>
        <line num="49" count="12035" type="stmt"/>
        <line num="50" count="12035" type="stmt"/>
        <line num="51" count="12035" type="stmt"/>
        <line num="54" count="10" type="stmt"/>
        <line num="55" count="10" type="stmt"/>
        <line num="56" count="10" type="stmt"/>
        <line num="59" count="11519" type="stmt"/>
        <line num="61" count="9" type="stmt"/>
        <line num="63" count="3495" type="stmt"/>
        <line num="64" count="3495" type="stmt"/>
        <line num="65" count="3495" type="cond" truecount="4" falsecount="0"/>
        <line num="66" count="18" type="stmt"/>
        <line num="67" count="18" type="stmt"/>
        <line num="68" count="18" type="stmt"/>
        <line num="70" count="3477" type="stmt"/>
        <line num="71" count="3477" type="cond" truecount="0" falsecount="1"/>
        <line num="72" count="0" type="stmt"/>
        <line num="73" count="0" type="stmt"/>
        <line num="75" count="3477" type="stmt"/>
        <line num="76" count="3477" type="cond" truecount="0" falsecount="1"/>
        <line num="77" count="0" type="stmt"/>
        <line num="78" count="0" type="stmt"/>
        <line num="80" count="3477" type="cond" truecount="0" falsecount="1"/>
        <line num="81" count="0" type="stmt"/>
        <line num="82" count="0" type="stmt"/>
        <line num="84" count="3477" type="cond" truecount="1" falsecount="1"/>
        <line num="85" count="0" type="stmt"/>
        <line num="86" count="0" type="cond" truecount="0" falsecount="5"/>
        <line num="88" count="0" type="stmt"/>
        <line num="89" count="0" type="stmt"/>
        <line num="92" count="0" type="stmt"/>
        <line num="93" count="0" type="stmt"/>
        <line num="96" count="0" type="stmt"/>
        <line num="97" count="0" type="stmt"/>
        <line num="99" count="0" type="stmt"/>
        <line num="101" count="3477" type="stmt"/>
        <line num="102" count="9736" type="stmt"/>
        <line num="103" count="3477" type="stmt"/>
        <line num="104" count="3477" type="stmt"/>
        <line num="108" count="4848" type="stmt"/>
        <line num="109" count="4848" type="stmt"/>
        <line num="110" count="4848" type="stmt"/>
        <line num="111" count="26164" type="stmt"/>
        <line num="112" count="26164" type="stmt"/>
        <line num="113" count="26164" type="cond" truecount="1" falsecount="0"/>
        <line num="114" count="26163" type="stmt"/>
        <line num="116" count="4847" type="stmt"/>
        <line num="117" count="4847" type="stmt"/>
        <line num="120" count="2" type="stmt"/>
        <line num="122" count="0" type="stmt"/>
      </file>
      <file name="UbjsonEncoder.ts" path="/home/runner/work/json-pack/json-pack/src/ubjson/UbjsonEncoder.ts">
        <metrics statements="122" coveredstatements="105" conditionals="38" coveredconditionals="36" methods="29" coveredmethods="15"/>
        <line num="4" count="4" type="stmt"/>
        <line num="5" count="4" type="stmt"/>
        <line num="8" count="1197" type="stmt"/>
        <line num="9" count="1197" type="stmt"/>
        <line num="10" count="1197" type="stmt"/>
        <line num="11" count="1197" type="stmt"/>
        <line num="15" count="37097" type="cond" truecount="6" falsecount="1"/>
        <line num="17" count="2727" type="stmt"/>
        <line num="19" count="13173" type="stmt"/>
        <line num="21" count="11528" type="stmt"/>
        <line num="23" count="9657" type="cond" truecount="1" falsecount="0"/>
        <line num="24" count="8343" type="stmt"/>
        <line num="25" count="8343" type="cond" truecount="3" falsecount="0"/>
        <line num="27" count="3477" type="stmt"/>
        <line num="29" count="18" type="stmt"/>
        <line num="31" count="4848" type="stmt"/>
        <line num="35" count="10" type="stmt"/>
        <line num="37" count="2" type="stmt"/>
        <line num="39" count="0" type="stmt"/>
        <line num="44" count="1314" type="stmt"/>
        <line num="48" count="2" type="stmt"/>
        <line num="52" count="2727" type="cond" truecount="2" falsecount="0"/>
        <line num="56" count="13173" type="cond" truecount="1" falsecount="0"/>
        <line num="57" count="12035" type="stmt"/>
        <line num="61" count="1156" type="stmt"/>
        <line num="62" count="1156" type="cond" truecount="4" falsecount="0"/>
        <line num="63" count="740" type="cond" truecount="4" falsecount="0"/>
        <line num="64" count="143" type="stmt"/>
        <line num="65" count="143" type="stmt"/>
        <line num="66" count="597" type="cond" truecount="4" falsecount="0"/>
        <line num="67" count="344" type="stmt"/>
        <line num="68" count="344" type="stmt"/>
        <line num="69" count="344" type="stmt"/>
        <line num="70" count="344" type="stmt"/>
        <line num="71" count="253" type="cond" truecount="3" falsecount="0"/>
        <line num="72" count="253" type="stmt"/>
        <line num="73" count="253" type="stmt"/>
        <line num="74" count="253" type="stmt"/>
        <line num="75" count="253" type="stmt"/>
        <line num="80" count="0" type="stmt"/>
        <line num="81" count="0" type="cond" truecount="0" falsecount="1"/>
        <line num="85" count="12035" type="stmt"/>
        <line num="86" count="12035" type="stmt"/>
        <line num="87" count="12035" type="stmt"/>
        <line num="88" count="12035" type="stmt"/>
        <line num="89" count="12035" type="stmt"/>
        <line num="90" count="12035" type="stmt"/>
        <line num="91" count="12035" type="stmt"/>
        <line num="95" count="10" type="stmt"/>
        <line num="96" count="10" type="stmt"/>
        <line num="97" count="10" type="stmt"/>
        <line num="98" count="10" type="stmt"/>
        <line num="99" count="10" type="stmt"/>
        <line num="100" count="10" type="stmt"/>
        <line num="101" count="10" type="stmt"/>
        <line num="105" count="18" type="stmt"/>
        <line num="106" count="18" type="stmt"/>
        <line num="107" count="18" type="stmt"/>
        <line num="108" count="18" type="stmt"/>
        <line num="109" count="18" type="stmt"/>
        <line num="113" count="11528" type="stmt"/>
        <line num="114" count="11528" type="stmt"/>
        <line num="115" count="11528" type="stmt"/>
        <line num="116" count="11528" type="stmt"/>
        <line num="117" count="11528" type="stmt"/>
        <line num="118" count="11528" type="stmt"/>
        <line num="119" count="11528" type="stmt"/>
        <line num="120" count="11528" type="stmt"/>
        <line num="121" count="11528" type="stmt"/>
        <line num="122" count="11528" type="cond" truecount="2" falsecount="0"/>
        <line num="123" count="11517" type="stmt"/>
        <line num="124" count="11517" type="stmt"/>
        <line num="126" count="11" type="stmt"/>
        <line num="127" count="11" type="stmt"/>
        <line num="129" count="11528" type="stmt"/>
        <line num="130" count="11528" type="cond" truecount="2" falsecount="0"/>
        <line num="131" count="11" type="stmt"/>
        <line num="135" count="0" type="stmt"/>
        <line num="139" count="3477" type="stmt"/>
        <line num="140" count="3477" type="stmt"/>
        <line num="141" count="3477" type="stmt"/>
        <line num="142" count="9736" type="stmt"/>
        <line num="143" count="3477" type="stmt"/>
        <line num="147" count="4848" type="stmt"/>
        <line num="148" count="4848" type="stmt"/>
        <line num="149" count="4848" type="stmt"/>
        <line num="150" count="4848" type="stmt"/>
        <line num="151" count="4848" type="stmt"/>
        <line num="152" count="26164" type="stmt"/>
        <line num="153" count="26164" type="stmt"/>
        <line num="154" count="26164" type="stmt"/>
        <line num="155" count="26164" type="stmt"/>
        <line num="157" count="4848" type="stmt"/>
        <line num="161" count="26164" type="stmt"/>
        <line num="162" count="26164" type="stmt"/>
        <line num="163" count="26164" type="stmt"/>
        <line num="164" count="26164" type="stmt"/>
        <line num="165" count="26164" type="stmt"/>
        <line num="166" count="26164" type="stmt"/>
        <line num="167" count="26164" type="stmt"/>
        <line num="168" count="26164" type="stmt"/>
        <line num="169" count="26164" type="cond" truecount="2" falsecount="0"/>
        <line num="170" count="26160" type="stmt"/>
        <line num="171" count="26160" type="stmt"/>
        <line num="173" count="4" type="stmt"/>
        <line num="174" count="4" type="stmt"/>
        <line num="176" count="26164" type="stmt"/>
        <line num="177" count="26164" type="cond" truecount="2" falsecount="0"/>
        <line num="178" count="4" type="stmt"/>
        <line num="184" count="0" type="stmt"/>
        <line num="188" count="0" type="stmt"/>
        <line num="192" count="0" type="stmt"/>
        <line num="196" count="0" type="stmt"/>
        <line num="200" count="0" type="stmt"/>
        <line num="204" count="0" type="stmt"/>
        <line num="208" count="0" type="stmt"/>
        <line num="212" count="0" type="stmt"/>
        <line num="216" count="0" type="stmt"/>
        <line num="220" count="0" type="stmt"/>
        <line num="224" count="0" type="stmt"/>
        <line num="225" count="0" type="stmt"/>
        <line num="229" count="0" type="stmt"/>
      </file>
    </package>
    <package name="src.util">
      <metrics statements="150" coveredstatements="109" conditionals="32" coveredconditionals="19" methods="20" coveredmethods="14"/>
      <file name="CompressionTable.ts" path="/home/runner/work/json-pack/json-pack/src/util/CompressionTable.ts">
        <metrics statements="99" coveredstatements="73" conditionals="19" coveredconditionals="12" methods="14" coveredmethods="10"/>
        <line num="1" count="2" type="stmt"/>
        <line num="3" count="2" type="stmt"/>
        <line num="5" count="2" type="stmt"/>
        <line num="7" count="7" type="stmt"/>
        <line num="8" count="7" type="stmt"/>
        <line num="9" count="7" type="stmt"/>
        <line num="10" count="7" type="stmt"/>
        <line num="13" count="8" type="stmt"/>
        <line num="14" count="8" type="stmt"/>
        <line num="16" count="8" type="stmt"/>
        <line num="17" count="8" type="stmt"/>
        <line num="20" count="28" type="stmt"/>
        <line num="24" count="66" type="cond" truecount="1" falsecount="0"/>
        <line num="25" count="28" type="stmt"/>
        <line num="26" count="28" type="stmt"/>
        <line num="28" count="38" type="stmt"/>
        <line num="32" count="61" type="cond" truecount="2" falsecount="0"/>
        <line num="34" count="19" type="cond" truecount="1" falsecount="0"/>
        <line num="35" count="15" type="stmt"/>
        <line num="36" count="15" type="cond" truecount="2" falsecount="3"/>
        <line num="38" count="8" type="stmt"/>
        <line num="39" count="8" type="stmt"/>
        <line num="40" count="20" type="stmt"/>
        <line num="41" count="20" type="stmt"/>
        <line num="43" count="8" type="stmt"/>
        <line num="46" count="7" type="stmt"/>
        <line num="47" count="7" type="stmt"/>
        <line num="48" count="32" type="stmt"/>
        <line num="49" count="7" type="stmt"/>
        <line num="52" count="0" type="stmt"/>
        <line num="53" count="0" type="stmt"/>
        <line num="54" count="0" type="stmt"/>
        <line num="55" count="0" type="stmt"/>
        <line num="57" count="0" type="stmt"/>
        <line num="60" count="0" type="stmt"/>
        <line num="61" count="0" type="stmt"/>
        <line num="62" count="0" type="stmt"/>
        <line num="64" count="0" type="stmt"/>
        <line num="67" count="0" type="stmt"/>
        <line num="68" count="0" type="stmt"/>
        <line num="69" count="0" type="stmt"/>
        <line num="72" count="15" type="stmt"/>
        <line num="75" count="42" type="stmt"/>
        <line num="80" count="8" type="stmt"/>
        <line num="81" count="25" type="stmt"/>
        <line num="82" count="8" type="stmt"/>
        <line num="83" count="8" type="stmt"/>
        <line num="84" count="8" type="stmt"/>
        <line num="85" count="8" type="cond" truecount="1" falsecount="0"/>
        <line num="86" count="8" type="stmt"/>
        <line num="87" count="8" type="stmt"/>
        <line num="88" count="8" type="stmt"/>
        <line num="89" count="8" type="stmt"/>
        <line num="90" count="8" type="stmt"/>
        <line num="91" count="17" type="stmt"/>
        <line num="92" count="17" type="stmt"/>
        <line num="93" count="17" type="stmt"/>
        <line num="94" count="17" type="stmt"/>
        <line num="97" count="8" type="stmt"/>
        <line num="98" count="8" type="stmt"/>
        <line num="99" count="8" type="stmt"/>
        <line num="100" count="8" type="stmt"/>
        <line num="101" count="31" type="stmt"/>
        <line num="102" count="31" type="stmt"/>
        <line num="103" count="31" type="stmt"/>
        <line num="105" count="8" type="stmt"/>
        <line num="106" count="8" type="stmt"/>
        <line num="110" count="33" type="stmt"/>
        <line num="111" count="33" type="cond" truecount="0" falsecount="1"/>
        <line num="112" count="33" type="stmt"/>
        <line num="116" count="7" type="stmt"/>
        <line num="120" count="25" type="cond" truecount="2" falsecount="0"/>
        <line num="122" count="9" type="cond" truecount="1" falsecount="0"/>
        <line num="123" count="7" type="stmt"/>
        <line num="124" count="7" type="cond" truecount="2" falsecount="3"/>
        <line num="126" count="4" type="stmt"/>
        <line num="127" count="4" type="stmt"/>
        <line num="128" count="9" type="stmt"/>
        <line num="129" count="4" type="stmt"/>
        <line num="132" count="3" type="stmt"/>
        <line num="133" count="3" type="stmt"/>
        <line num="134" count="3" type="stmt"/>
        <line num="135" count="12" type="stmt"/>
        <line num="136" count="3" type="stmt"/>
        <line num="139" count="0" type="stmt"/>
        <line num="140" count="0" type="stmt"/>
        <line num="141" count="0" type="stmt"/>
        <line num="142" count="0" type="stmt"/>
        <line num="144" count="0" type="stmt"/>
        <line num="147" count="0" type="stmt"/>
        <line num="148" count="0" type="stmt"/>
        <line num="149" count="0" type="stmt"/>
        <line num="150" count="0" type="stmt"/>
        <line num="152" count="0" type="stmt"/>
        <line num="155" count="0" type="stmt"/>
        <line num="156" count="0" type="stmt"/>
        <line num="157" count="0" type="stmt"/>
        <line num="160" count="0" type="stmt"/>
        <line num="163" count="16" type="stmt"/>
      </file>
      <file name="DecompressionTable.ts" path="/home/runner/work/json-pack/json-pack/src/util/DecompressionTable.ts">
        <metrics statements="51" coveredstatements="36" conditionals="13" coveredconditionals="7" methods="6" coveredmethods="4"/>
        <line num="1" count="1" type="stmt"/>
        <line num="3" count="1" type="stmt"/>
        <line num="5" count="1" type="stmt"/>
        <line num="6" count="2" type="stmt"/>
        <line num="9" count="2" type="stmt"/>
        <line num="10" count="2" type="cond" truecount="0" falsecount="1"/>
        <line num="11" count="2" type="stmt"/>
        <line num="12" count="2" type="stmt"/>
        <line num="13" count="2" type="stmt"/>
        <line num="14" count="2" type="stmt"/>
        <line num="15" count="2" type="cond" truecount="1" falsecount="0"/>
        <line num="16" count="2" type="stmt"/>
        <line num="18" count="2" type="stmt"/>
        <line num="19" count="8" type="stmt"/>
        <line num="20" count="8" type="cond" truecount="2" falsecount="0"/>
        <line num="21" count="6" type="stmt"/>
        <line num="22" count="6" type="stmt"/>
        <line num="23" count="6" type="stmt"/>
        <line num="25" count="2" type="stmt"/>
        <line num="29" count="12" type="stmt"/>
        <line num="33" count="22" type="stmt"/>
        <line num="35" count="22" type="stmt"/>
        <line num="39" count="12" type="cond" truecount="2" falsecount="1"/>
        <line num="41" count="9" type="stmt"/>
        <line num="44" count="3" type="cond" truecount="0" falsecount="1"/>
        <line num="45" count="3" type="stmt"/>
        <line num="46" count="3" type="cond" truecount="2" falsecount="3"/>
        <line num="48" count="1" type="stmt"/>
        <line num="49" count="1" type="stmt"/>
        <line num="50" count="3" type="stmt"/>
        <line num="51" count="1" type="stmt"/>
        <line num="54" count="2" type="stmt"/>
        <line num="55" count="2" type="stmt"/>
        <line num="56" count="2" type="stmt"/>
        <line num="57" count="8" type="stmt"/>
        <line num="58" count="2" type="stmt"/>
        <line num="61" count="0" type="stmt"/>
        <line num="62" count="0" type="stmt"/>
        <line num="63" count="0" type="stmt"/>
        <line num="64" count="0" type="stmt"/>
        <line num="66" count="0" type="stmt"/>
        <line num="69" count="0" type="stmt"/>
        <line num="70" count="0" type="stmt"/>
        <line num="71" count="0" type="stmt"/>
        <line num="72" count="0" type="stmt"/>
        <line num="74" count="0" type="stmt"/>
        <line num="77" count="0" type="stmt"/>
        <line num="78" count="0" type="stmt"/>
        <line num="79" count="0" type="stmt"/>
        <line num="82" count="0" type="stmt"/>
        <line num="85" count="0" type="stmt"/>
      </file>
    </package>
    <package name="src.util.buffers">
      <metrics statements="5" coveredstatements="2" conditionals="0" coveredconditionals="0" methods="1" coveredmethods="0"/>
      <file name="toDataUri.ts" path="/home/runner/work/json-pack/json-pack/src/util/buffers/toDataUri.ts">
        <metrics statements="5" coveredstatements="2" conditionals="0" coveredconditionals="0" methods="1" coveredmethods="0"/>
        <line num="1" count="14" type="stmt"/>
        <line num="3" count="14" type="stmt"/>
        <line num="4" count="0" type="stmt"/>
        <line num="5" count="0" type="stmt"/>
        <line num="6" count="0" type="stmt"/>
      </file>
    </package>
  </project>
</coverage>
