<?xml version="1.0" encoding="UTF-8"?>
<coverage generated="1759831222718" clover="3.2.0">
  <project timestamp="1759831222718" name="All files">
    <metrics statements="5829" coveredstatements="5042" conditionals="2610" coveredconditionals="2031" methods="918" coveredmethods="733" elements="9357" coveredelements="7806" complexity="0" loc="5829" ncloc="5829" packages="19" files="73" classes="73"/>
    <package name="src">
      <metrics statements="5" coveredstatements="5" conditionals="0" coveredconditionals="0" methods="2" coveredmethods="2"/>
      <file name="JsonPackExtension.ts" path="/home/runner/work/json-pack/json-pack/src/JsonPackExtension.ts">
        <metrics statements="3" coveredstatements="3" conditionals="0" coveredconditionals="0" methods="1" coveredmethods="1"/>
        <line num="9" count="42" type="stmt"/>
        <line num="11" count="101" type="stmt"/>
        <line num="12" count="101" type="stmt"/>
      </file>
      <file name="JsonPackValue.ts" path="/home/runner/work/json-pack/json-pack/src/JsonPackValue.ts">
        <metrics statements="2" coveredstatements="2" conditionals="0" coveredconditionals="0" methods="1" coveredmethods="1"/>
        <line num="11" count="26" type="stmt"/>
        <line num="12" count="50" type="stmt"/>
      </file>
    </package>
    <package name="src.__bench__.data">
      <metrics statements="1" coveredstatements="1" conditionals="0" coveredconditionals="0" methods="0" coveredmethods="0"/>
      <file name="json-very-large-object.ts" path="/home/runner/work/json-pack/json-pack/src/__bench__/data/json-very-large-object.ts">
        <metrics statements="1" coveredstatements="1" conditionals="0" coveredconditionals="0" methods="0" coveredmethods="0"/>
        <line num="1" count="1" type="stmt"/>
      </file>
    </package>
    <package name="src.__tests__">
      <metrics statements="5" coveredstatements="5" conditionals="0" coveredconditionals="0" methods="0" coveredmethods="0"/>
      <file name="binary-documents.ts" path="/home/runner/work/json-pack/json-pack/src/__tests__/binary-documents.ts">
        <metrics statements="1" coveredstatements="1" conditionals="0" coveredconditionals="0" methods="0" coveredmethods="0"/>
        <line num="7" count="8" type="stmt"/>
      </file>
      <file name="json-documents.ts" path="/home/runner/work/json-pack/json-pack/src/__tests__/json-documents.ts">
        <metrics statements="1" coveredstatements="1" conditionals="0" coveredconditionals="0" methods="0" coveredmethods="0"/>
        <line num="10" count="15" type="stmt"/>
      </file>
      <file name="msgpack-documents.ts" path="/home/runner/work/json-pack/json-pack/src/__tests__/msgpack-documents.ts">
        <metrics statements="3" coveredstatements="3" conditionals="0" coveredconditionals="0" methods="0" coveredmethods="0"/>
        <line num="1" count="1" type="stmt"/>
        <line num="2" count="1" type="stmt"/>
        <line num="10" count="1" type="stmt"/>
      </file>
    </package>
    <package name="src.avro">
      <metrics statements="601" coveredstatements="531" conditionals="294" coveredconditionals="226" methods="132" coveredmethods="120"/>
      <file name="AvroDecoder.ts" path="/home/runner/work/json-pack/json-pack/src/avro/AvroDecoder.ts">
        <metrics statements="82" coveredstatements="73" conditionals="13" coveredconditionals="13" methods="22" coveredmethods="19"/>
        <line num="1" count="2" type="stmt"/>
        <line num="9" count="2" type="stmt"/>
        <line num="10" count="58" type="stmt"/>
        <line num="13" count="0" type="stmt"/>
        <line num="14" count="0" type="stmt"/>
        <line num="18" count="0" type="stmt"/>
        <line num="19" count="0" type="stmt"/>
        <line num="26" count="1" type="stmt"/>
        <line num="34" count="4" type="stmt"/>
        <line num="41" count="6" type="stmt"/>
        <line num="48" count="35" type="stmt"/>
        <line num="49" count="34" type="stmt"/>
        <line num="56" count="11" type="stmt"/>
        <line num="57" count="10" type="stmt"/>
        <line num="60" count="10" type="cond" truecount="3" falsecount="0"/>
        <line num="61" count="8" type="stmt"/>
        <line num="63" count="2" type="stmt"/>
        <line num="70" count="9" type="stmt"/>
        <line num="71" count="9" type="stmt"/>
        <line num="72" count="9" type="stmt"/>
        <line num="73" count="9" type="stmt"/>
        <line num="80" count="9" type="stmt"/>
        <line num="81" count="9" type="stmt"/>
        <line num="82" count="9" type="stmt"/>
        <line num="83" count="9" type="stmt"/>
        <line num="90" count="4" type="stmt"/>
        <line num="91" count="4" type="stmt"/>
        <line num="98" count="35" type="stmt"/>
        <line num="99" count="35" type="stmt"/>
        <line num="100" count="35" type="stmt"/>
        <line num="108" count="9" type="stmt"/>
        <line num="110" count="9" type="stmt"/>
        <line num="111" count="16" type="stmt"/>
        <line num="112" count="16" type="cond" truecount="1" falsecount="0"/>
        <line num="114" count="7" type="stmt"/>
        <line num="115" count="22" type="stmt"/>
        <line num="119" count="9" type="stmt"/>
        <line num="127" count="7" type="stmt"/>
        <line num="129" count="7" type="stmt"/>
        <line num="130" count="11" type="stmt"/>
        <line num="131" count="11" type="cond" truecount="1" falsecount="0"/>
        <line num="133" count="5" type="stmt"/>
        <line num="134" count="10" type="stmt"/>
        <line num="135" count="10" type="cond" truecount="1" falsecount="0"/>
        <line num="136" count="9" type="stmt"/>
        <line num="140" count="6" type="stmt"/>
        <line num="148" count="6" type="stmt"/>
        <line num="149" count="6" type="cond" truecount="3" falsecount="0"/>
        <line num="150" count="1" type="stmt"/>
        <line num="153" count="5" type="stmt"/>
        <line num="154" count="5" type="stmt"/>
        <line num="162" count="4" type="stmt"/>
        <line num="169" count="2" type="stmt"/>
        <line num="177" count="0" type="stmt"/>
        <line num="178" count="0" type="stmt"/>
        <line num="179" count="0" type="stmt"/>
        <line num="182" count="0" type="stmt"/>
        <line num="184" count="0" type="stmt"/>
        <line num="193" count="111" type="stmt"/>
        <line num="194" count="111" type="stmt"/>
        <line num="195" count="111" type="stmt"/>
        <line num="197" count="111" type="stmt"/>
        <line num="198" count="130" type="stmt"/>
        <line num="199" count="130" type="stmt"/>
        <line num="201" count="130" type="cond" truecount="1" falsecount="0"/>
        <line num="203" count="20" type="stmt"/>
        <line num="204" count="20" type="cond" truecount="1" falsecount="0"/>
        <line num="205" count="1" type="stmt"/>
        <line num="209" count="110" type="stmt"/>
        <line num="216" count="11" type="stmt"/>
        <line num="217" count="11" type="stmt"/>
        <line num="218" count="11" type="stmt"/>
        <line num="220" count="11" type="stmt"/>
        <line num="221" count="44" type="stmt"/>
        <line num="222" count="44" type="stmt"/>
        <line num="224" count="44" type="cond" truecount="1" falsecount="0"/>
        <line num="226" count="34" type="stmt"/>
        <line num="227" count="34" type="cond" truecount="1" falsecount="0"/>
        <line num="228" count="1" type="stmt"/>
        <line num="232" count="10" type="stmt"/>
        <line num="239" count="44" type="stmt"/>
        <line num="246" count="10" type="stmt"/>
      </file>
      <file name="AvroEncoder.ts" path="/home/runner/work/json-pack/json-pack/src/avro/AvroEncoder.ts">
        <metrics statements="102" coveredstatements="98" conditionals="24" coveredconditionals="22" methods="25" coveredmethods="25"/>
        <line num="9" count="4" type="stmt"/>
        <line num="10" count="130" type="stmt"/>
        <line num="13" count="5" type="stmt"/>
        <line num="14" count="5" type="stmt"/>
        <line num="15" count="5" type="stmt"/>
        <line num="16" count="5" type="stmt"/>
        <line num="23" count="1" type="stmt"/>
        <line num="27" count="30" type="cond" truecount="6" falsecount="1"/>
        <line num="29" count="2" type="stmt"/>
        <line num="31" count="14" type="stmt"/>
        <line num="33" count="7" type="stmt"/>
        <line num="35" count="5" type="cond" truecount="1" falsecount="0"/>
        <line num="36" count="4" type="stmt"/>
        <line num="37" count="4" type="cond" truecount="4" falsecount="0"/>
        <line num="39" count="1" type="stmt"/>
        <line num="41" count="1" type="stmt"/>
        <line num="43" count="1" type="stmt"/>
        <line num="45" count="1" type="stmt"/>
        <line num="49" count="1" type="stmt"/>
        <line num="51" count="1" type="stmt"/>
        <line num="53" count="0" type="stmt"/>
        <line num="68" count="11" type="cond" truecount="2" falsecount="0"/>
        <line num="75" count="62" type="stmt"/>
        <line num="82" count="17" type="cond" truecount="2" falsecount="0"/>
        <line num="83" count="13" type="stmt"/>
        <line num="85" count="4" type="stmt"/>
        <line num="93" count="4" type="stmt"/>
        <line num="94" count="4" type="stmt"/>
        <line num="95" count="4" type="stmt"/>
        <line num="96" count="4" type="stmt"/>
        <line num="103" count="16" type="stmt"/>
        <line num="104" count="16" type="stmt"/>
        <line num="105" count="16" type="stmt"/>
        <line num="106" count="16" type="stmt"/>
        <line num="113" count="7" type="stmt"/>
        <line num="114" count="7" type="stmt"/>
        <line num="121" count="64" type="stmt"/>
        <line num="122" count="64" type="stmt"/>
        <line num="123" count="64" type="stmt"/>
        <line num="126" count="64" type="stmt"/>
        <line num="127" count="64" type="stmt"/>
        <line num="130" count="64" type="stmt"/>
        <line num="131" count="64" type="stmt"/>
        <line num="134" count="64" type="stmt"/>
        <line num="135" count="64" type="stmt"/>
        <line num="136" count="64" type="stmt"/>
        <line num="139" count="64" type="cond" truecount="1" falsecount="1"/>
        <line num="140" count="64" type="stmt"/>
        <line num="141" count="64" type="stmt"/>
        <line num="142" count="64" type="stmt"/>
        <line num="143" count="64" type="stmt"/>
        <line num="145" count="0" type="stmt"/>
        <line num="153" count="6" type="stmt"/>
        <line num="154" count="6" type="stmt"/>
        <line num="155" count="6" type="stmt"/>
        <line num="156" count="14" type="stmt"/>
        <line num="158" count="6" type="stmt"/>
        <line num="165" count="6" type="stmt"/>
        <line num="166" count="6" type="stmt"/>
        <line num="167" count="6" type="stmt"/>
        <line num="168" count="6" type="stmt"/>
        <line num="169" count="11" type="stmt"/>
        <line num="170" count="11" type="stmt"/>
        <line num="171" count="11" type="stmt"/>
        <line num="173" count="6" type="stmt"/>
        <line num="182" count="17" type="cond" truecount="2" falsecount="0"/>
        <line num="183" count="16" type="cond" truecount="4" falsecount="0"/>
        <line num="184" count="15" type="stmt"/>
        <line num="186" count="1" type="stmt"/>
        <line num="189" count="1" type="stmt"/>
        <line num="197" count="1" type="stmt"/>
        <line num="204" count="1" type="stmt"/>
        <line num="211" count="12" type="stmt"/>
        <line num="218" count="12" type="stmt"/>
        <line num="219" count="12" type="stmt"/>
        <line num="220" count="12" type="stmt"/>
        <line num="221" count="12" type="stmt"/>
        <line num="228" count="1" type="stmt"/>
        <line num="229" count="1" type="stmt"/>
        <line num="230" count="1" type="stmt"/>
        <line num="239" count="62" type="stmt"/>
        <line num="240" count="62" type="stmt"/>
        <line num="241" count="62" type="stmt"/>
        <line num="242" count="25" type="stmt"/>
        <line num="243" count="25" type="stmt"/>
        <line num="245" count="62" type="stmt"/>
        <line num="252" count="96" type="stmt"/>
        <line num="253" count="96" type="stmt"/>
        <line num="254" count="96" type="stmt"/>
        <line num="255" count="0" type="stmt"/>
        <line num="256" count="0" type="stmt"/>
        <line num="258" count="96" type="stmt"/>
        <line num="265" count="17" type="stmt"/>
        <line num="266" count="17" type="stmt"/>
        <line num="267" count="17" type="stmt"/>
        <line num="268" count="17" type="stmt"/>
        <line num="270" count="17" type="stmt"/>
        <line num="271" count="47" type="stmt"/>
        <line num="272" count="47" type="stmt"/>
        <line num="274" count="17" type="stmt"/>
        <line num="281" count="62" type="stmt"/>
        <line num="288" count="17" type="stmt"/>
      </file>
      <file name="AvroSchemaDecoder.ts" path="/home/runner/work/json-pack/json-pack/src/avro/AvroSchemaDecoder.ts">
        <metrics statements="102" coveredstatements="82" conditionals="47" coveredconditionals="37" methods="26" coveredmethods="19"/>
        <line num="1" count="1" type="stmt"/>
        <line num="2" count="1" type="stmt"/>
        <line num="3" count="1" type="stmt"/>
        <line num="20" count="1" type="stmt"/>
        <line num="23" count="28" type="stmt"/>
        <line num="25" count="28" type="cond" truecount="1" falsecount="0"/>
        <line num="26" count="28" type="stmt"/>
        <line num="27" count="28" type="stmt"/>
        <line num="28" count="28" type="stmt"/>
        <line num="35" count="27" type="stmt"/>
        <line num="36" count="27" type="stmt"/>
        <line num="39" count="27" type="cond" truecount="1" falsecount="0"/>
        <line num="40" count="1" type="stmt"/>
        <line num="43" count="26" type="stmt"/>
        <line num="44" count="26" type="stmt"/>
        <line num="51" count="79" type="stmt"/>
        <line num="53" count="79" type="cond" truecount="1" falsecount="0"/>
        <line num="54" count="51" type="cond" truecount="8" falsecount="1"/>
        <line num="56" count="3" type="stmt"/>
        <line num="58" count="3" type="stmt"/>
        <line num="60" count="17" type="stmt"/>
        <line num="62" count="4" type="stmt"/>
        <line num="64" count="2" type="stmt"/>
        <line num="66" count="2" type="stmt"/>
        <line num="68" count="2" type="stmt"/>
        <line num="70" count="18" type="stmt"/>
        <line num="72" count="0" type="stmt"/>
        <line num="76" count="28" type="cond" truecount="1" falsecount="0"/>
        <line num="77" count="4" type="stmt"/>
        <line num="80" count="24" type="cond" truecount="5" falsecount="1"/>
        <line num="82" count="9" type="stmt"/>
        <line num="84" count="3" type="stmt"/>
        <line num="86" count="7" type="stmt"/>
        <line num="88" count="4" type="stmt"/>
        <line num="90" count="1" type="stmt"/>
        <line num="92" count="0" type="stmt"/>
        <line num="100" count="9" type="stmt"/>
        <line num="102" count="9" type="stmt"/>
        <line num="103" count="26" type="stmt"/>
        <line num="104" count="26" type="stmt"/>
        <line num="105" count="26" type="stmt"/>
        <line num="107" count="0" type="stmt"/>
        <line num="111" count="9" type="stmt"/>
        <line num="118" count="3" type="stmt"/>
        <line num="120" count="3" type="cond" truecount="3" falsecount="0"/>
        <line num="121" count="1" type="stmt"/>
        <line num="124" count="2" type="stmt"/>
        <line num="131" count="17" type="stmt"/>
        <line num="138" count="6" type="stmt"/>
        <line num="145" count="9" type="stmt"/>
        <line num="146" count="4" type="stmt"/>
        <line num="147" count="4" type="stmt"/>
        <line num="154" count="1" type="stmt"/>
        <line num="161" count="0" type="stmt"/>
        <line num="162" count="0" type="stmt"/>
        <line num="169" count="2" type="stmt"/>
        <line num="170" count="1" type="stmt"/>
        <line num="177" count="0" type="stmt"/>
        <line num="178" count="0" type="stmt"/>
        <line num="179" count="0" type="cond" truecount="0" falsecount="4"/>
        <line num="180" count="0" type="stmt"/>
        <line num="182" count="0" type="stmt"/>
        <line num="189" count="0" type="stmt"/>
        <line num="190" count="0" type="stmt"/>
        <line num="197" count="0" type="stmt"/>
        <line num="198" count="0" type="stmt"/>
        <line num="205" count="0" type="stmt"/>
        <line num="206" count="0" type="stmt"/>
        <line num="213" count="0" type="stmt"/>
        <line num="214" count="0" type="stmt"/>
        <line num="221" count="0" type="stmt"/>
        <line num="222" count="0" type="stmt"/>
        <line num="226" count="2" type="stmt"/>
        <line num="228" count="2" type="cond" truecount="1" falsecount="1"/>
        <line num="234" count="2" type="cond" truecount="1" falsecount="0"/>
        <line num="235" count="1" type="stmt"/>
        <line num="240" count="81" type="cond" truecount="1" falsecount="0"/>
        <line num="241" count="53" type="stmt"/>
        <line num="242" count="53" type="cond" truecount="2" falsecount="0"/>
        <line num="244" count="28" type="stmt"/>
        <line num="248" count="59" type="cond" truecount="3" falsecount="0"/>
        <line num="249" count="39" type="stmt"/>
        <line num="252" count="20" type="cond" truecount="3" falsecount="0"/>
        <line num="253" count="20" type="cond" truecount="5" falsecount="0"/>
        <line num="255" count="7" type="stmt"/>
        <line num="256" count="7" type="stmt"/>
        <line num="257" count="7" type="stmt"/>
        <line num="258" count="24" type="stmt"/>
        <line num="259" count="7" type="stmt"/>
        <line num="261" count="3" type="stmt"/>
        <line num="262" count="3" type="stmt"/>
        <line num="263" count="3" type="stmt"/>
        <line num="264" count="3" type="stmt"/>
        <line num="266" count="1" type="stmt"/>
        <line num="267" count="1" type="stmt"/>
        <line num="268" count="1" type="stmt"/>
        <line num="269" count="1" type="stmt"/>
        <line num="271" count="5" type="stmt"/>
        <line num="272" count="5" type="stmt"/>
        <line num="274" count="4" type="stmt"/>
        <line num="275" count="4" type="stmt"/>
        <line num="281" count="11" type="cond" truecount="1" falsecount="1"/>
      </file>
      <file name="AvroSchemaEncoder.ts" path="/home/runner/work/json-pack/json-pack/src/avro/AvroSchemaEncoder.ts">
        <metrics statements="191" coveredstatements="166" conditionals="89" coveredconditionals="65" methods="27" coveredmethods="25"/>
        <line num="2" count="2" type="stmt"/>
        <line num="3" count="2" type="stmt"/>
        <line num="21" count="2" type="stmt"/>
        <line num="24" count="66" type="stmt"/>
        <line num="26" count="66" type="stmt"/>
        <line num="27" count="66" type="stmt"/>
        <line num="28" count="66" type="stmt"/>
        <line num="35" count="64" type="stmt"/>
        <line num="36" count="64" type="stmt"/>
        <line num="39" count="64" type="cond" truecount="1" falsecount="0"/>
        <line num="40" count="1" type="stmt"/>
        <line num="44" count="63" type="cond" truecount="1" falsecount="0"/>
        <line num="45" count="13" type="stmt"/>
        <line num="48" count="50" type="stmt"/>
        <line num="50" count="50" type="cond" truecount="4" falsecount="0"/>
        <line num="51" count="2" type="stmt"/>
        <line num="53" count="48" type="stmt"/>
        <line num="56" count="49" type="stmt"/>
        <line num="63" count="2" type="stmt"/>
        <line num="64" count="1" type="stmt"/>
        <line num="71" count="2" type="stmt"/>
        <line num="72" count="1" type="stmt"/>
        <line num="79" count="4" type="stmt"/>
        <line num="80" count="3" type="cond" truecount="4" falsecount="0"/>
        <line num="81" count="1" type="stmt"/>
        <line num="83" count="2" type="stmt"/>
        <line num="90" count="1" type="stmt"/>
        <line num="91" count="1" type="stmt"/>
        <line num="98" count="1" type="stmt"/>
        <line num="99" count="1" type="stmt"/>
        <line num="106" count="1" type="stmt"/>
        <line num="107" count="1" type="stmt"/>
        <line num="114" count="0" type="stmt"/>
        <line num="115" count="0" type="stmt"/>
        <line num="122" count="0" type="stmt"/>
        <line num="123" count="0" type="stmt"/>
        <line num="130" count="14" type="cond" truecount="2" falsecount="1"/>
        <line num="131" count="0" type="stmt"/>
        <line num="134" count="14" type="stmt"/>
        <line num="135" count="14" type="cond" truecount="0" falsecount="1"/>
        <line num="136" count="0" type="stmt"/>
        <line num="139" count="14" type="stmt"/>
        <line num="140" count="38" type="stmt"/>
        <line num="141" count="38" type="stmt"/>
        <line num="142" count="38" type="cond" truecount="2" falsecount="0"/>
        <line num="143" count="37" type="stmt"/>
        <line num="144" count="1" type="cond" truecount="1" falsecount="1"/>
        <line num="145" count="1" type="stmt"/>
        <line num="147" count="0" type="stmt"/>
        <line num="156" count="4" type="cond" truecount="2" falsecount="1"/>
        <line num="157" count="0" type="stmt"/>
        <line num="160" count="4" type="stmt"/>
        <line num="161" count="4" type="cond" truecount="0" falsecount="1"/>
        <line num="162" count="0" type="stmt"/>
        <line num="165" count="4" type="stmt"/>
        <line num="166" count="4" type="cond" truecount="0" falsecount="1"/>
        <line num="167" count="0" type="stmt"/>
        <line num="170" count="4" type="stmt"/>
        <line num="177" count="10" type="cond" truecount="2" falsecount="1"/>
        <line num="178" count="0" type="stmt"/>
        <line num="181" count="10" type="stmt"/>
        <line num="182" count="10" type="cond" truecount="0" falsecount="1"/>
        <line num="183" count="0" type="stmt"/>
        <line num="187" count="10" type="stmt"/>
        <line num="190" count="10" type="stmt"/>
        <line num="191" count="10" type="stmt"/>
        <line num="192" count="21" type="stmt"/>
        <line num="196" count="10" type="stmt"/>
        <line num="203" count="7" type="cond" truecount="2" falsecount="1"/>
        <line num="204" count="0" type="stmt"/>
        <line num="207" count="7" type="stmt"/>
        <line num="208" count="7" type="cond" truecount="0" falsecount="1"/>
        <line num="209" count="0" type="stmt"/>
        <line num="212" count="7" type="stmt"/>
        <line num="215" count="7" type="stmt"/>
        <line num="218" count="7" type="stmt"/>
        <line num="219" count="7" type="stmt"/>
        <line num="220" count="10" type="stmt"/>
        <line num="221" count="10" type="stmt"/>
        <line num="222" count="10" type="stmt"/>
        <line num="226" count="7" type="stmt"/>
        <line num="233" count="11" type="cond" truecount="0" falsecount="1"/>
        <line num="234" count="0" type="stmt"/>
        <line num="237" count="11" type="stmt"/>
        <line num="238" count="11" type="cond" truecount="1" falsecount="0"/>
        <line num="240" count="17" type="stmt"/>
        <line num="241" count="9" type="cond" truecount="0" falsecount="1"/>
        <line num="242" count="0" type="stmt"/>
        <line num="246" count="11" type="cond" truecount="3" falsecount="0"/>
        <line num="247" count="1" type="stmt"/>
        <line num="251" count="10" type="stmt"/>
        <line num="254" count="10" type="stmt"/>
        <line num="261" count="2" type="cond" truecount="2" falsecount="1"/>
        <line num="262" count="0" type="stmt"/>
        <line num="265" count="2" type="stmt"/>
        <line num="266" count="2" type="cond" truecount="0" falsecount="1"/>
        <line num="267" count="0" type="stmt"/>
        <line num="270" count="2" type="cond" truecount="0" falsecount="1"/>
        <line num="271" count="0" type="stmt"/>
        <line num="274" count="2" type="stmt"/>
        <line num="281" count="5" type="stmt"/>
        <line num="283" count="5" type="cond" truecount="1" falsecount="1"/>
        <line num="289" count="5" type="cond" truecount="5" falsecount="0"/>
        <line num="291" count="1" type="stmt"/>
        <line num="292" count="1" type="stmt"/>
        <line num="294" count="1" type="stmt"/>
        <line num="295" count="1" type="stmt"/>
        <line num="297" count="1" type="stmt"/>
        <line num="298" count="1" type="stmt"/>
        <line num="300" count="1" type="stmt"/>
        <line num="301" count="1" type="stmt"/>
        <line num="303" count="1" type="stmt"/>
        <line num="311" count="127" type="stmt"/>
        <line num="313" count="127" type="cond" truecount="1" falsecount="0"/>
        <line num="314" count="81" type="cond" truecount="8" falsecount="1"/>
        <line num="316" count="6" type="stmt"/>
        <line num="317" count="6" type="stmt"/>
        <line num="319" count="4" type="stmt"/>
        <line num="320" count="4" type="stmt"/>
        <line num="322" count="26" type="stmt"/>
        <line num="323" count="26" type="stmt"/>
        <line num="325" count="6" type="stmt"/>
        <line num="326" count="6" type="stmt"/>
        <line num="328" count="3" type="stmt"/>
        <line num="329" count="3" type="stmt"/>
        <line num="331" count="3" type="stmt"/>
        <line num="332" count="3" type="stmt"/>
        <line num="334" count="3" type="stmt"/>
        <line num="335" count="3" type="stmt"/>
        <line num="337" count="30" type="stmt"/>
        <line num="338" count="30" type="stmt"/>
        <line num="340" count="0" type="stmt"/>
        <line num="342" count="81" type="stmt"/>
        <line num="345" count="46" type="cond" truecount="1" falsecount="0"/>
        <line num="346" count="9" type="stmt"/>
        <line num="347" count="9" type="stmt"/>
        <line num="350" count="37" type="cond" truecount="5" falsecount="1"/>
        <line num="352" count="14" type="stmt"/>
        <line num="353" count="14" type="stmt"/>
        <line num="355" count="4" type="stmt"/>
        <line num="356" count="4" type="stmt"/>
        <line num="358" count="10" type="stmt"/>
        <line num="359" count="10" type="stmt"/>
        <line num="361" count="7" type="stmt"/>
        <line num="362" count="7" type="stmt"/>
        <line num="364" count="2" type="stmt"/>
        <line num="365" count="2" type="stmt"/>
        <line num="367" count="0" type="stmt"/>
        <line num="372" count="11" type="stmt"/>
        <line num="374" count="11" type="cond" truecount="1" falsecount="1"/>
        <line num="380" count="11" type="cond" truecount="1" falsecount="0"/>
        <line num="381" count="3" type="stmt"/>
        <line num="386" count="180" type="cond" truecount="1" falsecount="0"/>
        <line num="387" count="97" type="stmt"/>
        <line num="388" count="97" type="cond" truecount="2" falsecount="0"/>
        <line num="390" count="83" type="stmt"/>
        <line num="394" count="101" type="cond" truecount="3" falsecount="0"/>
        <line num="395" count="68" type="stmt"/>
        <line num="398" count="33" type="cond" truecount="3" falsecount="0"/>
        <line num="399" count="33" type="cond" truecount="5" falsecount="0"/>
        <line num="401" count="12" type="stmt"/>
        <line num="402" count="12" type="stmt"/>
        <line num="403" count="12" type="stmt"/>
        <line num="404" count="36" type="stmt"/>
        <line num="405" count="12" type="stmt"/>
        <line num="407" count="4" type="stmt"/>
        <line num="408" count="4" type="stmt"/>
        <line num="409" count="4" type="stmt"/>
        <line num="410" count="4" type="stmt"/>
        <line num="412" count="2" type="stmt"/>
        <line num="413" count="2" type="stmt"/>
        <line num="414" count="2" type="stmt"/>
        <line num="415" count="2" type="stmt"/>
        <line num="417" count="8" type="stmt"/>
        <line num="418" count="8" type="stmt"/>
        <line num="420" count="7" type="stmt"/>
        <line num="421" count="7" type="stmt"/>
        <line num="427" count="18" type="cond" truecount="1" falsecount="1"/>
        <line num="434" count="34" type="stmt"/>
        <line num="435" count="34" type="stmt"/>
        <line num="436" count="34" type="stmt"/>
        <line num="437" count="0" type="stmt"/>
        <line num="438" count="0" type="stmt"/>
        <line num="440" count="34" type="stmt"/>
        <line num="447" count="14" type="stmt"/>
        <line num="448" count="14" type="stmt"/>
        <line num="449" count="14" type="stmt"/>
        <line num="450" count="0" type="stmt"/>
        <line num="451" count="0" type="stmt"/>
        <line num="453" count="14" type="stmt"/>
        <line num="460" count="14" type="stmt"/>
      </file>
      <file name="AvroSchemaValidator.ts" path="/home/runner/work/json-pack/json-pack/src/avro/AvroSchemaValidator.ts">
        <metrics statements="124" coveredstatements="112" conditionals="121" coveredconditionals="89" methods="32" coveredmethods="32"/>
        <line num="25" count="3" type="stmt"/>
        <line num="26" count="134" type="stmt"/>
        <line num="32" count="126" type="stmt"/>
        <line num="33" count="126" type="stmt"/>
        <line num="40" count="122" type="stmt"/>
        <line num="41" count="122" type="stmt"/>
        <line num="42" count="122" type="stmt"/>
        <line num="46" count="508" type="cond" truecount="1" falsecount="0"/>
        <line num="48" count="325" type="stmt"/>
        <line num="51" count="183" type="cond" truecount="1" falsecount="0"/>
        <line num="53" count="36" type="stmt"/>
        <line num="56" count="147" type="cond" truecount="3" falsecount="0"/>
        <line num="57" count="147" type="cond" truecount="14" falsecount="0"/>
        <line num="59" count="1" type="stmt"/>
        <line num="61" count="1" type="stmt"/>
        <line num="63" count="1" type="stmt"/>
        <line num="65" count="1" type="stmt"/>
        <line num="67" count="1" type="stmt"/>
        <line num="69" count="1" type="stmt"/>
        <line num="71" count="1" type="stmt"/>
        <line num="73" count="1" type="stmt"/>
        <line num="75" count="48" type="stmt"/>
        <line num="77" count="21" type="stmt"/>
        <line num="79" count="29" type="stmt"/>
        <line num="81" count="25" type="stmt"/>
        <line num="83" count="14" type="stmt"/>
        <line num="85" count="2" type="stmt"/>
        <line num="89" count="0" type="stmt"/>
        <line num="93" count="325" type="stmt"/>
        <line num="94" count="325" type="cond" truecount="1" falsecount="1"/>
        <line num="98" count="36" type="cond" truecount="1" falsecount="0"/>
        <line num="99" count="35" type="stmt"/>
        <line num="101" count="35" type="stmt"/>
        <line num="102" count="84" type="cond" truecount="0" falsecount="1"/>
        <line num="105" count="84" type="stmt"/>
        <line num="106" count="84" type="cond" truecount="1" falsecount="0"/>
        <line num="107" count="83" type="stmt"/>
        <line num="110" count="34" type="stmt"/>
        <line num="114" count="1" type="stmt"/>
        <line num="118" count="1" type="stmt"/>
        <line num="122" count="1" type="stmt"/>
        <line num="126" count="1" type="stmt"/>
        <line num="130" count="1" type="stmt"/>
        <line num="134" count="1" type="stmt"/>
        <line num="138" count="1" type="stmt"/>
        <line num="142" count="1" type="stmt"/>
        <line num="146" count="48" type="cond" truecount="4" falsecount="0"/>
        <line num="148" count="47" type="stmt"/>
        <line num="149" count="47" type="cond" truecount="0" falsecount="1"/>
        <line num="150" count="47" type="stmt"/>
        <line num="152" count="47" type="stmt"/>
        <line num="153" count="47" type="stmt"/>
        <line num="154" count="122" type="cond" truecount="0" falsecount="1"/>
        <line num="155" count="122" type="cond" truecount="1" falsecount="0"/>
        <line num="156" count="121" type="stmt"/>
        <line num="159" count="46" type="stmt"/>
        <line num="163" count="122" type="cond" truecount="3" falsecount="0"/>
        <line num="167" count="21" type="cond" truecount="3" falsecount="1"/>
        <line num="169" count="21" type="stmt"/>
        <line num="170" count="21" type="cond" truecount="0" falsecount="1"/>
        <line num="171" count="21" type="stmt"/>
        <line num="173" count="21" type="cond" truecount="1" falsecount="0"/>
        <line num="174" count="20" type="stmt"/>
        <line num="175" count="20" type="stmt"/>
        <line num="176" count="58" type="cond" truecount="3" falsecount="0"/>
        <line num="177" count="57" type="stmt"/>
        <line num="181" count="19" type="cond" truecount="3" falsecount="0"/>
        <line num="183" count="18" type="stmt"/>
        <line num="187" count="29" type="cond" truecount="2" falsecount="0"/>
        <line num="191" count="25" type="cond" truecount="2" falsecount="0"/>
        <line num="195" count="14" type="cond" truecount="3" falsecount="1"/>
        <line num="196" count="14" type="cond" truecount="1" falsecount="0"/>
        <line num="198" count="13" type="stmt"/>
        <line num="199" count="13" type="cond" truecount="0" falsecount="1"/>
        <line num="200" count="13" type="stmt"/>
        <line num="202" count="13" type="stmt"/>
        <line num="206" count="242" type="cond" truecount="1" falsecount="0"/>
        <line num="207" count="166" type="stmt"/>
        <line num="210" count="76" type="cond" truecount="1" falsecount="0"/>
        <line num="212" count="32" type="stmt"/>
        <line num="215" count="60" type="cond" truecount="3" falsecount="0"/>
        <line num="216" count="60" type="cond" truecount="5" falsecount="9"/>
        <line num="218" count="0" type="stmt"/>
        <line num="220" count="0" type="stmt"/>
        <line num="222" count="0" type="cond" truecount="0" falsecount="4"/>
        <line num="224" count="0" type="cond" truecount="0" falsecount="3"/>
        <line num="227" count="0" type="stmt"/>
        <line num="229" count="0" type="stmt"/>
        <line num="231" count="0" type="stmt"/>
        <line num="233" count="20" type="stmt"/>
        <line num="235" count="8" type="stmt"/>
        <line num="237" count="14" type="stmt"/>
        <line num="239" count="11" type="stmt"/>
        <line num="241" count="7" type="stmt"/>
        <line num="243" count="0" type="stmt"/>
        <line num="247" count="0" type="stmt"/>
        <line num="251" count="166" type="cond" truecount="8" falsecount="1"/>
        <line num="253" count="30" type="stmt"/>
        <line num="255" count="7" type="stmt"/>
        <line num="257" count="52" type="cond" truecount="4" falsecount="0"/>
        <line num="259" count="9" type="cond" truecount="3" falsecount="0"/>
        <line num="262" count="10" type="stmt"/>
        <line num="264" count="5" type="stmt"/>
        <line num="266" count="53" type="stmt"/>
        <line num="269" count="0" type="stmt"/>
        <line num="270" count="0" type="cond" truecount="0" falsecount="2"/>
        <line num="275" count="20" type="cond" truecount="2" falsecount="1"/>
        <line num="276" count="20" type="stmt"/>
        <line num="278" count="20" type="stmt"/>
        <line num="279" count="47" type="stmt"/>
        <line num="280" count="47" type="cond" truecount="3" falsecount="0"/>
        <line num="281" count="45" type="cond" truecount="3" falsecount="0"/>
        <line num="284" count="16" type="stmt"/>
        <line num="288" count="8" type="cond" truecount="2" falsecount="0"/>
        <line num="292" count="14" type="cond" truecount="0" falsecount="1"/>
        <line num="293" count="28" type="stmt"/>
        <line num="297" count="11" type="cond" truecount="2" falsecount="1"/>
        <line num="298" count="11" type="stmt"/>
        <line num="299" count="16" type="stmt"/>
        <line num="303" count="7" type="cond" truecount="2" falsecount="0"/>
        <line num="307" count="84" type="cond" truecount="1" falsecount="0"/>
        <line num="308" count="4" type="cond" truecount="0" falsecount="1"/>
        <line num="309" count="4" type="stmt"/>
        <line num="313" count="81" type="cond" truecount="1" falsecount="1"/>
      </file>
    </package>
    <package name="src.bencode">
      <metrics statements="171" coveredstatements="152" conditionals="46" coveredconditionals="29" methods="33" coveredmethods="27"/>
      <file name="BencodeDecoder.ts" path="/home/runner/work/json-pack/json-pack/src/bencode/BencodeDecoder.ts">
        <metrics statements="90" coveredstatements="84" conditionals="30" coveredconditionals="15" methods="14" coveredmethods="13"/>
        <line num="1" count="2" type="stmt"/>
        <line num="4" count="2" type="stmt"/>
        <line num="5" count="2" type="stmt"/>
        <line num="8" count="2" type="stmt"/>
        <line num="9" count="2" type="stmt"/>
        <line num="13" count="18" type="stmt"/>
        <line num="14" count="18" type="stmt"/>
        <line num="18" count="97" type="stmt"/>
        <line num="19" count="97" type="stmt"/>
        <line num="20" count="97" type="stmt"/>
        <line num="21" count="97" type="stmt"/>
        <line num="22" count="97" type="cond" truecount="8" falsecount="0"/>
        <line num="24" count="26" type="stmt"/>
        <line num="26" count="14" type="stmt"/>
        <line num="28" count="16" type="stmt"/>
        <line num="30" count="3" type="stmt"/>
        <line num="32" count="4" type="stmt"/>
        <line num="34" count="4" type="stmt"/>
        <line num="36" count="4" type="stmt"/>
        <line num="38" count="26" type="cond" truecount="3" falsecount="0"/>
        <line num="40" count="0" type="stmt"/>
        <line num="44" count="4" type="cond" truecount="0" falsecount="1"/>
        <line num="45" count="4" type="stmt"/>
        <line num="49" count="4" type="cond" truecount="0" falsecount="1"/>
        <line num="50" count="4" type="stmt"/>
        <line num="54" count="4" type="cond" truecount="0" falsecount="1"/>
        <line num="55" count="4" type="stmt"/>
        <line num="59" count="3" type="cond" truecount="0" falsecount="1"/>
        <line num="60" count="3" type="stmt"/>
        <line num="64" count="0" type="stmt"/>
        <line num="65" count="0" type="cond" truecount="0" falsecount="3"/>
        <line num="67" count="0" type="stmt"/>
        <line num="69" count="0" type="stmt"/>
        <line num="71" count="0" type="stmt"/>
        <line num="76" count="26" type="stmt"/>
        <line num="77" count="26" type="stmt"/>
        <line num="78" count="26" type="cond" truecount="0" falsecount="1"/>
        <line num="79" count="26" type="stmt"/>
        <line num="80" count="26" type="stmt"/>
        <line num="81" count="26" type="stmt"/>
        <line num="82" count="26" type="stmt"/>
        <line num="83" count="26" type="stmt"/>
        <line num="84" count="26" type="stmt"/>
        <line num="85" count="71" type="stmt"/>
        <line num="86" count="71" type="stmt"/>
        <line num="87" count="71" type="cond" truecount="0" falsecount="1"/>
        <line num="88" count="71" type="stmt"/>
        <line num="90" count="26" type="cond" truecount="0" falsecount="1"/>
        <line num="91" count="26" type="stmt"/>
        <line num="92" count="26" type="stmt"/>
        <line num="96" count="18" type="stmt"/>
        <line num="97" count="18" type="stmt"/>
        <line num="101" count="46" type="stmt"/>
        <line num="102" count="46" type="stmt"/>
        <line num="103" count="46" type="stmt"/>
        <line num="104" count="46" type="stmt"/>
        <line num="105" count="46" type="stmt"/>
        <line num="106" count="46" type="stmt"/>
        <line num="107" count="46" type="stmt"/>
        <line num="108" count="52" type="cond" truecount="2" falsecount="1"/>
        <line num="109" count="52" type="stmt"/>
        <line num="110" count="52" type="stmt"/>
        <line num="111" count="52" type="cond" truecount="0" falsecount="1"/>
        <line num="112" count="52" type="stmt"/>
        <line num="114" count="46" type="stmt"/>
        <line num="115" count="46" type="stmt"/>
        <line num="116" count="46" type="stmt"/>
        <line num="117" count="46" type="stmt"/>
        <line num="121" count="16" type="stmt"/>
        <line num="122" count="16" type="cond" truecount="0" falsecount="1"/>
        <line num="123" count="16" type="stmt"/>
        <line num="124" count="16" type="stmt"/>
        <line num="125" count="16" type="stmt"/>
        <line num="126" count="48" type="stmt"/>
        <line num="127" count="48" type="cond" truecount="1" falsecount="0"/>
        <line num="128" count="16" type="stmt"/>
        <line num="129" count="16" type="stmt"/>
        <line num="131" count="32" type="stmt"/>
        <line num="136" count="14" type="stmt"/>
        <line num="137" count="14" type="cond" truecount="0" falsecount="1"/>
        <line num="138" count="14" type="stmt"/>
        <line num="139" count="14" type="stmt"/>
        <line num="140" count="14" type="stmt"/>
        <line num="141" count="32" type="stmt"/>
        <line num="142" count="32" type="cond" truecount="1" falsecount="0"/>
        <line num="143" count="14" type="stmt"/>
        <line num="144" count="14" type="stmt"/>
        <line num="146" count="18" type="stmt"/>
        <line num="147" count="18" type="cond" truecount="0" falsecount="1"/>
        <line num="148" count="18" type="stmt"/>
      </file>
      <file name="BencodeEncoder.ts" path="/home/runner/work/json-pack/json-pack/src/bencode/BencodeEncoder.ts">
        <metrics statements="81" coveredstatements="68" conditionals="16" coveredconditionals="14" methods="19" coveredmethods="14"/>
        <line num="1" count="3" type="stmt"/>
        <line num="2" count="3" type="stmt"/>
        <line num="6" count="3" type="stmt"/>
        <line num="7" count="6" type="stmt"/>
        <line num="10" count="77" type="stmt"/>
        <line num="11" count="77" type="stmt"/>
        <line num="12" count="77" type="stmt"/>
        <line num="13" count="77" type="stmt"/>
        <line num="22" count="0" type="stmt"/>
        <line num="26" count="149" type="cond" truecount="6" falsecount="1"/>
        <line num="28" count="6" type="stmt"/>
        <line num="30" count="56" type="stmt"/>
        <line num="32" count="23" type="stmt"/>
        <line num="34" count="54" type="cond" truecount="1" falsecount="0"/>
        <line num="35" count="51" type="stmt"/>
        <line num="36" count="51" type="cond" truecount="5" falsecount="1"/>
        <line num="38" count="13" type="stmt"/>
        <line num="40" count="18" type="stmt"/>
        <line num="42" count="9" type="stmt"/>
        <line num="44" count="4" type="stmt"/>
        <line num="46" count="7" type="stmt"/>
        <line num="48" count="0" type="stmt"/>
        <line num="52" count="5" type="stmt"/>
        <line num="55" count="5" type="stmt"/>
        <line num="58" count="0" type="stmt"/>
        <line num="63" count="3" type="stmt"/>
        <line num="67" count="5" type="stmt"/>
        <line num="71" count="6" type="cond" truecount="2" falsecount="0"/>
        <line num="75" count="56" type="stmt"/>
        <line num="76" count="56" type="stmt"/>
        <line num="77" count="56" type="stmt"/>
        <line num="78" count="56" type="stmt"/>
        <line num="82" count="0" type="stmt"/>
        <line num="83" count="0" type="stmt"/>
        <line num="84" count="0" type="stmt"/>
        <line num="85" count="0" type="stmt"/>
        <line num="89" count="0" type="stmt"/>
        <line num="93" count="0" type="stmt"/>
        <line num="97" count="5" type="stmt"/>
        <line num="98" count="5" type="stmt"/>
        <line num="99" count="5" type="stmt"/>
        <line num="100" count="5" type="stmt"/>
        <line num="104" count="9" type="stmt"/>
        <line num="105" count="9" type="stmt"/>
        <line num="106" count="9" type="stmt"/>
        <line num="107" count="9" type="stmt"/>
        <line num="108" count="9" type="stmt"/>
        <line num="112" count="45" type="stmt"/>
        <line num="113" count="45" type="stmt"/>
        <line num="114" count="45" type="stmt"/>
        <line num="115" count="45" type="stmt"/>
        <line num="116" count="45" type="stmt"/>
        <line num="117" count="45" type="stmt"/>
        <line num="121" count="0" type="stmt"/>
        <line num="122" count="0" type="stmt"/>
        <line num="123" count="0" type="stmt"/>
        <line num="124" count="0" type="stmt"/>
        <line num="128" count="25" type="stmt"/>
        <line num="129" count="25" type="stmt"/>
        <line num="130" count="25" type="stmt"/>
        <line num="131" count="50" type="stmt"/>
        <line num="132" count="25" type="stmt"/>
        <line num="136" count="13" type="stmt"/>
        <line num="137" count="13" type="stmt"/>
        <line num="138" count="13" type="stmt"/>
        <line num="139" count="13" type="stmt"/>
        <line num="140" count="13" type="stmt"/>
        <line num="141" count="15" type="stmt"/>
        <line num="142" count="15" type="stmt"/>
        <line num="143" count="15" type="stmt"/>
        <line num="145" count="13" type="stmt"/>
        <line num="149" count="4" type="stmt"/>
        <line num="150" count="4" type="stmt"/>
        <line num="151" count="4" type="stmt"/>
        <line num="152" count="4" type="stmt"/>
        <line num="153" count="4" type="stmt"/>
        <line num="154" count="7" type="stmt"/>
        <line num="155" count="7" type="stmt"/>
        <line num="156" count="7" type="stmt"/>
        <line num="158" count="4" type="stmt"/>
        <line num="162" count="7" type="stmt"/>
      </file>
    </package>
    <package name="src.bson">
      <metrics statements="400" coveredstatements="381" conditionals="85" coveredconditionals="73" methods="50" coveredmethods="39"/>
      <file name="BsonDecoder.ts" path="/home/runner/work/json-pack/json-pack/src/bson/BsonDecoder.ts">
        <metrics statements="119" coveredstatements="114" conditionals="28" coveredconditionals="25" methods="18" coveredmethods="16"/>
        <line num="1" count="3" type="stmt"/>
        <line num="2" count="3" type="stmt"/>
        <line num="19" count="3" type="stmt"/>
        <line num="20" count="3" type="cond" truecount="1" falsecount="0"/>
        <line num="23" count="0" type="stmt"/>
        <line num="24" count="0" type="stmt"/>
        <line num="28" count="1123" type="stmt"/>
        <line num="29" count="1123" type="stmt"/>
        <line num="33" count="0" type="stmt"/>
        <line num="37" count="8440" type="stmt"/>
        <line num="38" count="8440" type="stmt"/>
        <line num="39" count="8440" type="stmt"/>
        <line num="40" count="8440" type="stmt"/>
        <line num="41" count="8440" type="stmt"/>
        <line num="42" count="8440" type="stmt"/>
        <line num="44" count="8440" type="stmt"/>
        <line num="45" count="35951" type="stmt"/>
        <line num="46" count="35951" type="cond" truecount="0" falsecount="1"/>
        <line num="48" count="35951" type="stmt"/>
        <line num="49" count="35951" type="stmt"/>
        <line num="50" count="35951" type="stmt"/>
        <line num="54" count="8440" type="cond" truecount="1" falsecount="0"/>
        <line num="55" count="8440" type="stmt"/>
        <line num="58" count="8440" type="stmt"/>
        <line num="62" count="35953" type="stmt"/>
        <line num="63" count="35953" type="stmt"/>
        <line num="64" count="35953" type="stmt"/>
        <line num="65" count="35953" type="stmt"/>
        <line num="68" count="35953" type="stmt"/>
        <line num="69" count="238239" type="stmt"/>
        <line num="72" count="35953" type="cond" truecount="1" falsecount="0"/>
        <line num="73" count="1" type="stmt"/>
        <line num="74" count="1" type="stmt"/>
        <line num="77" count="35952" type="stmt"/>
        <line num="78" count="35952" type="stmt"/>
        <line num="79" count="35952" type="stmt"/>
        <line num="83" count="11398" type="stmt"/>
        <line num="84" count="11398" type="stmt"/>
        <line num="85" count="11398" type="stmt"/>
        <line num="86" count="11398" type="cond" truecount="0" falsecount="1"/>
        <line num="87" count="0" type="stmt"/>
        <line num="89" count="11398" type="stmt"/>
        <line num="90" count="11398" type="stmt"/>
        <line num="91" count="11398" type="stmt"/>
        <line num="95" count="35951" type="stmt"/>
        <line num="97" count="35951" type="cond" truecount="21" falsecount="1"/>
        <line num="99" count="10245" type="stmt"/>
        <line num="100" count="10245" type="stmt"/>
        <line num="101" count="10245" type="stmt"/>
        <line num="104" count="11394" type="stmt"/>
        <line num="107" count="3848" type="stmt"/>
        <line num="110" count="3468" type="stmt"/>
        <line num="113" count="16" type="stmt"/>
        <line num="116" count="1" type="stmt"/>
        <line num="119" count="2" type="stmt"/>
        <line num="122" count="2817" type="stmt"/>
        <line num="125" count="2" type="stmt"/>
        <line num="126" count="2" type="stmt"/>
        <line num="127" count="2" type="stmt"/>
        <line num="130" count="1419" type="stmt"/>
        <line num="133" count="1" type="stmt"/>
        <line num="136" count="1" type="stmt"/>
        <line num="139" count="1" type="stmt"/>
        <line num="142" count="1" type="stmt"/>
        <line num="145" count="1" type="stmt"/>
        <line num="148" count="1085" type="stmt"/>
        <line num="149" count="1085" type="stmt"/>
        <line num="150" count="1085" type="stmt"/>
        <line num="153" count="1" type="stmt"/>
        <line num="156" count="1645" type="stmt"/>
        <line num="157" count="1645" type="stmt"/>
        <line num="158" count="1645" type="stmt"/>
        <line num="161" count="1" type="stmt"/>
        <line num="164" count="1" type="stmt"/>
        <line num="167" count="1" type="stmt"/>
        <line num="170" count="0" type="stmt"/>
        <line num="175" count="3468" type="stmt"/>
        <line num="176" count="7228" type="stmt"/>
        <line num="177" count="9886" type="stmt"/>
        <line num="181" count="16" type="stmt"/>
        <line num="182" count="16" type="stmt"/>
        <line num="183" count="16" type="stmt"/>
        <line num="184" count="16" type="stmt"/>
        <line num="185" count="16" type="stmt"/>
        <line num="188" count="16" type="cond" truecount="1" falsecount="0"/>
        <line num="189" count="15" type="stmt"/>
        <line num="192" count="1" type="stmt"/>
        <line num="196" count="3" type="stmt"/>
        <line num="197" count="3" type="stmt"/>
        <line num="198" count="3" type="stmt"/>
        <line num="201" count="3" type="stmt"/>
        <line num="204" count="3" type="stmt"/>
        <line num="205" count="3" type="stmt"/>
        <line num="207" count="3" type="stmt"/>
        <line num="208" count="3" type="stmt"/>
        <line num="211" count="3" type="stmt"/>
        <line num="213" count="3" type="stmt"/>
        <line num="214" count="3" type="stmt"/>
        <line num="218" count="1" type="stmt"/>
        <line num="219" count="1" type="stmt"/>
        <line num="220" count="1" type="stmt"/>
        <line num="224" count="1" type="stmt"/>
        <line num="225" count="1" type="stmt"/>
        <line num="226" count="1" type="stmt"/>
        <line num="230" count="1" type="stmt"/>
        <line num="231" count="1" type="stmt"/>
        <line num="232" count="1" type="stmt"/>
        <line num="233" count="1" type="stmt"/>
        <line num="234" count="1" type="stmt"/>
        <line num="235" count="1" type="stmt"/>
        <line num="239" count="1" type="stmt"/>
        <line num="240" count="1" type="stmt"/>
        <line num="241" count="1" type="stmt"/>
        <line num="242" count="1" type="stmt"/>
        <line num="243" count="1" type="stmt"/>
        <line num="244" count="1" type="stmt"/>
        <line num="248" count="1" type="stmt"/>
        <line num="249" count="1" type="stmt"/>
        <line num="250" count="1" type="stmt"/>
      </file>
      <file name="BsonEncoder.ts" path="/home/runner/work/json-pack/json-pack/src/bson/BsonEncoder.ts">
        <metrics statements="251" coveredstatements="237" conditionals="57" coveredconditionals="48" methods="21" coveredmethods="12"/>
        <line num="1" count="6" type="stmt"/>
        <line num="18" count="6" type="stmt"/>
        <line num="19" count="6" type="stmt"/>
        <line num="22" count="1267" type="stmt"/>
        <line num="23" count="1267" type="stmt"/>
        <line num="24" count="1267" type="stmt"/>
        <line num="25" count="1267" type="stmt"/>
        <line num="29" count="1267" type="cond" truecount="1" falsecount="0"/>
        <line num="31" count="1267" type="cond" truecount="0" falsecount="1"/>
        <line num="32" count="1267" type="stmt"/>
        <line num="35" count="0" type="stmt"/>
        <line num="40" count="0" type="stmt"/>
        <line num="45" count="0" type="stmt"/>
        <line num="50" count="0" type="stmt"/>
        <line num="55" count="0" type="stmt"/>
        <line num="60" count="0" type="stmt"/>
        <line num="65" count="0" type="stmt"/>
        <line num="69" count="13855" type="stmt"/>
        <line num="70" count="13855" type="stmt"/>
        <line num="71" count="13855" type="stmt"/>
        <line num="72" count="13855" type="stmt"/>
        <line num="76" count="1658" type="stmt"/>
        <line num="77" count="1658" type="stmt"/>
        <line num="78" count="1658" type="stmt"/>
        <line num="79" count="1658" type="stmt"/>
        <line num="83" count="10304" type="stmt"/>
        <line num="84" count="10304" type="stmt"/>
        <line num="85" count="10304" type="stmt"/>
        <line num="86" count="10304" type="stmt"/>
        <line num="91" count="0" type="stmt"/>
        <line num="95" count="16" type="stmt"/>
        <line num="96" count="16" type="stmt"/>
        <line num="97" count="16" type="stmt"/>
        <line num="98" count="16" type="stmt"/>
        <line num="99" count="16" type="stmt"/>
        <line num="103" count="12545" type="stmt"/>
        <line num="104" count="12545" type="stmt"/>
        <line num="105" count="12545" type="stmt"/>
        <line num="106" count="12545" type="stmt"/>
        <line num="107" count="12545" type="stmt"/>
        <line num="108" count="12545" type="stmt"/>
        <line num="109" count="12545" type="stmt"/>
        <line num="110" count="12545" type="stmt"/>
        <line num="111" count="12545" type="cond" truecount="1" falsecount="0"/>
        <line num="112" count="504" type="stmt"/>
        <line num="118" count="0" type="stmt"/>
        <line num="122" count="0" type="stmt"/>
        <line num="126" count="10850" type="stmt"/>
        <line num="127" count="10850" type="stmt"/>
        <line num="128" count="10850" type="stmt"/>
        <line num="129" count="10850" type="stmt"/>
        <line num="130" count="10850" type="stmt"/>
        <line num="131" count="10850" type="stmt"/>
        <line num="132" count="10850" type="stmt"/>
        <line num="133" count="10850" type="stmt"/>
        <line num="134" count="39917" type="stmt"/>
        <line num="135" count="39917" type="stmt"/>
        <line num="136" count="39917" type="stmt"/>
        <line num="138" count="10850" type="stmt"/>
        <line num="139" count="10850" type="stmt"/>
        <line num="140" count="10850" type="stmt"/>
        <line num="141" count="10850" type="stmt"/>
        <line num="145" count="39921" type="stmt"/>
        <line num="146" count="39921" type="stmt"/>
        <line num="147" count="39921" type="stmt"/>
        <line num="148" count="39921" type="stmt"/>
        <line num="149" count="39921" type="stmt"/>
        <line num="150" count="39921" type="stmt"/>
        <line num="151" count="39921" type="stmt"/>
        <line num="152" count="267513" type="stmt"/>
        <line num="153" count="267513" type="cond" truecount="2" falsecount="0"/>
        <line num="154" count="265927" type="cond" truecount="0" falsecount="1"/>
        <line num="155" count="265927" type="stmt"/>
        <line num="156" count="265927" type="stmt"/>
        <line num="157" count="1586" type="cond" truecount="2" falsecount="0"/>
        <line num="158" count="1168" type="stmt"/>
        <line num="159" count="1168" type="cond" truecount="0" falsecount="1"/>
        <line num="160" count="1168" type="stmt"/>
        <line num="162" count="418" type="cond" truecount="3" falsecount="0"/>
        <line num="163" count="2" type="cond" truecount="1" falsecount="0"/>
        <line num="164" count="2" type="stmt"/>
        <line num="165" count="2" type="cond" truecount="1" falsecount="0"/>
        <line num="166" count="2" type="stmt"/>
        <line num="167" count="2" type="stmt"/>
        <line num="171" count="418" type="cond" truecount="2" falsecount="0"/>
        <line num="172" count="416" type="stmt"/>
        <line num="173" count="416" type="stmt"/>
        <line num="174" count="416" type="cond" truecount="2" falsecount="1"/>
        <line num="175" count="416" type="stmt"/>
        <line num="176" count="416" type="stmt"/>
        <line num="178" count="2" type="stmt"/>
        <line num="179" count="2" type="stmt"/>
        <line num="180" count="2" type="stmt"/>
        <line num="181" count="2" type="cond" truecount="3" falsecount="1"/>
        <line num="182" count="2" type="stmt"/>
        <line num="183" count="2" type="stmt"/>
        <line num="184" count="2" type="stmt"/>
        <line num="187" count="1586" type="stmt"/>
        <line num="188" count="1586" type="cond" truecount="0" falsecount="1"/>
        <line num="189" count="1586" type="stmt"/>
        <line num="191" count="39921" type="stmt"/>
        <line num="192" count="39921" type="stmt"/>
        <line num="196" count="5" type="stmt"/>
        <line num="197" count="5" type="stmt"/>
        <line num="198" count="5" type="stmt"/>
        <line num="199" count="5" type="stmt"/>
        <line num="200" count="5" type="stmt"/>
        <line num="201" count="5" type="stmt"/>
        <line num="202" count="5" type="stmt"/>
        <line num="203" count="5" type="stmt"/>
        <line num="204" count="5" type="stmt"/>
        <line num="205" count="5" type="stmt"/>
        <line num="206" count="5" type="stmt"/>
        <line num="207" count="5" type="stmt"/>
        <line num="208" count="5" type="stmt"/>
        <line num="209" count="5" type="stmt"/>
        <line num="210" count="5" type="cond" truecount="1" falsecount="0"/>
        <line num="211" count="5" type="stmt"/>
        <line num="212" count="5" type="stmt"/>
        <line num="213" count="5" type="stmt"/>
        <line num="214" count="5" type="stmt"/>
        <line num="215" count="5" type="stmt"/>
        <line num="216" count="5" type="stmt"/>
        <line num="220" count="39917" type="stmt"/>
        <line num="221" count="39917" type="cond" truecount="6" falsecount="0"/>
        <line num="223" count="13242" type="stmt"/>
        <line num="224" count="13242" type="cond" truecount="1" falsecount="0"/>
        <line num="225" count="10302" type="stmt"/>
        <line num="226" count="10302" type="stmt"/>
        <line num="227" count="10302" type="stmt"/>
        <line num="228" count="10302" type="stmt"/>
        <line num="230" count="2940" type="cond" truecount="3" falsecount="0"/>
        <line num="231" count="1284" type="stmt"/>
        <line num="232" count="1284" type="stmt"/>
        <line num="233" count="1284" type="stmt"/>
        <line num="234" count="1284" type="stmt"/>
        <line num="236" count="1656" type="stmt"/>
        <line num="237" count="1656" type="stmt"/>
        <line num="238" count="1656" type="stmt"/>
        <line num="239" count="1656" type="stmt"/>
        <line num="242" count="12536" type="stmt"/>
        <line num="243" count="12536" type="stmt"/>
        <line num="244" count="12536" type="stmt"/>
        <line num="245" count="12536" type="stmt"/>
        <line num="248" count="11110" type="cond" truecount="1" falsecount="0"/>
        <line num="249" count="1481" type="stmt"/>
        <line num="250" count="1481" type="stmt"/>
        <line num="251" count="1481" type="stmt"/>
        <line num="253" count="9629" type="stmt"/>
        <line num="254" count="9629" type="cond" truecount="17" falsecount="1"/>
        <line num="256" count="5184" type="stmt"/>
        <line num="257" count="5184" type="stmt"/>
        <line num="258" count="5184" type="stmt"/>
        <line num="259" count="5184" type="stmt"/>
        <line num="262" count="4397" type="stmt"/>
        <line num="263" count="4397" type="stmt"/>
        <line num="264" count="4397" type="stmt"/>
        <line num="265" count="4397" type="stmt"/>
        <line num="268" count="16" type="stmt"/>
        <line num="269" count="16" type="stmt"/>
        <line num="270" count="16" type="stmt"/>
        <line num="271" count="16" type="stmt"/>
        <line num="274" count="3" type="stmt"/>
        <line num="275" count="3" type="stmt"/>
        <line num="276" count="3" type="stmt"/>
        <line num="277" count="3" type="stmt"/>
        <line num="280" count="3" type="stmt"/>
        <line num="281" count="3" type="stmt"/>
        <line num="282" count="3" type="stmt"/>
        <line num="283" count="3" type="stmt"/>
        <line num="284" count="3" type="stmt"/>
        <line num="285" count="3" type="stmt"/>
        <line num="288" count="2" type="stmt"/>
        <line num="289" count="2" type="stmt"/>
        <line num="290" count="2" type="stmt"/>
        <line num="291" count="2" type="stmt"/>
        <line num="292" count="2" type="stmt"/>
        <line num="295" count="2" type="stmt"/>
        <line num="296" count="2" type="stmt"/>
        <line num="297" count="2" type="stmt"/>
        <line num="298" count="2" type="stmt"/>
        <line num="299" count="2" type="stmt"/>
        <line num="300" count="2" type="stmt"/>
        <line num="303" count="2" type="stmt"/>
        <line num="304" count="2" type="stmt"/>
        <line num="305" count="2" type="stmt"/>
        <line num="306" count="2" type="stmt"/>
        <line num="309" count="2" type="stmt"/>
        <line num="310" count="2" type="stmt"/>
        <line num="311" count="2" type="stmt"/>
        <line num="312" count="2" type="stmt"/>
        <line num="313" count="2" type="stmt"/>
        <line num="314" count="2" type="stmt"/>
        <line num="315" count="2" type="stmt"/>
        <line num="316" count="2" type="stmt"/>
        <line num="317" count="2" type="stmt"/>
        <line num="318" count="2" type="stmt"/>
        <line num="321" count="2" type="stmt"/>
        <line num="322" count="2" type="stmt"/>
        <line num="323" count="2" type="stmt"/>
        <line num="324" count="2" type="stmt"/>
        <line num="327" count="2" type="stmt"/>
        <line num="328" count="2" type="stmt"/>
        <line num="329" count="2" type="stmt"/>
        <line num="330" count="2" type="stmt"/>
        <line num="333" count="2" type="stmt"/>
        <line num="334" count="2" type="stmt"/>
        <line num="335" count="2" type="stmt"/>
        <line num="336" count="2" type="stmt"/>
        <line num="339" count="2" type="stmt"/>
        <line num="340" count="2" type="stmt"/>
        <line num="341" count="2" type="stmt"/>
        <line num="342" count="2" type="stmt"/>
        <line num="343" count="2" type="stmt"/>
        <line num="344" count="2" type="stmt"/>
        <line num="347" count="2" type="stmt"/>
        <line num="348" count="2" type="stmt"/>
        <line num="349" count="2" type="stmt"/>
        <line num="350" count="2" type="cond" truecount="0" falsecount="1"/>
        <line num="351" count="2" type="stmt"/>
        <line num="352" count="2" type="stmt"/>
        <line num="355" count="2" type="stmt"/>
        <line num="356" count="2" type="stmt"/>
        <line num="357" count="2" type="stmt"/>
        <line num="360" count="2" type="stmt"/>
        <line num="361" count="2" type="stmt"/>
        <line num="362" count="2" type="stmt"/>
        <line num="365" count="4" type="stmt"/>
        <line num="366" count="4" type="stmt"/>
        <line num="367" count="4" type="stmt"/>
        <line num="368" count="4" type="stmt"/>
        <line num="369" count="4" type="stmt"/>
        <line num="370" count="4" type="stmt"/>
        <line num="371" count="4" type="stmt"/>
        <line num="372" count="4" type="stmt"/>
        <line num="375" count="0" type="stmt"/>
        <line num="376" count="0" type="stmt"/>
        <line num="377" count="0" type="stmt"/>
        <line num="378" count="0" type="stmt"/>
        <line num="381" count="9629" type="stmt"/>
        <line num="384" count="3023" type="stmt"/>
        <line num="385" count="3023" type="stmt"/>
        <line num="386" count="3023" type="stmt"/>
        <line num="387" count="3023" type="stmt"/>
        <line num="390" count="3" type="stmt"/>
        <line num="391" count="3" type="stmt"/>
        <line num="392" count="3" type="stmt"/>
        <line num="395" count="3" type="stmt"/>
        <line num="396" count="3" type="stmt"/>
        <line num="397" count="3" type="cond" truecount="1" falsecount="1"/>
        <line num="398" count="3" type="stmt"/>
      </file>
      <file name="values.ts" path="/home/runner/work/json-pack/json-pack/src/bson/values.ts">
        <metrics statements="30" coveredstatements="30" conditionals="0" coveredconditionals="0" methods="11" coveredmethods="11"/>
        <line num="1" count="11" type="stmt"/>
        <line num="3" count="18" type="stmt"/>
        <line num="4" count="18" type="stmt"/>
        <line num="5" count="18" type="stmt"/>
        <line num="9" count="11" type="stmt"/>
        <line num="11" count="5" type="stmt"/>
        <line num="12" count="5" type="stmt"/>
        <line num="16" count="11" type="stmt"/>
        <line num="17" count="11" type="stmt"/>
        <line num="20" count="11" type="stmt"/>
        <line num="21" count="2" type="stmt"/>
        <line num="24" count="11" type="stmt"/>
        <line num="26" count="5" type="stmt"/>
        <line num="27" count="5" type="stmt"/>
        <line num="31" count="11" type="stmt"/>
        <line num="32" count="16" type="stmt"/>
        <line num="35" count="11" type="stmt"/>
        <line num="36" count="7" type="stmt"/>
        <line num="39" count="11" type="stmt"/>
        <line num="40" count="17" type="stmt"/>
        <line num="43" count="11" type="stmt"/>
        <line num="45" count="8" type="stmt"/>
        <line num="46" count="8" type="stmt"/>
        <line num="50" count="11" type="stmt"/>
        <line num="51" count="5" type="stmt"/>
        <line num="54" count="11" type="stmt"/>
        <line num="56" count="11" type="stmt"/>
        <line num="58" count="11" type="stmt"/>
        <line num="60" count="14" type="stmt"/>
        <line num="61" count="14" type="stmt"/>
      </file>
    </package>
    <package name="src.cbor">
      <metrics statements="628" coveredstatements="492" conditionals="304" coveredconditionals="221" methods="120" coveredmethods="92"/>
      <file name="CborDecoder.ts" path="/home/runner/work/json-pack/json-pack/src/cbor/CborDecoder.ts">
        <metrics statements="187" coveredstatements="123" conditionals="69" coveredconditionals="43" methods="35" coveredmethods="29"/>
        <line num="2" count="10" type="stmt"/>
        <line num="3" count="10" type="stmt"/>
        <line num="7" count="10" type="stmt"/>
        <line num="13" count="3" type="stmt"/>
        <line num="14" count="3" type="stmt"/>
        <line num="15" count="3" type="stmt"/>
        <line num="16" count="3" type="cond" truecount="1" falsecount="1"/>
        <line num="18" count="3" type="stmt"/>
        <line num="20" count="0" type="stmt"/>
        <line num="25" count="3" type="stmt"/>
        <line num="26" count="3" type="cond" truecount="1" falsecount="1"/>
        <line num="27" count="0" type="stmt"/>
        <line num="31" count="3" type="stmt"/>
        <line num="32" count="3" type="stmt"/>
        <line num="33" count="5" type="stmt"/>
        <line num="34" count="5" type="stmt"/>
        <line num="35" count="5" type="stmt"/>
        <line num="37" count="3" type="stmt"/>
        <line num="41" count="0" type="stmt"/>
        <line num="42" count="0" type="stmt"/>
        <line num="43" count="0" type="stmt"/>
        <line num="44" count="0" type="cond" truecount="0" falsecount="1"/>
        <line num="45" count="0" type="stmt"/>
        <line num="46" count="0" type="stmt"/>
        <line num="48" count="0" type="stmt"/>
        <line num="49" count="0" type="stmt"/>
        <line num="55" count="27365" type="stmt"/>
        <line num="58" count="27707" type="stmt"/>
        <line num="62" count="27707" type="stmt"/>
        <line num="63" count="27707" type="stmt"/>
        <line num="64" count="27707" type="cond" truecount="7" falsecount="1"/>
        <line num="67" count="742" type="stmt"/>
        <line num="68" count="742" type="stmt"/>
        <line num="70" count="14" type="stmt"/>
        <line num="71" count="14" type="stmt"/>
        <line num="73" count="16510" type="stmt"/>
        <line num="74" count="16510" type="stmt"/>
        <line num="76" count="3694" type="stmt"/>
        <line num="77" count="3694" type="stmt"/>
        <line num="79" count="5469" type="stmt"/>
        <line num="80" count="5467" type="stmt"/>
        <line num="82" count="1278" type="stmt"/>
        <line num="83" count="1277" type="stmt"/>
        <line num="85" count="0" type="stmt"/>
        <line num="86" count="0" type="stmt"/>
        <line num="91" count="20218" type="cond" truecount="1" falsecount="0"/>
        <line num="92" count="6196" type="cond" truecount="2" falsecount="4"/>
        <line num="94" count="6168" type="stmt"/>
        <line num="96" count="28" type="stmt"/>
        <line num="98" count="0" type="stmt"/>
        <line num="100" count="0" type="stmt"/>
        <line num="102" count="0" type="stmt"/>
        <line num="104" count="0" type="stmt"/>
        <line num="111" count="742" type="cond" truecount="1" falsecount="0"/>
        <line num="112" count="387" type="cond" truecount="4" falsecount="1"/>
        <line num="114" count="147" type="stmt"/>
        <line num="116" count="116" type="stmt"/>
        <line num="118" count="108" type="stmt"/>
        <line num="120" count="16" type="stmt"/>
        <line num="122" count="0" type="stmt"/>
        <line num="129" count="14" type="stmt"/>
        <line num="130" count="14" type="cond" truecount="1" falsecount="1"/>
        <line num="132" count="0" type="stmt"/>
        <line num="133" count="0" type="stmt"/>
        <line num="138" count="0" type="stmt"/>
        <line num="139" count="0" type="stmt"/>
        <line num="140" count="0" type="stmt"/>
        <line num="141" count="0" type="cond" truecount="0" falsecount="1"/>
        <line num="142" count="0" type="cond" truecount="0" falsecount="1"/>
        <line num="143" count="0" type="stmt"/>
        <line num="149" count="16510" type="stmt"/>
        <line num="150" count="16510" type="cond" truecount="1" falsecount="1"/>
        <line num="152" count="0" type="stmt"/>
        <line num="153" count="0" type="stmt"/>
        <line num="158" count="0" type="stmt"/>
        <line num="159" count="0" type="stmt"/>
        <line num="160" count="0" type="stmt"/>
        <line num="161" count="0" type="cond" truecount="0" falsecount="1"/>
        <line num="162" count="0" type="cond" truecount="0" falsecount="1"/>
        <line num="163" count="0" type="stmt"/>
        <line num="169" count="3694" type="stmt"/>
        <line num="170" count="3694" type="cond" truecount="1" falsecount="1"/>
        <line num="172" count="0" type="stmt"/>
        <line num="173" count="0" type="stmt"/>
        <line num="180" count="5469" type="stmt"/>
        <line num="181" count="5469" type="cond" truecount="2" falsecount="0"/>
        <line num="183" count="3" type="stmt"/>
        <line num="184" count="3" type="stmt"/>
        <line num="185" count="3" type="cond" truecount="1" falsecount="0"/>
        <line num="186" count="1" type="stmt"/>
        <line num="188" count="1" type="stmt"/>
        <line num="195" count="0" type="stmt"/>
        <line num="196" count="0" type="cond" truecount="0" falsecount="1"/>
        <line num="197" count="0" type="stmt"/>
        <line num="203" count="1278" type="cond" truecount="2" falsecount="2"/>
        <line num="205" count="0" type="stmt"/>
        <line num="206" count="0" type="stmt"/>
        <line num="208" count="0" type="stmt"/>
        <line num="209" count="0" type="stmt"/>
        <line num="211" count="8" type="stmt"/>
        <line num="212" count="8" type="stmt"/>
        <line num="214" count="196" type="stmt"/>
        <line num="215" count="196" type="stmt"/>
        <line num="217" count="1074" type="cond" truecount="1" falsecount="0"/>
        <line num="218" count="1" type="stmt"/>
        <line num="237" count="8" type="stmt"/>
        <line num="238" count="8" type="stmt"/>
        <line num="239" count="8" type="stmt"/>
        <line num="240" count="8" type="stmt"/>
        <line num="241" count="5" type="stmt"/>
        <line num="242" count="5" type="cond" truecount="1" falsecount="0"/>
        <line num="248" count="5" type="stmt"/>
        <line num="249" count="5" type="stmt"/>
        <line num="259" count="5" type="stmt"/>
        <line num="260" count="5" type="stmt"/>
        <line num="261" count="5" type="stmt"/>
        <line num="262" count="5" type="cond" truecount="3" falsecount="0"/>
        <line num="264" count="2" type="stmt"/>
        <line num="266" count="2" type="stmt"/>
        <line num="268" count="1" type="stmt"/>
        <line num="278" count="14" type="stmt"/>
        <line num="279" count="14" type="stmt"/>
        <line num="280" count="14" type="cond" truecount="3" falsecount="0"/>
        <line num="283" count="4" type="stmt"/>
        <line num="285" count="10" type="stmt"/>
        <line num="290" count="4" type="stmt"/>
        <line num="291" count="4" type="stmt"/>
        <line num="292" count="4" type="stmt"/>
        <line num="293" count="4" type="stmt"/>
        <line num="294" count="4" type="stmt"/>
        <line num="300" count="2" type="stmt"/>
        <line num="301" count="2" type="cond" truecount="1" falsecount="1"/>
        <line num="302" count="0" type="stmt"/>
        <line num="306" count="2" type="stmt"/>
        <line num="307" count="2" type="stmt"/>
        <line num="308" count="6" type="stmt"/>
        <line num="309" count="6" type="stmt"/>
        <line num="310" count="6" type="stmt"/>
        <line num="312" count="2" type="stmt"/>
        <line num="316" count="0" type="stmt"/>
        <line num="317" count="0" type="stmt"/>
        <line num="318" count="0" type="stmt"/>
        <line num="319" count="0" type="cond" truecount="0" falsecount="1"/>
        <line num="320" count="0" type="stmt"/>
        <line num="321" count="0" type="stmt"/>
        <line num="323" count="0" type="stmt"/>
        <line num="324" count="0" type="stmt"/>
        <line num="330" count="2" type="stmt"/>
        <line num="331" count="2" type="cond" truecount="1" falsecount="0"/>
        <line num="332" count="0" type="stmt"/>
        <line num="336" count="2" type="stmt"/>
        <line num="337" count="8" type="stmt"/>
        <line num="338" count="2" type="stmt"/>
        <line num="342" count="0" type="stmt"/>
        <line num="343" count="0" type="stmt"/>
        <line num="344" count="0" type="stmt"/>
        <line num="345" count="0" type="stmt"/>
        <line num="351" count="195" type="stmt"/>
        <line num="352" count="195" type="stmt"/>
        <line num="353" count="195" type="cond" truecount="1" falsecount="0"/>
        <line num="354" count="193" type="stmt"/>
        <line num="355" count="193" type="cond" truecount="1" falsecount="0"/>
        <line num="356" count="0" type="cond" truecount="0" falsecount="5"/>
        <line num="358" count="0" type="stmt"/>
        <line num="360" count="0" type="stmt"/>
        <line num="362" count="0" type="stmt"/>
        <line num="364" count="0" type="stmt"/>
        <line num="366" count="0" type="stmt"/>
        <line num="368" count="0" type="stmt"/>
        <line num="372" count="58" type="stmt"/>
        <line num="376" count="102" type="stmt"/>
        <line num="380" count="35" type="stmt"/>
        <line num="384" count="60" type="stmt"/>
        <line num="385" count="60" type="stmt"/>
        <line num="386" count="82" type="stmt"/>
        <line num="387" count="82" type="cond" truecount="1" falsecount="0"/>
        <line num="388" count="22" type="stmt"/>
        <line num="390" count="0" type="stmt"/>
        <line num="394" count="20" type="stmt"/>
        <line num="395" count="20" type="cond" truecount="1" falsecount="0"/>
        <line num="396" count="17" type="stmt"/>
        <line num="397" count="17" type="stmt"/>
        <line num="401" count="28" type="stmt"/>
        <line num="402" count="55" type="stmt"/>
        <line num="403" count="55" type="cond" truecount="2" falsecount="0"/>
        <line num="404" count="13" type="stmt"/>
        <line num="406" count="27" type="stmt"/>
      </file>
      <file name="CborDecoderBase.ts" path="/home/runner/work/json-pack/json-pack/src/cbor/CborDecoderBase.ts">
        <metrics statements="182" coveredstatements="149" conditionals="110" coveredconditionals="79" methods="26" coveredmethods="23"/>
        <line num="2" count="10" type="stmt"/>
        <line num="3" count="10" type="stmt"/>
        <line num="4" count="10" type="stmt"/>
        <line num="5" count="10" type="stmt"/>
        <line num="6" count="10" type="stmt"/>
        <line num="11" count="10" type="stmt"/>
        <line num="15" count="38" type="cond" truecount="1" falsecount="0"/>
        <line num="16" count="38" type="cond" truecount="1" falsecount="0"/>
        <line num="20" count="809" type="stmt"/>
        <line num="21" count="809" type="stmt"/>
        <line num="25" count="568" type="stmt"/>
        <line num="26" count="568" type="stmt"/>
        <line num="32" count="0" type="stmt"/>
        <line num="36" count="177256" type="stmt"/>
        <line num="37" count="177256" type="stmt"/>
        <line num="38" count="177256" type="stmt"/>
        <line num="39" count="177256" type="stmt"/>
        <line num="40" count="177256" type="cond" truecount="2" falsecount="0"/>
        <line num="41" count="150380" type="cond" truecount="4" falsecount="0"/>
        <line num="42" count="12605" type="cond" truecount="2" falsecount="0"/>
        <line num="44" count="26876" type="cond" truecount="4" falsecount="0"/>
        <line num="45" count="12728" type="cond" truecount="2" falsecount="0"/>
        <line num="50" count="3" type="stmt"/>
        <line num="51" count="3" type="stmt"/>
        <line num="52" count="3" type="cond" truecount="2" falsecount="0"/>
        <line num="53" count="2" type="cond" truecount="2" falsecount="2"/>
[...]
        <line num="134" count="5" type="stmt"/>
        <line num="141" count="14" type="stmt"/>
        <line num="142" count="14" type="stmt"/>
        <line num="143" count="14" type="stmt"/>
        <line num="144" count="14" type="stmt"/>
        <line num="151" count="14" type="stmt"/>
        <line num="152" count="14" type="stmt"/>
        <line num="153" count="14" type="stmt"/>
        <line num="154" count="14" type="stmt"/>
        <line num="162" count="4" type="stmt"/>
        <line num="170" count="16" type="stmt"/>
        <line num="171" count="16" type="stmt"/>
        <line num="172" count="16" type="stmt"/>
        <line num="173" count="16" type="stmt"/>
        <line num="176" count="16" type="stmt"/>
        <line num="179" count="16" type="stmt"/>
        <line num="180" count="16" type="stmt"/>
        <line num="181" count="26" type="stmt"/>
        <line num="190" count="10" type="stmt"/>
        <line num="191" count="10" type="stmt"/>
        <line num="199" count="30" type="stmt"/>
        <line num="202" count="30" type="stmt"/>
        <line num="203" count="30" type="stmt"/>
        <line num="204" count="30" type="stmt"/>
        <line num="207" count="30" type="stmt"/>
        <line num="208" count="30" type="stmt"/>
        <line num="209" count="30" type="stmt"/>
        <line num="210" count="42" type="stmt"/>
        <line num="214" count="30" type="stmt"/>
        <line num="215" count="30" type="stmt"/>
        <line num="216" count="30" type="stmt"/>
        <line num="217" count="30" type="stmt"/>
        <line num="221" count="0" type="stmt"/>
        <line num="225" count="0" type="stmt"/>
        <line num="234" count="4" type="cond" truecount="2" falsecount="0"/>
        <line num="235" count="3" type="cond" truecount="4" falsecount="0"/>
        <line num="236" count="2" type="stmt"/>
        <line num="238" count="1" type="stmt"/>
        <line num="241" count="1" type="stmt"/>
        <line num="249" count="1" type="stmt"/>
        <line num="256" count="1" type="stmt"/>
        <line num="263" count="2" type="stmt"/>
        <line num="270" count="1" type="stmt"/>
      </file>
      <file name="XdrSchemaDecoder.ts" path="/home/runner/work/json-pack/json-pack/src/xdr/XdrSchemaDecoder.ts">
        <metrics statements="59" coveredstatements="58" conditionals="31" coveredconditionals="29" methods="13" coveredmethods="13"/>
        <line num="1" count="1" type="stmt"/>
        <line num="2" count="1" type="stmt"/>
        <line num="3" count="1" type="stmt"/>
        <line num="25" count="1" type="stmt"/>
        <line num="28" count="31" type="cond" truecount="0" falsecount="1"/>
        <line num="29" count="31" type="stmt"/>
        <line num="36" count="32" type="stmt"/>
        <line num="37" count="32" type="stmt"/>
        <line num="44" count="69" type="cond" truecount="17" falsecount="1"/>
        <line num="47" count="1" type="stmt"/>
        <line num="49" count="20" type="stmt"/>
        <line num="51" count="1" type="stmt"/>
        <line num="53" count="3" type="stmt"/>
        <line num="55" count="1" type="stmt"/>
        <line num="57" count="1" type="stmt"/>
        <line num="59" count="1" type="stmt"/>
        <line num="61" count="1" type="stmt"/>
        <line num="63" count="0" type="stmt"/>
        <line num="65" count="4" type="stmt"/>
        <line num="69" count="1" type="stmt"/>
        <line num="71" count="3" type="stmt"/>
        <line num="73" count="10" type="stmt"/>
        <line num="77" count="4" type="stmt"/>
        <line num="79" count="4" type="stmt"/>
        <line num="81" count="7" type="stmt"/>
        <line num="83" count="6" type="stmt"/>
        <line num="86" count="1" type="stmt"/>
        <line num="94" count="4" type="stmt"/>
        <line num="97" count="4" type="stmt"/>
        <line num="98" count="8" type="cond" truecount="1" falsecount="0"/>
        <line num="99" count="3" type="stmt"/>
        <line num="104" count="1" type="stmt"/>
        <line num="111" count="1" type="stmt"/>
        <line num="118" count="3" type="stmt"/>
        <line num="121" count="3" type="cond" truecount="3" falsecount="0"/>
        <line num="122" count="1" type="stmt"/>
        <line num="125" count="2" type="stmt"/>
        <line num="132" count="10" type="stmt"/>
        <line num="135" count="10" type="cond" truecount="3" falsecount="0"/>
        <line num="136" count="1" type="stmt"/>
        <line num="139" count="9" type="stmt"/>
        <line num="146" count="9" type="stmt"/>
        <line num="153" count="9" type="stmt"/>
        <line num="156" count="4" type="cond" truecount="3" falsecount="0"/>
        <line num="157" count="1" type="stmt"/>
        <line num="160" count="3" type="stmt"/>
        <line num="167" count="7" type="stmt"/>
        <line num="169" count="7" type="stmt"/>
        <line num="170" count="14" type="stmt"/>
        <line num="173" count="7" type="stmt"/>
        <line num="181" count="6" type="stmt"/>
        <line num="184" count="6" type="stmt"/>
        <line num="185" count="10" type="cond" truecount="1" falsecount="0"/>
        <line num="186" count="4" type="stmt"/>
        <line num="187" count="4" type="stmt"/>
        <line num="192" count="2" type="cond" truecount="1" falsecount="0"/>
        <line num="193" count="1" type="stmt"/>
        <line num="194" count="1" type="stmt"/>
        <line num="197" count="1" type="stmt"/>
      </file>
      <file name="XdrSchemaEncoder.ts" path="/home/runner/work/json-pack/json-pack/src/xdr/XdrSchemaEncoder.ts">
        <metrics statements="142" coveredstatements="131" conditionals="71" coveredconditionals="63" methods="24" coveredmethods="23"/>
        <line num="2" count="2" type="stmt"/>
        <line num="3" count="2" type="stmt"/>
        <line num="16" count="2" type="stmt"/>
        <line num="19" count="80" type="stmt"/>
        <line num="20" count="80" type="stmt"/>
        <line num="24" count="54" type="stmt"/>
        <line num="25" count="54" type="stmt"/>
        <line num="26" count="50" type="stmt"/>
        <line num="30" count="2" type="stmt"/>
        <line num="31" count="2" type="stmt"/>
        <line num="35" count="5" type="stmt"/>
        <line num="36" count="4" type="cond" truecount="4" falsecount="0"/>
        <line num="37" count="2" type="stmt"/>
        <line num="39" count="2" type="stmt"/>
        <line num="43" count="2" type="stmt"/>
        <line num="44" count="2" type="cond" truecount="4" falsecount="0"/>
        <line num="45" count="1" type="stmt"/>
        <line num="47" count="1" type="stmt"/>
        <line num="51" count="0" type="stmt"/>
        <line num="52" count="0" type="stmt"/>
        <line num="56" count="1" type="stmt"/>
        <line num="57" count="1" type="stmt"/>
        <line num="61" count="2" type="stmt"/>
        <line num="62" count="2" type="cond" truecount="4" falsecount="1"/>
        <line num="63" count="1" type="stmt"/>
        <line num="65" count="1" type="stmt"/>
        <line num="69" count="1" type="stmt"/>
        <line num="70" count="1" type="stmt"/>
        <line num="74" count="1" type="stmt"/>
        <line num="75" count="1" type="stmt"/>
        <line num="79" count="1" type="stmt"/>
        <line num="80" count="1" type="stmt"/>
        <line num="84" count="6" type="cond" truecount="1" falsecount="0"/>
        <line num="85" count="1" type="stmt"/>
        <line num="88" count="5" type="cond" truecount="1" falsecount="0"/>
        <line num="89" count="1" type="stmt"/>
        <line num="92" count="4" type="stmt"/>
        <line num="96" count="3" type="cond" truecount="0" falsecount="1"/>
        <line num="97" count="0" type="stmt"/>
        <line num="100" count="3" type="cond" truecount="1" falsecount="0"/>
        <line num="101" count="1" type="stmt"/>
        <line num="104" count="2" type="stmt"/>
        <line num="108" count="4" type="cond" truecount="0" falsecount="1"/>
        <line num="109" count="0" type="stmt"/>
        <line num="112" count="4" type="cond" truecount="3" falsecount="0"/>
        <line num="113" count="1" type="stmt"/>
        <line num="116" count="3" type="stmt"/>
        <line num="120" count="19" type="cond" truecount="0" falsecount="1"/>
        <line num="121" count="0" type="stmt"/>
        <line num="124" count="19" type="cond" truecount="3" falsecount="0"/>
        <line num="125" count="1" type="stmt"/>
        <line num="128" count="18" type="stmt"/>
        <line num="132" count="9" type="cond" truecount="0" falsecount="1"/>
        <line num="133" count="0" type="stmt"/>
        <line num="136" count="9" type="cond" truecount="1" falsecount="0"/>
        <line num="137" count="1" type="stmt"/>
        <line num="140" count="8" type="stmt"/>
        <line num="141" count="18" type="stmt"/>
        <line num="146" count="7" type="cond" truecount="0" falsecount="1"/>
        <line num="147" count="0" type="stmt"/>
        <line num="150" count="7" type="cond" truecount="3" falsecount="0"/>
        <line num="151" count="1" type="stmt"/>
        <line num="154" count="6" type="stmt"/>
        <line num="155" count="6" type="stmt"/>
        <line num="156" count="11" type="stmt"/>
        <line num="161" count="14" type="cond" truecount="0" falsecount="1"/>
        <line num="162" count="0" type="stmt"/>
        <line num="165" count="14" type="stmt"/>
        <line num="166" count="27" type="cond" truecount="1" falsecount="0"/>
        <line num="167" count="1" type="stmt"/>
        <line num="169" count="26" type="stmt"/>
        <line num="174" count="11" type="cond" truecount="0" falsecount="1"/>
        <line num="175" count="0" type="stmt"/>
        <line num="178" count="13" type="stmt"/>
        <line num="179" count="11" type="cond" truecount="2" falsecount="0"/>
        <line num="180" count="2" type="cond" truecount="2" falsecount="0"/>
        <line num="181" count="1" type="stmt"/>
        <line num="182" count="1" type="stmt"/>
        <line num="184" count="1" type="stmt"/>
        <line num="187" count="9" type="stmt"/>
        <line num="188" count="8" type="stmt"/>
        <line num="193" count="8" type="cond" truecount="8" falsecount="0"/>
        <line num="195" count="1" type="stmt"/>
        <line num="196" count="1" type="stmt"/>
        <line num="198" count="1" type="stmt"/>
        <line num="199" count="1" type="stmt"/>
        <line num="201" count="1" type="stmt"/>
        <line num="202" count="1" type="stmt"/>
        <line num="204" count="1" type="stmt"/>
        <line num="205" count="1" type="stmt"/>
        <line num="207" count="1" type="stmt"/>
        <line num="208" count="1" type="stmt"/>
        <line num="210" count="1" type="stmt"/>
        <line num="211" count="1" type="stmt"/>
        <line num="213" count="1" type="stmt"/>
        <line num="214" count="0" type="stmt"/>
        <line num="216" count="1" type="stmt"/>
        <line num="221" count="118" type="cond" truecount="18" falsecount="0"/>
        <line num="223" count="2" type="stmt"/>
        <line num="224" count="2" type="stmt"/>
        <line num="226" count="38" type="stmt"/>
        <line num="227" count="38" type="stmt"/>
        <line num="229" count="2" type="stmt"/>
        <line num="230" count="2" type="stmt"/>
        <line num="232" count="4" type="stmt"/>
        <line num="233" count="4" type="stmt"/>
        <line num="235" count="2" type="stmt"/>
        <line num="236" count="2" type="stmt"/>
        <line num="238" count="2" type="stmt"/>
        <line num="239" count="2" type="stmt"/>
        <line num="241" count="3" type="stmt"/>
        <line num="242" count="3" type="stmt"/>
        <line num="244" count="2" type="stmt"/>
        <line num="245" count="2" type="stmt"/>
        <line num="247" count="2" type="stmt"/>
        <line num="248" count="0" type="stmt"/>
        <line num="250" count="4" type="stmt"/>
        <line num="251" count="4" type="stmt"/>
        <line num="253" count="2" type="stmt"/>
        <line num="254" count="2" type="stmt"/>
        <line num="256" count="3" type="stmt"/>
        <line num="257" count="3" type="stmt"/>
        <line num="259" count="18" type="stmt"/>
        <line num="260" count="18" type="stmt"/>
        <line num="262" count="8" type="stmt"/>
        <line num="263" count="8" type="stmt"/>
        <line num="265" count="6" type="stmt"/>
        <line num="266" count="6" type="stmt"/>
        <line num="268" count="13" type="stmt"/>
        <line num="269" count="13" type="stmt"/>
        <line num="271" count="6" type="cond" truecount="2" falsecount="0"/>
        <line num="272" count="5" type="stmt"/>
        <line num="274" count="1" type="stmt"/>
        <line num="276" count="5" type="stmt"/>
        <line num="278" count="1" type="stmt"/>
        <line num="283" count="15" type="cond" truecount="1" falsecount="0"/>
        <line num="284" count="1" type="stmt"/>
        <line num="289" count="10" type="cond" truecount="2" falsecount="0"/>
        <line num="290" count="8" type="stmt"/>
        <line num="291" count="2" type="cond" truecount="2" falsecount="0"/>
        <line num="292" count="1" type="stmt"/>
        <line num="296" count="1" type="stmt"/>
      </file>
      <file name="XdrSchemaValidator.ts" path="/home/runner/work/json-pack/json-pack/src/xdr/XdrSchemaValidator.ts">
        <metrics statements="104" coveredstatements="96" conditionals="135" coveredconditionals="129" methods="17" coveredmethods="17"/>
        <line num="19" count="1" type="stmt"/>
        <line num="24" count="47" type="stmt"/>
        <line num="25" count="47" type="stmt"/>
        <line num="27" count="0" type="stmt"/>
        <line num="35" count="68" type="stmt"/>
        <line num="36" count="68" type="stmt"/>
        <line num="38" count="0" type="stmt"/>
        <line num="43" count="70" type="cond" truecount="4" falsecount="0"/>
        <line num="44" count="4" type="stmt"/>
        <line num="47" count="66" type="cond" truecount="18" falsecount="0"/>
        <line num="58" count="22" type="stmt"/>
        <line num="61" count="4" type="stmt"/>
        <line num="65" count="3" type="stmt"/>
        <line num="68" count="3" type="stmt"/>
        <line num="71" count="10" type="stmt"/>
        <line num="75" count="5" type="stmt"/>
        <line num="78" count="2" type="stmt"/>
        <line num="81" count="8" type="stmt"/>
        <line num="84" count="7" type="stmt"/>
        <line num="87" count="2" type="stmt"/>
        <line num="92" count="4" type="cond" truecount="3" falsecount="0"/>
        <line num="93" count="1" type="stmt"/>
        <line num="96" count="3" type="stmt"/>
        <line num="97" count="3" type="stmt"/>
        <line num="100" count="3" type="cond" truecount="1" falsecount="0"/>
        <line num="101" count="1" type="stmt"/>
        <line num="105" count="4" type="stmt"/>
        <line num="109" count="3" type="cond" truecount="3" falsecount="0"/>
        <line num="113" count="3" type="cond" truecount="4" falsecount="0"/>
        <line num="117" count="10" type="cond" truecount="4" falsecount="0"/>
        <line num="121" count="5" type="cond" truecount="5" falsecount="0"/>
        <line num="122" count="2" type="stmt"/>
        <line num="124" count="3" type="stmt"/>
        <line num="128" count="2" type="cond" truecount="0" falsecount="1"/>
        <line num="129" count="0" type="stmt"/>
        <line num="131" count="2" type="cond" truecount="1" falsecount="0"/>
        <line num="132" count="1" type="cond" truecount="3" falsecount="1"/>
        <line num="133" count="0" type="stmt"/>
        <line num="136" count="2" type="stmt"/>
        <line num="140" count="8" type="cond" truecount="1" falsecount="0"/>
        <line num="141" count="1" type="stmt"/>
        <line num="144" count="7" type="stmt"/>
        <line num="145" count="7" type="stmt"/>
        <line num="146" count="10" type="cond" truecount="3" falsecount="0"/>
        <line num="147" count="1" type="stmt"/>
        <line num="150" count="9" type="stmt"/>
        <line num="152" count="9" type="cond" truecount="3" falsecount="0"/>
        <line num="153" count="1" type="stmt"/>
        <line num="156" count="8" type="cond" truecount="1" falsecount="0"/>
        <line num="157" count="1" type="stmt"/>
        <line num="159" count="7" type="stmt"/>
        <line num="161" count="7" type="cond" truecount="0" falsecount="1"/>
        <line num="162" count="0" type="stmt"/>
        <line num="166" count="4" type="stmt"/>
        <line num="170" count="7" type="cond" truecount="3" falsecount="0"/>
        <line num="171" count="1" type="stmt"/>
        <line num="174" count="6" type="stmt"/>
        <line num="175" count="6" type="stmt"/>
        <line num="176" count="11" type="cond" truecount="3" falsecount="0"/>
        <line num="177" count="1" type="stmt"/>
        <line num="180" count="10" type="stmt"/>
        <line num="183" count="10" type="cond" truecount="1" falsecount="0"/>
        <line num="184" count="1" type="stmt"/>
        <line num="186" count="9" type="stmt"/>
        <line num="189" count="9" type="cond" truecount="3" falsecount="1"/>
        <line num="190" count="0" type="stmt"/>
        <line num="193" count="9" type="cond" truecount="0" falsecount="1"/>
        <line num="194" count="0" type="stmt"/>
        <line num="199" count="4" type="cond" truecount="3" falsecount="0"/>
        <line num="200" count="1" type="stmt"/>
        <line num="203" count="3" type="stmt"/>
        <line num="207" count="96" type="cond" truecount="17" falsecount="1"/>
        <line num="209" count="3" type="cond" truecount="2" falsecount="0"/>
        <line num="212" count="29" type="cond" truecount="4" falsecount="0"/>
        <line num="215" count="5" type="cond" truecount="4" falsecount="0"/>
        <line num="218" count="4" type="stmt"/>
        <line num="221" count="5" type="cond" truecount="3" falsecount="0"/>
        <line num="224" count="6" type="stmt"/>
        <line num="232" count="5" type="stmt"/>
        <line num="235" count="4" type="stmt"/>
        <line num="236" count="4" type="cond" truecount="2" falsecount="0"/>
        <line num="239" count="3" type="stmt"/>
        <line num="240" count="3" type="cond" truecount="2" falsecount="0"/>
        <line num="243" count="3" type="stmt"/>
        <line num="244" count="3" type="cond" truecount="3" falsecount="0"/>
        <line num="247" count="10" type="stmt"/>
        <line num="248" count="10" type="cond" truecount="3" falsecount="0"/>
        <line num="251" count="4" type="stmt"/>
        <line num="252" count="4" type="stmt"/>
        <line num="255" count="5" type="stmt"/>
        <line num="259" count="4" type="stmt"/>
        <line num="260" count="4" type="stmt"/>
        <line num="263" count="8" type="stmt"/>
        <line num="267" count="5" type="stmt"/>
        <line num="268" count="5" type="cond" truecount="4" falsecount="0"/>
        <line num="269" count="2" type="stmt"/>
        <line num="271" count="3" type="stmt"/>
        <line num="272" count="3" type="stmt"/>
        <line num="274" count="5" type="cond" truecount="2" falsecount="0"/>
        <line num="278" count="6" type="stmt"/>
        <line num="281" count="8" type="stmt"/>
        <line num="282" count="6" type="cond" truecount="2" falsecount="0"/>
        <line num="283" count="6" type="cond" truecount="2" falsecount="0"/>
        <line num="286" count="0" type="stmt"/>
      </file>
      <file name="XdrUnion.ts" path="/home/runner/work/json-pack/json-pack/src/xdr/XdrUnion.ts">
        <metrics statements="3" coveredstatements="3" conditionals="0" coveredconditionals="0" methods="1" coveredmethods="1"/>
        <line num="6" count="2" type="stmt"/>
        <line num="8" count="10" type="stmt"/>
        <line num="9" count="10" type="stmt"/>
      </file>
    </package>
  </project>
</coverage>
