{"/home/runner/work/json-pack/json-pack/src/JsonPackExtension.ts": {"path":"/home/runner/work/json-pack/json-pack/src/JsonPackExtension.ts","statementMap":{"0":{"start":{"line":11,"column":20},"end":{"line":11,"column":31}},"1":{"start":{"line":12,"column":20},"end":{"line":12,"column":26}},"2":{"start":{"line":9,"column":0},"end":{"line":9,"column":13}}},"fnMap":{"0":{"name":"(anonymous_0)","decl":{"start":{"line":10,"column":2},"end":{"line":10,"column":null}},"loc":{"start":{"line":12,"column":26},"end":{"line":13,"column":6}}}},"branchMap":{},"s":{"0":101,"1":101,"2":42},"f":{"0":101},"b":{}}
,"/home/runner/work/json-pack/json-pack/src/JsonPackValue.ts": {"path":"/home/runner/work/json-pack/json-pack/src/JsonPackValue.ts","statementMap":{"0":{"start":{"line":12,"column":30},"end":{"line":12,"column":36}},"1":{"start":{"line":11,"column":0},"end":{"line":11,"column":13}}},"fnMap":{"0":{"name":"(anonymous_0)","decl":{"start":{"line":12,"column":2},"end":{"line":12,"column":30}},"loc":{"start":{"line":12,"column":36},"end":{"line":12,"column":40}}}},"branchMap":{},"s":{"0":50,"1":26},"f":{"0":50},"b":{}}
,"/home/runner/work/json-pack/json-pack/src/__bench__/data/json-very-large-object.ts": {"path":"/home/runner/work/json-pack/json-pack/src/__bench__/data/json-very-large-object.ts","statementMap":{"0":{"start":{"line":1,"column":0},"end":{"line":4017,"column":2}}},"fnMap":{},"branchMap":{},"s":{"0":1},"f":{},"b":{}}
,"/home/runner/work/json-pack/json-pack/src/__tests__/binary-documents.ts": {"path":"/home/runner/work/json-pack/json-pack/src/__tests__/binary-documents.ts","statementMap":{"0":{"start":{"line":7,"column":13},"end":{"line":63,"column":2}}},"fnMap":{},"branchMap":{},"s":{"0":7},"f":{},"b":{}}
,"/home/runner/work/json-pack/json-pack/src/__tests__/json-documents.ts": {"path":"/home/runner/work/json-pack/json-pack/src/__tests__/json-documents.ts","statementMap":{"0":{"start":{"line":10,"column":13},"end":{"line":5005,"column":2}}},"fnMap":{},"branchMap":{},"s":{"0":13},"f":{},"b":{}}
,"/home/runner/work/json-pack/json-pack/src/__tests__/msgpack-documents.ts": {"path":"/home/runner/work/json-pack/json-pack/src/__tests__/msgpack-documents.ts","statementMap":{"0":{"start":{"line":1,"column":0},"end":{"line":1,"column":60}},"1":{"start":{"line":2,"column":0},"end":{"line":2,"column":43}},"2":{"start":{"line":10,"column":13},"end":{"line":61,"column":2}}},"fnMap":{},"branchMap":{},"s":{"0":1,"1":1,"2":1},"f":{},"b":{}}
,"/home/runner/work/json-pack/json-pack/src/bencode/BencodeDecoder.ts": {"path":"/home/runner/work/json-pack/json-pack/src/bencode/BencodeDecoder.ts","statementMap":{"0":{"start":{"line":1,"column":0},"end":{"line":1,"column":60}},"1":{"start":{"line":5,"column":9},"end":{"line":5,"column":31}},"2":{"start":{"line":8,"column":4},"end":{"line":8,"column":29}},"3":{"start":{"line":9,"column":4},"end":{"line":9,"column":26}},"4":{"start":{"line":13,"column":4},"end":{"line":13,"column":29}},"5":{"start":{"line":14,"column":4},"end":{"line":14,"column":26}},"6":{"start":{"line":18,"column":19},"end":{"line":18,"column":30}},"7":{"start":{"line":19,"column":14},"end":{"line":19,"column":22}},"8":{"start":{"line":20,"column":18},"end":{"line":20,"column":30}},"9":{"start":{"line":21,"column":17},"end":{"line":21,"column":25}},"10":{"start":{"line":22,"column":4},"end":{"line":39,"column":5}},"11":{"start":{"line":24,"column":8},"end":{"line":24,"column":30}},"12":{"start":{"line":26,"column":8},"end":{"line":26,"column":30}},"13":{"start":{"line":28,"column":8},"end":{"line":28,"column":30}},"14":{"start":{"line":30,"column":8},"end":{"line":30,"column":32}},"15":{"start":{"line":32,"column":8},"end":{"line":32,"column":31}},"16":{"start":{"line":34,"column":8},"end":{"line":34,"column":31}},"17":{"start":{"line":36,"column":8},"end":{"line":36,"column":32}},"18":{"start":{"line":38,"column":8},"end":{"line":38,"column":60}},"19":{"start":{"line":38,"column":38},"end":{"line":38,"column":60}},"20":{"start":{"line":40,"column":4},"end":{"line":40,"column":39}},"21":{"start":{"line":44,"column":4},"end":{"line":44,"column":70}},"22":{"start":{"line":44,"column":35},"end":{"line":44,"column":70}},"23":{"start":{"line":45,"column":4},"end":{"line":45,"column":16}},"24":{"start":{"line":49,"column":4},"end":{"line":49,"column":69}},"25":{"start":{"line":49,"column":34},"end":{"line":49,"column":69}},"26":{"start":{"line":50,"column":4},"end":{"line":50,"column":21}},"27":{"start":{"line":54,"column":4},"end":{"line":54,"column":70}},"28":{"start":{"line":54,"column":35},"end":{"line":54,"column":70}},"29":{"start":{"line":55,"column":4},"end":{"line":55,"column":16}},"30":{"start":{"line":59,"column":4},"end":{"line":59,"column":70}},"31":{"start":{"line":59,"column":35},"end":{"line":59,"column":70}},"32":{"start":{"line":60,"column":4},"end":{"line":60,"column":17}},"33":{"start":{"line":64,"column":19},"end":{"line":64,"column":30}},"34":{"start":{"line":65,"column":4},"end":{"line":72,"column":5}},"35":{"start":{"line":67,"column":8},"end":{"line":67,"column":32}},"36":{"start":{"line":69,"column":8},"end":{"line":69,"column":31}},"37":{"start":{"line":71,"column":8},"end":{"line":71,"column":43}},"38":{"start":{"line":76,"column":19},"end":{"line":76,"column":30}},"39":{"start":{"line":77,"column":22},"end":{"line":77,"column":33}},"40":{"start":{"line":78,"column":4},"end":{"line":78,"column":63}},"41":{"start":{"line":78,"column":28},"end":{"line":78,"column":63}},"42":{"start":{"line":79,"column":15},"end":{"line":79,"column":27}},"43":{"start":{"line":80,"column":12},"end":{"line":80,"column":20}},"44":{"start":{"line":81,"column":17},"end":{"line":81,"column":19}},"45":{"start":{"line":82,"column":12},"end":{"line":82,"column":19}},"46":{"start":{"line":83,"column":12},"end":{"line":83,"column":13}},"47":{"start":{"line":84,"column":4},"end":{"line":89,"column":5}},"48":{"start":{"line":85,"column":6},"end":{"line":85,"column":39}},"49":{"start":{"line":86,"column":6},"end":{"line":86,"column":18}},"50":{"start":{"line":87,"column":6},"end":{"line":87,"column":53}},"51":{"start":{"line":87,"column":18},"end":{"line":87,"column":53}},"52":{"start":{"line":88,"column":6},"end":{"line":88,"column":10}},"53":{"start":{"line":90,"column":4},"end":{"line":90,"column":52}},"54":{"start":{"line":90,"column":17},"end":{"line":90,"column":52}},"55":{"start":{"line":91,"column":4},"end":{"line":91,"column":17}},"56":{"start":{"line":92,"column":4},"end":{"line":92,"column":19}},"57":{"start":{"line":96,"column":16},"end":{"line":96,"column":30}},"58":{"start":{"line":97,"column":4},"end":{"line":97,"column":41}},"59":{"start":{"line":101,"column":19},"end":{"line":101,"column":30}},"60":{"start":{"line":102,"column":15},"end":{"line":102,"column":27}},"61":{"start":{"line":103,"column":17},"end":{"line":103,"column":19}},"62":{"start":{"line":104,"column":12},"end":{"line":104,"column":20}},"63":{"start":{"line":105,"column":12},"end":{"line":105,"column":19}},"64":{"start":{"line":106,"column":12},"end":{"line":106,"column":13}},"65":{"start":{"line":107,"column":4},"end":{"line":113,"column":5}},"66":{"start":{"line":108,"column":6},"end":{"line":108,"column":63}},"67":{"start":{"line":108,"column":28},"end":{"line":108,"column":63}},"68":{"start":{"line":109,"column":6},"end":{"line":109,"column":39}},"69":{"start":{"line":110,"column":6},"end":{"line":110,"column":18}},"70":{"start":{"line":111,"column":6},"end":{"line":111,"column":53}},"71":{"start":{"line":111,"column":18},"end":{"line":111,"column":53}},"72":{"start":{"line":112,"column":6},"end":{"line":112,"column":10}},"73":{"start":{"line":114,"column":4},"end":{"line":114,"column":17}},"74":{"start":{"line":115,"column":16},"end":{"line":115,"column":23}},"75":{"start":{"line":116,"column":16},"end":{"line":116,"column":31}},"76":{"start":{"line":117,"column":4},"end":{"line":117,"column":15}},"77":{"start":{"line":121,"column":19},"end":{"line":121,"column":30}},"78":{"start":{"line":122,"column":4},"end":{"line":122,"column":65}},"79":{"start":{"line":122,"column":30},"end":{"line":122,"column":65}},"80":{"start":{"line":123,"column":27},"end":{"line":123,"column":29}},"81":{"start":{"line":124,"column":18},"end":{"line":124,"column":30}},"82":{"start":{"line":125,"column":4},"end":{"line":132,"column":5}},"83":{"start":{"line":126,"column":19},"end":{"line":126,"column":34}},"84":{"start":{"line":127,"column":6},"end":{"line":130,"column":7}},"85":{"start":{"line":128,"column":8},"end":{"line":128,"column":19}},"86":{"start":{"line":129,"column":8},"end":{"line":129,"column":19}},"87":{"start":{"line":131,"column":6},"end":{"line":131,"column":31}},"88":{"start":{"line":136,"column":19},"end":{"line":136,"column":30}},"89":{"start":{"line":137,"column":4},"end":{"line":137,"column":65}},"90":{"start":{"line":137,"column":30},"end":{"line":137,"column":65}},"91":{"start":{"line":138,"column":41},"end":{"line":138,"column":43}},"92":{"start":{"line":139,"column":18},"end":{"line":139,"column":30}},"93":{"start":{"line":140,"column":4},"end":{"line":149,"column":5}},"94":{"start":{"line":141,"column":19},"end":{"line":141,"column":34}},"95":{"start":{"line":142,"column":6},"end":{"line":145,"column":7}},"96":{"start":{"line":143,"column":8},"end":{"line":143,"column":19}},"97":{"start":{"line":144,"column":8},"end":{"line":144,"column":19}},"98":{"start":{"line":146,"column":18},"end":{"line":146,"column":32}},"99":{"start":{"line":147,"column":6},"end":{"line":147,"column":62}},"100":{"start":{"line":147,"column":31},"end":{"line":147,"column":62}},"101":{"start":{"line":148,"column":6},"end":{"line":148,"column":32}},"102":{"start":{"line":4,"column":0},"end":{"line":4,"column":13}}},"fnMap":{"0":{"name":"(anonymous_0)","decl":{"start":{"line":4,"column":0},"end":{"line":4,"column":13}},"loc":{"start":{"line":4,"column":0},"end":{"line":151,"column":1}}},"1":{"name":"(anonymous_1)","decl":{"start":{"line":7,"column":9},"end":{"line":7,"column":13}},"loc":{"start":{"line":7,"column":31},"end":{"line":10,"column":3}}},"2":{"name":"(anonymous_2)","decl":{"start":{"line":12,"column":9},"end":{"line":12,"column":15}},"loc":{"start":{"line":12,"column":33},"end":{"line":15,"column":3}}},"3":{"name":"(anonymous_3)","decl":{"start":{"line":17,"column":9},"end":{"line":17,"column":16}},"loc":{"start":{"line":17,"column":16},"end":{"line":41,"column":3}}},"4":{"name":"(anonymous_4)","decl":{"start":{"line":43,"column":9},"end":{"line":43,"column":17}},"loc":{"start":{"line":43,"column":17},"end":{"line":46,"column":3}}},"5":{"name":"(anonymous_5)","decl":{"start":{"line":48,"column":9},"end":{"line":48,"column":18}},"loc":{"start":{"line":48,"column":18},"end":{"line":51,"column":3}}},"6":{"name":"(anonymous_6)","decl":{"start":{"line":53,"column":9},"end":{"line":53,"column":17}},"loc":{"start":{"line":53,"column":17},"end":{"line":56,"column":3}}},"7":{"name":"(anonymous_7)","decl":{"start":{"line":58,"column":9},"end":{"line":58,"column":18}},"loc":{"start":{"line":58,"column":18},"end":{"line":61,"column":3}}},"8":{"name":"(anonymous_8)","decl":{"start":{"line":63,"column":9},"end":{"line":63,"column":17}},"loc":{"start":{"line":63,"column":17},"end":{"line":73,"column":3}}},"9":{"name":"(anonymous_9)","decl":{"start":{"line":75,"column":9},"end":{"line":75,"column":16}},"loc":{"start":{"line":75,"column":16},"end":{"line":93,"column":3}}},"10":{"name":"(anonymous_10)","decl":{"start":{"line":95,"column":9},"end":{"line":95,"column":16}},"loc":{"start":{"line":95,"column":16},"end":{"line":98,"column":3}}},"11":{"name":"(anonymous_11)","decl":{"start":{"line":100,"column":9},"end":{"line":100,"column":16}},"loc":{"start":{"line":100,"column":16},"end":{"line":118,"column":3}}},"12":{"name":"(anonymous_12)","decl":{"start":{"line":120,"column":9},"end":{"line":120,"column":16}},"loc":{"start":{"line":120,"column":16},"end":{"line":133,"column":3}}},"13":{"name":"(anonymous_13)","decl":{"start":{"line":135,"column":9},"end":{"line":135,"column":16}},"loc":{"start":{"line":135,"column":16},"end":{"line":150,"column":3}}}},"branchMap":{"0":{"loc":{"start":{"line":22,"column":4},"end":{"line":39,"column":5}},"type":"switch","locations":[{"start":{"line":23,"column":6},"end":{"line":24,"column":30}},{"start":{"line":25,"column":6},"end":{"line":26,"column":30}},{"start":{"line":27,"column":6},"end":{"line":28,"column":30}},{"start":{"line":29,"column":6},"end":{"line":30,"column":32}},{"start":{"line":31,"column":6},"end":{"line":32,"column":31}},{"start":{"line":33,"column":6},"end":{"line":34,"column":31}},{"start":{"line":35,"column":6},"end":{"line":36,"column":32}},{"start":{"line":37,"column":6},"end":{"line":38,"column":60}}]},"1":{"loc":{"start":{"line":38,"column":8},"end":{"line":38,"column":60}},"type":"if","locations":[{"start":{"line":38,"column":8},"end":{"line":38,"column":60}}]},"2":{"loc":{"start":{"line":38,"column":12},"end":{"line":38,"column":36}},"type":"binary-expr","locations":[{"start":{"line":38,"column":12},"end":{"line":38,"column":22}},{"start":{"line":38,"column":26},"end":{"line":38,"column":36}}]},"3":{"loc":{"start":{"line":44,"column":4},"end":{"line":44,"column":70}},"type":"if","locations":[{"start":{"line":44,"column":4},"end":{"line":44,"column":70}}]},"4":{"loc":{"start":{"line":49,"column":4},"end":{"line":49,"column":69}},"type":"if","locations":[{"start":{"line":49,"column":4},"end":{"line":49,"column":69}}]},"5":{"loc":{"start":{"line":54,"column":4},"end":{"line":54,"column":70}},"type":"if","locations":[{"start":{"line":54,"column":4},"end":{"line":54,"column":70}}]},"6":{"loc":{"start":{"line":59,"column":4},"end":{"line":59,"column":70}},"type":"if","locations":[{"start":{"line":59,"column":4},"end":{"line":59,"column":70}}]},"7":{"loc":{"start":{"line":65,"column":4},"end":{"line":72,"column":5}},"type":"switch","locations":[{"start":{"line":66,"column":6},"end":{"line":67,"column":32}},{"start":{"line":68,"column":6},"end":{"line":69,"column":31}},{"start":{"line":70,"column":6},"end":{"line":71,"column":43}}]},"8":{"loc":{"start":{"line":78,"column":4},"end":{"line":78,"column":63}},"type":"if","locations":[{"start":{"line":78,"column":4},"end":{"line":78,"column":63}}]},"9":{"loc":{"start":{"line":87,"column":6},"end":{"line":87,"column":53}},"type":"if","locations":[{"start":{"line":87,"column":6},"end":{"line":87,"column":53}}]},"10":{"loc":{"start":{"line":90,"column":4},"end":{"line":90,"column":52}},"type":"if","locations":[{"start":{"line":90,"column":4},"end":{"line":90,"column":52}}]},"11":{"loc":{"start":{"line":108,"column":6},"end":{"line":108,"column":63}},"type":"if","locations":[{"start":{"line":108,"column":6},"end":{"line":108,"column":63}}]},"12":{"loc":{"start":{"line":108,"column":10},"end":{"line":108,"column":26}},"type":"binary-expr","locations":[{"start":{"line":108,"column":10},"end":{"line":108,"column":16}},{"start":{"line":108,"column":20},"end":{"line":108,"column":26}}]},"13":{"loc":{"start":{"line":111,"column":6},"end":{"line":111,"column":53}},"type":"if","locations":[{"start":{"line":111,"column":6},"end":{"line":111,"column":53}}]},"14":{"loc":{"start":{"line":122,"column":4},"end":{"line":122,"column":65}},"type":"if","locations":[{"start":{"line":122,"column":4},"end":{"line":122,"column":65}}]},"15":{"loc":{"start":{"line":127,"column":6},"end":{"line":130,"column":7}},"type":"if","locations":[{"start":{"line":127,"column":6},"end":{"line":130,"column":7}}]},"16":{"loc":{"start":{"line":137,"column":4},"end":{"line":137,"column":65}},"type":"if","locations":[{"start":{"line":137,"column":4},"end":{"line":137,"column":65}}]},"17":{"loc":{"start":{"line":142,"column":6},"end":{"line":145,"column":7}},"type":"if","locations":[{"start":{"line":142,"column":6},"end":{"line":145,"column":7}}]},"18":{"loc":{"start":{"line":147,"column":6},"end":{"line":147,"column":62}},"type":"if","locations":[{"start":{"line":147,"column":6},"end":{"line":147,"column":62}}]}},"s":{"0":2,"1":2,"2":2,"3":2,"4":18,"5":18,"6":97,"7":97,"8":97,"9":97,"10":97,"11":26,"12":14,"13":16,"14":3,"15":4,"16":4,"17":4,"18":26,"19":26,"20":0,"21":4,"22":0,"23":4,"24":4,"25":0,"26":4,"27":4,"28":0,"29":4,"30":3,"31":0,"32":3,"33":0,"34":0,"35":0,"36":0,"37":0,"38":26,"39":26,"40":26,"41":0,"42":26,"43":26,"44":26,"45":26,"46":26,"47":26,"48":71,"49":71,"50":71,"51":0,"52":71,"53":26,"54":0,"55":26,"56":26,"57":18,"58":18,"59":46,"60":46,"61":46,"62":46,"63":46,"64":46,"65":46,"66":52,"67":0,"68":52,"69":52,"70":52,"71":0,"72":52,"73":46,"74":46,"75":46,"76":46,"77":16,"78":16,"79":0,"80":16,"81":16,"82":16,"83":48,"84":48,"85":16,"86":16,"87":32,"88":14,"89":14,"90":0,"91":14,"92":14,"93":14,"94":32,"95":32,"96":14,"97":14,"98":18,"99":18,"100":0,"101":18,"102":2},"f":{"0":2,"1":2,"2":18,"3":97,"4":4,"5":4,"6":4,"7":3,"8":0,"9":26,"10":18,"11":46,"12":16,"13":14},"b":{"0":[26,14,16,3,4,4,4,26],"1":[26],"2":[26,26],"3":[0],"4":[0],"5":[0],"6":[0],"7":[0,0,0],"8":[0],"9":[0],"10":[0],"11":[0],"12":[52,52],"13":[0],"14":[0],"15":[16],"16":[0],"17":[14],"18":[0]}}
,"/home/runner/work/json-pack/json-pack/src/bencode/BencodeEncoder.ts": {"path":"/home/runner/work/json-pack/json-pack/src/bencode/BencodeEncoder.ts","statementMap":{"0":{"start":{"line":1,"column":0},"end":{"line":1,"column":60}},"1":{"start":{"line":2,"column":0},"end":{"line":2,"column":58}},"2":{"start":{"line":7,"column":30},"end":{"line":7,"column":63}},"3":{"start":{"line":10,"column":19},"end":{"line":10,"column":30}},"4":{"start":{"line":11,"column":4},"end":{"line":11,"column":19}},"5":{"start":{"line":12,"column":4},"end":{"line":12,"column":25}},"6":{"start":{"line":13,"column":4},"end":{"line":13,"column":26}},"7":{"start":{"line":22,"column":4},"end":{"line":22,"column":21}},"8":{"start":{"line":26,"column":4},"end":{"line":59,"column":5}},"9":{"start":{"line":28,"column":8},"end":{"line":28,"column":40}},"10":{"start":{"line":30,"column":8},"end":{"line":30,"column":49}},"11":{"start":{"line":32,"column":8},"end":{"line":32,"column":36}},"12":{"start":{"line":34,"column":8},"end":{"line":34,"column":52}},"13":{"start":{"line":34,"column":28},"end":{"line":34,"column":52}},"14":{"start":{"line":35,"column":28},"end":{"line":35,"column":45}},"15":{"start":{"line":36,"column":8},"end":{"line":49,"column":9}},"16":{"start":{"line":38,"column":12},"end":{"line":38,"column":67}},"17":{"start":{"line":40,"column":12},"end":{"line":40,"column":53}},"18":{"start":{"line":42,"column":12},"end":{"line":42,"column":54}},"19":{"start":{"line":44,"column":12},"end":{"line":44,"column":65}},"20":{"start":{"line":46,"column":12},"end":{"line":46,"column":56}},"21":{"start":{"line":48,"column":12},"end":{"line":48,"column":44}},"22":{"start":{"line":52,"column":8},"end":{"line":52,"column":39}},"23":{"start":{"line":55,"column":8},"end":{"line":55,"column":33}},"24":{"start":{"line":58,"column":8},"end":{"line":58,"column":40}},"25":{"start":{"line":63,"column":4},"end":{"line":63,"column":24}},"26":{"start":{"line":67,"column":4},"end":{"line":67,"column":24}},"27":{"start":{"line":71,"column":4},"end":{"line":71,"column":39}},"28":{"start":{"line":75,"column":19},"end":{"line":75,"column":30}},"29":{"start":{"line":76,"column":4},"end":{"line":76,"column":20}},"30":{"start":{"line":77,"column":4},"end":{"line":77,"column":39}},"31":{"start":{"line":78,"column":4},"end":{"line":78,"column":20}},"32":{"start":{"line":82,"column":19},"end":{"line":82,"column":30}},"33":{"start":{"line":83,"column":4},"end":{"line":83,"column":20}},"34":{"start":{"line":84,"column":4},"end":{"line":84,"column":27}},"35":{"start":{"line":85,"column":4},"end":{"line":85,"column":20}},"36":{"start":{"line":89,"column":4},"end":{"line":89,"column":28}},"37":{"start":{"line":93,"column":4},"end":{"line":93,"column":28}},"38":{"start":{"line":97,"column":19},"end":{"line":97,"column":30}},"39":{"start":{"line":98,"column":4},"end":{"line":98,"column":20}},"40":{"start":{"line":99,"column":4},"end":{"line":99,"column":27}},"41":{"start":{"line":100,"column":4},"end":{"line":100,"column":20}},"42":{"start":{"line":104,"column":19},"end":{"line":104,"column":30}},"43":{"start":{"line":105,"column":19},"end":{"line":105,"column":29}},"44":{"start":{"line":106,"column":4},"end":{"line":106,"column":30}},"45":{"start":{"line":107,"column":4},"end":{"line":107,"column":20}},"46":{"start":{"line":108,"column":4},"end":{"line":108,"column":28}},"47":{"start":{"line":112,"column":19},"end":{"line":112,"column":30}},"48":{"start":{"line":113,"column":19},"end":{"line":113,"column":32}},"49":{"start":{"line":114,"column":4},"end":{"line":114,"column":30}},"50":{"start":{"line":115,"column":4},"end":{"line":115,"column":20}},"51":{"start":{"line":116,"column":4},"end":{"line":116,"column":34}},"52":{"start":{"line":117,"column":4},"end":{"line":117,"column":21}},"53":{"start":{"line":121,"column":19},"end":{"line":121,"column":30}},"54":{"start":{"line":122,"column":4},"end":{"line":122,"column":34}},"55":{"start":{"line":123,"column":4},"end":{"line":123,"column":20}},"56":{"start":{"line":124,"column":4},"end":{"line":124,"column":22}},"57":{"start":{"line":128,"column":19},"end":{"line":128,"column":30}},"58":{"start":{"line":129,"column":4},"end":{"line":129,"column":20}},"59":{"start":{"line":130,"column":19},"end":{"line":130,"column":29}},"60":{"start":{"line":131,"column":4},"end":{"line":131,"column":59}},"61":{"start":{"line":131,"column":17},"end":{"line":131,"column":18}},"62":{"start":{"line":131,"column":37},"end":{"line":131,"column":59}},"63":{"start":{"line":132,"column":4},"end":{"line":132,"column":20}},"64":{"start":{"line":136,"column":19},"end":{"line":136,"column":30}},"65":{"start":{"line":137,"column":4},"end":{"line":137,"column":20}},"66":{"start":{"line":138,"column":17},"end":{"line":138,"column":39}},"67":{"start":{"line":139,"column":19},"end":{"line":139,"column":30}},"68":{"start":{"line":140,"column":4},"end":{"line":144,"column":5}},"69":{"start":{"line":140,"column":17},"end":{"line":140,"column":18}},"70":{"start":{"line":141,"column":18},"end":{"line":141,"column":25}},"71":{"start":{"line":142,"column":6},"end":{"line":142,"column":25}},"72":{"start":{"line":143,"column":6},"end":{"line":143,"column":30}},"73":{"start":{"line":145,"column":4},"end":{"line":145,"column":20}},"74":{"start":{"line":149,"column":19},"end":{"line":149,"column":30}},"75":{"start":{"line":150,"column":4},"end":{"line":150,"column":20}},"76":{"start":{"line":151,"column":17},"end":{"line":151,"column":38}},"77":{"start":{"line":152,"column":19},"end":{"line":152,"column":30}},"78":{"start":{"line":153,"column":4},"end":{"line":157,"column":5}},"79":{"start":{"line":153,"column":17},"end":{"line":153,"column":18}},"80":{"start":{"line":154,"column":18},"end":{"line":154,"column":25}},"81":{"start":{"line":155,"column":6},"end":{"line":155,"column":30}},"82":{"start":{"line":156,"column":6},"end":{"line":156,"column":34}},"83":{"start":{"line":158,"column":4},"end":{"line":158,"column":20}},"84":{"start":{"line":162,"column":4},"end":{"line":162,"column":37}},"85":{"start":{"line":6,"column":0},"end":{"line":6,"column":13}}},"fnMap":{"0":{"name":"(anonymous_0)","decl":{"start":{"line":7,"column":2},"end":{"line":7,"column":30}},"loc":{"start":{"line":7,"column":63},"end":{"line":7,"column":67}}},"1":{"name":"(anonymous_1)","decl":{"start":{"line":9,"column":9},"end":{"line":9,"column":15}},"loc":{"start":{"line":9,"column":30},"end":{"line":14,"column":3}}},"2":{"name":"(anonymous_2)","decl":{"start":{"line":21,"column":9},"end":{"line":21,"column":21}},"loc":{"start":{"line":21,"column":36},"end":{"line":23,"column":3}}},"3":{"name":"(anonymous_3)","decl":{"start":{"line":25,"column":9},"end":{"line":25,"column":17}},"loc":{"start":{"line":25,"column":32},"end":{"line":60,"column":3}}},"4":{"name":"(anonymous_4)","decl":{"start":{"line":62,"column":9},"end":{"line":62,"column":18}},"loc":{"start":{"line":62,"column":18},"end":{"line":64,"column":3}}},"5":{"name":"(anonymous_5)","decl":{"start":{"line":66,"column":9},"end":{"line":66,"column":19}},"loc":{"start":{"line":66,"column":19},"end":{"line":68,"column":3}}},"6":{"name":"(anonymous_6)","decl":{"start":{"line":70,"column":9},"end":{"line":70,"column":21}},"loc":{"start":{"line":70,"column":35},"end":{"line":72,"column":3}}},"7":{"name":"(anonymous_7)","decl":{"start":{"line":74,"column":9},"end":{"line":74,"column":20}},"loc":{"start":{"line":74,"column":32},"end":{"line":79,"column":3}}},"8":{"name":"(anonymous_8)","decl":{"start":{"line":81,"column":9},"end":{"line":81,"column":21}},"loc":{"start":{"line":81,"column":33},"end":{"line":86,"column":3}}},"9":{"name":"(anonymous_9)","decl":{"start":{"line":88,"column":9},"end":{"line":88,"column":22}},"loc":{"start":{"line":88,"column":35},"end":{"line":90,"column":3}}},"10":{"name":"(anonymous_10)","decl":{"start":{"line":92,"column":9},"end":{"line":92,"column":19}},"loc":{"start":{"line":92,"column":33},"end":{"line":94,"column":3}}},"11":{"name":"(anonymous_11)","decl":{"start":{"line":96,"column":9},"end":{"line":96,"column":20}},"loc":{"start":{"line":96,"column":32},"end":{"line":101,"column":3}}},"12":{"name":"(anonymous_12)","decl":{"start":{"line":103,"column":9},"end":{"line":103,"column":17}},"loc":{"start":{"line":103,"column":33},"end":{"line":109,"column":3}}},"13":{"name":"(anonymous_13)","decl":{"start":{"line":111,"column":9},"end":{"line":111,"column":17}},"loc":{"start":{"line":111,"column":29},"end":{"line":118,"column":3}}},"14":{"name":"(anonymous_14)","decl":{"start":{"line":120,"column":9},"end":{"line":120,"column":22}},"loc":{"start":{"line":120,"column":34},"end":{"line":125,"column":3}}},"15":{"name":"(anonymous_15)","decl":{"start":{"line":127,"column":9},"end":{"line":127,"column":17}},"loc":{"start":{"line":127,"column":32},"end":{"line":133,"column":3}}},"16":{"name":"(anonymous_16)","decl":{"start":{"line":135,"column":9},"end":{"line":135,"column":17}},"loc":{"start":{"line":135,"column":46},"end":{"line":146,"column":3}}},"17":{"name":"(anonymous_17)","decl":{"start":{"line":148,"column":9},"end":{"line":148,"column":17}},"loc":{"start":{"line":148,"column":44},"end":{"line":159,"column":3}}},"18":{"name":"(anonymous_18)","decl":{"start":{"line":161,"column":9},"end":{"line":161,"column":17}},"loc":{"start":{"line":161,"column":35},"end":{"line":163,"column":3}}}},"branchMap":{"0":{"loc":{"start":{"line":26,"column":4},"end":{"line":59,"column":5}},"type":"switch","locations":[{"start":{"line":27,"column":6},"end":{"line":28,"column":40}},{"start":{"line":29,"column":6},"end":{"line":30,"column":49}},{"start":{"line":31,"column":6},"end":{"line":32,"column":36}},{"start":{"line":33,"column":6},"end":{"line":50,"column":7}},{"start":{"line":51,"column":6},"end":{"line":53,"column":7}},{"start":{"line":54,"column":6},"end":{"line":56,"column":7}},{"start":{"line":57,"column":6},"end":{"line":58,"column":40}}]},"1":{"loc":{"start":{"line":34,"column":8},"end":{"line":34,"column":52}},"type":"if","locations":[{"start":{"line":34,"column":8},"end":{"line":34,"column":52}}]},"2":{"loc":{"start":{"line":36,"column":8},"end":{"line":49,"column":9}},"type":"switch","locations":[{"start":{"line":37,"column":10},"end":{"line":38,"column":67}},{"start":{"line":39,"column":10},"end":{"line":40,"column":53}},{"start":{"line":41,"column":10},"end":{"line":42,"column":54}},{"start":{"line":43,"column":10},"end":{"line":44,"column":65}},{"start":{"line":45,"column":10},"end":{"line":46,"column":56}},{"start":{"line":47,"column":10},"end":{"line":48,"column":44}}]},"3":{"loc":{"start":{"line":71,"column":19},"end":{"line":71,"column":37}},"type":"cond-expr","locations":[{"start":{"line":71,"column":26},"end":{"line":71,"column":30}},{"start":{"line":71,"column":33},"end":{"line":71,"column":37}}]}},"s":{"0":3,"1":3,"2":6,"3":77,"4":77,"5":77,"6":77,"7":0,"8":149,"9":6,"10":56,"11":23,"12":54,"13":3,"14":51,"15":51,"16":13,"17":18,"18":9,"19":4,"20":7,"21":0,"22":5,"23":5,"24":0,"25":3,"26":5,"27":6,"28":56,"29":56,"30":56,"31":56,"32":0,"33":0,"34":0,"35":0,"36":0,"37":0,"38":5,"39":5,"40":5,"41":5,"42":9,"43":9,"44":9,"45":9,"46":9,"47":45,"48":45,"49":45,"50":45,"51":45,"52":45,"53":0,"54":0,"55":0,"56":0,"57":25,"58":25,"59":25,"60":25,"61":25,"62":50,"63":25,"64":13,"65":13,"66":13,"67":13,"68":13,"69":13,"70":15,"71":15,"72":15,"73":13,"74":4,"75":4,"76":4,"77":4,"78":4,"79":4,"80":7,"81":7,"82":7,"83":4,"84":7,"85":3},"f":{"0":6,"1":77,"2":0,"3":149,"4":3,"5":5,"6":6,"7":56,"8":0,"9":0,"10":0,"11":5,"12":9,"13":45,"14":0,"15":25,"16":13,"17":4,"18":7},"b":{"0":[6,56,23,54,5,5,0],"1":[3],"2":[13,18,9,4,7,0],"3":[3,3]}}
,"/home/runner/work/json-pack/json-pack/src/bson/BsonEncoder.ts": {"path":"/home/runner/work/json-pack/json-pack/src/bson/BsonEncoder.ts","statementMap":{"0":{"start":{"line":1,"column":0},"end":{"line":1,"column":null}},"1":{"start":{"line":18,"column":30},"end":{"line":18,"column":63}},"2":{"start":{"line":21,"column":19},"end":{"line":21,"column":30}},"3":{"start":{"line":22,"column":4},"end":{"line":22,"column":19}},"4":{"start":{"line":23,"column":4},"end":{"line":23,"column":25}},"5":{"start":{"line":24,"column":4},"end":{"line":24,"column":26}},"6":{"start":{"line":28,"column":4},"end":{"line":33,"column":5}},"7":{"start":{"line":30,"column":8},"end":{"line":30,"column":55}},"8":{"start":{"line":30,"column":28},"end":{"line":30,"column":55}},"9":{"start":{"line":31,"column":8},"end":{"line":31,"column":61}},"10":{"start":{"line":34,"column":4},"end":{"line":34,"column":31}},"11":{"start":{"line":38,"column":4},"end":{"line":38,"column":47}},"12":{"start":{"line":42,"column":4},"end":{"line":42,"column":47}},"13":{"start":{"line":46,"column":4},"end":{"line":46,"column":47}},"14":{"start":{"line":50,"column":4},"end":{"line":50,"column":47}},"15":{"start":{"line":54,"column":4},"end":{"line":54,"column":47}},"16":{"start":{"line":58,"column":4},"end":{"line":58,"column":47}},"17":{"start":{"line":62,"column":19},"end":{"line":62,"column":30}},"18":{"start":{"line":63,"column":4},"end":{"line":63,"column":29}},"19":{"start":{"line":64,"column":4},"end":{"line":64,"column":46}},"20":{"start":{"line":65,"column":4},"end":{"line":65,"column":18}},"21":{"start":{"line":69,"column":19},"end":{"line":69,"column":30}},"22":{"start":{"line":70,"column":4},"end":{"line":70,"column":29}},"23":{"start":{"line":71,"column":4},"end":{"line":71,"column":57}},"24":{"start":{"line":72,"column":4},"end":{"line":72,"column":18}},"25":{"start":{"line":76,"column":19},"end":{"line":76,"column":30}},"26":{"start":{"line":77,"column":4},"end":{"line":77,"column":29}},"27":{"start":{"line":78,"column":4},"end":{"line":78,"column":50}},"28":{"start":{"line":79,"column":4},"end":{"line":79,"column":18}},"29":{"start":{"line":83,"column":4},"end":{"line":83,"column":47}},"30":{"start":{"line":87,"column":19},"end":{"line":87,"column":29}},"31":{"start":{"line":88,"column":4},"end":{"line":88,"column":28}},"32":{"start":{"line":89,"column":19},"end":{"line":89,"column":30}},"33":{"start":{"line":90,"column":4},"end":{"line":90,"column":17}},"34":{"start":{"line":91,"column":4},"end":{"line":91,"column":28}},"35":{"start":{"line":95,"column":19},"end":{"line":95,"column":30}},"36":{"start":{"line":96,"column":19},"end":{"line":96,"column":29}},"37":{"start":{"line":97,"column":20},"end":{"line":97,"column":38}},"38":{"start":{"line":98,"column":4},"end":{"line":98,"column":35}},"39":{"start":{"line":99,"column":14},"end":{"line":99,"column":22}},"40":{"start":{"line":100,"column":4},"end":{"line":100,"column":32}},"41":{"start":{"line":101,"column":25},"end":{"line":101,"column":41}},"42":{"start":{"line":102,"column":4},"end":{"line":102,"column":17}},"43":{"start":{"line":103,"column":4},"end":{"line":105,"column":5}},"44":{"start":{"line":104,"column":6},"end":{"line":104,"column":54}},"45":{"start":{"line":109,"column":4},"end":{"line":109,"column":47}},"46":{"start":{"line":113,"column":4},"end":{"line":113,"column":61}},"47":{"start":{"line":117,"column":19},"end":{"line":117,"column":30}},"48":{"start":{"line":118,"column":4},"end":{"line":118,"column":29}},"49":{"start":{"line":119,"column":15},"end":{"line":119,"column":24}},"50":{"start":{"line":120,"column":15},"end":{"line":120,"column":28}},"51":{"start":{"line":121,"column":4},"end":{"line":121,"column":18}},"52":{"start":{"line":122,"column":17},"end":{"line":122,"column":33}},"53":{"start":{"line":123,"column":19},"end":{"line":123,"column":30}},"54":{"start":{"line":124,"column":4},"end":{"line":128,"column":5}},"55":{"start":{"line":124,"column":17},"end":{"line":124,"column":18}},"56":{"start":{"line":125,"column":18},"end":{"line":125,"column":25}},"57":{"start":{"line":126,"column":20},"end":{"line":126,"column":28}},"58":{"start":{"line":127,"column":6},"end":{"line":127,"column":32}},"59":{"start":{"line":129,"column":4},"end":{"line":129,"column":17}},"60":{"start":{"line":130,"column":14},"end":{"line":130,"column":28}},"61":{"start":{"line":131,"column":17},"end":{"line":131,"column":29}},"62":{"start":{"line":132,"column":4},"end":{"line":132,"column":41}},"63":{"start":{"line":136,"column":19},"end":{"line":136,"column":30}},"64":{"start":{"line":137,"column":19},"end":{"line":137,"column":29}},"65":{"start":{"line":138,"column":4},"end":{"line":138,"column":42}},"66":{"start":{"line":139,"column":18},"end":{"line":139,"column":30}},"67":{"start":{"line":140,"column":12},"end":{"line":140,"column":20}},"68":{"start":{"line":141,"column":14},"end":{"line":141,"column":15}},"69":{"start":{"line":142,"column":4},"end":{"line":181,"column":5}},"70":{"start":{"line":143,"column":18},"end":{"line":143,"column":39}},"71":{"start":{"line":144,"column":6},"end":{"line":177,"column":7}},"72":{"start":{"line":145,"column":8},"end":{"line":145,"column":26}},"73":{"start":{"line":145,"column":20},"end":{"line":145,"column":26}},"74":{"start":{"line":146,"column":8},"end":{"line":146,"column":27}},"75":{"start":{"line":147,"column":8},"end":{"line":147,"column":17}},"76":{"start":{"line":148,"column":13},"end":{"line":177,"column":7}},"77":{"start":{"line":149,"column":22},"end":{"line":149,"column":50}},"78":{"start":{"line":150,"column":8},"end":{"line":150,"column":26}},"79":{"start":{"line":150,"column":20},"end":{"line":150,"column":26}},"80":{"start":{"line":151,"column":8},"end":{"line":151,"column":27}},"81":{"start":{"line":153,"column":8},"end":{"line":161,"column":9}},"82":{"start":{"line":154,"column":10},"end":{"line":160,"column":11}},"83":{"start":{"line":155,"column":26},"end":{"line":155,"column":45}},"84":{"start":{"line":156,"column":12},"end":{"line":159,"column":13}},"85":{"start":{"line":157,"column":14},"end":{"line":157,"column":20}},"86":{"start":{"line":158,"column":14},"end":{"line":158,"column":74}},"87":{"start":{"line":162,"column":8},"end":{"line":176,"column":9}},"88":{"start":{"line":163,"column":25},"end":{"line":163,"column":54}},"89":{"start":{"line":164,"column":25},"end":{"line":164,"column":53}},"90":{"start":{"line":165,"column":10},"end":{"line":165,"column":69}},"91":{"start":{"line":165,"column":34},"end":{"line":165,"column":69}},"92":{"start":{"line":166,"column":10},"end":{"line":166,"column":30}},"93":{"start":{"line":167,"column":10},"end":{"line":167,"column":30}},"94":{"start":{"line":169,"column":25},"end":{"line":169,"column":54}},"95":{"start":{"line":170,"column":25},"end":{"line":170,"column":54}},"96":{"start":{"line":171,"column":25},"end":{"line":171,"column":53}},"97":{"start":{"line":172,"column":10},"end":{"line":172,"column":80}},"98":{"start":{"line":172,"column":45},"end":{"line":172,"column":80}},"99":{"start":{"line":173,"column":10},"end":{"line":173,"column":30}},"100":{"start":{"line":174,"column":10},"end":{"line":174,"column":30}},"101":{"start":{"line":175,"column":10},"end":{"line":175,"column":30}},"102":{"start":{"line":178,"column":20},"end":{"line":178,"column":41}},"103":{"start":{"line":179,"column":6},"end":{"line":179,"column":24}},"104":{"start":{"line":179,"column":18},"end":{"line":179,"column":24}},"105":{"start":{"line":180,"column":6},"end":{"line":180,"column":25}},"106":{"start":{"line":182,"column":4},"end":{"line":182,"column":19}},"107":{"start":{"line":183,"column":4},"end":{"line":183,"column":17}},"108":{"start":{"line":187,"column":19},"end":{"line":187,"column":30}},"109":{"start":{"line":188,"column":4},"end":{"line":188,"column":30}},"110":{"start":{"line":189,"column":18},"end":{"line":189,"column":30}},"111":{"start":{"line":190,"column":14},"end":{"line":190,"column":22}},"112":{"start":{"line":191,"column":42},"end":{"line":191,"column":44}},"113":{"start":{"line":192,"column":4},"end":{"line":192,"column":36}},"114":{"start":{"line":193,"column":4},"end":{"line":193,"column":45}},"115":{"start":{"line":194,"column":4},"end":{"line":194,"column":44}},"116":{"start":{"line":195,"column":4},"end":{"line":195,"column":36}},"117":{"start":{"line":196,"column":4},"end":{"line":196,"column":34}},"118":{"start":{"line":197,"column":4},"end":{"line":197,"column":42}},"119":{"start":{"line":198,"column":4},"end":{"line":198,"column":43}},"120":{"start":{"line":199,"column":4},"end":{"line":199,"column":43}},"121":{"start":{"line":200,"column":15},"end":{"line":200,"column":26}},"122":{"start":{"line":201,"column":4},"end":{"line":201,"column":37}},"123":{"start":{"line":201,"column":18},"end":{"line":201,"column":37}},"124":{"start":{"line":202,"column":17},"end":{"line":202,"column":46}},"125":{"start":{"line":203,"column":4},"end":{"line":203,"column":31}},"126":{"start":{"line":204,"column":4},"end":{"line":204,"column":34}},"127":{"start":{"line":205,"column":4},"end":{"line":205,"column":43}},"128":{"start":{"line":206,"column":4},"end":{"line":206,"column":35}},"129":{"start":{"line":207,"column":4},"end":{"line":207,"column":19}},"130":{"start":{"line":211,"column":19},"end":{"line":211,"column":30}},"131":{"start":{"line":212,"column":4},"end":{"line":379,"column":5}},"132":{"start":{"line":214,"column":24},"end":{"line":214,"column":51}},"133":{"start":{"line":215,"column":8},"end":{"line":220,"column":9}},"134":{"start":{"line":216,"column":10},"end":{"line":216,"column":26}},"135":{"start":{"line":217,"column":10},"end":{"line":217,"column":33}},"136":{"start":{"line":218,"column":10},"end":{"line":218,"column":33}},"137":{"start":{"line":219,"column":10},"end":{"line":219,"column":16}},"138":{"start":{"line":221,"column":8},"end":{"line":226,"column":9}},"139":{"start":{"line":222,"column":10},"end":{"line":222,"column":26}},"140":{"start":{"line":223,"column":10},"end":{"line":223,"column":33}},"141":{"start":{"line":224,"column":10},"end":{"line":224,"column":33}},"142":{"start":{"line":225,"column":10},"end":{"line":225,"column":16}},"143":{"start":{"line":227,"column":8},"end":{"line":227,"column":24}},"144":{"start":{"line":228,"column":8},"end":{"line":228,"column":31}},"145":{"start":{"line":229,"column":8},"end":{"line":229,"column":31}},"146":{"start":{"line":230,"column":8},"end":{"line":230,"column":14}},"147":{"start":{"line":233,"column":8},"end":{"line":233,"column":24}},"148":{"start":{"line":234,"column":8},"end":{"line":234,"column":31}},"149":{"start":{"line":235,"column":8},"end":{"line":235,"column":29}},"150":{"start":{"line":236,"column":8},"end":{"line":236,"column":14}},"151":{"start":{"line":239,"column":8},"end":{"line":243,"column":9}},"152":{"start":{"line":240,"column":10},"end":{"line":240,"column":26}},"153":{"start":{"line":241,"column":10},"end":{"line":241,"column":33}},"154":{"start":{"line":242,"column":10},"end":{"line":242,"column":16}},"155":{"start":{"line":244,"column":28},"end":{"line":244,"column":45}},"156":{"start":{"line":245,"column":8},"end":{"line":359,"column":9}},"157":{"start":{"line":247,"column":12},"end":{"line":247,"column":28}},"158":{"start":{"line":248,"column":12},"end":{"line":248,"column":35}},"159":{"start":{"line":249,"column":12},"end":{"line":249,"column":60}},"160":{"start":{"line":250,"column":12},"end":{"line":250,"column":18}},"161":{"start":{"line":253,"column":12},"end":{"line":253,"column":28}},"162":{"start":{"line":254,"column":12},"end":{"line":254,"column":35}},"163":{"start":{"line":255,"column":12},"end":{"line":255,"column":60}},"164":{"start":{"line":256,"column":12},"end":{"line":256,"column":18}},"165":{"start":{"line":259,"column":12},"end":{"line":259,"column":28}},"166":{"start":{"line":260,"column":12},"end":{"line":260,"column":35}},"167":{"start":{"line":261,"column":12},"end":{"line":261,"column":47}},"168":{"start":{"line":262,"column":12},"end":{"line":262,"column":18}},"169":{"start":{"line":265,"column":12},"end":{"line":265,"column":28}},"170":{"start":{"line":266,"column":12},"end":{"line":266,"column":35}},"171":{"start":{"line":267,"column":12},"end":{"line":267,"column":54}},"172":{"start":{"line":268,"column":12},"end":{"line":268,"column":18}},"173":{"start":{"line":271,"column":12},"end":{"line":271,"column":28}},"174":{"start":{"line":272,"column":12},"end":{"line":272,"column":35}},"175":{"start":{"line":273,"column":12},"end":{"line":273,"column":37}},"176":{"start":{"line":274,"column":12},"end":{"line":274,"column":88}},"177":{"start":{"line":275,"column":12},"end":{"line":275,"column":26}},"178":{"start":{"line":276,"column":12},"end":{"line":276,"column":18}},"179":{"start":{"line":279,"column":12},"end":{"line":279,"column":28}},"180":{"start":{"line":280,"column":12},"end":{"line":280,"column":35}},"181":{"start":{"line":281,"column":12},"end":{"line":281,"column":54}},"182":{"start":{"line":282,"column":12},"end":{"line":282,"column":53}},"183":{"start":{"line":283,"column":12},"end":{"line":283,"column":18}},"184":{"start":{"line":286,"column":12},"end":{"line":286,"column":28}},"185":{"start":{"line":287,"column":12},"end":{"line":287,"column":35}},"186":{"start":{"line":288,"column":28},"end":{"line":288,"column":50}},"187":{"start":{"line":289,"column":12},"end":{"line":289,"column":40}},"188":{"start":{"line":290,"column":12},"end":{"line":290,"column":43}},"189":{"start":{"line":291,"column":12},"end":{"line":291,"column":18}},"190":{"start":{"line":294,"column":12},"end":{"line":294,"column":28}},"191":{"start":{"line":295,"column":12},"end":{"line":295,"column":35}},"192":{"start":{"line":296,"column":12},"end":{"line":296,"column":62}},"193":{"start":{"line":297,"column":12},"end":{"line":297,"column":18}},"194":{"start":{"line":300,"column":12},"end":{"line":300,"column":28}},"195":{"start":{"line":301,"column":12},"end":{"line":301,"column":35}},"196":{"start":{"line":302,"column":12},"end":{"line":302,"column":56}},"197":{"start":{"line":303,"column":12},"end":{"line":303,"column":18}},"198":{"start":{"line":306,"column":12},"end":{"line":306,"column":28}},"199":{"start":{"line":307,"column":12},"end":{"line":307,"column":35}},"200":{"start":{"line":308,"column":12},"end":{"line":308,"column":56}},"201":{"start":{"line":309,"column":12},"end":{"line":309,"column":18}},"202":{"start":{"line":312,"column":12},"end":{"line":312,"column":28}},"203":{"start":{"line":313,"column":12},"end":{"line":313,"column":35}},"204":{"start":{"line":314,"column":12},"end":{"line":314,"column":56}},"205":{"start":{"line":315,"column":12},"end":{"line":315,"column":18}},"206":{"start":{"line":318,"column":12},"end":{"line":318,"column":28}},"207":{"start":{"line":319,"column":12},"end":{"line":319,"column":35}},"208":{"start":{"line":320,"column":23},"end":{"line":320,"column":45}},"209":{"start":{"line":321,"column":12},"end":{"line":321,"column":42}},"210":{"start":{"line":322,"column":12},"end":{"line":322,"column":42}},"211":{"start":{"line":323,"column":12},"end":{"line":323,"column":18}},"212":{"start":{"line":326,"column":12},"end":{"line":326,"column":28}},"213":{"start":{"line":327,"column":12},"end":{"line":327,"column":35}},"214":{"start":{"line":328,"column":24},"end":{"line":328,"column":47}},"215":{"start":{"line":329,"column":12},"end":{"line":329,"column":78}},"216":{"start":{"line":329,"column":40},"end":{"line":329,"column":78}},"217":{"start":{"line":330,"column":12},"end":{"line":330,"column":37}},"218":{"start":{"line":331,"column":12},"end":{"line":331,"column":18}},"219":{"start":{"line":334,"column":12},"end":{"line":334,"column":28}},"220":{"start":{"line":335,"column":12},"end":{"line":335,"column":35}},"221":{"start":{"line":336,"column":12},"end":{"line":336,"column":18}},"222":{"start":{"line":339,"column":12},"end":{"line":339,"column":28}},"223":{"start":{"line":340,"column":12},"end":{"line":340,"column":35}},"224":{"start":{"line":341,"column":12},"end":{"line":341,"column":18}},"225":{"start":{"line":344,"column":12},"end":{"line":344,"column":28}},"226":{"start":{"line":345,"column":12},"end":{"line":345,"column":35}},"227":{"start":{"line":346,"column":24},"end":{"line":346,"column":43}},"228":{"start":{"line":347,"column":27},"end":{"line":347,"column":42}},"229":{"start":{"line":348,"column":12},"end":{"line":348,"column":36}},"230":{"start":{"line":349,"column":12},"end":{"line":349,"column":35}},"231":{"start":{"line":350,"column":12},"end":{"line":350,"column":41}},"232":{"start":{"line":351,"column":12},"end":{"line":351,"column":18}},"233":{"start":{"line":354,"column":12},"end":{"line":354,"column":28}},"234":{"start":{"line":355,"column":12},"end":{"line":355,"column":35}},"235":{"start":{"line":356,"column":12},"end":{"line":356,"column":60}},"236":{"start":{"line":357,"column":12},"end":{"line":357,"column":18}},"237":{"start":{"line":360,"column":8},"end":{"line":360,"column":14}},"238":{"start":{"line":363,"column":8},"end":{"line":363,"column":24}},"239":{"start":{"line":364,"column":8},"end":{"line":364,"column":31}},"240":{"start":{"line":365,"column":8},"end":{"line":365,"column":26}},"241":{"start":{"line":366,"column":8},"end":{"line":366,"column":14}},"242":{"start":{"line":369,"column":8},"end":{"line":369,"column":24}},"243":{"start":{"line":370,"column":8},"end":{"line":370,"column":31}},"244":{"start":{"line":371,"column":8},"end":{"line":371,"column":14}},"245":{"start":{"line":374,"column":8},"end":{"line":374,"column":24}},"246":{"start":{"line":375,"column":8},"end":{"line":375,"column":31}},"247":{"start":{"line":376,"column":8},"end":{"line":376,"column":47}},"248":{"start":{"line":377,"column":8},"end":{"line":377,"column":14}},"249":{"start":{"line":17,"column":0},"end":{"line":17,"column":13}}},"fnMap":{"0":{"name":"(anonymous_0)","decl":{"start":{"line":18,"column":2},"end":{"line":18,"column":30}},"loc":{"start":{"line":18,"column":63},"end":{"line":18,"column":67}}},"1":{"name":"(anonymous_1)","decl":{"start":{"line":20,"column":9},"end":{"line":20,"column":15}},"loc":{"start":{"line":20,"column":30},"end":{"line":25,"column":3}}},"2":{"name":"(anonymous_2)","decl":{"start":{"line":27,"column":9},"end":{"line":27,"column":17}},"loc":{"start":{"line":27,"column":32},"end":{"line":35,"column":3}}},"3":{"name":"(anonymous_3)","decl":{"start":{"line":37,"column":9},"end":{"line":37,"column":18}},"loc":{"start":{"line":37,"column":18},"end":{"line":39,"column":3}}},"4":{"name":"(anonymous_4)","decl":{"start":{"line":41,"column":9},"end":{"line":41,"column":19}},"loc":{"start":{"line":41,"column":19},"end":{"line":43,"column":3}}},"5":{"name":"(anonymous_5)","decl":{"start":{"line":45,"column":9},"end":{"line":45,"column":21}},"loc":{"start":{"line":45,"column":35},"end":{"line":47,"column":3}}},"6":{"name":"(anonymous_6)","decl":{"start":{"line":49,"column":9},"end":{"line":49,"column":20}},"loc":{"start":{"line":49,"column":32},"end":{"line":51,"column":3}}},"7":{"name":"(anonymous_7)","decl":{"start":{"line":53,"column":9},"end":{"line":53,"column":21}},"loc":{"start":{"line":53,"column":33},"end":{"line":55,"column":3}}},"8":{"name":"(anonymous_8)","decl":{"start":{"line":57,"column":9},"end":{"line":57,"column":22}},"loc":{"start":{"line":57,"column":35},"end":{"line":59,"column":3}}},"9":{"name":"(anonymous_9)","decl":{"start":{"line":61,"column":9},"end":{"line":61,"column":19}},"loc":{"start":{"line":61,"column":31},"end":{"line":66,"column":3}}},"10":{"name":"(anonymous_10)","decl":{"start":{"line":68,"column":9},"end":{"line":68,"column":19}},"loc":{"start":{"line":68,"column":40},"end":{"line":73,"column":3}}},"11":{"name":"(anonymous_11)","decl":{"start":{"line":75,"column":9},"end":{"line":75,"column":19}},"loc":{"start":{"line":75,"column":33},"end":{"line":80,"column":3}}},"12":{"name":"(anonymous_12)","decl":{"start":{"line":82,"column":9},"end":{"line":82,"column":20}},"loc":{"start":{"line":82,"column":32},"end":{"line":84,"column":3}}},"13":{"name":"(anonymous_13)","decl":{"start":{"line":86,"column":9},"end":{"line":86,"column":17}},"loc":{"start":{"line":86,"column":33},"end":{"line":92,"column":3}}},"14":{"name":"(anonymous_14)","decl":{"start":{"line":94,"column":9},"end":{"line":94,"column":17}},"loc":{"start":{"line":94,"column":29},"end":{"line":106,"column":3}}},"15":{"name":"(anonymous_15)","decl":{"start":{"line":108,"column":9},"end":{"line":108,"column":22}},"loc":{"start":{"line":108,"column":34},"end":{"line":110,"column":3}}},"16":{"name":"(anonymous_16)","decl":{"start":{"line":112,"column":9},"end":{"line":112,"column":17}},"loc":{"start":{"line":112,"column":32},"end":{"line":114,"column":3}}},"17":{"name":"(anonymous_17)","decl":{"start":{"line":116,"column":9},"end":{"line":116,"column":17}},"loc":{"start":{"line":116,"column":46},"end":{"line":133,"column":3}}},"18":{"name":"(anonymous_18)","decl":{"start":{"line":135,"column":9},"end":{"line":135,"column":21}},"loc":{"start":{"line":135,"column":33},"end":{"line":184,"column":3}}},"19":{"name":"(anonymous_19)","decl":{"start":{"line":186,"column":9},"end":{"line":186,"column":22}},"loc":{"start":{"line":186,"column":39},"end":{"line":208,"column":3}}},"20":{"name":"(anonymous_20)","decl":{"start":{"line":210,"column":9},"end":{"line":210,"column":17}},"loc":{"start":{"line":210,"column":45},"end":{"line":380,"column":3}}}},"branchMap":{"0":{"loc":{"start":{"line":28,"column":4},"end":{"line":33,"column":5}},"type":"switch","locations":[{"start":{"line":29,"column":6},"end":{"line":32,"column":7}}]},"1":{"loc":{"start":{"line":30,"column":8},"end":{"line":30,"column":55}},"type":"if","locations":[{"start":{"line":30,"column":8},"end":{"line":30,"column":55}}]},"2":{"loc":{"start":{"line":103,"column":4},"end":{"line":105,"column":5}},"type":"if","locations":[{"start":{"line":103,"column":4},"end":{"line":105,"column":5}}]},"3":{"loc":{"start":{"line":144,"column":6},"end":{"line":177,"column":7}},"type":"if","locations":[{"start":{"line":144,"column":6},"end":{"line":177,"column":7}},{"start":{"line":148,"column":13},"end":{"line":177,"column":7}}]},"4":{"loc":{"start":{"line":145,"column":8},"end":{"line":145,"column":26}},"type":"if","locations":[{"start":{"line":145,"column":8},"end":{"line":145,"column":26}}]},"5":{"loc":{"start":{"line":148,"column":13},"end":{"line":177,"column":7}},"type":"if","locations":[{"start":{"line":148,"column":13},"end":{"line":177,"column":7}},{"start":{"line":152,"column":13},"end":{"line":177,"column":7}}]},"6":{"loc":{"start":{"line":150,"column":8},"end":{"line":150,"column":26}},"type":"if","locations":[{"start":{"line":150,"column":8},"end":{"line":150,"column":26}}]},"7":{"loc":{"start":{"line":153,"column":8},"end":{"line":161,"column":9}},"type":"if","locations":[{"start":{"line":153,"column":8},"end":{"line":161,"column":9}}]},"8":{"loc":{"start":{"line":153,"column":12},"end":{"line":153,"column":46}},"type":"binary-expr","locations":[{"start":{"line":153,"column":12},"end":{"line":153,"column":27}},{"start":{"line":153,"column":31},"end":{"line":153,"column":46}}]},"9":{"loc":{"start":{"line":154,"column":10},"end":{"line":160,"column":11}},"type":"if","locations":[{"start":{"line":154,"column":10},"end":{"line":160,"column":11}}]},"10":{"loc":{"start":{"line":156,"column":12},"end":{"line":159,"column":13}},"type":"if","locations":[{"start":{"line":156,"column":12},"end":{"line":159,"column":13}}]},"11":{"loc":{"start":{"line":162,"column":8},"end":{"line":176,"column":9}},"type":"if","locations":[{"start":{"line":162,"column":8},"end":{"line":176,"column":9}},{"start":{"line":168,"column":15},"end":{"line":176,"column":9}}]},"12":{"loc":{"start":{"line":165,"column":10},"end":{"line":165,"column":69}},"type":"if","locations":[{"start":{"line":165,"column":10},"end":{"line":165,"column":69}}]},"13":{"loc":{"start":{"line":165,"column":14},"end":{"line":165,"column":32}},"type":"binary-expr","locations":[{"start":{"line":165,"column":14},"end":{"line":165,"column":21}},{"start":{"line":165,"column":25},"end":{"line":165,"column":32}}]},"14":{"loc":{"start":{"line":172,"column":10},"end":{"line":172,"column":80}},"type":"if","locations":[{"start":{"line":172,"column":10},"end":{"line":172,"column":80}}]},"15":{"loc":{"start":{"line":172,"column":14},"end":{"line":172,"column":43}},"type":"binary-expr","locations":[{"start":{"line":172,"column":14},"end":{"line":172,"column":21}},{"start":{"line":172,"column":25},"end":{"line":172,"column":32}},{"start":{"line":172,"column":36},"end":{"line":172,"column":43}}]},"16":{"loc":{"start":{"line":179,"column":6},"end":{"line":179,"column":24}},"type":"if","locations":[{"start":{"line":179,"column":6},"end":{"line":179,"column":24}}]},"17":{"loc":{"start":{"line":201,"column":4},"end":{"line":201,"column":37}},"type":"if","locations":[{"start":{"line":201,"column":4},"end":{"line":201,"column":37}}]},"18":{"loc":{"start":{"line":212,"column":4},"end":{"line":379,"column":5}},"type":"switch","locations":[{"start":{"line":213,"column":6},"end":{"line":231,"column":7}},{"start":{"line":232,"column":6},"end":{"line":237,"column":7}},{"start":{"line":238,"column":6},"end":{"line":361,"column":7}},{"start":{"line":362,"column":6},"end":{"line":367,"column":7}},{"start":{"line":368,"column":6},"end":{"line":372,"column":7}},{"start":{"line":373,"column":6},"end":{"line":378,"column":7}}]},"19":{"loc":{"start":{"line":215,"column":8},"end":{"line":220,"column":9}},"type":"if","locations":[{"start":{"line":215,"column":8},"end":{"line":220,"column":9}}]},"20":{"loc":{"start":{"line":221,"column":8},"end":{"line":226,"column":9}},"type":"if","locations":[{"start":{"line":221,"column":8},"end":{"line":226,"column":9}}]},"21":{"loc":{"start":{"line":221,"column":12},"end":{"line":221,"column":55}},"type":"binary-expr","locations":[{"start":{"line":221,"column":12},"end":{"line":221,"column":31}},{"start":{"line":221,"column":35},"end":{"line":221,"column":55}}]},"22":{"loc":{"start":{"line":239,"column":8},"end":{"line":243,"column":9}},"type":"if","locations":[{"start":{"line":239,"column":8},"end":{"line":243,"column":9}}]},"23":{"loc":{"start":{"line":245,"column":8},"end":{"line":359,"column":9}},"type":"switch","locations":[{"start":{"line":246,"column":10},"end":{"line":251,"column":11}},{"start":{"line":252,"column":10},"end":{"line":257,"column":11}},{"start":{"line":258,"column":10},"end":{"line":263,"column":11}},{"start":{"line":264,"column":10},"end":{"line":269,"column":11}},{"start":{"line":270,"column":10},"end":{"line":277,"column":11}},{"start":{"line":278,"column":10},"end":{"line":284,"column":11}},{"start":{"line":285,"column":10},"end":{"line":292,"column":11}},{"start":{"line":293,"column":10},"end":{"line":298,"column":11}},{"start":{"line":299,"column":10},"end":{"line":304,"column":11}},{"start":{"line":305,"column":10},"end":{"line":310,"column":11}},{"start":{"line":311,"column":10},"end":{"line":316,"column":11}},{"start":{"line":317,"column":10},"end":{"line":324,"column":11}},{"start":{"line":325,"column":10},"end":{"line":332,"column":11}},{"start":{"line":333,"column":10},"end":{"line":337,"column":11}},{"start":{"line":338,"column":10},"end":{"line":342,"column":11}},{"start":{"line":343,"column":10},"end":{"line":352,"column":11}},{"start":{"line":353,"column":10},"end":{"line":358,"column":11}}]},"24":{"loc":{"start":{"line":329,"column":12},"end":{"line":329,"column":78}},"type":"if","locations":[{"start":{"line":329,"column":12},"end":{"line":329,"column":78}}]},"25":{"loc":{"start":{"line":376,"column":22},"end":{"line":376,"column":45}},"type":"binary-expr","locations":[{"start":{"line":376,"column":22},"end":{"line":376,"column":39}},{"start":{"line":376,"column":43},"end":{"line":376,"column":45}}]}},"s":{"0":3,"1":3,"2":144,"3":144,"4":144,"5":144,"6":144,"7":144,"8":0,"9":144,"10":0,"11":0,"12":0,"13":0,"14":0,"15":0,"16":0,"17":1354,"18":1354,"19":1354,"20":1354,"21":13,"22":13,"23":13,"24":13,"25":59,"26":59,"27":59,"28":59,"29":0,"30":1,"31":1,"32":1,"33":1,"34":1,"35":1147,"36":1147,"37":1147,"38":1147,"39":1147,"40":1147,"41":1147,"42":1147,"43":1147,"44":10,"45":0,"46":0,"47":2411,"48":2411,"49":2411,"50":2411,"51":2411,"52":2411,"53":2411,"54":2411,"55":2411,"56":3968,"57":3968,"58":3968,"59":2411,"60":2411,"61":2411,"62":2411,"63":3970,"64":3970,"65":3970,"66":3970,"67":3970,"68":3970,"69":3970,"70":31285,"71":31285,"72":31283,"73":0,"74":31283,"75":31283,"76":2,"77":1,"78":1,"79":0,"80":1,"81":1,"82":1,"83":1,"84":1,"85":1,"86":1,"87":1,"88":0,"89":0,"90":0,"91":0,"92":0,"93":0,"94":1,"95":1,"96":1,"97":1,"98":0,"99":1,"100":1,"101":1,"102":2,"103":2,"104":0,"105":2,"106":3970,"107":3970,"108":2,"109":2,"110":2,"111":2,"112":2,"113":2,"114":2,"115":2,"116":2,"117":2,"118":2,"119":2,"120":2,"121":2,"122":2,"123":0,"124":2,"125":2,"126":2,"127":2,"128":2,"129":2,"130":3968,"131":3968,"132":270,"133":270,"134":58,"135":58,"136":58,"137":58,"138":212,"139":200,"140":200,"141":200,"142":200,"143":12,"144":12,"145":12,"146":12,"147":1143,"148":1143,"149":1143,"150":1143,"151":2345,"152":62,"153":62,"154":62,"155":2283,"156":2283,"157":1337,"158":1337,"159":1337,"160":1337,"161":929,"162":929,"163":929,"164":929,"165":1,"166":1,"167":1,"168":1,"169":1,"170":1,"171":1,"172":1,"173":1,"174":1,"175":1,"176":1,"177":1,"178":1,"179":1,"180":1,"181":1,"182":1,"183":1,"184":1,"185":1,"186":1,"187":1,"188":1,"189":1,"190":1,"191":1,"192":1,"193":1,"194":1,"195":1,"196":1,"197":1,"198":1,"199":1,"200":1,"201":1,"202":1,"203":1,"204":1,"205":1,"206":1,"207":1,"208":1,"209":1,"210":1,"211":1,"212":1,"213":1,"214":1,"215":1,"216":0,"217":1,"218":1,"219":1,"220":1,"221":1,"222":1,"223":1,"224":1,"225":3,"226":3,"227":3,"228":3,"229":3,"230":3,"231":3,"232":3,"233":1,"234":1,"235":1,"236":1,"237":2283,"238":206,"239":206,"240":206,"241":206,"242":2,"243":2,"244":2,"245":2,"246":2,"247":2,"248":2,"249":3},"f":{"0":3,"1":144,"2":144,"3":0,"4":0,"5":0,"6":0,"7":0,"8":0,"9":1354,"10":13,"11":59,"12":0,"13":1,"14":1147,"15":0,"16":0,"17":2411,"18":3970,"19":2,"20":3968},"b":{"0":[144],"1":[0],"2":[10],"3":[31283,2],"4":[0],"5":[1,1],"6":[0],"7":[1],"8":[1,1],"9":[1],"10":[1],"11":[0,1],"12":[0],"13":[0,0],"14":[0],"15":[1,1,1],"16":[0],"17":[0],"18":[270,1143,2345,206,2,2],"19":[58],"20":[200],"21":[212,204],"22":[62],"23":[1337,929,1,1,1,1,1,1,1,1,1,1,1,1,1,3,1],"24":[0],"25":[2,0]}}
,"/home/runner/work/json-pack/json-pack/src/bson/values.ts": {"path":"/home/runner/work/json-pack/json-pack/src/bson/values.ts","statementMap":{"0":{"start":{"line":3,"column":11},"end":{"line":3,"column":28}},"1":{"start":{"line":4,"column":11},"end":{"line":4,"column":26}},"2":{"start":{"line":5,"column":11},"end":{"line":5,"column":26}},"3":{"start":{"line":1,"column":0},"end":{"line":1,"column":13}},"4":{"start":{"line":11,"column":11},"end":{"line":11,"column":23}},"5":{"start":{"line":12,"column":11},"end":{"line":12,"column":27}},"6":{"start":{"line":9,"column":0},"end":{"line":9,"column":13}},"7":{"start":{"line":17,"column":28},"end":{"line":17,"column":40}},"8":{"start":{"line":16,"column":0},"end":{"line":16,"column":13}},"9":{"start":{"line":21,"column":28},"end":{"line":21,"column":42}},"10":{"start":{"line":20,"column":0},"end":{"line":20,"column":13}},"11":{"start":{"line":26,"column":11},"end":{"line":26,"column":23}},"12":{"start":{"line":27,"column":11},"end":{"line":27,"column":41}},"13":{"start":{"line":24,"column":0},"end":{"line":24,"column":13}},"14":{"start":{"line":32,"column":28},"end":{"line":32,"column":41}},"15":{"start":{"line":31,"column":0},"end":{"line":31,"column":13}},"16":{"start":{"line":36,"column":28},"end":{"line":36,"column":41}},"17":{"start":{"line":35,"column":0},"end":{"line":35,"column":13}},"18":{"start":{"line":40,"column":28},"end":{"line":40,"column":41}},"19":{"start":{"line":39,"column":0},"end":{"line":39,"column":13}},"20":{"start":{"line":45,"column":11},"end":{"line":45,"column":28}},"21":{"start":{"line":46,"column":11},"end":{"line":46,"column":28}},"22":{"start":{"line":43,"column":0},"end":{"line":43,"column":13}},"23":{"start":{"line":51,"column":28},"end":{"line":51,"column":44}},"24":{"start":{"line":50,"column":0},"end":{"line":50,"column":13}},"25":{"start":{"line":54,"column":0},"end":{"line":54,"column":13}},"26":{"start":{"line":56,"column":0},"end":{"line":56,"column":13}},"27":{"start":{"line":60,"column":11},"end":{"line":60,"column":26}},"28":{"start":{"line":61,"column":11},"end":{"line":61,"column":27}},"29":{"start":{"line":58,"column":0},"end":{"line":58,"column":13}}},"fnMap":{"0":{"name":"(anonymous_0)","decl":{"start":{"line":2,"column":2},"end":{"line":2,"column":null}},"loc":{"start":{"line":5,"column":26},"end":{"line":6,"column":6}}},"1":{"name":"(anonymous_1)","decl":{"start":{"line":10,"column":2},"end":{"line":10,"column":null}},"loc":{"start":{"line":12,"column":27},"end":{"line":13,"column":6}}},"2":{"name":"(anonymous_2)","decl":{"start":{"line":17,"column":2},"end":{"line":17,"column":28}},"loc":{"start":{"line":17,"column":40},"end":{"line":17,"column":44}}},"3":{"name":"(anonymous_3)","decl":{"start":{"line":21,"column":2},"end":{"line":21,"column":28}},"loc":{"start":{"line":21,"column":42},"end":{"line":21,"column":46}}},"4":{"name":"(anonymous_4)","decl":{"start":{"line":25,"column":2},"end":{"line":25,"column":null}},"loc":{"start":{"line":27,"column":41},"end":{"line":28,"column":6}}},"5":{"name":"(anonymous_5)","decl":{"start":{"line":32,"column":2},"end":{"line":32,"column":28}},"loc":{"start":{"line":32,"column":41},"end":{"line":32,"column":45}}},"6":{"name":"(anonymous_6)","decl":{"start":{"line":36,"column":2},"end":{"line":36,"column":28}},"loc":{"start":{"line":36,"column":41},"end":{"line":36,"column":45}}},"7":{"name":"(anonymous_7)","decl":{"start":{"line":40,"column":2},"end":{"line":40,"column":28}},"loc":{"start":{"line":40,"column":41},"end":{"line":40,"column":45}}},"8":{"name":"(anonymous_8)","decl":{"start":{"line":44,"column":2},"end":{"line":44,"column":null}},"loc":{"start":{"line":46,"column":28},"end":{"line":47,"column":6}}},"9":{"name":"(anonymous_9)","decl":{"start":{"line":51,"column":2},"end":{"line":51,"column":28}},"loc":{"start":{"line":51,"column":44},"end":{"line":51,"column":48}}},"10":{"name":"(anonymous_10)","decl":{"start":{"line":59,"column":2},"end":{"line":59,"column":null}},"loc":{"start":{"line":61,"column":27},"end":{"line":62,"column":6}}}},"branchMap":{},"s":{"0":2,"1":2,"2":2,"3":3,"4":1,"5":1,"6":3,"7":1,"8":3,"9":0,"10":3,"11":1,"12":1,"13":3,"14":1,"15":3,"16":1,"17":3,"18":1,"19":3,"20":1,"21":1,"22":3,"23":1,"24":3,"25":3,"26":3,"27":3,"28":3,"29":3},"f":{"0":2,"1":1,"2":1,"3":0,"4":1,"5":1,"6":1,"7":1,"8":1,"9":1,"10":3},"b":{}}
,"/home/runner/work/json-pack/json-pack/src/cbor/CborDecoder.ts": {"path":"/home/runner/work/json-pack/json-pack/src/cbor/CborDecoder.ts","statementMap":{"0":{"start":{"line":2,"column":0},"end":{"line":2,"column":50}},"1":{"start":{"line":3,"column":0},"end":{"line":3,"column":47}},"2":{"start":{"line":13,"column":18},"end":{"line":13,"column":34}},"3":{"start":{"line":14,"column":18},"end":{"line":14,"column":28}},"4":{"start":{"line":15,"column":18},"end":{"line":15,"column":42}},"5":{"start":{"line":16,"column":4},"end":{"line":21,"column":5}},"6":{"start":{"line":18,"column":8},"end":{"line":18,"column":35}},"7":{"start":{"line":20,"column":8},"end":{"line":20,"column":37}},"8":{"start":{"line":25,"column":19},"end":{"line":25,"column":43}},"9":{"start":{"line":26,"column":4},"end":{"line":27,"column":36}},"10":{"start":{"line":26,"column":21},"end":{"line":26,"column":52}},"11":{"start":{"line":27,"column":9},"end":{"line":27,"column":36}},"12":{"start":{"line":31,"column":39},"end":{"line":31,"column":48}},"13":{"start":{"line":32,"column":4},"end":{"line":36,"column":5}},"14":{"start":{"line":32,"column":17},"end":{"line":32,"column":18}},"15":{"start":{"line":33,"column":18},"end":{"line":33,"column":28}},"16":{"start":{"line":34,"column":20},"end":{"line":34,"column":30}},"17":{"start":{"line":35,"column":6},"end":{"line":35,"column":26}},"18":{"start":{"line":37,"column":4},"end":{"line":37,"column":15}},"19":{"start":{"line":41,"column":39},"end":{"line":41,"column":48}},"20":{"start":{"line":42,"column":4},"end":{"line":47,"column":5}},"21":{"start":{"line":43,"column":18},"end":{"line":43,"column":28}},"22":{"start":{"line":44,"column":6},"end":{"line":44,"column":77}},"23":{"start":{"line":44,"column":44},"end":{"line":44,"column":77}},"24":{"start":{"line":45,"column":20},"end":{"line":45,"column":30}},"25":{"start":{"line":46,"column":6},"end":{"line":46,"column":26}},"26":{"start":{"line":48,"column":4},"end":{"line":48,"column":20}},"27":{"start":{"line":49,"column":4},"end":{"line":49,"column":15}},"28":{"start":{"line":55,"column":4},"end":{"line":55,"column":47}},"29":{"start":{"line":55,"column":17},"end":{"line":55,"column":18}},"30":{"start":{"line":55,"column":32},"end":{"line":55,"column":47}},"31":{"start":{"line":58,"column":4},"end":{"line":58,"column":38}},"32":{"start":{"line":62,"column":18},"end":{"line":62,"column":28}},"33":{"start":{"line":63,"column":18},"end":{"line":63,"column":42}},"34":{"start":{"line":64,"column":4},"end":{"line":87,"column":5}},"35":{"start":{"line":67,"column":8},"end":{"line":67,"column":30}},"36":{"start":{"line":68,"column":8},"end":{"line":68,"column":14}},"37":{"start":{"line":70,"column":8},"end":{"line":70,"column":28}},"38":{"start":{"line":71,"column":8},"end":{"line":71,"column":14}},"39":{"start":{"line":73,"column":8},"end":{"line":73,"column":28}},"40":{"start":{"line":74,"column":8},"end":{"line":74,"column":14}},"41":{"start":{"line":76,"column":8},"end":{"line":76,"column":28}},"42":{"start":{"line":77,"column":8},"end":{"line":77,"column":14}},"43":{"start":{"line":79,"column":8},"end":{"line":79,"column":28}},"44":{"start":{"line":80,"column":8},"end":{"line":80,"column":14}},"45":{"start":{"line":82,"column":8},"end":{"line":82,"column":28}},"46":{"start":{"line":83,"column":8},"end":{"line":83,"column":14}},"47":{"start":{"line":85,"column":8},"end":{"line":85,"column":28}},"48":{"start":{"line":86,"column":8},"end":{"line":86,"column":14}},"49":{"start":{"line":91,"column":4},"end":{"line":91,"column":34}},"50":{"start":{"line":91,"column":21},"end":{"line":91,"column":34}},"51":{"start":{"line":92,"column":4},"end":{"line":105,"column":5}},"52":{"start":{"line":94,"column":8},"end":{"line":94,"column":32}},"53":{"start":{"line":96,"column":8},"end":{"line":96,"column":33}},"54":{"start":{"line":98,"column":8},"end":{"line":98,"column":33}},"55":{"start":{"line":100,"column":8},"end":{"line":100,"column":41}},"56":{"start":{"line":102,"column":8},"end":{"line":102,"column":18}},"57":{"start":{"line":104,"column":8},"end":{"line":104,"column":37}},"58":{"start":{"line":111,"column":4},"end":{"line":111,"column":28}},"59":{"start":{"line":111,"column":21},"end":{"line":111,"column":28}},"60":{"start":{"line":112,"column":4},"end":{"line":123,"column":5}},"61":{"start":{"line":114,"column":8},"end":{"line":114,"column":35}},"62":{"start":{"line":116,"column":8},"end":{"line":116,"column":35}},"63":{"start":{"line":118,"column":8},"end":{"line":118,"column":35}},"64":{"start":{"line":120,"column":8},"end":{"line":120,"column":35}},"65":{"start":{"line":122,"column":8},"end":{"line":122,"column":37}},"66":{"start":{"line":129,"column":19},"end":{"line":129,"column":43}},"67":{"start":{"line":130,"column":4},"end":{"line":134,"column":5}},"68":{"start":{"line":130,"column":21},"end":{"line":130,"column":46}},"69":{"start":{"line":132,"column":6},"end":{"line":132,"column":67}},"70":{"start":{"line":132,"column":47},"end":{"line":132,"column":67}},"71":{"start":{"line":133,"column":6},"end":{"line":133,"column":22}},"72":{"start":{"line":138,"column":18},"end":{"line":138,"column":34}},"73":{"start":{"line":139,"column":18},"end":{"line":139,"column":28}},"74":{"start":{"line":140,"column":18},"end":{"line":140,"column":42}},"75":{"start":{"line":141,"column":4},"end":{"line":141,"column":68}},"76":{"start":{"line":141,"column":29},"end":{"line":141,"column":68}},"77":{"start":{"line":142,"column":4},"end":{"line":142,"column":59}},"78":{"start":{"line":142,"column":20},"end":{"line":142,"column":59}},"79":{"start":{"line":143,"column":4},"end":{"line":143,"column":24}},"80":{"start":{"line":149,"column":19},"end":{"line":149,"column":43}},"81":{"start":{"line":150,"column":4},"end":{"line":154,"column":5}},"82":{"start":{"line":150,"column":21},"end":{"line":150,"column":46}},"83":{"start":{"line":152,"column":6},"end":{"line":152,"column":67}},"84":{"start":{"line":152,"column":47},"end":{"line":152,"column":67}},"85":{"start":{"line":153,"column":6},"end":{"line":153,"column":22}},"86":{"start":{"line":158,"column":18},"end":{"line":158,"column":34}},"87":{"start":{"line":159,"column":18},"end":{"line":159,"column":28}},"88":{"start":{"line":160,"column":18},"end":{"line":160,"column":42}},"89":{"start":{"line":161,"column":4},"end":{"line":161,"column":68}},"90":{"start":{"line":161,"column":29},"end":{"line":161,"column":68}},"91":{"start":{"line":162,"column":4},"end":{"line":162,"column":59}},"92":{"start":{"line":162,"column":20},"end":{"line":162,"column":59}},"93":{"start":{"line":163,"column":4},"end":{"line":163,"column":24}},"94":{"start":{"line":169,"column":19},"end":{"line":169,"column":43}},"95":{"start":{"line":170,"column":4},"end":{"line":174,"column":5}},"96":{"start":{"line":170,"column":21},"end":{"line":170,"column":40}},"97":{"start":{"line":172,"column":6},"end":{"line":172,"column":62}},"98":{"start":{"line":172,"column":47},"end":{"line":172,"column":62}},"99":{"start":{"line":173,"column":6},"end":{"line":173,"column":22}},"100":{"start":{"line":180,"column":19},"end":{"line":180,"column":43}},"101":{"start":{"line":181,"column":4},"end":{"line":189,"column":5}},"102":{"start":{"line":181,"column":21},"end":{"line":181,"column":51}},"103":{"start":{"line":183,"column":6},"end":{"line":187,"column":7}},"104":{"start":{"line":184,"column":8},"end":{"line":184,"column":23}},"105":{"start":{"line":185,"column":8},"end":{"line":185,"column":79}},"106":{"start":{"line":185,"column":46},"end":{"line":185,"column":79}},"107":{"start":{"line":186,"column":8},"end":{"line":186,"column":23}},"108":{"start":{"line":188,"column":6},"end":{"line":188,"column":22}},"109":{"start":{"line":195,"column":19},"end":{"line":195,"column":43}},"110":{"start":{"line":196,"column":4},"end":{"line":196,"column":49}},"111":{"start":{"line":196,"column":20},"end":{"line":196,"column":49}},"112":{"start":{"line":197,"column":4},"end":{"line":197,"column":19}},"113":{"start":{"line":203,"column":4},"end":{"line":216,"column":5}},"114":{"start":{"line":205,"column":8},"end":{"line":205,"column":28}},"115":{"start":{"line":206,"column":8},"end":{"line":206,"column":15}},"116":{"start":{"line":208,"column":8},"end":{"line":208,"column":28}},"117":{"start":{"line":209,"column":8},"end":{"line":209,"column":15}},"118":{"start":{"line":211,"column":8},"end":{"line":211,"column":28}},"119":{"start":{"line":212,"column":8},"end":{"line":212,"column":15}},"120":{"start":{"line":214,"column":8},"end":{"line":214,"column":28}},"121":{"start":{"line":215,"column":8},"end":{"line":215,"column":15}},"122":{"start":{"line":217,"column":4},"end":{"line":217,"column":28}},"123":{"start":{"line":217,"column":21},"end":{"line":217,"column":28}},"124":{"start":{"line":218,"column":4},"end":{"line":218,"column":33}},"125":{"start":{"line":237,"column":4},"end":{"line":237,"column":29}},"126":{"start":{"line":238,"column":4},"end":{"line":238,"column":27}},"127":{"start":{"line":239,"column":18},"end":{"line":239,"column":24}},"128":{"start":{"line":240,"column":4},"end":{"line":240,"column":19}},"129":{"start":{"line":241,"column":16},"end":{"line":241,"column":29}},"130":{"start":{"line":242,"column":4},"end":{"line":242,"column":55}},"131":{"start":{"line":242,"column":30},"end":{"line":242,"column":55}},"132":{"start":{"line":248,"column":4},"end":{"line":248,"column":29}},"133":{"start":{"line":249,"column":4},"end":{"line":249,"column":28}},"134":{"start":{"line":259,"column":18},"end":{"line":259,"column":34}},"135":{"start":{"line":260,"column":18},"end":{"line":260,"column":28}},"136":{"start":{"line":261,"column":18},"end":{"line":261,"column":42}},"137":{"start":{"line":262,"column":4},"end":{"line":269,"column":5}},"138":{"start":{"line":264,"column":8},"end":{"line":264,"column":40}},"139":{"start":{"line":266,"column":8},"end":{"line":266,"column":40}},"140":{"start":{"line":268,"column":8},"end":{"line":268,"column":39}},"141":{"start":{"line":278,"column":18},"end":{"line":278,"column":36}},"142":{"start":{"line":279,"column":18},"end":{"line":279,"column":28}},"143":{"start":{"line":280,"column":4},"end":{"line":286,"column":5}},"144":{"start":{"line":283,"column":8},"end":{"line":283,"column":34}},"145":{"start":{"line":285,"column":8},"end":{"line":285,"column":26}},"146":{"start":{"line":290,"column":19},"end":{"line":290,"column":30}},"147":{"start":{"line":291,"column":18},"end":{"line":291,"column":26}},"148":{"start":{"line":292,"column":4},"end":{"line":292,"column":19}},"149":{"start":{"line":293,"column":16},"end":{"line":293,"column":24}},"150":{"start":{"line":294,"column":4},"end":{"line":294,"column":64}},"151":{"start":{"line":300,"column":19},"end":{"line":300,"column":43}},"152":{"start":{"line":301,"column":4},"end":{"line":302,"column":41}},"153":{"start":{"line":301,"column":21},"end":{"line":301,"column":57}},"154":{"start":{"line":302,"column":9},"end":{"line":302,"column":41}},"155":{"start":{"line":306,"column":41},"end":{"line":306,"column":43}},"156":{"start":{"line":307,"column":4},"end":{"line":311,"column":5}},"157":{"start":{"line":307,"column":17},"end":{"line":307,"column":18}},"158":{"start":{"line":308,"column":18},"end":{"line":308,"column":28}},"159":{"start":{"line":309,"column":20},"end":{"line":309,"column":45}},"160":{"start":{"line":310,"column":6},"end":{"line":310,"column":23}},"161":{"start":{"line":312,"column":4},"end":{"line":312,"column":15}},"162":{"start":{"line":316,"column":41},"end":{"line":316,"column":43}},"163":{"start":{"line":317,"column":4},"end":{"line":322,"column":5}},"164":{"start":{"line":318,"column":18},"end":{"line":318,"column":28}},"165":{"start":{"line":319,"column":6},"end":{"line":319,"column":77}},"166":{"start":{"line":319,"column":44},"end":{"line":319,"column":77}},"167":{"start":{"line":320,"column":20},"end":{"line":320,"column":45}},"168":{"start":{"line":321,"column":6},"end":{"line":321,"column":23}},"169":{"start":{"line":323,"column":4},"end":{"line":323,"column":20}},"170":{"start":{"line":324,"column":4},"end":{"line":324,"column":15}},"171":{"start":{"line":330,"column":19},"end":{"line":330,"column":43}},"172":{"start":{"line":331,"column":4},"end":{"line":331,"column":57}},"173":{"start":{"line":331,"column":21},"end":{"line":331,"column":57}},"174":{"start":{"line":332,"column":4},"end":{"line":332,"column":36}},"175":{"start":{"line":336,"column":27},"end":{"line":336,"column":29}},"176":{"start":{"line":337,"column":4},"end":{"line":337,"column":73}},"177":{"start":{"line":337,"column":17},"end":{"line":337,"column":18}},"178":{"start":{"line":337,"column":37},"end":{"line":337,"column":73}},"179":{"start":{"line":338,"column":4},"end":{"line":338,"column":15}},"180":{"start":{"line":342,"column":27},"end":{"line":342,"column":29}},"181":{"start":{"line":343,"column":4},"end":{"line":343,"column":81}},"182":{"start":{"line":343,"column":45},"end":{"line":343,"column":81}},"183":{"start":{"line":344,"column":4},"end":{"line":344,"column":20}},"184":{"start":{"line":345,"column":4},"end":{"line":345,"column":15}},"185":{"start":{"line":351,"column":18},"end":{"line":351,"column":34}},"186":{"start":{"line":352,"column":18},"end":{"line":352,"column":28}},"187":{"start":{"line":353,"column":4},"end":{"line":353,"column":62}},"188":{"start":{"line":353,"column":33},"end":{"line":353,"column":62}},"189":{"start":{"line":354,"column":18},"end":{"line":354,"column":42}},"190":{"start":{"line":355,"column":4},"end":{"line":355,"column":33}},"191":{"start":{"line":355,"column":20},"end":{"line":355,"column":33}},"192":{"start":{"line":356,"column":4},"end":{"line":367,"column":5}},"193":{"start":{"line":358,"column":8},"end":{"line":358,"column":32}},"194":{"start":{"line":360,"column":8},"end":{"line":360,"column":33}},"195":{"start":{"line":362,"column":8},"end":{"line":362,"column":33}},"196":{"start":{"line":364,"column":8},"end":{"line":364,"column":41}},"197":{"start":{"line":366,"column":8},"end":{"line":366,"column":18}},"198":{"start":{"line":368,"column":4},"end":{"line":368,"column":33}},"199":{"start":{"line":372,"column":4},"end":{"line":372,"column":35}},"200":{"start":{"line":376,"column":4},"end":{"line":376,"column":35}},"201":{"start":{"line":380,"column":4},"end":{"line":380,"column":35}},"202":{"start":{"line":384,"column":17},"end":{"line":384,"column":34}},"203":{"start":{"line":385,"column":4},"end":{"line":389,"column":5}},"204":{"start":{"line":385,"column":17},"end":{"line":385,"column":18}},"205":{"start":{"line":386,"column":16},"end":{"line":386,"column":26}},"206":{"start":{"line":387,"column":6},"end":{"line":387,"column":33}},"207":{"start":{"line":387,"column":21},"end":{"line":387,"column":33}},"208":{"start":{"line":388,"column":6},"end":{"line":388,"column":21}},"209":{"start":{"line":390,"column":4},"end":{"line":390,"column":30}},"210":{"start":{"line":394,"column":17},"end":{"line":394,"column":34}},"211":{"start":{"line":395,"column":4},"end":{"line":395,"column":55}},"212":{"start":{"line":395,"column":23},"end":{"line":395,"column":55}},"213":{"start":{"line":396,"column":4},"end":{"line":396,"column":51}},"214":{"start":{"line":396,"column":17},"end":{"line":396,"column":18}},"215":{"start":{"line":396,"column":36},"end":{"line":396,"column":51}},"216":{"start":{"line":397,"column":4},"end":{"line":397,"column":16}},"217":{"start":{"line":401,"column":4},"end":{"line":405,"column":5}},"218":{"start":{"line":401,"column":17},"end":{"line":401,"column":18}},"219":{"start":{"line":402,"column":22},"end":{"line":402,"column":29}},"220":{"start":{"line":403,"column":6},"end":{"line":404,"column":35}},"221":{"start":{"line":403,"column":39},"end":{"line":403,"column":61}},"222":{"start":{"line":404,"column":11},"end":{"line":404,"column":35}},"223":{"start":{"line":406,"column":4},"end":{"line":406,"column":16}},"224":{"start":{"line":7,"column":0},"end":{"line":7,"column":13}}},"fnMap":{"0":{"name":"(anonymous_0)","decl":{"start":{"line":12,"column":9},"end":{"line":12,"column":18}},"loc":{"start":{"line":12,"column":18},"end":{"line":22,"column":3}}},"1":{"name":"(anonymous_1)","decl":{"start":{"line":24,"column":9},"end":{"line":24,"column":16}},"loc":{"start":{"line":24,"column":30},"end":{"line":28,"column":3}}},"2":{"name":"(anonymous_2)","decl":{"start":{"line":30,"column":9},"end":{"line":30,"column":19}},"loc":{
[...]
},"end":{"line":34,"column":49}},"17":{"start":{"line":34,"column":20},"end":{"line":34,"column":49}},"18":{"start":{"line":35,"column":28},"end":{"line":35,"column":45}},"19":{"start":{"line":36,"column":8},"end":{"line":71,"column":9}},"20":{"start":{"line":38,"column":24},"end":{"line":38,"column":56}},"21":{"start":{"line":39,"column":12},"end":{"line":42,"column":13}},"22":{"start":{"line":40,"column":14},"end":{"line":40,"column":35}},"23":{"start":{"line":41,"column":14},"end":{"line":41,"column":34}},"24":{"start":{"line":43,"column":12},"end":{"line":43,"column":18}},"25":{"start":{"line":46,"column":24},"end":{"line":46,"column":42}},"26":{"start":{"line":47,"column":24},"end":{"line":47,"column":34}},"27":{"start":{"line":48,"column":12},"end":{"line":48,"column":60}},"28":{"start":{"line":48,"column":25},"end":{"line":48,"column":26}},"29":{"start":{"line":48,"column":42},"end":{"line":48,"column":60}},"30":{"start":{"line":49,"column":12},"end":{"line":49,"column":18}},"31":{"start":{"line":52,"column":24},"end":{"line":52,"column":54}},"32":{"start":{"line":53,"column":12},"end":{"line":56,"column":15}},"33":{"start":{"line":54,"column":14},"end":{"line":54,"column":29}},"34":{"start":{"line":55,"column":14},"end":{"line":55,"column":31}},"35":{"start":{"line":57,"column":12},"end":{"line":57,"column":18}},"36":{"start":{"line":60,"column":24},"end":{"line":60,"column":45}},"37":{"start":{"line":61,"column":12},"end":{"line":63,"column":15}},"38":{"start":{"line":62,"column":14},"end":{"line":62,"column":31}},"39":{"start":{"line":64,"column":12},"end":{"line":64,"column":18}},"40":{"start":{"line":67,"column":24},"end":{"line":67,"column":50}},"41":{"start":{"line":68,"column":12},"end":{"line":68,"column":37}},"42":{"start":{"line":69,"column":12},"end":{"line":69,"column":31}},"43":{"start":{"line":72,"column":8},"end":{"line":72,"column":15}},"44":{"start":{"line":75,"column":8},"end":{"line":75,"column":38}},"45":{"start":{"line":80,"column":21},"end":{"line":80,"column":46}},"46":{"start":{"line":81,"column":4},"end":{"line":81,"column":35}},"47":{"start":{"line":81,"column":28},"end":{"line":81,"column":33}},"48":{"start":{"line":82,"column":16},"end":{"line":82,"column":31}},"49":{"start":{"line":83,"column":18},"end":{"line":83,"column":28}},"50":{"start":{"line":84,"column":16},"end":{"line":84,"column":24}},"51":{"start":{"line":85,"column":4},"end":{"line":96,"column":5}},"52":{"start":{"line":86,"column":20},"end":{"line":86,"column":31}},"53":{"start":{"line":87,"column":6},"end":{"line":87,"column":24}},"54":{"start":{"line":88,"column":6},"end":{"line":88,"column":24}},"55":{"start":{"line":89,"column":17},"end":{"line":89,"column":22}},"56":{"start":{"line":90,"column":6},"end":{"line":95,"column":7}},"57":{"start":{"line":90,"column":19},"end":{"line":90,"column":20}},"58":{"start":{"line":91,"column":20},"end":{"line":91,"column":31}},"59":{"start":{"line":92,"column":8},"end":{"line":92,"column":31}},"60":{"start":{"line":93,"column":8},"end":{"line":93,"column":24}},"61":{"start":{"line":94,"column":8},"end":{"line":94,"column":19}},"62":{"start":{"line":97,"column":24},"end":{"line":97,"column":52}},"63":{"start":{"line":98,"column":4},"end":{"line":98,"column":23}},"64":{"start":{"line":99,"column":27},"end":{"line":99,"column":45}},"65":{"start":{"line":100,"column":4},"end":{"line":104,"column":5}},"66":{"start":{"line":100,"column":17},"end":{"line":100,"column":18}},"67":{"start":{"line":101,"column":20},"end":{"line":101,"column":34}},"68":{"start":{"line":102,"column":6},"end":{"line":102,"column":24}},"69":{"start":{"line":103,"column":6},"end":{"line":103,"column":30}},"70":{"start":{"line":105,"column":4},"end":{"line":105,"column":26}},"71":{"start":{"line":106,"column":4},"end":{"line":106,"column":29}},"72":{"start":{"line":110,"column":18},"end":{"line":110,"column":37}},"73":{"start":{"line":111,"column":4},"end":{"line":111,"column":97}},"74":{"start":{"line":111,"column":29},"end":{"line":111,"column":97}},"75":{"start":{"line":112,"column":4},"end":{"line":112,"column":17}},"76":{"start":{"line":116,"column":4},"end":{"line":116,"column":22}},"77":{"start":{"line":120,"column":4},"end":{"line":165,"column":5}},"78":{"start":{"line":122,"column":8},"end":{"line":122,"column":47}},"79":{"start":{"line":122,"column":20},"end":{"line":122,"column":47}},"80":{"start":{"line":123,"column":28},"end":{"line":123,"column":45}},"81":{"start":{"line":124,"column":8},"end":{"line":159,"column":9}},"82":{"start":{"line":126,"column":24},"end":{"line":126,"column":56}},"83":{"start":{"line":127,"column":52},"end":{"line":127,"column":54}},"84":{"start":{"line":128,"column":12},"end":{"line":128,"column":88}},"85":{"start":{"line":128,"column":35},"end":{"line":128,"column":88}},"86":{"start":{"line":129,"column":12},"end":{"line":129,"column":26}},"87":{"start":{"line":132,"column":24},"end":{"line":132,"column":42}},"88":{"start":{"line":133,"column":38},"end":{"line":133,"column":40}},"89":{"start":{"line":134,"column":24},"end":{"line":134,"column":34}},"90":{"start":{"line":135,"column":12},"end":{"line":135,"column":77}},"91":{"start":{"line":135,"column":25},"end":{"line":135,"column":26}},"92":{"start":{"line":135,"column":42},"end":{"line":135,"column":77}},"93":{"start":{"line":136,"column":12},"end":{"line":136,"column":26}},"94":{"start":{"line":139,"column":24},"end":{"line":139,"column":54}},"95":{"start":{"line":140,"column":27},"end":{"line":140,"column":54}},"96":{"start":{"line":141,"column":12},"end":{"line":143,"column":15}},"97":{"start":{"line":142,"column":14},"end":{"line":142,"column":67}},"98":{"start":{"line":144,"column":12},"end":{"line":144,"column":26}},"99":{"start":{"line":147,"column":24},"end":{"line":147,"column":45}},"100":{"start":{"line":148,"column":27},"end":{"line":148,"column":45}},"101":{"start":{"line":149,"column":12},"end":{"line":151,"column":15}},"102":{"start":{"line":150,"column":14},"end":{"line":150,"column":47}},"103":{"start":{"line":152,"column":12},"end":{"line":152,"column":18}},"104":{"start":{"line":155,"column":24},"end":{"line":155,"column":50}},"105":{"start":{"line":156,"column":27},"end":{"line":156,"column":96}},"106":{"start":{"line":157,"column":12},"end":{"line":157,"column":26}},"107":{"start":{"line":160,"column":8},"end":{"line":160,"column":45}},"108":{"start":{"line":163,"column":8},"end":{"line":163,"column":36}},"109":{"start":{"line":5,"column":0},"end":{"line":5,"column":13}}},"fnMap":{"0":{"name":"(anonymous_0)","decl":{"start":{"line":5,"column":0},"end":{"line":5,"column":13}},"loc":{"start":{"line":5,"column":0},"end":{"line":167,"column":1}}},"1":{"name":"(anonymous_1)","decl":{"start":{"line":6,"column":9},"end":{"line":6,"column":15}},"loc":{"start":{"line":6,"column":37},"end":{"line":11,"column":3}}},"2":{"name":"(anonymous_2)","decl":{"start":{"line":19,"column":9},"end":{"line":19,"column":19}},"loc":{"start":{"line":19,"column":31},"end":{"line":21,"column":3}}},"3":{"name":"(anonymous_3)","decl":{"start":{"line":23,"column":9},"end":{"line":23,"column":19}},"loc":{"start":{"line":23,"column":52},"end":{"line":29,"column":3}}},"4":{"name":"(anonymous_4)","decl":{"start":{"line":31,"column":9},"end":{"line":31,"column":13}},"loc":{"start":{"line":31,"column":28},"end":{"line":77,"column":3}}},"5":{"name":"(anonymous_5)","decl":{"start":{"line":53,"column":24},"end":{"line":53,"column":25}},"loc":{"start":{"line":53,"column":39},"end":{"line":56,"column":13}}},"6":{"name":"(anonymous_6)","decl":{"start":{"line":61,"column":24},"end":{"line":61,"column":25}},"loc":{"start":{"line":61,"column":34},"end":{"line":63,"column":13}}},"7":{"name":"(anonymous_7)","decl":{"start":{"line":79,"column":9},"end":{"line":79,"column":17}},"loc":{"start":{"line":79,"column":17},"end":{"line":107,"column":3}}},"8":{"name":"(anonymous_8)","decl":{"start":{"line":81,"column":18},"end":{"line":81,"column":19}},"loc":{"start":{"line":81,"column":28},"end":{"line":81,"column":33}}},"9":{"name":"(anonymous_9)","decl":{"start":{"line":109,"column":9},"end":{"line":109,"column":17}},"loc":{"start":{"line":109,"column":32},"end":{"line":113,"column":3}}},"10":{"name":"(anonymous_10)","decl":{"start":{"line":115,"column":9},"end":{"line":115,"column":17}},"loc":{"start":{"line":115,"column":17},"end":{"line":117,"column":3}}},"11":{"name":"(anonymous_11)","decl":{"start":{"line":119,"column":9},"end":{"line":119,"column":17}},"loc":{"start":{"line":119,"column":32},"end":{"line":166,"column":3}}},"12":{"name":"(anonymous_12)","decl":{"start":{"line":141,"column":24},"end":{"line":141,"column":25}},"loc":{"start":{"line":141,"column":39},"end":{"line":143,"column":13}}},"13":{"name":"(anonymous_13)","decl":{"start":{"line":149,"column":24},"end":{"line":149,"column":25}},"loc":{"start":{"line":149,"column":34},"end":{"line":151,"column":13}}}},"branchMap":{"0":{"loc":{"start":{"line":24,"column":4},"end":{"line":27,"column":5}},"type":"if","locations":[{"start":{"line":24,"column":4},"end":{"line":27,"column":5}}]},"1":{"loc":{"start":{"line":32,"column":4},"end":{"line":76,"column":5}},"type":"switch","locations":[{"start":{"line":33,"column":6},"end":{"line":73,"column":7}},{"start":{"line":74,"column":6},"end":{"line":75,"column":38}}]},"2":{"loc":{"start":{"line":34,"column":8},"end":{"line":34,"column":49}},"type":"if","locations":[{"start":{"line":34,"column":8},"end":{"line":34,"column":49}}]},"3":{"loc":{"start":{"line":36,"column":8},"end":{"line":71,"column":9}},"type":"switch","locations":[{"start":{"line":37,"column":10},"end":{"line":44,"column":11}},{"start":{"line":45,"column":10},"end":{"line":50,"column":11}},{"start":{"line":51,"column":10},"end":{"line":58,"column":11}},{"start":{"line":59,"column":10},"end":{"line":65,"column":11}},{"start":{"line":66,"column":10},"end":{"line":70,"column":11}}]},"4":{"loc":{"start":{"line":85,"column":4},"end":{"line":96,"column":5}},"type":"if","locations":[{"start":{"line":85,"column":4},"end":{"line":96,"column":5}}]},"5":{"loc":{"start":{"line":111,"column":4},"end":{"line":111,"column":97}},"type":"if","locations":[{"start":{"line":111,"column":4},"end":{"line":111,"column":97}}]},"6":{"loc":{"start":{"line":120,"column":4},"end":{"line":165,"column":5}},"type":"switch","locations":[{"start":{"line":121,"column":6},"end":{"line":161,"column":7}},{"start":{"line":162,"column":6},"end":{"line":164,"column":7}}]},"7":{"loc":{"start":{"line":122,"column":8},"end":{"line":122,"column":47}},"type":"if","locations":[{"start":{"line":122,"column":8},"end":{"line":122,"column":47}}]},"8":{"loc":{"start":{"line":124,"column":8},"end":{"line":159,"column":9}},"type":"switch","locations":[{"start":{"line":125,"column":10},"end":{"line":130,"column":11}},{"start":{"line":131,"column":10},"end":{"line":137,"column":11}},{"start":{"line":138,"column":10},"end":{"line":145,"column":11}},{"start":{"line":146,"column":10},"end":{"line":153,"column":11}},{"start":{"line":154,"column":10},"end":{"line":158,"column":11}}]}},"s":{"0":2,"1":2,"2":8,"3":8,"4":8,"5":8,"6":7,"7":7,"8":7,"9":7,"10":28,"11":66,"12":28,"13":28,"14":38,"15":61,"16":19,"17":4,"18":15,"19":15,"20":8,"21":8,"22":20,"23":20,"24":8,"25":7,"26":7,"27":7,"28":7,"29":32,"30":7,"31":0,"32":0,"33":0,"34":0,"35":0,"36":0,"37":0,"38":0,"39":0,"40":0,"41":0,"42":0,"43":15,"44":42,"45":8,"46":8,"47":25,"48":8,"49":8,"50":8,"51":8,"52":8,"53":8,"54":8,"55":8,"56":8,"57":8,"58":17,"59":17,"60":17,"61":17,"62":8,"63":8,"64":8,"65":8,"66":8,"67":31,"68":31,"69":31,"70":8,"71":8,"72":33,"73":33,"74":0,"75":33,"76":7,"77":25,"78":9,"79":2,"80":7,"81":7,"82":4,"83":4,"84":4,"85":9,"86":4,"87":3,"88":3,"89":3,"90":3,"91":3,"92":12,"93":3,"94":0,"95":0,"96":0,"97":0,"98":0,"99":0,"100":0,"101":0,"102":0,"103":0,"104":0,"105":0,"106":0,"107":0,"108":16,"109":2},"f":{"0":8,"1":7,"2":28,"3":66,"4":61,"5":0,"6":0,"7":8,"8":25,"9":33,"10":7,"11":25,"12":0,"13":0},"b":{"0":[28],"1":[19,42],"2":[4],"3":[8,7,0,0,0],"4":[8],"5":[0],"6":[9,16],"7":[2],"8":[4,3,0,0,0]}}
,"/home/runner/work/json-pack/json-pack/src/util/DecompressionTable.ts": {"path":"/home/runner/work/json-pack/json-pack/src/util/DecompressionTable.ts","statementMap":{"0":{"start":{"line":1,"column":0},"end":{"line":1,"column":55}},"1":{"start":{"line":3,"column":22},"end":{"line":3,"column":42}},"2":{"start":{"line":6,"column":21},"end":{"line":6,"column":43}},"3":{"start":{"line":9,"column":19},"end":{"line":9,"column":34}},"4":{"start":{"line":10,"column":4},"end":{"line":10,"column":24}},"5":{"start":{"line":10,"column":17},"end":{"line":10,"column":24}},"6":{"start":{"line":11,"column":18},"end":{"line":11,"column":28}},"7":{"start":{"line":12,"column":18},"end":{"line":12,"column":29}},"8":{"start":{"line":13,"column":4},"end":{"line":13,"column":22}},"9":{"start":{"line":14,"column":12},"end":{"line":14,"column":13}},"10":{"start":{"line":15,"column":4},"end":{"line":28,"column":5}},"11":{"start":{"line":16,"column":33},"end":{"line":16,"column":38}},"12":{"start":{"line":18,"column":6},"end":{"line":27,"column":7}},"13":{"start":{"line":19,"column":8},"end":{"line":19,"column":28}},"14":{"start":{"line":20,"column":8},"end":{"line":26,"column":9}},"15":{"start":{"line":21,"column":10},"end":{"line":21,"column":38}},"16":{"start":{"line":22,"column":10},"end":{"line":22,"column":27}},"17":{"start":{"line":23,"column":10},"end":{"line":23,"column":14}},"18":{"start":{"line":25,"column":10},"end":{"line":25,"column":16}},"19":{"start":{"line":29,"column":4},"end":{"line":29,"column":49}},"20":{"start":{"line":29,"column":23},"end":{"line":29,"column":49}},"21":{"start":{"line":33,"column":18},"end":{"line":33,"column":28}},"22":{"start":{"line":35,"column":4},"end":{"line":35,"column":24}},"23":{"start":{"line":39,"column":4},"end":{"line":87,"column":5}},"24":{"start":{"line":41,"column":8},"end":{"line":41,"column":38}},"25":{"start":{"line":44,"column":8},"end":{"line":44,"column":32}},"26":{"start":{"line":44,"column":20},"end":{"line":44,"column":32}},"27":{"start":{"line":45,"column":28},"end":{"line":45,"column":45}},"28":{"start":{"line":46,"column":8},"end":{"line":81,"column":9}},"29":{"start":{"line":48,"column":24},"end":{"line":48,"column":56}},"30":{"start":{"line":49,"column":52},"end":{"line":49,"column":54}},"31":{"start":{"line":50,"column":12},"end":{"line":50,"column":108}},"32":{"start":{"line":50,"column":35},"end":{"line":50,"column":108}},"33":{"start":{"line":51,"column":12},"end":{"line":51,"column":26}},"34":{"start":{"line":54,"column":24},"end":{"line":54,"column":42}},"35":{"start":{"line":55,"column":38},"end":{"line":55,"column":40}},"36":{"start":{"line":56,"column":24},"end":{"line":56,"column":34}},"37":{"start":{"line":57,"column":12},"end":{"line":57,"column":79}},"38":{"start":{"line":57,"column":25},"end":{"line":57,"column":26}},"39":{"start":{"line":57,"column":42},"end":{"line":57,"column":79}},"40":{"start":{"line":58,"column":12},"end":{"line":58,"column":26}},"41":{"start":{"line":61,"column":24},"end":{"line":61,"column":54}},"42":{"start":{"line":62,"column":27},"end":{"line":62,"column":54}},"43":{"start":{"line":63,"column":12},"end":{"line":65,"column":15}},"44":{"start":{"line":64,"column":14},"end":{"line":64,"column":71}},"45":{"start":{"line":66,"column":12},"end":{"line":66,"column":26}},"46":{"start":{"line":69,"column":24},"end":{"line":69,"column":45}},"47":{"start":{"line":70,"column":27},"end":{"line":70,"column":45}},"48":{"start":{"line":71,"column":12},"end":{"line":73,"column":15}},"49":{"start":{"line":72,"column":14},"end":{"line":72,"column":49}},"50":{"start":{"line":74,"column":12},"end":{"line":74,"column":18}},"51":{"start":{"line":77,"column":24},"end":{"line":77,"column":50}},"52":{"start":{"line":78,"column":27},"end":{"line":78,"column":108}},"53":{"start":{"line":79,"column":12},"end":{"line":79,"column":26}},"54":{"start":{"line":82,"column":8},"end":{"line":82,"column":21}},"55":{"start":{"line":85,"column":8},"end":{"line":85,"column":21}},"56":{"start":{"line":5,"column":0},"end":{"line":5,"column":13}}},"fnMap":{"0":{"name":"(anonymous_0)","decl":{"start":{"line":5,"column":0},"end":{"line":5,"column":13}},"loc":{"start":{"line":5,"column":0},"end":{"line":89,"column":1}}},"1":{"name":"(anonymous_1)","decl":{"start":{"line":8,"column":9},"end":{"line":8,"column":20}},"loc":{"start":{"line":8,"column":40},"end":{"line":30,"column":3}}},"2":{"name":"(anonymous_2)","decl":{"start":{"line":32,"column":9},"end":{"line":32,"column":19}},"loc":{"start":{"line":32,"column":33},"end":{"line":36,"column":3}}},"3":{"name":"(anonymous_3)","decl":{"start":{"line":38,"column":9},"end":{"line":38,"column":19}},"loc":{"start":{"line":38,"column":34},"end":{"line":88,"column":3}}},"4":{"name":"(anonymous_4)","decl":{"start":{"line":63,"column":24},"end":{"line":63,"column":25}},"loc":{"start":{"line":63,"column":39},"end":{"line":65,"column":13}}},"5":{"name":"(anonymous_5)","decl":{"start":{"line":71,"column":24},"end":{"line":71,"column":25}},"loc":{"start":{"line":71,"column":34},"end":{"line":73,"column":13}}}},"branchMap":{"0":{"loc":{"start":{"line":10,"column":4},"end":{"line":10,"column":24}},"type":"if","locations":[{"start":{"line":10,"column":4},"end":{"line":10,"column":24}}]},"1":{"loc":{"start":{"line":15,"column":4},"end":{"line":28,"column":5}},"type":"if","locations":[{"start":{"line":15,"column":4},"end":{"line":28,"column":5}}]},"2":{"loc":{"start":{"line":20,"column":8},"end":{"line":26,"column":9}},"type":"if","locations":[{"start":{"line":20,"column":8},"end":{"line":26,"column":9}},{"start":{"line":24,"column":15},"end":{"line":26,"column":9}}]},"3":{"loc":{"start":{"line":39,"column":4},"end":{"line":87,"column":5}},"type":"switch","locations":[{"start":{"line":40,"column":6},"end":{"line":42,"column":7}},{"start":{"line":43,"column":6},"end":{"line":83,"column":7}},{"start":{"line":84,"column":6},"end":{"line":86,"column":7}}]},"4":{"loc":{"start":{"line":44,"column":8},"end":{"line":44,"column":32}},"type":"if","locations":[{"start":{"line":44,"column":8},"end":{"line":44,"column":32}}]},"5":{"loc":{"start":{"line":46,"column":8},"end":{"line":81,"column":9}},"type":"switch","locations":[{"start":{"line":47,"column":10},"end":{"line":52,"column":11}},{"start":{"line":53,"column":10},"end":{"line":59,"column":11}},{"start":{"line":60,"column":10},"end":{"line":67,"column":11}},{"start":{"line":68,"column":10},"end":{"line":75,"column":11}},{"start":{"line":76,"column":10},"end":{"line":80,"column":11}}]}},"s":{"0":1,"1":1,"2":2,"3":2,"4":2,"5":0,"6":2,"7":2,"8":2,"9":2,"10":2,"11":2,"12":2,"13":8,"14":8,"15":6,"16":6,"17":6,"18":2,"19":2,"20":12,"21":22,"22":22,"23":12,"24":9,"25":3,"26":0,"27":3,"28":3,"29":1,"30":1,"31":1,"32":3,"33":1,"34":2,"35":2,"36":2,"37":2,"38":2,"39":8,"40":2,"41":0,"42":0,"43":0,"44":0,"45":0,"46":0,"47":0,"48":0,"49":0,"50":0,"51":0,"52":0,"53":0,"54":0,"55":0,"56":1},"f":{"0":2,"1":2,"2":22,"3":12,"4":0,"5":0},"b":{"0":[0],"1":[2],"2":[6,2],"3":[9,3,0],"4":[0],"5":[1,2,0,0,0]}}
,"/home/runner/work/json-pack/json-pack/src/util/buffers/toDataUri.ts": {"path":"/home/runner/work/json-pack/json-pack/src/util/buffers/toDataUri.ts","statementMap":{"0":{"start":{"line":1,"column":0},"end":{"line":1,"column":58}},"1":{"start":{"line":3,"column":25},"end":{"line":7,"column":1}},"2":{"start":{"line":4,"column":12},"end":{"line":4,"column":50}},"3":{"start":{"line":5,"column":2},"end":{"line":5,"column":60}},"4":{"start":{"line":5,"column":28},"end":{"line":5,"column":60}},"5":{"start":{"line":6,"column":2},"end":{"line":6,"column":35}},"6":{"start":{"line":3,"column":13},"end":{"line":3,"column":25}}},"fnMap":{"0":{"name":"(anonymous_0)","decl":{"start":{"line":3,"column":25},"end":{"line":3,"column":26}},"loc":{"start":{"line":3,"column":95},"end":{"line":7,"column":1}}}},"branchMap":{},"s":{"0":14,"1":14,"2":0,"3":0,"4":0,"5":0,"6":14},"f":{"0":0},"b":{}}
}
