TN:
SF:src/JsonPackExtension.ts
FN:10,(anonymous_0)
FNF:1
FNH:1
FNDA:101,(anonymous_0)
DA:9,42
DA:11,101
DA:12,101
LF:3
LH:3
BRF:0
BRH:0
end_of_record
TN:
SF:src/JsonPackValue.ts
FN:12,(anonymous_0)
FNF:1
FNH:1
FNDA:50,(anonymous_0)
DA:11,26
DA:12,50
LF:2
LH:2
BRF:0
BRH:0
end_of_record
TN:
SF:src/__bench__/data/json-very-large-object.ts
FNF:0
FNH:0
DA:1,1
LF:1
LH:1
BRF:0
BRH:0
end_of_record
TN:
SF:src/__tests__/binary-documents.ts
FNF:0
FNH:0
DA:7,8
LF:1
LH:1
BRF:0
BRH:0
end_of_record
TN:
SF:src/__tests__/json-documents.ts
FNF:0
FNH:0
DA:10,15
LF:1
LH:1
BRF:0
BRH:0
end_of_record
TN:
SF:src/__tests__/msgpack-documents.ts
FNF:0
FNH:0
DA:1,1
DA:2,1
DA:10,1
LF:3
LH:3
BRF:0
BRH:0
end_of_record
TN:
SF:src/avro/AvroDecoder.ts
FN:9,(anonymous_0)
FN:12,(anonymous_1)
FN:17,(anonymous_2)
FN:25,(anonymous_3)
FN:32,(anonymous_4)
FN:40,(anonymous_5)
FN:47,(anonymous_6)
FN:55,(anonymous_7)
FN:69,(anonymous_8)
FN:79,(anonymous_9)
FN:89,(anonymous_10)
FN:97,(anonymous_11)
FN:107,(anonymous_12)
FN:126,(anonymous_13)
FN:147,(anonymous_14)
FN:161,(anonymous_15)
FN:168,(anonymous_16)
FN:176,(anonymous_17)
FN:192,(anonymous_18)
FN:215,(anonymous_19)
FN:238,(anonymous_20)
FN:245,(anonymous_21)
FNF:22
FNH:19
FNDA:58,(anonymous_0)
FNDA:0,(anonymous_1)
FNDA:0,(anonymous_2)
FNDA:1,(anonymous_3)
FNDA:4,(anonymous_4)
FNDA:6,(anonymous_5)
FNDA:35,(anonymous_6)
FNDA:11,(anonymous_7)
FNDA:9,(anonymous_8)
FNDA:9,(anonymous_9)
FNDA:4,(anonymous_10)
FNDA:35,(anonymous_11)
FNDA:9,(anonymous_12)
FNDA:7,(anonymous_13)
FNDA:6,(anonymous_14)
FNDA:4,(anonymous_15)
FNDA:2,(anonymous_16)
FNDA:0,(anonymous_17)
FNDA:111,(anonymous_18)
FNDA:11,(anonymous_19)
FNDA:44,(anonymous_20)
FNDA:10,(anonymous_21)
DA:1,2
DA:9,2
DA:10,58
DA:13,0
DA:14,0
DA:18,0
DA:19,0
DA:26,1
DA:34,4
DA:41,6
DA:48,35
DA:49,34
DA:56,11
DA:57,10
DA:60,10
DA:61,8
DA:63,2
DA:70,9
DA:71,9
DA:72,9
DA:73,9
DA:80,9
DA:81,9
DA:82,9
DA:83,9
DA:90,4
DA:91,4
DA:98,35
DA:99,35
DA:100,35
DA:108,9
DA:110,9
DA:111,16
DA:112,16
DA:114,7
DA:115,22
DA:119,9
DA:127,7
DA:129,7
DA:130,11
DA:131,11
DA:133,5
DA:134,10
DA:135,10
DA:136,9
DA:140,6
DA:148,6
DA:149,6
DA:150,1
DA:153,5
DA:154,5
DA:162,4
DA:169,2
DA:177,0
DA:178,0
DA:179,0
DA:182,0
DA:184,0
DA:193,111
DA:194,111
DA:195,111
DA:197,111
DA:198,130
DA:199,130
DA:201,130
DA:203,20
DA:204,20
DA:205,1
DA:209,110
DA:216,11
DA:217,11
DA:218,11
DA:220,11
DA:221,44
DA:222,44
DA:224,44
DA:226,34
DA:227,34
DA:228,1
DA:232,10
DA:239,44
DA:246,10
LF:82
LH:73
BRDA:60,0,0,8
BRDA:60,1,0,10
BRDA:60,1,1,10
BRDA:112,2,0,9
BRDA:131,3,0,6
BRDA:135,4,0,1
BRDA:149,5,0,1
BRDA:149,6,0,6
BRDA:149,6,1,6
BRDA:201,7,0,110
BRDA:204,8,0,1
BRDA:224,9,0,10
BRDA:227,10,0,1
BRF:13
BRH:13
end_of_record
TN:
SF:src/avro/AvroEncoder.ts
FN:10,(anonymous_0)
FN:12,(anonymous_1)
FN:22,(anonymous_2)
FN:26,(anonymous_3)
FN:60,(anonymous_4)
FN:67,(anonymous_5)
FN:74,(anonymous_6)
FN:81,(anonymous_7)
FN:92,(anonymous_8)
FN:102,(anonymous_9)
FN:112,(anonymous_10)
FN:120,(anonymous_11)
FN:152,(anonymous_12)
FN:164,(anonymous_13)
FN:181,(anonymous_14)
FN:196,(anonymous_15)
FN:203,(anonymous_16)
FN:210,(anonymous_17)
FN:217,(anonymous_18)
FN:227,(anonymous_19)
FN:238,(anonymous_20)
FN:251,(anonymous_21)
FN:264,(anonymous_22)
FN:280,(anonymous_23)
FN:287,(anonymous_24)
FNF:25
FNH:25
FNDA:130,(anonymous_0)
FNDA:5,(anonymous_1)
FNDA:1,(anonymous_2)
FNDA:30,(anonymous_3)
FNDA:12,(anonymous_4)
FNDA:11,(anonymous_5)
FNDA:62,(anonymous_6)
FNDA:17,(anonymous_7)
FNDA:4,(anonymous_8)
FNDA:16,(anonymous_9)
FNDA:7,(anonymous_10)
FNDA:64,(anonymous_11)
FNDA:6,(anonymous_12)
FNDA:6,(anonymous_13)
FNDA:17,(anonymous_14)
FNDA:1,(anonymous_15)
FNDA:1,(anonymous_16)
FNDA:12,(anonymous_17)
FNDA:12,(anonymous_18)
FNDA:1,(anonymous_19)
FNDA:62,(anonymous_20)
FNDA:96,(anonymous_21)
FNDA:17,(anonymous_22)
FNDA:62,(anonymous_23)
FNDA:17,(anonymous_24)
DA:9,4
DA:10,130
DA:13,5
DA:14,5
DA:15,5
DA:16,5
DA:23,1
DA:27,30
DA:29,2
DA:31,14
DA:33,7
DA:35,5
DA:36,4
DA:37,4
DA:39,1
DA:41,1
DA:43,1
DA:45,1
DA:49,1
DA:51,1
DA:53,0
DA:68,11
DA:75,62
DA:82,17
DA:83,13
DA:85,4
DA:93,4
DA:94,4
DA:95,4
DA:96,4
DA:103,16
DA:104,16
DA:105,16
DA:106,16
DA:113,7
DA:114,7
DA:121,64
DA:122,64
DA:123,64
DA:126,64
DA:127,64
DA:130,64
DA:131,64
DA:134,64
DA:135,64
DA:136,64
DA:139,64
DA:140,64
DA:141,64
DA:142,64
DA:143,64
DA:145,0
DA:153,6
DA:154,6
DA:155,6
DA:156,14
DA:158,6
DA:165,6
DA:166,6
DA:167,6
DA:168,6
DA:169,11
DA:170,11
DA:171,11
DA:173,6
DA:182,17
DA:183,16
DA:184,15
DA:186,1
DA:189,1
DA:197,1
DA:204,1
DA:211,12
DA:218,12
DA:219,12
DA:220,12
DA:221,12
DA:228,1
DA:229,1
DA:230,1
DA:239,62
DA:240,62
DA:241,62
DA:242,25
DA:243,25
DA:245,62
DA:252,96
DA:253,96
DA:254,96
DA:255,0
DA:256,0
DA:258,96
DA:265,17
DA:266,17
DA:267,17
DA:268,17
DA:270,17
DA:271,47
DA:272,47
DA:274,17
DA:281,62
DA:288,17
LF:102
LH:98
BRDA:27,0,0,2
BRDA:27,0,1,14
BRDA:27,0,2,7
BRDA:27,0,3,5
BRDA:27,0,4,1
BRDA:27,0,5,1
BRDA:27,0,6,0
BRDA:35,1,0,1
BRDA:37,2,0,1
BRDA:37,2,1,1
BRDA:37,2,2,1
BRDA:37,2,3,1
BRDA:68,3,0,9
BRDA:68,3,1,2
BRDA:82,4,0,13
BRDA:82,4,1,4
BRDA:139,5,0,64
BRDA:139,5,1,0
BRDA:182,6,0,16
BRDA:182,6,1,1
BRDA:183,7,0,15
BRDA:183,7,1,1
BRDA:183,8,0,16
BRDA:183,8,1,16
BRF:24
BRH:22
end_of_record
TN:
SF:src/avro/AvroSchemaDecoder.ts
FN:25,(anonymous_0)
FN:34,(anonymous_1)
FN:50,(anonymous_2)
FN:99,(anonymous_3)
FN:117,(anonymous_4)
FN:130,(anonymous_5)
FN:131,(anonymous_6)
FN:137,(anonymous_7)
FN:138,(anonymous_8)
FN:144,(anonymous_9)
FN:145,(anonymous_10)
FN:145,(anonymous_11)
FN:153,(anonymous_12)
FN:160,(anonymous_13)
FN:168,(anonymous_14)
FN:176,(anonymous_15)
FN:188,(anonymous_16)
FN:196,(anonymous_17)
FN:204,(anonymous_18)
FN:212,(anonymous_19)
FN:220,(anonymous_20)
FN:225,(anonymous_21)
FN:239,(anonymous_22)
FN:247,(anonymous_23)
FN:258,(anonymous_24)
FN:280,(anonymous_25)
FNF:26
FNH:19
FNDA:28,(anonymous_0)
FNDA:27,(anonymous_1)
FNDA:79,(anonymous_2)
FNDA:9,(anonymous_3)
FNDA:3,(anonymous_4)
FNDA:7,(anonymous_5)
FNDA:17,(anonymous_6)
FNDA:4,(anonymous_7)
FNDA:6,(anonymous_8)
FNDA:4,(anonymous_9)
FNDA:9,(anonymous_10)
FNDA:4,(anonymous_11)
FNDA:1,(anonymous_12)
FNDA:0,(anonymous_13)
FNDA:2,(anonymous_14)
FNDA:0,(anonymous_15)
FNDA:0,(anonymous_16)
FNDA:0,(anonymous_17)
FNDA:0,(anonymous_18)
FNDA:0,(anonymous_19)
FNDA:0,(anonymous_20)
FNDA:2,(anonymous_21)
FNDA:81,(anonymous_22)
FNDA:59,(anonymous_23)
FNDA:24,(anonymous_24)
FNDA:11,(anonymous_25)
DA:1,1
DA:2,1
DA:3,1
DA:20,1
DA:23,28
DA:25,28
DA:26,28
DA:27,28
DA:28,28
DA:35,27
DA:36,27
DA:39,27
DA:40,1
DA:43,26
DA:44,26
DA:51,79
DA:53,79
DA:54,51
DA:56,3
DA:58,3
DA:60,17
DA:62,4
DA:64,2
DA:66,2
DA:68,2
DA:70,18
DA:72,0
DA:76,28
DA:77,4
DA:80,24
DA:82,9
DA:84,3
DA:86,7
DA:88,4
DA:90,1
DA:92,0
DA:100,9
DA:102,9
DA:103,26
DA:104,26
DA:105,26
DA:107,0
DA:111,9
DA:118,3
DA:120,3
DA:121,1
DA:124,2
DA:131,17
DA:138,6
DA:145,9
DA:146,4
DA:147,4
DA:154,1
DA:161,0
DA:162,0
DA:169,2
DA:170,1
DA:177,0
DA:178,0
DA:179,0
DA:180,0
DA:182,0
DA:189,0
DA:190,0
DA:197,0
DA:198,0
DA:205,0
DA:206,0
DA:213,0
DA:214,0
DA:221,0
DA:222,0
DA:226,2
DA:228,2
DA:234,2
DA:235,1
DA:240,81
DA:241,53
DA:242,53
DA:244,28
DA:248,59
DA:249,39
DA:252,20
DA:253,20
DA:255,7
DA:256,7
DA:257,7
DA:258,24
DA:259,7
DA:261,3
DA:262,3
DA:263,3
DA:264,3
DA:266,1
DA:267,1
DA:268,1
DA:269,1
DA:271,5
DA:272,5
DA:274,4
DA:275,4
DA:281,11
LF:102
LH:82
BRDA:25,0,0,28
BRDA:39,1,0,1
BRDA:53,2,0,51
BRDA:54,3,0,3
BRDA:54,3,1,3
BRDA:54,3,2,17
BRDA:54,3,3,4
BRDA:54,3,4,2
BRDA:54,3,5,2
BRDA:54,3,6,2
BRDA:54,3,7,18
BRDA:54,3,8,0
BRDA:76,4,0,4
BRDA:80,5,0,9
BRDA:80,5,1,3
BRDA:80,5,2,7
BRDA:80,5,3,4
BRDA:80,5,4,1
BRDA:80,5,5,0
BRDA:120,6,0,1
BRDA:120,7,0,3
BRDA:120,7,1,3
BRDA:179,8,0,0
BRDA:179,9,0,0
BRDA:179,9,1,0
BRDA:179,9,2,0
BRDA:228,10,0,2
BRDA:228,10,1,0
BRDA:230,11,0,0
BRDA:230,11,1,0
BRDA:234,12,0,1
BRDA:240,13,0,53
BRDA:242,14,0,53
BRDA:242,14,1,53
BRDA:248,15,0,39
BRDA:248,16,0,59
BRDA:248,16,1,24
BRDA:252,17,0,20
BRDA:252,18,0,20
BRDA:252,18,1,20
BRDA:253,19,0,7
BRDA:253,19,1,3
BRDA:253,19,2,1
BRDA:253,19,3,5
BRDA:253,19,4,4
BRDA:281,20,0,0
BRDA:281,20,1,11
BRF:47
BRH:37
end_of_record
TN:
SF:src/avro/AvroSchemaEncoder.ts
FN:26,(anonymous_0)
FN:34,(anonymous_1)
FN:62,(anonymous_2)
FN:70,(anonymous_3)
FN:78,(anonymous_4)
FN:89,(anonymous_5)
FN:97,(anonymous_6)
FN:105,(anonymous_7)
FN:113,(anonymous_8)
FN:121,(anonymous_9)
FN:129,(anonymous_10)
FN:155,(anonymous_11)
FN:176,(anonymous_12)
FN:202,(anonymous_13)
FN:232,(anonymous_14)
FN:240,(anonymous_15)
FN:260,(anonymous_16)
FN:280,(anonymous_17)
FN:310,(anonymous_18)
FN:371,(anonymous_19)
FN:385,(anonymous_20)
FN:393,(anonymous_21)
FN:404,(anonymous_22)
FN:426,(anonymous_23)
FN:433,(anonymous_24)
FN:446,(anonymous_25)
FN:459,(anonymous_26)
FNF:27
FNH:25
FNDA:66,(anonymous_0)
FNDA:64,(anonymous_1)
FNDA:2,(anonymous_2)
FNDA:2,(anonymous_3)
FNDA:4,(anonymous_4)
FNDA:1,(anonymous_5)
FNDA:1,(anonymous_6)
FNDA:1,(anonymous_7)
FNDA:0,(anonymous_8)
FNDA:0,(anonymous_9)
FNDA:14,(anonymous_10)
FNDA:4,(anonymous_11)
FNDA:10,(anonymous_12)
FNDA:7,(anonymous_13)
FNDA:11,(anonymous_14)
FNDA:17,(anonymous_15)
FNDA:2,(anonymous_16)
FNDA:5,(anonymous_17)
FNDA:127,(anonymous_18)
FNDA:11,(anonymous_19)
FNDA:180,(anonymous_20)
FNDA:101,(anonymous_21)
FNDA:36,(anonymous_22)
FNDA:18,(anonymous_23)
FNDA:34,(anonymous_24)
FNDA:14,(anonymous_25)
FNDA:14,(anonymous_26)
DA:2,2
DA:3,2
DA:21,2
DA:24,66
DA:26,66
DA:27,66
DA:28,66
DA:35,64
DA:36,64
DA:39,64
DA:40,1
DA:44,63
DA:45,13
DA:48,50
DA:50,50
DA:51,2
DA:53,48
DA:56,49
DA:63,2
DA:64,1
DA:71,2
DA:72,1
DA:79,4
DA:80,3
DA:81,1
DA:83,2
DA:90,1
DA:91,1
DA:98,1
DA:99,1
DA:106,1
DA:107,1
DA:114,0
DA:115,0
DA:122,0
DA:123,0
DA:130,14
DA:131,0
DA:134,14
DA:135,14
DA:136,0
DA:139,14
DA:140,38
DA:141,38
DA:142,38
DA:143,37
DA:144,1
DA:145,1
DA:147,0
DA:156,4
DA:157,0
DA:160,4
DA:161,4
DA:162,0
DA:165,4
DA:166,4
DA:167,0
DA:170,4
DA:177,10
DA:178,0
DA:181,10
DA:182,10
DA:183,0
DA:187,10
DA:190,10
DA:191,10
DA:192,21
DA:196,10
DA:203,7
DA:204,0
DA:207,7
DA:208,7
DA:209,0
DA:212,7
DA:215,7
DA:218,7
DA:219,7
DA:220,10
DA:221,10
DA:222,10
DA:226,7
DA:233,11
DA:234,0
DA:237,11
DA:238,11
DA:240,17
DA:241,9
DA:242,0
DA:246,11
DA:247,1
DA:251,10
DA:254,10
DA:261,2
DA:262,0
DA:265,2
DA:266,2
DA:267,0
DA:270,2
DA:271,0
DA:274,2
DA:281,5
DA:283,5
DA:289,5
DA:291,1
DA:292,1
DA:294,1
DA:295,1
DA:297,1
DA:298,1
DA:300,1
DA:301,1
DA:303,1
DA:311,127
DA:313,127
DA:314,81
DA:316,6
DA:317,6
DA:319,4
DA:320,4
DA:322,26
DA:323,26
DA:325,6
DA:326,6
DA:328,3
DA:329,3
DA:331,3
DA:332,3
DA:334,3
DA:335,3
DA:337,30
DA:338,30
DA:340,0
DA:342,81
DA:345,46
DA:346,9
DA:347,9
DA:350,37
DA:352,14
DA:353,14
DA:355,4
DA:356,4
DA:358,10
DA:359,10
DA:361,7
DA:362,7
DA:364,2
DA:365,2
DA:367,0
DA:372,11
DA:374,11
DA:380,11
DA:381,3
DA:386,180
DA:387,97
DA:388,97
DA:390,83
DA:394,101
DA:395,68
DA:398,33
DA:399,33
DA:401,12
DA:402,12
DA:403,12
DA:404,36
DA:405,12
DA:407,4
DA:408,4
DA:409,4
DA:410,4
DA:412,2
DA:413,2
DA:414,2
DA:415,2
DA:417,8
DA:418,8
DA:420,7
DA:421,7
DA:427,18
DA:434,34
DA:435,34
DA:436,34
DA:437,0
DA:438,0
DA:440,34
DA:447,14
DA:448,14
DA:449,14
DA:450,0
DA:451,0
DA:453,14
DA:460,14
LF:191
LH:166
BRDA:39,0,0,1
BRDA:44,1,0,13
BRDA:50,2,0,2
BRDA:50,2,1,48
BRDA:50,3,0,50
BRDA:50,3,1,8
BRDA:80,4,0,1
BRDA:80,5,0,3
BRDA:80,5,1,3
BRDA:80,5,2,3
BRDA:130,6,0,0
BRDA:130,7,0,14
BRDA:130,7,1,14
BRDA:135,8,0,0
BRDA:142,9,0,37
BRDA:142,9,1,1
BRDA:144,10,0,1
BRDA:144,10,1,0
BRDA:156,11,0,0
BRDA:156,12,0,4
BRDA:156,12,1,4
BRDA:161,13,0,0
BRDA:166,14,0,0
BRDA:177,15,0,0
BRDA:177,16,0,10
BRDA:177,16,1,10
BRDA:182,17,0,0
BRDA:203,18,0,0
BRDA:203,19,0,7
BRDA:203,19,1,7
BRDA:208,20,0,0
BRDA:233,21,0,0
BRDA:238,22,0,9
BRDA:241,23,0,0
BRDA:246,24,0,1
BRDA:246,25,0,11
BRDA:246,25,1,11
BRDA:261,26,0,0
BRDA:261,27,0,2
BRDA:261,27,1,2
BRDA:266,28,0,0
BRDA:270,29,0,0
BRDA:283,30,0,5
BRDA:283,30,1,0
BRDA:285,31,0,0
BRDA:285,31,1,0
BRDA:289,32,0,1
BRDA:289,32,1,1
BRDA:289,32,2,1
BRDA:289,32,3,1
BRDA:289,32,4,1
BRDA:313,33,0,81
BRDA:314,34,0,6
BRDA:314,34,1,4
BRDA:314,34,2,26
BRDA:314,34,3,6
BRDA:314,34,4,3
BRDA:314,34,5,3
BRDA:314,34,6,3
BRDA:314,34,7,30
BRDA:314,34,8,0
BRDA:345,35,0,9
BRDA:350,36,0,14
BRDA:350,36,1,4
BRDA:350,36,2,10
BRDA:350,36,3,7
BRDA:350,36,4,2
BRDA:350,36,5,0
BRDA:374,37,0,11
BRDA:374,37,1,0
BRDA:376,38,0,0
BRDA:376,38,1,0
BRDA:380,39,0,3
BRDA:386,40,0,97
BRDA:388,41,0,97
BRDA:388,41,1,97
BRDA:394,42,0,68
BRDA:394,43,0,101
BRDA:394,43,1,44
BRDA:398,44,0,33
BRDA:398,45,0,33
BRDA:398,45,1,33
BRDA:399,46,0,12
BRDA:399,46,1,4
BRDA:399,46,2,2
BRDA:399,46,3,8
BRDA:399,46,4,7
BRDA:427,47,0,0
BRDA:427,47,1,18
BRF:89
BRH:65
end_of_record
TN:
SF:src/avro/AvroSchemaValidator.ts
FN:25,(anonymous_0)
FN:31,(anonymous_1)
FN:39,(anonymous_2)
FN:45,(anonymous_3)
FN:92,(anonymous_4)
FN:97,(anonymous_5)
FN:113,(anonymous_6)
FN:117,(anonymous_7)
FN:121,(anonymous_8)
FN:125,(anonymous_9)
FN:129,(anonymous_10)
FN:133,(anonymous_11)
FN:137,(anonymous_12)
FN:141,(anonymous_13)
FN:145,(anonymous_14)
FN:162,(anonymous_15)
FN:166,(anonymous_16)
FN:186,(anonymous_17)
FN:190,(anonymous_18)
FN:194,(anonymous_19)
FN:205,(anonymous_20)
FN:212,(anonymous_21)
FN:250,(anonymous_22)
FN:274,(anonymous_23)
FN:287,(anonymous_24)
FN:291,(anonymous_25)
FN:293,(anonymous_26)
FN:296,(anonymous_27)
FN:299,(anonymous_28)
FN:302,(anonymous_29)
FN:306,(anonymous_30)
FN:312,(anonymous_31)
FNF:32
FNH:32
FNDA:134,(anonymous_0)
FNDA:126,(anonymous_1)
FNDA:122,(anonymous_2)
FNDA:508,(anonymous_3)
FNDA:325,(anonymous_4)
FNDA:36,(anonymous_5)
FNDA:1,(anonymous_6)
FNDA:1,(anonymous_7)
FNDA:1,(anonymous_8)
FNDA:1,(anonymous_9)
FNDA:1,(anonymous_10)
FNDA:1,(anonymous_11)
FNDA:1,(anonymous_12)
FNDA:1,(anonymous_13)
FNDA:48,(anonymous_14)
FNDA:122,(anonymous_15)
FNDA:21,(anonymous_16)
FNDA:29,(anonymous_17)
FNDA:25,(anonymous_18)
FNDA:14,(anonymous_19)
FNDA:242,(anonymous_20)
FNDA:32,(anonymous_21)
FNDA:166,(anonymous_22)
FNDA:20,(anonymous_23)
FNDA:8,(anonymous_24)
FNDA:14,(anonymous_25)
FNDA:28,(anonymous_26)
FNDA:11,(anonymous_27)
FNDA:16,(anonymous_28)
FNDA:7,(anonymous_29)
FNDA:84,(anonymous_30)
FNDA:81,(anonymous_31)
DA:25,3
DA:26,134
DA:32,126
DA:33,126
DA:40,122
DA:41,122
DA:42,122
DA:46,508
DA:48,325
DA:51,183
DA:53,36
DA:56,147
DA:57,147
DA:59,1
DA:61,1
DA:63,1
DA:65,1
DA:67,1
DA:69,1
DA:71,1
DA:73,1
DA:75,48
DA:77,21
DA:79,29
DA:81,25
DA:83,14
DA:85,2
DA:89,0
DA:93,325
DA:94,325
DA:98,36
DA:99,35
DA:101,35
DA:102,84
DA:105,84
DA:106,84
DA:107,83
DA:110,34
DA:114,1
DA:118,1
DA:122,1
DA:126,1
DA:130,1
DA:134,1
DA:138,1
DA:142,1
DA:146,48
DA:148,47
DA:149,47
DA:150,47
DA:152,47
DA:153,47
DA:154,122
DA:155,122
DA:156,121
DA:159,46
DA:163,122
DA:167,21
DA:169,21
DA:170,21
DA:171,21
DA:173,21
DA:174,20
DA:175,20
DA:176,58
DA:177,57
DA:181,19
DA:183,18
DA:187,29
DA:191,25
DA:195,14
DA:196,14
DA:198,13
DA:199,13
DA:200,13
DA:202,13
DA:206,242
DA:207,166
DA:210,76
DA:212,32
DA:215,60
DA:216,60
DA:218,0
DA:220,0
DA:222,0
DA:224,0
DA:227,0
DA:229,0
DA:231,0
DA:233,20
DA:235,8
DA:237,14
DA:239,11
DA:241,7
DA:243,0
DA:247,0
DA:251,166
DA:253,30
DA:255,7
DA:257,52
DA:259,9
DA:262,10
DA:264,5
DA:266,53
DA:269,0
DA:270,0
DA:275,20
DA:276,20
DA:278,20
DA:279,47
DA:280,47
DA:281,45
DA:284,16
DA:288,8
DA:292,14
DA:293,28
DA:297,11
DA:298,11
DA:299,16
DA:303,7
DA:307,84
DA:308,4
DA:309,4
DA:313,81
LF:124
LH:112
BRDA:46,0,0,325
BRDA:51,1,0,36
BRDA:56,2,0,147
BRDA:56,3,0,147
BRDA:56,3,1,147
BRDA:57,4,0,1
BRDA:57,4,1,1
BRDA:57,4,2,1
BRDA:57,4,3,1
BRDA:57,4,4,1
BRDA:57,4,5,1
BRDA:57,4,6,1
BRDA:57,4,7,1
BRDA:57,4,8,48
BRDA:57,4,9,21
BRDA:57,4,10,29
BRDA:57,4,11,25
BRDA:57,4,12,14
BRDA:57,4,13,2
BRDA:94,5,0,325
BRDA:94,5,1,0
BRDA:98,6,0,1
BRDA:102,7,0,0
BRDA:106,8,0,1
BRDA:146,9,0,1
BRDA:146,10,0,48
BRDA:146,10,1,48
BRDA:146,10,2,47
BRDA:149,11,0,0
BRDA:154,12,0,0
BRDA:155,13,0,1
BRDA:163,14,0,122
BRDA:163,14,1,122
BRDA:163,14,2,122
BRDA:167,15,0,0
BRDA:167,16,0,21
BRDA:167,16,1,21
BRDA:167,16,2,21
BRDA:170,17,0,0
BRDA:173,18,0,1
BRDA:176,19,0,1
BRDA:176,20,0,58
BRDA:176,20,1,58
BRDA:181,21,0,1
BRDA:181,22,0,19
BRDA:181,22,1,2
BRDA:187,23,0,29
BRDA:187,23,1,29
BRDA:191,24,0,25
BRDA:191,24,1,25
BRDA:195,25,0,0
BRDA:195,26,0,14
BRDA:195,26,1,14
BRDA:195,26,2,14
BRDA:196,27,0,1
BRDA:199,28,0,0
BRDA:206,29,0,166
BRDA:210,30,0,16
BRDA:215,31,0,60
BRDA:215,32,0,60
BRDA:215,32,1,60
BRDA:216,33,0,0
BRDA:216,33,1,0
BRDA:216,33,2,0
BRDA:216,33,3,0
BRDA:216,33,4,0
BRDA:216,33,5,0
BRDA:216,33,6,0
BRDA:216,33,7,0
BRDA:216,33,8,20
BRDA:216,33,9,8
BRDA:216,33,10,14
BRDA:216,33,11,11
BRDA:216,33,12,7
BRDA:216,33,13,0
BRDA:222,34,0,0
BRDA:222,34,1,0
BRDA:222,34,2,0
BRDA:222,34,3,0
BRDA:224,35,0,0
BRDA:224,35,1,0
BRDA:224,35,2,0
BRDA:251,36,0,30
BRDA:251,36,1,7
BRDA:251,36,2,52
BRDA:251,36,3,9
BRDA:251,36,4,6
BRDA:251,36,5,10
BRDA:251,36,6,5
BRDA:251,36,7,53
BRDA:251,36,8,0
BRDA:257,37,0,52
BRDA:257,37,1,45
BRDA:257,37,2,42
BRDA:257,37,3,42
BRDA:259,38,0,9
BRDA:259,38,1,3
BRDA:259,38,2,7
BRDA:270,39,0,0
BRDA:270,39,1,0
BRDA:275,40,0,0
BRDA:275,41,0,20
BRDA:275,41,1,20
BRDA:280,42,0,2
BRDA:280,43,0,47
BRDA:280,43,1,3
BRDA:281,44,0,2
BRDA:281,45,0,45
BRDA:281,45,1,44
BRDA:288,46,0,8
BRDA:288,46,1,7
BRDA:292,47,0,0
BRDA:297,48,0,0
BRDA:297,49,0,11
BRDA:297,49,1,11
BRDA:303,50,0,7
BRDA:303,50,1,7
BRDA:307,51,0,80
BRDA:308,52,0,0
BRDA:313,53,0,0
BRDA:313,53,1,81
BRF:121
BRH:89
end_of_record
TN:
SF:src/bencode/BencodeDecoder.ts
FN:4,(anonymous_0)
FN:7,(anonymous_1)
FN:12,(anonymous_2)
FN:17,(anonymous_3)
FN:43,(anonymous_4)
FN:48,(anonymous_5)
FN:53,(anonymous_6)
FN:58,(anonymous_7)
FN:63,(anonymous_8)
FN:75,(anonymous_9)
FN:95,(anonymous_10)
FN:100,(anonymous_11)
FN:120,(anonymous_12)
FN:135,(anonymous_13)
FNF:14
FNH:13
FNDA:2,(anonymous_0)
FNDA:2,(anonymous_1)
FNDA:18,(anonymous_2)
FNDA:97,(anonymous_3)
FNDA:4,(anonymous_4)
FNDA:4,(anonymous_5)
FNDA:4,(anonymous_6)
FNDA:3,(anonymous_7)
FNDA:0,(anonymous_8)
FNDA:26,(anonymous_9)
FNDA:18,(anonymous_10)
FNDA:46,(anonymous_11)
FNDA:16,(anonymous_12)
FNDA:14,(anonymous_13)
DA:1,2
DA:4,2
DA:5,2
DA:8,2
DA:9,2
DA:13,18
DA:14,18
DA:18,97
DA:19,97
DA:20,97
DA:21,97
DA:22,97
DA:24,26
DA:26,14
DA:28,16
DA:30,3
DA:32,4
DA:34,4
DA:36,4
DA:38,26
DA:40,0
DA:44,4
DA:45,4
DA:49,4
DA:50,4
DA:54,4
DA:55,4
DA:59,3
DA:60,3
DA:64,0
DA:65,0
DA:67,0
DA:69,0
DA:71,0
DA:76,26
DA:77,26
DA:78,26
DA:79,26
DA:80,26
DA:81,26
DA:82,26
DA:83,26
DA:84,26
DA:85,71
DA:86,71
DA:87,71
DA:88,71
DA:90,26
DA:91,26
DA:92,26
DA:96,18
DA:97,18
DA:101,46
DA:102,46
DA:103,46
DA:104,46
DA:105,46
DA:106,46
DA:107,46
DA:108,52
DA:109,52
DA:110,52
DA:111,52
DA:112,52
DA:114,46
DA:115,46
DA:116,46
DA:117,46
DA:121,16
DA:122,16
DA:123,16
DA:124,16
DA:125,16
DA:126,48
DA:127,48
DA:128,16
DA:129,16
DA:131,32
DA:136,14
DA:137,14
DA:138,14
DA:139,14
DA:140,14
DA:141,32
DA:142,32
DA:143,14
DA:144,14
DA:146,18
DA:147,18
DA:148,18
LF:90
LH:84
BRDA:22,0,0,26
BRDA:22,0,1,14
BRDA:22,0,2,16
BRDA:22,0,3,3
BRDA:22,0,4,4
BRDA:22,0,5,4
BRDA:22,0,6,4
BRDA:22,0,7,26
BRDA:38,1,0,26
BRDA:38,2,0,26
BRDA:38,2,1,26
BRDA:44,3,0,0
BRDA:49,4,0,0
BRDA:54,5,0,0
BRDA:59,6,0,0
BRDA:65,7,0,0
BRDA:65,7,1,0
BRDA:65,7,2,0
BRDA:78,8,0,0
BRDA:87,9,0,0
BRDA:90,10,0,0
BRDA:108,11,0,0
BRDA:108,12,0,52
BRDA:108,12,1,52
BRDA:111,13,0,0
BRDA:122,14,0,0
BRDA:127,15,0,16
BRDA:137,16,0,0
BRDA:142,17,0,14
BRDA:147,18,0,0
BRF:30
BRH:15
end_of_record
TN:
SF:src/bencode/BencodeEncoder.ts
FN:7,(anonymous_0)
FN:9,(anonymous_1)
FN:21,(anonymous_2)
FN:25,(anonymous_3)
FN:62,(anonymous_4)
FN:66,(anonymous_5)
FN:70,(anonymous_6)
FN:74,(anonymous_7)
FN:81,(anonymous_8)
FN:88,(anonymous_9)
FN:92,(anonymous_10)
FN:96,(anonymous_11)
FN:103,(anonymous_12)
FN:111,(anonymous_13)
FN:120,(anonymous_14)
FN:127,(anonymous_15)
FN:135,(anonymous_16)
FN:148,(anonymous_17)
FN:161,(anonymous_18)
FNF:19
FNH:14
FNDA:6,(anonymous_0)
FNDA:77,(anonymous_1)
FNDA:0,(anonymous_2)
FNDA:149,(anonymous_3)
FNDA:3,(anonymous_4)
FNDA:5,(anonymous_5)
FNDA:6,(anonymous_6)
FNDA:56,(anonymous_7)
FNDA:0,(anonymous_8)
FNDA:0,(anonymous_9)
FNDA:0,(anonymous_10)
FNDA:5,(anonymous_11)
FNDA:9,(anonymous_12)
FNDA:45,(anonymous_13)
FNDA:0,(anonymous_14)
FNDA:25,(anonymous_15)
FNDA:13,(anonymous_16)
FNDA:4,(anonymous_17)
FNDA:7,(anonymous_18)
DA:1,3
DA:2,3
DA:6,3
DA:7,6
DA:10,77
DA:11,77
DA:12,77
DA:13,77
DA:22,0
DA:26,149
DA:28,6
DA:30,56
DA:32,23
DA:34,54
DA:35,51
DA:36,51
DA:38,13
DA:40,18
DA:42,9
DA:44,4
DA:46,7
DA:48,0
DA:52,5
DA:55,5
DA:58,0
DA:63,3
DA:67,5
DA:71,6
DA:75,56
DA:76,56
DA:77,56
DA:78,56
DA:82,0
DA:83,0
DA:84,0
DA:85,0
DA:89,0
DA:93,0
DA:97,5
DA:98,5
DA:99,5
DA:100,5
DA:104,9
DA:105,9
DA:106,9
DA:107,9
DA:108,9
DA:112,45
DA:113,45
DA:114,45
DA:115,45
DA:116,45
DA:117,45
DA:121,0
DA:122,0
DA:123,0
DA:124,0
DA:128,25
DA:129,25
DA:130,25
DA:131,50
DA:132,25
DA:136,13
DA:137,13
DA:138,13
DA:139,13
DA:140,13
DA:141,15
DA:142,15
DA:143,15
DA:145,13
DA:149,4
DA:150,4
DA:151,4
DA:152,4
DA:153,4
DA:154,7
DA:155,7
DA:156,7
DA:158,4
DA:162,7
LF:81
LH:68
BRDA:26,0,0,6
BRDA:26,0,1,56
BRDA:26,0,2,23
BRDA:26,0,3,54
BRDA:26,0,4,5
BRDA:26,0,5,5
BRDA:26,0,6,0
BRDA:34,1,0,3
BRDA:36,2,0,13
BRDA:36,2,1,18
BRDA:36,2,2,9
BRDA:36,2,3,4
BRDA:36,2,4,7
BRDA:36,2,5,0
BRDA:71,3,0,3
BRDA:71,3,1,3
BRF:16
BRH:14
end_of_record
TN:
SF:src/bson/BsonDecoder.ts
FN:20,(anonymous_0)
FN:22,(anonymous_1)
FN:27,(anonymous_2)
FN:32,(anonymous_3)
FN:57,(anonymous_4)
FN:78,(anonymous_5)
FN:90,(anonymous_6)
FN:170,(anonymous_7)
FN:172,(anonymous_8)
FN:173,(anonymous_9)
FN:176,(anonymous_10)
FN:191,(anonymous_11)
FN:213,(anonymous_12)
FN:219,(anonymous_13)
FN:225,(anonymous_14)
FN:234,(anonymous_15)
FN:243,(anonymous_16)
FNF:17
FNH:16
FNDA:3,(anonymous_0)
FNDA:0,(anonymous_1)
FNDA:1123,(anonymous_2)
FNDA:8615,(anonymous_3)
FNDA:35958,(anonymous_4)
FNDA:11189,(anonymous_5)
FNDA:35956,(anonymous_6)
FNDA:3567,(anonymous_7)
FNDA:7382,(anonymous_8)
FNDA:10120,(anonymous_9)
FNDA:16,(anonymous_10)
FNDA:3,(anonymous_11)
FNDA:1,(anonymous_12)
FNDA:1,(anonymous_13)
FNDA:1,(anonymous_14)
FNDA:1,(anonymous_15)
FNDA:1,(anonymous_16)
DA:1,3
DA:2,3
DA:19,3
DA:20,3
DA:23,0
DA:24,0
DA:28,1123
DA:29,1123
DA:33,8615
DA:34,8615
DA:35,8615
DA:36,8615
DA:37,8615
DA:38,8615
DA:40,8615
DA:41,35956
DA:42,35956
DA:44,35956
DA:45,35956
DA:46,35956
DA:50,8615
DA:51,8615
DA:54,8615
DA:58,35958
DA:59,35958
DA:60,35958
DA:61,35958
DA:64,35958
DA:65,236404
DA:68,35958
DA:69,1
DA:70,1
DA:73,35957
DA:74,35957
DA:75,35957
DA:79,11189
DA:80,11189
DA:81,11189
DA:82,11189
DA:83,0
DA:85,11189
DA:86,11189
DA:87,11189
DA:91,35956
DA:93,35956
DA:95,10343
DA:96,10343
DA:97,10343
DA:100,11185
DA:103,3924
DA:106,3567
DA:109,16
DA:112,1
DA:115,2
DA:118,2776
DA:121,2
DA:122,2
DA:123,2
DA:126,1390
DA:129,1
DA:132,1
DA:135,1
DA:138,1
DA:141,1
DA:144,1092
DA:145,1092
DA:146,1092
DA:149,1
DA:152,1649
DA:153,1649
DA:154,1649
DA:157,1
DA:160,1
DA:163,1
DA:166,0
DA:171,3567
DA:172,7382
DA:173,10120
DA:177,16
DA:178,16
DA:179,16
DA:180,16
DA:181,16
DA:184,16
DA:185,15
DA:188,1
DA:192,3
DA:193,3
DA:194,3
DA:197,3
DA:200,3
DA:201,3
DA:203,3
DA:204,3
DA:207,3
DA:209,3
DA:210,3
DA:214,1
DA:215,1
DA:216,1
DA:220,1
DA:221,1
DA:222,1
DA:226,1
DA:227,1
DA:228,1
DA:229,1
DA:230,1
DA:231,1
DA:235,1
DA:236,1
DA:237,1
DA:238,1
DA:239,1
DA:240,1
DA:244,1
DA:245,1
DA:246,1
LF:118
LH:114
BRDA:20,0,0,3
BRDA:42,1,0,0
BRDA:50,2,0,8615
BRDA:68,3,0,1
BRDA:82,4,0,0
BRDA:93,5,0,10343
BRDA:93,5,1,11185
BRDA:93,5,2,3924
BRDA:93,5,3,3567
BRDA:93,5,4,16
BRDA:93,5,5,1
BRDA:93,5,6,2
BRDA:93,5,7,2776
BRDA:93,5,8,2
BRDA:93,5,9,1390
BRDA:93,5,10,1
BRDA:93,5,11,1
BRDA:93,5,12,1
BRDA:93,5,13,1
BRDA:93,5,14,1
BRDA:93,5,15,1092
BRDA:93,5,16,1
BRDA:93,5,17,1649
BRDA:93,5,18,1
BRDA:93,5,19,1
BRDA:93,5,20,1
BRDA:93,5,21,0
BRDA:184,6,0,15
BRF:28
BRH:25
end_of_record
TN:
SF:src/bson/BsonEncoder.ts
FN:19,(anonymous_0)
FN:21,(anonymous_1)
FN:28,(anonymous_2)
FN:38,(anonymous_3)
FN:43,(anonymous_4)
FN:48,(anonymous_5)
FN:53,(anonymous_6)
FN:58,(anonymous_7)
FN:63,(anonymous_8)
FN:68,(anonymous_9)
FN:75,(anonymous_10)
FN:82,(anonymous_11)
FN:89,(anonymous_12)
FN:94,(anonymous_13)
FN:102,(anonymous_14)
FN:116,(anonymous_15)
FN:121,(anonymous_16)
FN:125,(anonymous_17)
FN:144,(anonymous_18)
FN:195,(anonymous_19)
FN:219,(anonymous_20)
FNF:21
FNH:12
FNDA:6,(anonymous_0)
FNDA:1267,(anonymous_1)
FNDA:1267,(anonymous_2)
FNDA:0,(anonymous_3)
FNDA:0,(anonymous_4)
FNDA:0,(anonymous_5)
FNDA:0,(anonymous_6)
FNDA:0,(anonymous_7)
FNDA:0,(anonymous_8)
FNDA:13653,(anonymous_9)
FNDA:1662,(anonymous_10)
FNDA:10402,(anonymous_11)
FNDA:0,(anonymous_12)
FNDA:16,(anonymous_13)
FNDA:12336,(anonymous_14)
FNDA:0,(anonymous_15)
FNDA:0,(anonymous_16)
FNDA:11025,(anonymous_17)
FNDA:39926,(anonymous_18)
FNDA:5,(anonymous_19)
FNDA:39922,(anonymous_20)
DA:1,6
DA:18,6
DA:19,6
DA:22,1267
DA:23,1267
DA:24,1267
DA:25,1267
DA:29,1267
DA:31,1267
DA:32,1267
DA:35,0
DA:40,0
DA:45,0
DA:50,0
DA:55,0
DA:60,0
DA:65,0
DA:69,13653
DA:70,13653
DA:71,13653
DA:72,13653
DA:76,1662
DA:77,1662
DA:78,1662
DA:79,1662
DA:83,10402
DA:84,10402
DA:85,10402
DA:86,10402
DA:91,0
DA:95,16
DA:96,16
DA:97,16
DA:98,16
DA:99,16
DA:103,12336
DA:104,12336
DA:105,12336
DA:106,12336
DA:107,12336
DA:108,12336
DA:109,12336
DA:110,12336
DA:111,12336
DA:112,412
DA:118,0
DA:122,0
DA:126,11025
DA:127,11025
DA:128,11025
DA:129,11025
DA:130,11025
DA:131,11025
DA:132,11025
DA:133,11025
DA:134,39922
DA:135,39922
DA:136,39922
DA:138,11025
DA:139,11025
DA:140,11025
DA:141,11025
DA:145,39926
DA:146,39926
DA:147,39926
DA:148,39926
DA:149,39926
DA:150,39926
DA:151,39926
DA:152,265643
DA:153,265643
DA:154,264046
DA:155,264046
DA:156,264046
DA:157,1597
DA:158,1155
DA:159,1155
DA:160,1155
DA:162,442
DA:163,2
DA:164,2
DA:165,2
DA:166,2
DA:167,2
DA:171,442
DA:172,440
DA:173,440
DA:174,440
DA:175,440
DA:176,440
DA:178,2
DA:179,2
DA:180,2
DA:181,2
DA:182,2
DA:183,2
DA:184,2
DA:187,1597
DA:188,1597
DA:189,1597
DA:191,39926
DA:192,39926
DA:196,5
DA:197,5
DA:198,5
DA:199,5
DA:200,5
DA:201,5
DA:202,5
DA:203,5
DA:204,5
DA:205,5
DA:206,5
DA:207,5
DA:208,5
DA:209,5
DA:210,5
DA:211,5
DA:212,5
DA:213,5
DA:214,5
DA:215,5
DA:216,5
DA:220,39922
DA:221,39922
DA:223,13351
DA:224,13351
DA:225,10400
DA:226,10400
DA:227,10400
DA:228,10400
DA:230,2951
DA:231,1291
DA:232,1291
DA:233,1291
DA:234,1291
DA:236,1660
DA:237,1660
DA:238,1660
DA:239,1660
DA:242,12327
DA:243,12327
DA:244,12327
DA:245,12327
DA:248,11256
DA:249,1452
DA:250,1452
DA:251,1452
DA:253,9804
DA:254,9804
DA:256,5260
DA:257,5260
DA:258,5260
DA:259,5260
DA:262,4496
DA:263,4496
DA:264,4496
DA:265,4496
DA:268,16
DA:269,16
DA:270,16
DA:271,16
DA:274,3
DA:275,3
DA:276,3
DA:277,3
DA:280,3
DA:281,3
DA:282,3
DA:283,3
DA:284,3
DA:285,3
DA:288,2
DA:289,2
DA:290,2
DA:291,2
DA:292,2
DA:295,2
DA:296,2
DA:297,2
DA:298,2
DA:299,2
DA:300,2
DA:303,2
DA:304,2
DA:305,2
DA:306,2
DA:309,2
DA:310,2
DA:311,2
DA:312,2
DA:313,2
DA:314,2
DA:315,2
DA:316,2
DA:317,2
DA:318,2
DA:321,2
DA:322,2
DA:323,2
DA:324,2
DA:327,2
DA:328,2
DA:329,2
DA:330,2
DA:333,2
DA:334,2
DA:335,2
DA:336,2
DA:339,2
DA:340,2
DA:341,2
DA:342,2
DA:343,2
DA:344,2
DA:347,2
DA:348,2
DA:349,2
DA:350,2
DA:351,2
DA:352,2
DA:355,2
DA:356,2
DA:357,2
DA:360,2
DA:361,2
DA:362,2
DA:365,4
DA:366,4
DA:367,4
DA:368,4
DA:369,4
DA:370,4
DA:371,4
DA:372,4
DA:375,0
DA:376,0
DA:377,0
DA:378,0
DA:381,9804
DA:384,2982
DA:385,2982
DA:386,2982
DA:387,2982
DA:390,3
DA:391,3
DA:392,3
DA:395,3
DA:396,3
DA:397,3
DA:398,3
LF:251
LH:237
BRDA:29,0,0,1267
BRDA:31,1,0,0
BRDA:111,2,0,412
BRDA:153,3,0,264046
BRDA:153,3,1,1597
BRDA:154,4,0,0
BRDA:157,5,0,1155
BRDA:157,5,1,442
BRDA:159,6,0,0
BRDA:162,7,0,2
BRDA:162,8,0,442
BRDA:162,8,1,2
BRDA:163,9,0,2
BRDA:165,10,0,2
BRDA:171,11,0,440
BRDA:171,11,1,2
BRDA:174,12,0,0
BRDA:174,13,0,440
BRDA:174,13,1,440
BRDA:181,14,0,0
BRDA:181,15,0,2
BRDA:181,15,1,2
BRDA:181,15,2,2
BRDA:188,16,0,0
BRDA:210,17,0,1
BRDA:221,18,0,13351
BRDA:221,18,1,12327
BRDA:221,18,2,11256
BRDA:221,18,3,2982
BRDA:221,18,4,3
BRDA:221,18,5,3
BRDA:224,19,0,10400
BRDA:230,20,0,1291
BRDA:230,21,0,2951
BRDA:230,21,1,2129
BRDA:248,22,0,1452
BRDA:254,23,0,5260
BRDA:254,23,1,4496
BRDA:254,23,2,16
BRDA:254,23,3,3
BRDA:254,23,4,3
BRDA:254,23,5,2
BRDA:254,23,6,2
BRDA:254,23,7,2
BRDA:254,23,8,2
BRDA:254,23,9,2
BRDA:254,23,10,2
BRDA:254,23,11,2
BRDA:254,23,12,2
BRDA:254,23,13,2
BRDA:254,23,14,2
BRDA:254,23,15,2
BRDA:254,23,16,4
BRDA:254,23,17,0
BRDA:350,24,0,0
BRDA:397,25,0,3
BRDA:397,25,1,0
BRF:57
BRH:48
end_of_record
TN:
SF:src/bson/values.ts
FN:2,(anonymous_0)
FN:10,(anonymous_1)
FN:17,(anonymous_2)
FN:21,(anonymous_3)
FN:25,(anonymous_4)
FN:32,(anonymous_5)
FN:36,(anonymous_6)
FN:40,(anonymous_7)
FN:44,(anonymous_8)
FN:51,(anonymous_9)
FN:59,(anonymous_10)
FNF:11
FNH:11
FNDA:18,(anonymous_0)
FNDA:5,(anonymous_1)
FNDA:11,(anonymous_2)
FNDA:2,(anonymous_3)
FNDA:5,(anonymous_4)
FNDA:16,(anonymous_5)
FNDA:7,(anonymous_6)
FNDA:17,(anonymous_7)
FNDA:8,(anonymous_8)
FNDA:5,(anonymous_9)
FNDA:14,(anonymous_10)
DA:1,11
DA:3,18
DA:4,18
DA:5,18
DA:9,11
DA:11,5
DA:12,5
DA:16,11
DA:17,11
DA:20,11
DA:21,2
DA:24,11
DA:26,5
DA:27,5
DA:31,11
DA:32,16
DA:35,11
DA:36,7
DA:39,11
DA:40,17
DA:43,11
DA:45,8
DA:46,8
DA:50,11
DA:51,5
DA:54,11
DA:56,11
DA:58,11
DA:60,14
DA:61,14
LF:30
LH:30
BRF:0
BRH:0
end_of_record
TN:
SF:src/cbor/CborDecoder.ts
FN:12,(anonymous_0)
FN:24,(anonymous_1)
FN:30,(anonymous_2)
FN:40,(anonymous_3)
FN:54,(anonymous_4)
FN:57,(anonymous_5)
FN:61,(anonymous_6)
FN:90,(anonymous_7)
FN:110,(anonymous_8)
FN:128,(anonymous_9)
FN:137,(anonymous_10)
FN:148,(anonymous_11)
FN:157,(anonymous_12)
FN:168,(anonymous_13)
FN:179,(anonymous_14)
FN:194,(anonymous_15)
FN:202,(anonymous_16)
FN:236,(anonymous_17)
FN:247,(anonymous_18)
FN:258,(anonymous_19)
FN:277,(anonymous_20)
FN:289,(anonymous_21)
FN:299,(anonymous_22)
FN:305,(anonymous_23)
FN:315,(anonymous_24)
FN:329,(anonymous_25)
FN:335,(anonymous_26)
FN:341,(anonymous_27)
FN:350,(anonymous_28)
FN:371,(anonymous_29)
FN:375,(anonymous_30)
FN:379,(anonymous_31)
FN:383,(anonymous_32)
FN:393,(anonymous_33)
FN:400,(anonymous_34)
FNF:35
FNH:29
FNDA:3,(anonymous_0)
FNDA:3,(anonymous_1)
FNDA:3,(anonymous_2)
FNDA:0,(anonymous_3)
FNDA:9160,(anonymous_4)
FNDA:27707,(anonymous_5)
FNDA:27707,(anonymous_6)
FNDA:20218,(anonymous_7)
FNDA:742,(anonymous_8)
FNDA:14,(anonymous_9)
FNDA:0,(anonymous_10)
FNDA:16510,(anonymous_11)
FNDA:0,(anonymous_12)
FNDA:3694,(anonymous_13)
FNDA:5469,(anonymous_14)
FNDA:0,(anonymous_15)
FNDA:1278,(anonymous_16)
FNDA:8,(anonymous_17)
FNDA:5,(anonymous_18)
FNDA:5,(anonymous_19)
FNDA:14,(anonymous_20)
FNDA:4,(anonymous_21)
FNDA:2,(anonymous_22)
FNDA:2,(anonymous_23)
FNDA:0,(anonymous_24)
FNDA:2,(anonymous_25)
FNDA:2,(anonymous_26)
FNDA:0,(anonymous_27)
FNDA:195,(anonymous_28)
FNDA:58,(anonymous_29)
FNDA:102,(anonymous_30)
FNDA:35,(anonymous_31)
FNDA:60,(anonymous_32)
FNDA:20,(anonymous_33)
FNDA:28,(anonymous_34)
DA:2,10
DA:3,10
DA:7,10
DA:13,3
DA:14,3
DA:15,3
DA:16,3
DA:18,3
DA:20,0
DA:25,3
DA:26,3
DA:27,0
DA:31,3
DA:32,3
DA:33,5
DA:34,5
DA:35,5
DA:37,3
DA:41,0
DA:42,0
DA:43,0
DA:44,0
DA:45,0
DA:46,0
DA:48,0
DA:49,0
DA:55,27365
DA:58,27707
DA:62,27707
DA:63,27707
DA:64,27707
DA:67,742
DA:68,742
DA:70,14
DA:71,14
DA:73,16510
DA:74,16510
DA:76,3694
DA:77,3694
DA:79,5469
DA:80,5467
DA:82,1278
DA:83,1277
DA:85,0
DA:86,0
DA:91,20218
DA:92,6196
DA:94,6168
DA:96,28
DA:98,0
DA:100,0
DA:102,0
DA:104,0
DA:111,742
DA:112,387
DA:114,147
DA:116,116
DA:118,108
DA:120,16
DA:122,0
DA:129,14
DA:130,14
DA:132,0
DA:133,0
DA:138,0
DA:139,0
DA:140,0
DA:141,0
DA:142,0
DA:143,0
DA:149,16510
DA:150,16510
DA:152,0
DA:153,0
DA:158,0
DA:159,0
DA:160,0
DA:161,0
DA:162,0
DA:163,0
DA:169,3694
DA:170,3694
DA:172,0
DA:173,0
DA:180,5469
DA:181,5469
DA:183,3
DA:184,3
DA:185,3
DA:186,1
DA:188,1
DA:195,0
DA:196,0
DA:197,0
DA:203,1278
DA:205,0
DA:206,0
DA:208,0
DA:209,0
DA:211,8
DA:212,8
DA:214,196
DA:215,196
DA:217,1074
DA:218,1
DA:237,8
DA:238,8
DA:239,8
DA:240,8
DA:241,5
DA:242,5
DA:248,5
DA:249,5
DA:259,5
DA:260,5
DA:261,5
DA:262,5
DA:264,2
DA:266,2
DA:268,1
DA:278,14
DA:279,14
DA:280,14
DA:283,4
DA:285,10
DA:290,4
DA:291,4
DA:292,4
DA:293,4
DA:294,4
DA:300,2
DA:301,2
DA:302,0
DA:306,2
DA:307,2
DA:308,6
DA:309,6
DA:310,6
DA:312,2
DA:316,0
DA:317,0
DA:318,0
DA:319,0
DA:320,0
DA:321,0
DA:323,0
DA:324,0
DA:330,2
DA:331,2
DA:332,0
DA:336,2
DA:337,8
DA:338,2
DA:342,0
DA:343,0
DA:344,0
DA:345,0
DA:351,195
DA:352,195
DA:353,195
DA:354,193
DA:355,193
DA:356,0
DA:358,0
DA:360,0
DA:362,0
DA:364,0
DA:366,0
DA:368,0
DA:372,58
DA:376,102
DA:380,35
DA:384,60
DA:385,60
DA:386,82
DA:387,82
DA:388,22
DA:390,0
DA:394,20
DA:395,20
DA:396,17
DA:397,17
DA:401,28
DA:402,55
DA:403,55
DA:404,13
DA:406,27
LF:187
LH:123
BRDA:16,0,0,3
BRDA:16,0,1,0
BRDA:26,1,0,3
BRDA:26,1,1,0
BRDA:44,2,0,0
BRDA:64,3,0,614
BRDA:64,3,1,742
BRDA:64,3,2,14
BRDA:64,3,3,16510
BRDA:64,3,4,3694
BRDA:64,3,5,5469
BRDA:64,3,6,1278
BRDA:64,3,7,0
BRDA:91,4,0,14022
BRDA:92,5,0,6168
BRDA:92,5,1,28
BRDA:92,5,2,0
BRDA:92,5,3,0
BRDA:92,5,4,0
BRDA:92,5,5,0
BRDA:111,6,0,355
BRDA:112,7,0,147
BRDA:112,7,1,116
BRDA:112,7,2,108
BRDA:112,7,3,16
BRDA:112,7,4,0
BRDA:130,8,0,14
BRDA:130,8,1,0
BRDA:141,9,0,0
BRDA:142,10,0,0
BRDA:150,11,0,16510
BRDA:150,11,1,0
BRDA:161,12,0,0
BRDA:162,13,0,0
BRDA:170,14,0,3694
BRDA:170,14,1,0
BRDA:181,15,0,5466
BRDA:181,15,1,3
BRDA:185,16,0,2
BRDA:196,17,0,0
BRDA:203,18,0,0
BRDA:203,18,1,0
BRDA:203,18,2,8
BRDA:203,18,3,196
BRDA:217,19,0,1073
BRDA:236,20,0,8
BRDA:236,21,0,8
BRDA:242,22,0,2
BRDA:262,23,0,2
BRDA:262,23,1,2
BRDA:262,23,2,1
BRDA:280,24,0,2
BRDA:280,24,1,4
BRDA:280,24,2,10
BRDA:301,25,0,2
BRDA:301,25,1,0
BRDA:319,26,0,0
BRDA:331,27,0,2
BRDA:353,28,0,2
BRDA:355,29,0,193
BRDA:356,30,0,0
BRDA:356,30,1,0
BRDA:356,30,2,0
BRDA:356,30,3,0
BRDA:356,30,4,0
BRDA:387,31,0,60
BRDA:395,32,0,3
BRDA:403,33,0,42
BRDA:403,33,1,13
BRF:69
BRH:43
end_of_record
TN:
SF:src/cbor/CborDecoderBase.ts
FN:14,(anonymous_0)
FN:19,(anonymous_1)
FN:24,(anonymous_2)
FN:31,(anonymous_3)
FN:45,(anonymous_4)
FN:57,(anonymous_5)
FN:77,(anonymous_6)
FN:92,(anonymous_7)
FN:107,(anonymous_8)
FN:143,(anonymous_9)
FN:154,(anonymous_10)
FN:163,(anonymous_11)
FN:186,(anonymous_12)
FN:202,(anonymous_13)
FN:213,(anonymous_14)
FN:219,(anonymous_15)
FN:225,(anonymous_16)
FN:234,(anonymous_17)
FN:264,(anonymous_18)
FN:274,(anonymous_19)
FN:286,(anonymous_20)
FN:300,(anonymous_21)
FN:316,(anonymous_22)
FN:322,(anonymous_23)
FN:345,(anonymous_24)
FNF:25
FNH:23
FNDA:38,(anonymous_0)
FNDA:809,(anonymous_1)
FNDA:568,(anonymous_2)
FNDA:177253,(anonymous_3)
FNDA:3,(anonymous_4)
FNDA:11346,(anonymous_5)
FNDA:136552,(anonymous_6)
FNDA:1193,(anonymous_7)
FNDA:32,(anonymous_8)
FNDA:3,(anonymous_9)
FNDA:0,(anonymous_10)
FNDA:12692,(anonymous_11)
FNDA:30497,(anonymous_12)
FNDA:5,(anonymous_13)
FNDA:5870,(anonymous_14)
FNDA:5861,(anonymous_15)
FNDA:9,(anonymous_16)
FNDA:8275,(anonymous_17)
FNDA:0,(anonymous_18)
FNDA:4,(anonymous_19)
FNDA:30499,(anonymous_20)
FNDA:16,(anonymous_21)
FNDA:13,(anonymous_22)
FNDA:12634,(anonymous_23)
FNDA:11,(anonymous_24)
DA:2,10
DA:3,10
DA:4,10
DA:5,10
DA:6,10
DA:11,10
DA:15,38
DA:16,38
DA:20,809
DA:21,809
DA:25,568
DA:26,568
DA:32,177253
DA:33,177253
DA:34,177253
DA:35,177253
DA:36,177253
DA:37,150459
DA:38,12716
DA:40,26794
DA:41,12649
DA:46,3
DA:47,3
DA:48,3
DA:49,2
DA:50,0
DA:52,1
DA:53,1
DA:58,11346
DA:59,31
DA:61,11
DA:63,7
DA:65,1
DA:67,0
DA:69,12
DA:71,0
DA:78,136552
DA:79,135515
DA:81,1037
DA:82,375
DA:84,662
DA:85,662
DA:93,1193
DA:94,291
DA:96,902
DA:97,233
DA:99,669
DA:100,669
DA:108,32
DA:109,32
DA:110,8
DA:112,4
DA:114,2
DA:116,1
DA:118,0
DA:120,1
DA:121,1
DA:122,1
DA:123,3
DA:124,3
DA:125,3
DA:127,1
DA:128,1
DA:129,1
DA:130,1
DA:131,1
DA:132,3
DA:133,3
DA:134,3
DA:136,1
DA:139,0
DA:144,3
DA:145,3
DA:146,3
DA:147,3
DA:148,3
DA:149,3
DA:155,0
DA:156,0
DA:157,0
DA:158,0
DA:159,0
DA:160,0
DA:164,12692
DA:165,12692
DA:166,3974
DA:168,3953
DA:170,19
DA:172,0
DA:174,0
DA:176,2
DA:177,5
DA:178,2
DA:179,2
DA:182,0
DA:187,30497
DA:188,11350
DA:190,11340
DA:192,10
DA:194,0
DA:196,0
DA:198,0
DA:203,5
DA:204,5
DA:205,5
DA:206,5
DA:207,5
DA:208,5
DA:214,5870
DA:215,5870
DA:216,9
DA:220,5861
DA:221,145377
DA:222,5861
DA:226,9
DA:227,42
DA:228,9
DA:229,9
DA:235,8275
DA:236,8271
DA:237,8271
DA:239,52
DA:240,52
DA:242,4
DA:243,4
DA:245,0
DA:246,0
DA:248,0
DA:249,0
DA:251,8271
DA:252,8271
DA:253,30404
DA:254,30404
DA:255,30404
DA:256,30404
DA:258,8271
DA:259,4
DA:260,0
DA:265,0
DA:266,0
DA:267,0
DA:268,0
DA:269,0
DA:271,0
DA:275,4
DA:276,4
DA:277,7
DA:278,7
DA:279,7
DA:280,7
DA:282,4
DA:283,4
DA:287,30499
DA:288,30499
DA:289,30499
DA:290,30499
DA:291,30497
DA:292,30497
DA:293,29845
DA:294,29845
DA:295,29845
DA:301,16
DA:302,7
DA:304,6
DA:306,1
DA:308,0
DA:310,0
DA:312,0
DA:317,13
DA:323,12634
DA:325,1127
DA:327,1787
DA:329,1211
DA:331,4
DA:333,1
DA:335,11
DA:337,24
DA:339,8449
DA:341,20
DA:342,0
DA:346,11
LF:181
LH:149
BRDA:15,0,0,38
BRDA:16,1,0,38
BRDA:36,2,0,150459
BRDA:36,2,1,26794
BRDA:37,3,0,137743
BRDA:37,3,1,12716
BRDA:37,4,0,136550
BRDA:37,4,1,1193
BRDA:38,5,0,29
BRDA:38,5,1,12687
BRDA:40,6,0,14145
BRDA:40,6,1,12649
BRDA:40,7,0,5870
BRDA:40,7,1,8275
BRDA:41,8,0,16
BRDA:41,8,1,12633
BRDA:48,9,0,2
BRDA:48,9,1,1
BRDA:49,10,0,2
BRDA:49,10,1,0
BRDA:49,11,0,2
BRDA:49,11,1,0
BRDA:50,12,0,0
BRDA:50,12,1,0
BRDA:52,13,0,0
BRDA:52,13,1,1
BRDA:52,14,0,0
BRDA:52,14,1,0
BRDA:53,15,0,0
BRDA:53,15,1,1
BRDA:58,16,0,11315
BRDA:59,17,0,11
BRDA:59,17,1,7
BRDA:59,17,2,1
BRDA:59,17,3,0
BRDA:59,17,4,12
BRDA:59,17,5,0
BRDA:78,18,0,135515
BRDA:78,18,1,1037
BRDA:79,19,0,307
BRDA:79,19,1,135208
BRDA:81,20,0,375
BRDA:81,20,1,662
BRDA:82,21,0,275
BRDA:82,21,1,100
BRDA:85,22,0,6
BRDA:85,22,1,656
BRDA:93,23,0,291
BRDA:93,23,1,902
BRDA:94,24,0,205
BRDA:94,24,1,86
BRDA:96,25,0,233
BRDA:96,25,1,669
BRDA:97,26,0,208
BRDA:97,26,1,25
BRDA:100,27,0,5
BRDA:100,27,1,664
BRDA:109,28,0,24
BRDA:110,29,0,4
BRDA:110,29,1,2
BRDA:110,29,2,1
BRDA:110,29,3,0
BRDA:110,29,4,1
BRDA:110,29,5,0
BRDA:147,30,0,0
BRDA:148,31,0,0
BRDA:159,32,0,0
BRDA:165,33,0,8718
BRDA:166,34,0,3953
BRDA:166,34,1,19
BRDA:166,34,2,0
BRDA:166,34,3,0
BRDA:166,34,4,2
BRDA:166,34,5,0
BRDA:187,35,0,19147
BRDA:188,36,0,11340
BRDA:188,36,1,10
BRDA:188,36,2,0
BRDA:188,36,3,0
BRDA:188,36,4,0
BRDA:206,37,0,0
BRDA:207,38,0,0
BRDA:215,39,0,5861
BRDA:235,40,0,8271
BRDA:235,40,1,4
BRDA:237,41,0,52
BRDA:237,41,1,4
BRDA:237,41,2,0
BRDA:237,41,3,0
BRDA:254,42,0,0
BRDA:259,43,0,4
BRDA:259,43,1,0
BRDA:278,44,0,0
BRDA:290,45,0,2
BRDA:292,46,0,652
BRDA:301,47,0,9
BRDA:302,48,0,6
BRDA:302,48,1,1
BRDA:302,48,2,0
BRDA:302,48,3,0
BRDA:302,48,4,0
BRDA:323,49,0,1127
BRDA:323,49,1,1787
BRDA:323,49,2,1211
BRDA:323,49,3,4
BRDA:323,49,4,1
BRDA:323,49,5,11
BRDA:323,49,6,24
BRDA:323,49,7,8449
BRDA:341,50,0,20
BRF:110
BRH:79
end_of_record
TN:
SF:src/cbor/CborDecoderDag.ts
FN:5,(anonymous_0)
FNF:1
FNH:1
FNDA:2,(anonymous_0)
DA:1,2
DA:2,2
DA:4,2
DA:6,2
DA:7,2
LF:5
LH:5
BRDA:7,0,0,1
BRDA:7,0,1,1
BRF:2
BRH:2
end_of_record
TN:
SF:src/cbor/CborEncoder.ts
FN:13,(anonymous_0)
FN:17,(anonymous_1)
FN:58,(anonymous_2)
FN:63,(anonymous_3)
FN:65,(anonymous_4)
FN:71,(anonymous_5)
FNF:6
FNH:5
FNDA:0,(anonymous_0)
FNDA:304150,(anonymous_1)
FNDA:4370,(anonymous_2)
FNDA:3,(anonymous_3)
FNDA:5,(anonymous_4)
FNDA:3,(anonymous_5)
DA:1,12
DA:2,12
DA:3,12
DA:4,12
DA:7,12
DA:14,0
DA:18,304150
DA:20,279397
DA:22,9629
DA:24,2234
DA:26,11933
DA:27,10987
DA:28,10987
DA:30,6372
DA:32,4559
DA:34,42
DA:36,3
DA:38,5
DA:40,1
DA:41,1
DA:43,5
DA:44,4
DA:45,4
DA:46,4
DA:50,4
DA:52,953
DA:54,0
DA:59,4370
DA:60,4351
DA:64,3
DA:65,3
DA:66,5
DA:67,5
DA:72,3
LF:34
LH:32
BRDA:18,0,0,279397
BRDA:18,0,1,9629
BRDA:18,0,2,2234
BRDA:18,0,3,11933
BRDA:18,0,4,4
BRDA:18,0,5,953
BRDA:18,0,6,0
BRDA:26,1,0,946
BRDA:28,2,0,6372
BRDA:28,2,1,4559
BRDA:28,2,2,42
BRDA:28,2,3,3
BRDA:28,2,4,5
BRDA:28,2,5,1
BRDA:28,2,6,5
BRDA:43,3,0,1
BRDA:44,4,0,0
BRDA:45,5,0,0
BRDA:59,6,0,19
BRDA:59,6,1,4351
BRF:20
BRH:17
end_of_record
TN:
SF:src/cbor/CborEncoderDag.ts
FN:4,(anonymous_0)
FN:8,(anonymous_1)
FN:14,(anonymous_2)
FNF:3
FNH:3
FNDA:1,(anonymous_0)
FNDA:2097,(anonymous_1)
FNDA:6,(anonymous_2)
DA:1,3
DA:3,3
DA:5,1
DA:9,2097
DA:10,2096
DA:11,2094
DA:15,6
DA:16,6
LF:8
LH:8
BRDA:9,0,0,1
BRDA:10,1,0,2
BRDA:15,2,0,5
BRF:3
BRH:3
end_of_record
TN:
SF:src/cbor/CborEncoderFast.ts
FN:16,(anonymous_0)
FN:18,(anonymous_1)
FN:23,(anonymous_2)
FN:28,(anonymous_3)
FN:49,(anonymous_4)
FN:53,(anonymous_5)
FN:57,(anonymous_6)
FN:61,(anonymous_7)
FN:66,(anonymous_8)
FN:72,(anonymous_9)
FN:77,(anonymous_10)
FN:82,(anonymous_11)
FN:88,(anonymous_12)
FN:93,(anonymous_13)
FN:120,(anonymous_14)
FN:125,(anonymous_15)
FN:130,(anonymous_16)
FN:134,(anonymous_17)
FN:161,(anonymous_18)
FN:165,(anonymous_19)
FN:171,(anonymous_20)
FN:180,(anonymous_21)
FN:208,(anonymous_22)
FN:216,(anonymous_23)
FN:221,(anonymous_24)
FN:227,(anonymous_25)
FN:236,(anonymous_26)
FN:247,(anonymous_27)
FN:256,(anonymous_28)
FN:260,(anonymous_29)
FN:264,(anonymous_30)
FN:269,(anonymous_31)
FN:278,(anonymous_32)
FN:286,(anonymous_33)
FN:290,(anonymous_34)
FN:294,(anonymous_35)
FN:298,(anonymous_36)
FN:302,(anonymous_37)
FN:306,(anonymous_38)
FN:310,(anonymous_39)
FN:314,(anonymous_40)
FN:318,(anonymous_41)
FN:322,(anonymous_42)
FN:326,(anonymous_43)
FN:330,(anonymous_44)
FNF:45
FNH:28
FNDA:49,(anonymous_0)
FNDA:3477,(anonymous_1)
FNDA:0,(anonymous_2)
FNDA:10447,(anonymous_3)
FNDA:0,(anonymous_4)
FNDA:33,(anonymous_5)
FNDA:4,(anonymous_6)
FNDA:0,(anonymous_7)
FNDA:282218,(anonymous_8)
FNDA:953,(anonymous_9)
FNDA:438,(anonymous_10)
FNDA:515,(anonymous_11)
FNDA:273632,(anonymous_12)
FNDA:272351,(anonymous_13)
FNDA:0,(anonymous_14)
FNDA:0,(anonymous_15)
FNDA:0,(anonymous_16)
FNDA:2224,(anonymous_17)
FNDA:2119,(anonymous_18)
FNDA:49,(anonymous_19)
FNDA:49,(anonymous_20)
FNDA:21960,(anonymous_21)
FNDA:0,(anonymous_22)
FNDA:0,(anonymous_23)
FNDA:6048,(anonymous_24)
FNDA:6048,(anonymous_25)
FNDA:4276,(anonymous_26)
FNDA:8422,(anonymous_27)
FNDA:3,(anonymous_28)
FNDA:5,(anonymous_29)
FNDA:20,(anonymous_30)
FNDA:25,(anonymous_31)
FNDA:48,(anonymous_32)
FNDA:3,(anonymous_33)
FNDA:0,(anonymous_34)
FNDA:0,(anonymous_35)
FNDA:2,(anonymous_36)
FNDA:0,(anonymous_37)
FNDA:0,(anonymous_38)
FNDA:22,(anonymous_39)
FNDA:0,(anonymous_40)
FNDA:0,(anonymous_41)
FNDA:0,(anonymous_42)
FNDA:0,(anonymous_43)
FNDA:0,(anonymous_44)
DA:1,12
DA:7,12
DA:13,12
DA:16,49
DA:19,3477
DA:20,3475
DA:24,0
DA:25,0
DA:29,10447
DA:31,2821
DA:33,3130
DA:35,742
DA:37,3754
DA:38,3470
DA:39,3470
DA:41,1423
DA:43,2047
DA:50,0
DA:54,33
DA:58,4
DA:62,0
DA:63,0
DA:67,282218
DA:68,8586
DA:69,8586
DA:73,953
DA:74,515
DA:78,438
DA:79,6
DA:83,515
DA:84,4
DA:85,4
DA:89,273632
DA:90,1713
DA:94,272351
DA:95,272351
DA:96,272351
DA:97,272351
DA:98,272351
DA:99,270144
DA:100,2207
DA:101,548
DA:102,548
DA:103,1659
DA:104,490
DA:105,490
DA:106,490
DA:107,1169
DA:108,308
DA:109,308
DA:110,308
DA:112,861
DA:113,861
DA:114,861
DA:116,272351
DA:121,0
DA:126,0
DA:131,0
DA:135,2224
DA:136,2224
DA:137,2224
DA:138,2224
DA:139,2224
DA:140,2224
DA:141,295
DA:142,1929
DA:143,410
DA:144,410
DA:145,1519
DA:146,415
DA:147,415
DA:148,415
DA:149,1104
DA:150,235
DA:151,235
DA:152,235
DA:154,869
DA:155,869
DA:156,869
DA:158,2224
DA:162,2119
DA:166,49
DA:167,49
DA:168,49
DA:172,49
DA:173,49
DA:174,14
DA:175,6
DA:176,2
DA:177,0
DA:181,21960
DA:182,21960
DA:183,21960
DA:184,21960
DA:185,21960
DA:186,21960
DA:187,21960
DA:188,14663
DA:189,14639
DA:190,14639
DA:191,14639
DA:192,24
DA:193,24
DA:194,24
DA:195,24
DA:197,0
DA:198,0
DA:199,0
DA:201,21960
DA:202,21960
DA:203,14663
DA:204,24
DA:205,0
DA:209,0
DA:210,0
DA:211,0
DA:212,0
DA:213,0
DA:217,0
DA:218,0
DA:222,6048
DA:223,6048
DA:224,280354
DA:228,6048
DA:229,6048
DA:230,18
DA:231,8
DA:232,2
DA:233,0
DA:237,4276
DA:238,4276
DA:239,4276
DA:240,4276
DA:241,15533
DA:242,15533
DA:243,15533
DA:248,8422
DA:249,8422
DA:250,57
DA:251,4
DA:252,0
DA:253,0
DA:257,3
DA:261,5
DA:265,20
DA:266,20
DA:270,25
DA:271,25
DA:272,7
DA:273,0
DA:274,0
DA:275,0
DA:279,48
DA:280,48
DA:281,0
DA:287,3
DA:291,0
DA:295,0
DA:299,2
DA:303,0
DA:307,0
DA:311,22
DA:315,0
DA:319,0
DA:323,0
DA:327,0
DA:331,0
LF:167
LH:131
BRDA:16,0,0,18
BRDA:29,1,0,2821
BRDA:29,1,1,3130
BRDA:29,1,2,742
BRDA:29,1,3,3754
BRDA:37,2,0,284
BRDA:39,3,0,1423
BRDA:39,3,1,2047
BRDA:62,4,0,0
BRDA:62,4,1,0
BRDA:67,5,0,273632
BRDA:67,5,1,8586
BRDA:68,6,0,0
BRDA:68,6,1,8586
BRDA:73,7,0,438
BRDA:73,7,1,515
BRDA:78,8,0,432
BRDA:83,9,0,511
BRDA:89,10,0,271919
BRDA:89,10,1,1713
BRDA:98,11,0,270144
BRDA:98,11,1,2207
BRDA:100,12,0,548
BRDA:100,12,1,1659
BRDA:103,13,0,490
BRDA:103,13,1,1169
BRDA:107,14,0,308
BRDA:107,14,1,861
BRDA:140,15,0,295
BRDA:140,15,1,1929
BRDA:142,16,0,410
BRDA:142,16,1,1519
BRDA:145,17,0,415
BRDA:145,17,1,1104
BRDA:149,18,0,235
BRDA:149,18,1,869
BRDA:173,19,0,35
BRDA:173,19,1,14
BRDA:174,20,0,8
BRDA:174,20,1,6
BRDA:175,21,0,4
BRDA:175,21,1,2
BRDA:176,22,0,2
BRDA:176,22,1,0
BRDA:187,23,0,7297
BRDA:187,23,1,14663
BRDA:188,24,0,14639
BRDA:188,24,1,24
BRDA:192,25,0,24
BRDA:192,25,1,0
BRDA:202,26,0,7297
BRDA:202,26,1,14663
BRDA:203,27,0,14639
BRDA:203,27,1,24
BRDA:204,28,0,24
BRDA:204,28,1,0
BRDA:210,29,0,0
BRDA:210,29,1,0
BRDA:211,30,0,0
BRDA:211,30,1,0
BRDA:212,31,0,0
BRDA:212,31,1,0
BRDA:229,32,0,6030
BRDA:229,32,1,18
BRDA:230,33,0,10
BRDA:230,33,1,8
BRDA:231,34,0,6
BRDA:231,34,1,2
BRDA:232,35,0,2
BRDA:232,35,1,0
BRDA:249,36,0,8365
BRDA:249,36,1,57
BRDA:250,37,0,53
BRDA:250,37,1,4
BRDA:251,38,0,4
BRDA:251,38,1,0
BRDA:252,39,0,0
BRDA:252,39,1,0
BRDA:271,40,0,18
BRDA:271,40,1,7
BRDA:272,41,0,7
BRDA:272,41,1,0
BRDA:273,42,0,0
BRDA:273,42,1,0
BRDA:274,43,0,0
BRDA:274,43,1,0
BRDA:280,44,0,48
BRDA:280,44,1,0
BRDA:281,45,0,0
BRF:89
BRH:66
end_of_record
TN:
SF:src/cbor/CborEncoderStable.ts
FN:6,(anonymous_0)
FN:14,(anonymous_1)
FN:27,(anonymous_2)
FN:65,(anonymous_3)
FNF:4
FNH:3
FNDA:43072,(anonymous_0)
FNDA:4143,(anonymous_1)
FNDA:21536,(anonymous_2)
FNDA:0,(anonymous_3)
DA:1,5
DA:2,5
DA:4,5
DA:6,5
DA:7,43072
DA:8,1390
DA:9,58
DA:10,22
DA:13,5
DA:15,4143
DA:16,4143
DA:17,4143
DA:18,4143
DA:19,4143
DA:20,15190
DA:21,15190
DA:22,15190
DA:28,21536
DA:29,21536
DA:30,21536
DA:31,21536
DA:32,21536
DA:33,21536
DA:34,21536
DA:35,21536
DA:36,21536
DA:37,21536
DA:38,21536
DA:39,21536
DA:40,2
DA:41,2
DA:43,21536
DA:45,20840
DA:46,20840
DA:48,667
DA:49,667
DA:50,667
DA:52,18
DA:53,18
DA:54,18
DA:57,11
DA:58,11
DA:59,11
DA:62,21536
DA:66,0
LF:45
LH:44
BRDA:7,0,0,41682
BRDA:7,0,1,1390
BRDA:8,1,0,1332
BRDA:8,1,1,58
BRDA:9,2,0,36
BRDA:9,2,1,22
BRDA:39,3,0,2
BRDA:43,4,0,20840
BRDA:43,4,1,667
BRDA:43,4,2,18
BRDA:43,4,3,11
BRF:11
BRH:11
end_of_record
TN:
SF:src/cbor/__tests__/cbor-js-testcases.ts
FNF:0
FNH:0
DA:5,1
LF:1
LH:1
BRF:0
BRH:0
end_of_record
TN:
SF:src/ejson/EjsonDecoder.ts
FN:27,(anonymous_0)
FN:35,(anonymous_1)
FN:40,(anonymous_2)
FN:64,(anonymous_3)
FN:82,(anonymous_4)
FN:113,(anonymous_5)
FN:137,(anonymous_6)
FN:165,(anonymous_7)
FN:169,(anonymous_8)
FN:171,(anonymous_9)
FN:175,(anonymous_10)
FN:470,(anonymous_11)
FN:483,(anonymous_12)
FN:491,(anonymous_13)
FN:501,(anonymous_14)
FN:507,(anonymous_15)
FNF:16
FNH:16
FNDA:5,(anonymous_0)
FNDA:108,(anonymous_1)
FNDA:2983,(anonymous_2)
FNDA:1477,(anonymous_3)
FNDA:793,(anonymous_4)
FNDA:7829,(anonymous_5)
FNDA:1451,(anonymous_6)
FNDA:2772,(anonymous_7)
FNDA:97,(anonymous_8)
FNDA:95,(anonymous_9)
FNDA:9112,(anonymous_10)
FNDA:2574,(anonymous_11)
FNDA:7,(anonymous_12)
FNDA:5,(anonymous_13)
FNDA:2,(anonymous_14)
FNDA:1,(anonymous_15)
DA:1,5
DA:17,5
DA:18,5
DA:26,5
DA:27,5
DA:28,5
DA:36,108
DA:37,108
DA:41,2983
DA:42,2983
DA:43,2983
DA:44,2983
DA:45,2983
DA:47,1020
DA:49,200
DA:51,74
DA:53,94
DA:55,60
DA:57,793
DA:59,742
DA:60,1
DA:65,1477
DA:66,1477
DA:67,1477
DA:68,1477
DA:69,1477
DA:70,1477
DA:71,4079
DA:72,4079
DA:73,4079
DA:74,2602
DA:75,1017
DA:76,2602
DA:77,2602
DA:78,2602
DA:83,793
DA:84,793
DA:85,793
DA:86,793
DA:87,793
DA:88,793
DA:89,5117
DA:90,5117
DA:91,5117
DA:92,792
DA:94,792
DA:96,4325
DA:97,749
DA:98,4325
DA:99,4325
DA:100,4325
DA:101,4324
DA:102,4324
DA:103,4324
DA:104,4324
DA:105,4324
DA:108,4324
DA:109,4324
DA:114,7829
DA:115,7829
DA:116,7829
DA:117,7829
DA:118,7829
DA:120,2311
DA:122,1277
DA:124,195
DA:126,214
DA:128,378
DA:130,1451
DA:132,2003
DA:133,0
DA:138,1451
DA:139,1451
DA:140,1451
DA:141,1451
DA:142,1451
DA:143,1451
DA:144,4956
DA:145,4956
DA:146,4956
DA:147,1451
DA:148,1451
DA:150,3505
DA:151,1338
DA:152,3505
DA:153,3505
DA:154,3505
DA:155,3505
DA:156,3505
DA:157,3505
DA:158,3505
DA:159,3505
DA:160,3505
DA:161,3505
DA:166,2772
DA:169,2772
DA:170,97
DA:171,95
DA:175,9112
DA:177,2772
DA:179,178
DA:180,11
DA:181,1
DA:183,10
DA:184,10
DA:185,7
DA:187,3
DA:191,167
DA:192,17
DA:193,2
DA:195,15
DA:196,15
DA:197,14
DA:198,14
DA:199,11
DA:202,4
DA:206,150
DA:207,4
DA:208,0
DA:210,4
DA:211,4
DA:212,3
DA:213,3
DA:214,2
DA:217,2
DA:221,146
DA:222,14
DA:223,0
DA:225,14
DA:226,14
DA:227,13
DA:228,10
DA:229,7
DA:230,4
DA:231,4
DA:232,3
DA:235,2
DA:239,132
DA:240,1
DA:241,0
DA:243,1
DA:244,1
DA:245,1
DA:247,0
DA:251,131
DA:252,8
DA:253,0
DA:255,8
DA:256,8
DA:257,6
DA:258,6
DA:259,5
DA:260,5
DA:261,5
DA:262,5
DA:263,5
DA:264,5
DA:268,3
DA:272,123
DA:273,2
DA:274,0
DA:276,2
DA:277,2
DA:278,1
DA:279,1
DA:281,1
DA:285,121
DA:286,5
DA:287,0
DA:289,5
DA:290,5
DA:291,5
DA:293,0
DA:297,116
DA:298,1
DA:299,0
DA:301,1
DA:302,1
DA:303,1
DA:304,1
DA:309,0
DA:313,115
DA:314,1
DA:315,0
DA:317,1
DA:318,1
DA:319,1
DA:321,0
DA:325,114
DA:326,7
DA:327,0
DA:329,7
DA:330,7
DA:331,7
DA:332,7
DA:333,5
DA:334,5
DA:335,5
DA:336,3
DA:340,4
DA:344,107
DA:345,3
DA:346,0
DA:348,3
DA:349,3
DA:350,3
DA:351,3
DA:352,3
DA:353,3
DA:354,3
DA:355,3
DA:359,0
DA:363,104
DA:364,1
DA:365,0
DA:367,1
DA:368,1
DA:369,1
DA:370,1
DA:371,1
DA:372,1
DA:373,1
DA:374,1
DA:375,1
DA:376,1
DA:381,0
DA:385,103
DA:386,17
DA:387,0
DA:389,17
DA:390,17
DA:392,8
DA:393,8
DA:394,7
DA:396,9
DA:398,9
DA:399,9
DA:400,9
DA:401,9
DA:402,9
DA:403,8
DA:407,2
DA:411,86
DA:412,1
DA:413,0
DA:415,1
DA:416,1
DA:418,0
DA:422,85
DA:423,1
DA:424,0
DA:426,1
DA:427,1
DA:429,0
DA:433,84
DA:434,3
DA:435,0
DA:437,3
DA:438,3
DA:440,0
DA:445,2675
DA:446,1
DA:447,1
DA:448,1
DA:450,1
DA:451,1
DA:455,1
DA:456,3
DA:457,0
DA:461,1
DA:465,2674
DA:466,2674
DA:467,9008
DA:468,1498
DA:469,7510
DA:470,1795
DA:471,2574
DA:476,5715
DA:479,2674
DA:485,7
DA:486,7
DA:487,7
DA:488,7
DA:493,5
DA:494,5
DA:495,5
DA:496,18
DA:498,5
DA:503,2
DA:504,2
DA:509,1
DA:510,1
DA:511,1
DA:512,16
DA:514,1
LF:295
LH:269
BRDA:27,0,0,5
BRDA:45,1,0,1020
BRDA:45,1,1,200
BRDA:45,1,2,74
BRDA:45,1,3,94
BRDA:45,1,4,60
BRDA:45,1,5,793
BRDA:45,1,6,742
BRDA:59,2,0,741
BRDA:59,3,0,742
BRDA:59,3,1,652
BRDA:59,3,2,91
BRDA:66,4,0,0
BRDA:73,5,0,1477
BRDA:74,6,0,1585
BRDA:74,6,1,1017
BRDA:75,7,0,0
BRDA:84,8,0,0
BRDA:91,9,0,792
BRDA:96,10,0,3576
BRDA:96,10,1,749
BRDA:97,11,0,0
BRDA:100,12,0,1
BRDA:102,13,0,0
BRDA:104,14,0,0
BRDA:118,15,0,2311
BRDA:118,15,1,1277
BRDA:118,15,2,195
BRDA:118,15,3,214
BRDA:118,15,4,378
BRDA:118,15,5,1451
BRDA:118,15,6,2003
BRDA:132,16,0,2003
BRDA:132,17,0,2003
BRDA:132,17,1,1818
BRDA:132,17,2,185
BRDA:139,18,0,0
BRDA:146,19,0,1451
BRDA:150,20,0,2167
BRDA:150,20,1,1338
BRDA:151,21,0,0
BRDA:154,22,0,0
BRDA:156,23,0,0
BRDA:158,24,0,0
BRDA:170,25,0,3
BRDA:177,26,0,178
BRDA:179,27,0,11
BRDA:180,28,0,1
BRDA:184,29,0,7
BRDA:184,30,0,10
BRDA:184,30,1,8
BRDA:191,31,0,17
BRDA:192,32,0,2
BRDA:196,33,0,14
BRDA:198,34,0,11
BRDA:198,35,0,14
BRDA:198,35,1,12
BRDA:198,35,2,12
BRDA:206,36,0,4
BRDA:207,37,0,0
BRDA:211,38,0,3
BRDA:213,39,0,2
BRDA:221,40,0,14
BRDA:222,41,0,0
BRDA:226,42,0,13
BRDA:227,43,0,3
BRDA:228,44,0,3
BRDA:229,45,0,3
BRDA:231,46,0,3
BRDA:239,47,0,1
BRDA:240,48,0,0
BRDA:244,49,0,1
BRDA:251,50,0,8
BRDA:252,51,0,0
BRDA:256,52,0,6
BRDA:256,53,0,8
BRDA:256,53,1,6
BRDA:258,54,0,5
BRDA:258,55,0,6
BRDA:258,55,1,5
BRDA:258,55,2,5
BRDA:261,56,0,5
BRDA:261,57,0,5
BRDA:261,57,1,5
BRDA:272,58,0,2
BRDA:273,59,0,0
BRDA:277,60,0,1
BRDA:277,61,0,2
BRDA:277,61,1,2
BRDA:285,62,0,5
BRDA:285,63,0,121
BRDA:285,63,1,6
BRDA:286,64,0,0
BRDA:290,65,0,5
BRDA:297,66,0,1
BRDA:297,67,0,116
BRDA:297,67,1,1
BRDA:298,68,0,0
BRDA:303,69,0,1
BRDA:303,70,0,1
BRDA:303,70,1,1
BRDA:303,70,2,1
BRDA:313,71,0,1
BRDA:314,72,0,0
BRDA:318,73,0,1
BRDA:325,74,0,7
BRDA:326,75,0,0
BRDA:330,76,0,7
BRDA:330,77,0,7
BRDA:330,77,1,7
BRDA:332,78,0,5
BRDA:332,79,0,7
BRDA:332,79,1,5
BRDA:332,79,2,5
BRDA:335,80,0,3
BRDA:335,81,0,5
BRDA:335,81,1,5
BRDA:335,81,2,5
BRDA:335,81,3,4
BRDA:344,82,0,3
BRDA:345,83,0,0
BRDA:349,84,0,3
BRDA:349,85,0,3
BRDA:349,85,1,3
BRDA:351,86,0,3
BRDA:351,87,0,3
BRDA:351,87,1,3
BRDA:351,87,2,3
BRDA:354,88,0,3
BRDA:354,89,0,3
BRDA:354,89,1,3
BRDA:363,90,0,1
BRDA:364,91,0,0
BRDA:368,92,0,1
BRDA:368,93,0,1
BRDA:368,93,1,1
BRDA:370,94,0,1
BRDA:370,95,0,1
BRDA:370,95,1,1
BRDA:370,95,2,1
BRDA:373,96,0,1
BRDA:373,97,0,1
BRDA:373,97,1,1
BRDA:375,98,0,1
BRDA:385,99,0,17
BRDA:386,100,0,0
BRDA:390,101,0,8
BRDA:390,101,1,9
BRDA:393,102,0,7
BRDA:396,103,0,9
BRDA:396,104,0,9
BRDA:396,104,1,9
BRDA:400,105,0,9
BRDA:400,106,0,9
BRDA:400,106,1,9
BRDA:400,106,2,9
BRDA:402,107,0,8
BRDA:411,108,0,1
BRDA:412,109,0,0
BRDA:415,110,0,1
BRDA:422,111,0,1
BRDA:423,112,0,0
BRDA:426,113,0,1
BRDA:433,114,0,3
BRDA:434,115,0,0
BRDA:437,116,0,3
BRDA:445,117,0,1
BRDA:445,118,0,2675
BRDA:445,118,1,27
BRDA:450,119,0,1
BRDA:456,120,0,0
BRDA:456,121,0,3
BRDA:456,121,1,2
BRDA:456,121,2,1
BRDA:467,122,0,1498
BRDA:467,122,1,7510
BRDA:467,123,0,9008
BRDA:467,123,1,3523
BRDA:467,123,2,3293
BRDA:469,124,0,1795
BRDA:469,124,1,5715
BRDA:471,125,0,479
BRDA:471,125,1,2095
BRDA:471,126,0,2574
BRDA:471,126,1,702
BRDA:471,126,2,632
BRF:186
BRH:159
end_of_record
TN:
SF:src/ejson/EjsonEncoder.ts
FN:28,(anonymous_0)
FN:39,(anonymous_1)
FN:44,(anonymous_2)
FN:48,(anonymous_3)
FN:141,(anonymous_4)
FN:173,(anonymous_5)
FN:201,(anonymous_6)
FN:222,(anonymous_7)
FN:235,(anonymous_8)
FN:254,(anonymous_9)
FN:267,(anonymous_10)
FN:289,(anonymous_11)
FN:301,(anonymous_12)
FN:313,(anonymous_13)
FN:330,(anonymous_14)
FN:371,(anonymous_15)
FN:393,(anonymous_16)
FN:404,(anonymous_17)
FN:412,(anonymous_18)
FN:420,(anonymous_19)
FN:432,(anonymous_20)
FN:445,(anonymous_21)
FN:465,(anonymous_22)
FN:476,(anonymous_23)
FN:492,(anonymous_24)
FN:503,(anonymous_25)
FN:521,(anonymous_26)
FN:540,(anonymous_27)
FN:551,(anonymous_28)
FN:564,(anonymous_29)
FN:570,(anonymous_30)
FN:578,(anonymous_31)
FN:587,(anonymous_32)
FNF:33
FNH:30
FNDA:7,(anonymous_0)
FNDA:93,(anonymous_1)
FNDA:0,(anonymous_2)
FNDA:10661,(anonymous_3)
FNDA:0,(anonymous_4)
FNDA:11005,(anonymous_5)
FNDA:0,(anonymous_6)
FNDA:1480,(anonymous_7)
FNDA:2118,(anonymous_8)
FNDA:3,(anonymous_9)
FNDA:2756,(anonymous_10)
FNDA:20,(anonymous_11)
FNDA:3,(anonymous_12)
FNDA:16,(anonymous_13)
FNDA:16,(anonymous_14)
FNDA:3,(anonymous_15)
FNDA:6,(anonymous_16)
FNDA:4,(anonymous_17)
FNDA:4,(anonymous_18)
FNDA:4,(anonymous_19)
FNDA:1,(anonymous_20)
FNDA:5,(anonymous_21)
FNDA:5,(anonymous_22)
FNDA:1,(anonymous_23)
FNDA:1,(anonymous_24)
FNDA:3,(anonymous_25)
FNDA:1,(anonymous_26)
FNDA:1,(anonymous_27)
FNDA:1,(anonymous_28)
FNDA:12,(anonymous_29)
FNDA:6,(anonymous_30)
FNDA:5,(anonymous_31)
FNDA:1,(anonymous_32)
DA:1,4
DA:16,4
DA:18,4
DA:27,4
DA:30,7
DA:32,7
DA:40,93
DA:41,93
DA:45,0
DA:49,10661
DA:50,311
DA:51,3
DA:53,308
DA:56,10350
DA:57,704
DA:60,9646
DA:61,3236
DA:64,6410
DA:65,2756
DA:68,3654
DA:69,1480
DA:72,2174
DA:73,16
DA:76,2158
DA:77,3
DA:81,2155
DA:82,6
DA:85,2149
DA:86,4
DA:89,2145
DA:90,4
DA:93,2141
DA:94,4
DA:97,2137
DA:98,1
DA:101,2136
DA:102,5
DA:105,2131
DA:106,5
DA:109,2126
DA:110,1
DA:113,2125
DA:114,1
DA:117,2124
DA:118,3
DA:121,2121
DA:122,1
DA:125,2120
DA:126,1
DA:129,2119
DA:130,1
DA:133,2118
DA:134,2118
DA:138,0
DA:142,0
DA:143,0
DA:144,0
DA:146,0
DA:147,0
DA:148,0
DA:149,0
DA:150,0
DA:151,0
DA:152,0
DA:153,0
DA:154,0
DA:155,0
DA:156,0
DA:157,0
DA:158,0
DA:159,0
DA:160,0
DA:161,0
DA:162,0
DA:163,0
DA:164,0
DA:165,0
DA:166,0
DA:167,0
DA:168,0
DA:169,0
DA:170,0
DA:174,11005
DA:175,11005
DA:176,11005
DA:177,11005
DA:178,11003
DA:179,11003
DA:180,11003
DA:181,11003
DA:182,93962
DA:183,93962
DA:186,1176
DA:187,1176
DA:189,93962
DA:190,298
DA:191,298
DA:192,93664
DA:194,10705
DA:195,10705
DA:196,10705
DA:198,2
DA:202,0
DA:203,0
DA:204,0
DA:205,0
DA:206,0
DA:207,0
DA:208,0
DA:209,0
DA:210,0
DA:213,0
DA:214,0
DA:216,0
DA:218,0
DA:219,0
DA:223,1480
DA:224,1480
DA:225,1480
DA:226,1480
DA:227,1480
DA:228,1590
DA:229,1590
DA:231,1480
DA:232,1480
DA:236,2118
DA:237,2118
DA:238,2118
DA:239,2118
DA:240,1961
DA:241,1961
DA:242,7683
DA:243,7683
DA:244,7683
DA:245,7683
DA:246,7683
DA:247,7683
DA:249,1961
DA:256,3
DA:257,3
DA:258,3
DA:259,3
DA:260,3
DA:261,3
DA:262,3
DA:263,3
DA:264,3
DA:268,2756
DA:269,27
DA:271,19
DA:272,18
DA:274,1
DA:277,8
DA:281,2729
DA:282,6
DA:284,2723
DA:291,20
DA:292,20
DA:293,20
DA:294,20
DA:295,20
DA:296,20
DA:297,20
DA:298,20
DA:303,3
DA:304,3
DA:305,3
DA:306,3
DA:307,3
DA:308,3
DA:309,3
DA:310,3
DA:315,16
DA:316,16
DA:317,16
DA:318,16
DA:319,16
DA:320,16
DA:321,16
DA:322,16
DA:323,12
DA:325,4
DA:327,16
DA:331,16
DA:333,16
DA:334,0
DA:337,16
DA:338,16
DA:339,16
DA:340,16
DA:341,16
DA:343,16
DA:345,7
DA:346,7
DA:347,7
DA:348,7
DA:349,7
DA:350,7
DA:351,7
DA:354,9
DA:355,9
DA:356,7
DA:359,2
DA:360,2
DA:361,2
DA:362,2
DA:363,2
DA:364,2
DA:365,2
DA:368,16
DA:373,3
DA:374,3
DA:375,3
DA:376,3
DA:377,3
DA:378,3
DA:379,3
DA:380,3
DA:381,3
DA:382,3
DA:383,3
DA:384,3
DA:385,3
DA:386,3
DA:387,3
DA:388,3
DA:389,3
DA:390,3
DA:395,6
DA:396,6
DA:397,6
DA:398,6
DA:399,6
DA:400,6
DA:401,6
DA:405,4
DA:406,2
DA:408,2
DA:413,4
DA:414,2
DA:416,2
DA:421,4
DA:422,2
DA:424,2
DA:425,0
DA:427,2
DA:434,1
DA:435,1
DA:436,1
DA:437,1
DA:438,1
DA:439,1
DA:440,1
DA:441,1
DA:442,1
DA:447,5
DA:448,5
DA:449,5
DA:450,5
DA:451,5
DA:452,5
DA:453,5
DA:454,5
DA:455,5
DA:456,5
DA:457,5
DA:458,5
DA:459,5
DA:460,5
DA:461,5
DA:462,5
DA:467,5
DA:468,5
DA:469,5
DA:470,5
DA:471,5
DA:472,5
DA:473,5
DA:478,1
DA:479,1
DA:480,1
DA:481,1
DA:482,1
DA:483,1
DA:484,1
DA:485,1
DA:486,1
DA:487,1
DA:488,1
DA:489,1
DA:494,1
DA:495,1
DA:496,1
DA:497,1
DA:498,1
DA:499,1
DA:500,1
DA:505,3
DA:506,3
DA:507,3
DA:508,3
DA:509,3
DA:510,3
DA:511,3
DA:512,3
DA:513,3
DA:514,3
DA:515,3
DA:516,3
DA:517,3
DA:518,3
DA:523,1
DA:524,1
DA:525,1
DA:526,1
DA:527,1
DA:528,1
DA:529,1
DA:530,1
DA:531,1
DA:532,1
DA:533,1
DA:534,1
DA:535,1
DA:536,1
DA:537,1
DA:542,1
DA:543,1
DA:544,1
DA:545,1
DA:546,1
DA:547,1
DA:548,1
DA:553,1
DA:554,1
DA:555,1
DA:556,1
DA:557,1
DA:558,1
DA:559,1
DA:565,12
DA:566,8
DA:567,4
DA:572,6
DA:573,6
DA:574,6
DA:575,6
DA:580,5
DA:581,5
DA:582,18
DA:584,5
DA:591,1
LF:352
LH:306
BRDA:30,0,0,0
BRDA:49,1,0,311
BRDA:49,2,0,10661
BRDA:49,2,1,10353
BRDA:50,3,0,3
BRDA:56,4,0,704
BRDA:60,5,0,3236
BRDA:64,6,0,2756
BRDA:68,7,0,1480
BRDA:72,8,0,16
BRDA:76,9,0,3
BRDA:81,10,0,6
BRDA:85,11,0,4
BRDA:89,12,0,4
BRDA:93,13,0,4
BRDA:97,14,0,1
BRDA:101,15,0,5
BRDA:105,16,0,5
BRDA:109,17,0,1
BRDA:113,18,0,1
BRDA:117,19,0,3
BRDA:121,20,0,1
BRDA:125,21,0,1
BRDA:129,22,0,1
BRDA:133,23,0,2118
BRDA:133,24,0,2118
BRDA:133,24,1,2118
BRDA:177,25,0,11003
BRDA:183,26,0,553
BRDA:183,26,1,1176
BRDA:189,27,0,298
BRDA:189,27,1,93664
BRDA:189,28,0,93962
BRDA:189,28,1,93940
BRDA:210,29,0,0
BRDA:210,29,1,0
BRDA:231,30,0,1020
BRDA:239,31,0,157
BRDA:268,32,0,27
BRDA:268,32,1,2729
BRDA:269,33,0,19
BRDA:269,33,1,8
BRDA:271,34,0,18
BRDA:271,34,1,1
BRDA:271,35,0,19
BRDA:271,35,1,19
BRDA:281,36,0,6
BRDA:281,36,1,2723
BRDA:322,37,0,12
BRDA:322,37,1,4
BRDA:333,38,0,0
BRDA:343,39,0,7
BRDA:343,39,1,9
BRDA:355,40,0,7
BRDA:355,40,1,2
BRDA:355,41,0,9
BRDA:355,41,1,7
BRDA:405,42,0,2
BRDA:405,42,1,2
BRDA:413,43,0,2
BRDA:413,43,1,2
BRDA:421,44,0,2
BRDA:421,44,1,2
BRDA:424,45,0,0
BRDA:424,45,1,2
BRDA:565,46,0,4
BRDA:566,47,0,4
BRF:67
BRH:62
end_of_record
TN:
SF:src/ejson/index.ts
FN:5,(anonymous_0)
FN:6,(anonymous_1)
FN:10,(anonymous_2)
FN:11,(anonymous_3)
FN:12,(anonymous_4)
FN:13,(anonymous_5)
FN:14,(anonymous_6)
FN:15,(anonymous_7)
FN:16,(anonymous_8)
FN:17,(anonymous_9)
FN:18,(anonymous_10)
FN:19,(anonymous_11)
FN:20,(anonymous_12)
FN:21,(anonymous_13)
FN:22,(anonymous_14)
FNF:15
FNH:2
FNDA:4,(anonymous_0)
FNDA:2,(anonymous_1)
FNDA:0,(anonymous_2)
FNDA:0,(anonymous_3)
FNDA:0,(anonymous_4)
FNDA:0,(anonymous_5)
FNDA:0,(anonymous_6)
FNDA:0,(anonymous_7)
FNDA:0,(anonymous_8)
FNDA:0,(anonymous_9)
FNDA:0,(anonymous_10)
FNDA:0,(anonymous_11)
FNDA:0,(anonymous_12)
FNDA:0,(anonymous_13)
FNDA:0,(anonymous_14)
DA:5,6
DA:6,4
DA:9,2
DA:10,2
DA:11,2
DA:12,2
DA:13,2
DA:14,2
DA:15,2
DA:16,2
DA:17,2
DA:18,2
DA:19,2
DA:20,2
DA:21,2
DA:22,2
LF:16
LH:16
BRF:0
BRH:0
end_of_record
TN:
SF:src/ion/Import.ts
FN:9,(anonymous_0)
FN:21,(anonymous_1)
FN:28,(anonymous_2)
FN:33,(anonymous_3)
FN:44,(anonymous_4)
FNF:5
FNH:5
FNDA:6481,(anonymous_0)
FNDA:5,(anonymous_1)
FNDA:53293,(anonymous_2)
FNDA:49257,(anonymous_3)
FNDA:2035,(anonymous_4)
DA:1,6
DA:4,6
DA:7,6481
DA:10,6481
DA:11,6481
DA:13,6481
DA:14,6481
DA:15,6481
DA:16,46837
DA:17,46837
DA:22,5
DA:23,5
DA:24,0
DA:25,0
DA:29,53293
DA:30,51262
DA:34,49257
DA:35,49257
DA:36,46806
DA:37,46806
DA:38,46806
DA:39,46806
DA:40,46806
DA:41,46806
DA:45,2035
DA:46,2035
DA:47,2035
LF:27
LH:25
BRDA:13,0,0,6475
BRDA:13,0,1,6
BRDA:23,1,0,5
BRDA:24,2,0,0
BRDA:29,3,0,2031
BRDA:29,4,0,2031
BRDA:29,4,1,0
BRDA:35,5,0,2451
BRF:8
BRH:6
end_of_record
TN:
SF:src/ion/IonDecoder.ts
FN:8,(anonymous_0)
FN:12,(anonymous_1)
FN:28,(anonymous_2)
FNF:3
FNH:2
FNDA:2041,(anonymous_0)
FNDA:2140,(anonymous_1)
FNDA:0,(anonymous_2)
DA:2,4
DA:3,4
DA:4,4
DA:7,4
DA:9,2041
DA:13,2140
DA:16,2140
DA:19,2140
DA:22,2140
DA:25,2140
DA:29,0
LF:11
LH:10
BRF:0
BRH:0
end_of_record
TN:
SF:src/ion/IonDecoderBase.ts
FN:13,(anonymous_0)
FN:18,(anonymous_1)
FN:49,(anonymous_2)
FN:69,(anonymous_3)
FN:76,(anonymous_4)
FN:87,(anonymous_5)
FN:98,(anonymous_6)
FN:106,(anonymous_7)
FN:119,(anonymous_8)
FN:132,(anonymous_9)
FN:156,(anonymous_10)
FN:183,(anonymous_11)
FN:209,(anonymous_12)
FN:221,(anonymous_13)
FN:244,(anonymous_14)
FN:257,(anonymous_15)
FN:264,(anonymous_16)
FNF:17
FNH:16
FNDA:2041,(anonymous_0)
FNDA:122957,(anonymous_1)
FNDA:2548,(anonymous_2)
FNDA:5444,(anonymous_3)
FNDA:2790,(anonymous_4)
FNDA:2608,(anonymous_5)
FNDA:20529,(anonymous_6)
FNDA:68316,(anonymous_7)
FNDA:5,(anonymous_8)
FNDA:8132,(anonymous_9)
FNDA:10554,(anonymous_10)
FNDA:2031,(anonymous_11)
FNDA:83779,(anonymous_12)
FNDA:0,(anonymous_13)
FNDA:51258,(anonymous_14)
FNDA:2140,(anonymous_15)
FNDA:2140,(anonymous_16)
DA:1,4
DA:2,4
DA:6,4
DA:8,4
DA:14,2041
DA:15,2041
DA:19,122957
DA:20,122957
DA:21,122957
DA:23,122957
DA:25,2548
DA:27,5444
DA:29,2790
DA:31,2608
DA:33,20529
DA:35,68316
DA:37,5
DA:39,8132
DA:41,10554
DA:43,2031
DA:45,0
DA:50,2548
DA:51,0
DA:53,0
DA:54,0
DA:56,0
DA:58,0
DA:59,0
DA:60,0
DA:61,0
DA:64,0
DA:65,0
DA:66,0
DA:70,5444
DA:71,5444
DA:72,2779
DA:73,0
DA:77,2790
DA:78,2790
DA:80,2773
DA:81,2773
DA:82,12586
DA:84,2773
DA:88,2608
DA:89,2608
DA:91,2608
DA:92,2608
DA:93,12831
DA:95,2608
DA:99,20529
DA:100,20529
DA:101,20529
DA:102,20529
DA:103,0
DA:107,68316
DA:109,68316
DA:110,68316
DA:111,13219
DA:114,68316
DA:116,68305
DA:120,5
DA:122,5
DA:123,5
DA:124,1
DA:127,5
DA:129,4
DA:133,8132
DA:135,8132
DA:136,8132
DA:137,5305
DA:140,8132
DA:142,6827
DA:143,6827
DA:145,6827
DA:146,65497
DA:149,6827
DA:150,0
DA:153,6827
DA:157,10554
DA:159,10554
DA:160,10554
DA:161,7913
DA:164,10554
DA:166,9575
DA:167,9575
DA:169,9575
DA:170,51258
DA:171,51258
DA:172,51258
DA:173,51258
DA:176,9575
DA:177,0
DA:180,9575
DA:184,2031
DA:185,0
DA:188,2031
DA:189,2031
DA:190,2021
DA:193,2031
DA:194,2031
DA:197,2031
DA:198,2031
DA:201,2031
DA:202,0
DA:206,2031
DA:210,83779
DA:213,83779
DA:214,92363
DA:215,92363
DA:218,83779
DA:222,0
DA:225,0
DA:226,0
DA:227,0
DA:228,0
DA:232,0
DA:233,0
DA:236,0
DA:237,0
DA:238,0
DA:241,0
DA:245,51258
DA:246,0
DA:249,51258
DA:250,51258
DA:251,0
DA:254,51258
DA:258,2140
DA:259,2140
DA:260,0
DA:266,2140
DA:267,2140
DA:268,2140
DA:270,2140
DA:272,2031
DA:275,2031
DA:276,2031
DA:277,2031
DA:279,2031
DA:281,2031
DA:282,2031
LF:141
LH:109
BRDA:14,0,0,0
BRDA:14,0,1,2041
BRDA:14,1,0,2041
BRDA:14,1,1,2041
BRDA:23,2,0,2548
BRDA:23,2,1,5444
BRDA:23,2,2,2790
BRDA:23,2,3,2608
BRDA:23,2,4,20529
BRDA:23,2,5,68316
BRDA:23,2,6,5
BRDA:23,2,7,8132
BRDA:23,2,8,10554
BRDA:23,2,9,2031
BRDA:23,2,10,0
BRDA:50,3,0,2548
BRDA:51,4,0,0
BRDA:56,5,0,0
BRDA:70,6,0,0
BRDA:71,7,0,2665
BRDA:72,8,0,2779
BRDA:77,9,0,0
BRDA:78,10,0,17
BRDA:88,11,0,0
BRDA:89,12,0,0
BRDA:99,13,0,0
BRDA:100,14,0,0
BRDA:101,15,0,0
BRDA:102,16,0,20529
BRDA:107,17,0,0
BRDA:110,18,0,13219
BRDA:114,19,0,11
BRDA:120,20,0,0
BRDA:123,21,0,1
BRDA:127,22,0,1
BRDA:133,23,0,0
BRDA:136,24,0,5305
BRDA:140,25,0,1305
BRDA:149,26,0,0
BRDA:157,27,0,0
BRDA:160,28,0,7913
BRDA:164,29,0,979
BRDA:176,30,0,0
BRDA:184,31,0,0
BRDA:189,32,0,2021
BRDA:201,33,0,0
BRDA:225,34,0,0
BRDA:226,35,0,0
BRDA:226,35,1,0
BRDA:232,36,0,0
BRDA:232,36,1,0
BRDA:245,37,0,0
BRDA:250,38,0,0
BRDA:259,39,0,0
BRDA:266,40,0,2140
BRDA:270,41,0,2031
BRDA:275,42,0,2031
BRDA:275,43,0,2031
BRDA:275,43,1,2031
BRDA:275,43,2,2031
BRDA:279,44,0,2031
BRDA:279,45,0,2031
BRDA:279,45,1,2031
BRDA:282,46,0,2031
BRDA:282,46,1,0
BRF:65
BRH:37
end_of_record
TN:
SF:src/ion/IonEncoderFast.ts
FN:24,(anonymous_0)
FN:26,(anonymous_1)
FN:36,(anonymous_2)
FN:48,(anonymous_3)
FN:52,(anonymous_4)
FN:58,(anonymous_5)
FN:70,(anonymous_6)
FN:74,(anonymous_7)
FN:100,(anonymous_8)
FN:125,(anonymous_9)
FN:129,(anonymous_10)
FN:176,(anonymous_11)
FN:189,(anonymous_12)
FN:201,(anonymous_13)
FN:217,(anonymous_14)
FN:230,(anonymous_15)
FNF:16
FNH:16
FNDA:2042,(anonymous_0)
FNDA:2300,(anonymous_1)
FNDA:716823,(anonymous_2)
FNDA:2300,(anonymous_3)
FNDA:2300,(anonymous_4)
FNDA:2035,(anonymous_5)
FNDA:5448,(anonymous_6)
FNDA:2886,(anonymous_7)
FNDA:2642,(anonymous_8)
FNDA:20565,(anonymous_9)
FNDA:83839,(anonymous_10)
FNDA:68375,(anonymous_11)
FNDA:10,(anonymous_12)
FNDA:8152,(anonymous_13)
FNDA:10564,(anonymous_14)
FNDA:51284,(anonymous_15)
DA:2,5
DA:3,5
DA:18,5
DA:19,5
DA:21,5
DA:24,2042
DA:27,2300
DA:28,2300
DA:29,2300
DA:30,2300
DA:31,2300
DA:32,2300
DA:33,2300
DA:37,716823
DA:38,714272
DA:39,645897
DA:40,643011
DA:41,640369
DA:42,629805
DA:43,621653
DA:44,601088
DA:45,595640
DA:49,2300
DA:53,2300
DA:54,2035
DA:55,2035
DA:59,2035
DA:60,2035
DA:62,2022
DA:63,2022
DA:65,2035
DA:66,2035
DA:67,2035
DA:71,5448
DA:75,2886
DA:76,2886
DA:77,2862
DA:78,2074
DA:79,1607
DA:80,1581
DA:82,1570
DA:83,1570
DA:84,1570
DA:85,1570
DA:86,1570
DA:87,5
DA:88,5
DA:89,1565
DA:90,54
DA:91,54
DA:93,1511
DA:94,1511
DA:95,1511
DA:101,2642
DA:102,2642
DA:103,2092
DA:104,1669
DA:105,1660
DA:107,1650
DA:108,1650
DA:109,1650
DA:110,1650
DA:111,1650
DA:112,5
DA:113,5
DA:114,1645
DA:115,43
DA:116,43
DA:118,1602
DA:119,1602
DA:120,1602
DA:126,20565
DA:130,83839
DA:131,83839
DA:132,75253
DA:133,8586
DA:134,8585
DA:135,8585
DA:136,8585
DA:137,8585
DA:138,1
DA:139,1
DA:140,1
DA:141,1
DA:142,1
DA:143,1
DA:144,0
DA:145,0
DA:146,0
DA:147,0
DA:148,0
DA:149,0
DA:150,0
DA:152,0
DA:153,0
DA:154,0
DA:155,0
DA:156,0
DA:157,0
DA:158,0
DA:159,0
DA:160,0
DA:161,0
DA:162,0
DA:163,0
DA:164,0
DA:165,0
DA:166,0
DA:167,0
DA:168,0
DA:169,0
DA:170,0
DA:171,0
DA:177,68375
DA:178,68375
DA:179,68375
DA:180,68375
DA:182,13234
DA:183,13234
DA:185,68375
DA:186,68375
DA:190,10
DA:191,10
DA:192,10
DA:193,10
DA:195,3
DA:196,3
DA:198,10
DA:202,8152
DA:203,8152
DA:204,8152
DA:205,0
DA:206,0
DA:208,8152
DA:209,8152
DA:211,5310
DA:212,5310
DA:214,661204
DA:218,10564
DA:219,10564
DA:220,10564
DA:221,0
DA:222,0
DA:224,10564
DA:225,10564
DA:227,7916
DA:228,7916
DA:230,10564
DA:231,51284
DA:232,51284
LF:150
LH:119
BRDA:24,0,0,2042
BRDA:37,1,0,2551
BRDA:37,1,1,714272
BRDA:38,2,0,68375
BRDA:38,2,1,645897
BRDA:39,3,0,2886
BRDA:39,3,1,643011
BRDA:40,4,0,2642
BRDA:40,4,1,640369
BRDA:41,5,0,10564
BRDA:41,5,1,629805
BRDA:42,6,0,8152
BRDA:42,6,1,621653
BRDA:43,7,0,20565
BRDA:43,7,1,601088
BRDA:44,8,0,5448
BRDA:44,8,1,595640
BRDA:45,9,0,10
BRDA:53,10,0,265
BRDA:53,11,0,0
BRDA:53,11,1,2300
BRDA:53,12,0,2300
BRDA:53,12,1,2300
BRDA:60,13,0,13
BRDA:60,13,1,2022
BRDA:71,14,0,2781
BRDA:71,14,1,2667
BRDA:76,15,0,24
BRDA:76,15,1,2862
BRDA:77,16,0,788
BRDA:77,16,1,2074
BRDA:78,17,0,467
BRDA:78,17,1,1607
BRDA:79,18,0,26
BRDA:79,18,1,1581
BRDA:80,19,0,11
BRDA:80,19,1,1570
BRDA:83,20,0,763
BRDA:86,21,0,5
BRDA:86,21,1,1565
BRDA:89,22,0,54
BRDA:89,22,1,1511
BRDA:102,23,0,550
BRDA:102,23,1,2092
BRDA:103,24,0,423
BRDA:103,24,1,1669
BRDA:104,25,0,9
BRDA:104,25,1,1660
BRDA:105,26,0,10
BRDA:105,26,1,1650
BRDA:108,27,0,814
BRDA:111,28,0,5
BRDA:111,28,1,1645
BRDA:114,29,0,43
BRDA:114,29,1,1602
BRDA:131,30,0,75253
BRDA:131,30,1,8586
BRDA:133,31,0,8585
BRDA:133,31,1,1
BRDA:138,32,0,1
BRDA:138,32,1,0
BRDA:144,33,0,0
BRDA:144,33,1,0
BRDA:153,34,0,0
BRDA:155,35,0,0
BRDA:155,35,1,0
BRDA:163,36,0,0
BRDA:180,37,0,55141
BRDA:180,37,1,13234
BRDA:193,38,0,7
BRDA:193,38,1,3
BRDA:204,39,0,0
BRDA:209,40,0,2842
BRDA:209,40,1,5310
BRDA:220,41,0,0
BRDA:225,42,0,2648
BRDA:225,42,1,7916
BRF:77
BRH:67
end_of_record
TN:
SF:src/ion/ast.ts
FN:13,(anonymous_0)
FN:16,(anonymous_1)
FN:23,(anonymous_2)
FN:24,(anonymous_3)
FN:31,(anonymous_4)
FN:41,(anonymous_5)
FN:48,(anonymous_6)
FN:59,(anonymous_7)
FN:66,(anonymous_8)
FN:67,(anonymous_9)
FN:72,(anonymous_10)
FN:83,(anonymous_11)
FN:86,(anonymous_12)
FN:93,(anonymous_13)
FN:96,(anonymous_14)
FN:103,(anonymous_15)
FN:115,(anonymous_16)
FN:122,(anonymous_17)
FN:129,(anonymous_18)
FN:136,(anonymous_19)
FN:144,(anonymous_20)
FN:155,(anonymous_21)
FN:162,(anonymous_22)
FN:164,(anonymous_23)
FNF:24
FNH:23
FNDA:2551,(anonymous_0)
FNDA:2547,(anonymous_1)
FNDA:5448,(anonymous_2)
FNDA:5440,(anonymous_3)
FNDA:2886,(anonymous_4)
FNDA:2828,(anonymous_5)
FNDA:2642,(anonymous_6)
FNDA:2580,(anonymous_7)
FNDA:20565,(anonymous_8)
FNDA:20518,(anonymous_9)
FNDA:79766,(anonymous_10)
FNDA:68375,(anonymous_11)
FNDA:68331,(anonymous_12)
FNDA:10,(anonymous_13)
FNDA:1,(anonymous_14)
FNDA:8152,(anonymous_15)
FNDA:8121,(anonymous_16)
FNDA:10564,(anonymous_17)
FNDA:51284,(anonymous_18)
FNDA:8527,(anonymous_19)
FNDA:2035,(anonymous_20)
FNDA:0,(anonymous_21)
FNDA:119158,(anonymous_22)
FNDA:65574,(anonymous_23)
DA:1,6
DA:13,6
DA:14,2551
DA:15,2551
DA:17,2547
DA:21,6
DA:22,5448
DA:23,5448
DA:25,5440
DA:29,6
DA:31,2886
DA:32,2886
DA:33,2862
DA:34,2074
DA:35,1607
DA:36,1581
DA:37,1570
DA:38,1565
DA:39,1511
DA:42,2828
DA:46,6
DA:48,2642
DA:49,2642
DA:50,2642
DA:51,2642
DA:52,2092
DA:53,1669
DA:54,1660
DA:55,1650
DA:56,1645
DA:57,1602
DA:60,2580
DA:64,6
DA:65,20565
DA:66,20565
DA:68,20518
DA:72,6
DA:73,79766
DA:74,4674
DA:75,0
DA:76,0
DA:77,0
DA:78,0
DA:81,6
DA:83,68375
DA:84,68375
DA:87,68331
DA:91,6
DA:93,10
DA:94,10
DA:97,1
DA:101,6
DA:103,8152
DA:104,8152
DA:105,0
DA:107,8152
DA:109,6845
DA:110,65574
DA:111,6845
DA:116,8121
DA:120,6
DA:122,10564
DA:123,10564
DA:124,0
DA:126,10564
DA:128,9584
DA:129,9584
DA:130,51284
DA:132,9584
DA:137,8527
DA:141,6
DA:145,2035
DA:146,2035
DA:148,2035
DA:149,2035
DA:150,2035
DA:151,2035
DA:152,2035
DA:153,2035
DA:156,0
DA:160,6
DA:162,6
DA:163,119158
DA:164,116607
DA:165,108455
DA:166,108445
DA:168,5448
DA:170,26093
DA:171,20565
DA:174,68375
DA:176,8529
DA:177,8529
DA:178,49249
DA:179,49249
DA:181,8529
DA:184,0
LF:96
LH:88
BRDA:32,0,0,24
BRDA:32,0,1,2862
BRDA:33,1,0,788
BRDA:33,1,1,2074
BRDA:34,2,0,467
BRDA:34,2,1,1607
BRDA:35,3,0,26
BRDA:35,3,1,1581
BRDA:36,4,0,11
BRDA:36,4,1,1570
BRDA:37,5,0,5
BRDA:37,5,1,1565
BRDA:38,6,0,54
BRDA:38,6,1,1511
BRDA:50,7,0,0
BRDA:50,7,1,2642
BRDA:51,8,0,550
BRDA:51,8,1,2092
BRDA:52,9,0,423
BRDA:52,9,1,1669
BRDA:53,10,0,9
BRDA:53,10,1,1660
BRDA:54,11,0,10
BRDA:54,11,1,1650
BRDA:55,12,0,5
BRDA:55,12,1,1645
BRDA:56,13,0,43
BRDA:56,13,1,1602
BRDA:73,14,0,75092
BRDA:73,14,1,4674
BRDA:74,15,0,4674
BRDA:74,15,1,0
BRDA:75,16,0,0
BRDA:75,16,1,0
BRDA:76,17,0,0
BRDA:76,17,1,0
BRDA:77,18,0,0
BRDA:77,18,1,0
BRDA:87,19,0,55116
BRDA:87,19,1,13215
BRDA:97,20,0,1
BRDA:97,20,1,0
BRDA:104,21,0,0
BRDA:104,21,1,8152
BRDA:107,22,0,1307
BRDA:107,22,1,6845
BRDA:116,23,0,2820
BRDA:116,23,1,5301
BRDA:123,24,0,0
BRDA:123,24,1,10564
BRDA:126,25,0,980
BRDA:126,25,1,9584
BRDA:137,26,0,2631
BRDA:137,26,1,5896
BRDA:156,27,0,0
BRDA:156,27,1,0
BRDA:163,28,0,2551
BRDA:164,29,0,8152
BRDA:165,30,0,10
BRDA:166,31,0,5448
BRDA:166,31,1,26093
BRDA:166,31,2,68375
BRDA:166,31,3,8529
BRDA:170,32,0,5528
BRDA:170,32,1,20565
BRDA:170,33,0,2886
BRDA:170,33,1,2642
BRF:67
BRH:54
end_of_record
TN:
SF:src/ion/symbols.ts
FNF:0
FNH:0
DA:1,6
DA:4,6
DA:16,6
LF:3
LH:3
BRF:0
BRH:0
end_of_record
TN:
SF:src/json/JsonDecoder.ts
FN:8,(anonymous_0)
FN:31,(anonymous_1)
FN:71,(anonymous_2)
FN:110,(anonymous_3)
FN:185,(anonymous_4)
FN:188,(anonymous_5)
FN:193,(anonymous_6)
FN:198,(anonymous_7)
FN:232,(anonymous_8)
FN:253,(anonymous_9)
FN:258,(anonymous_10)
FN:263,(anonymous_11)
FN:269,(anonymous_12)
FN:281,(anonymous_13)
FN:595,(anonymous_14)
FN:609,(anonymous_15)
FN:625,(anonymous_16)
FN:641,(anonymous_17)
FN:659,(anonymous_18)
FNF:19
FNH:19
FNDA:2274,(anonymous_0)
FNDA:306,(anonymous_1)
FNDA:246,(anonymous_2)
FNDA:42919,(anonymous_3)
FNDA:13,(anonymous_4)
FNDA:2,(anonymous_5)
FNDA:667,(anonymous_6)
FNDA:48758,(anonymous_7)
FNDA:277512,(anonymous_8)
FNDA:1816,(anonymous_9)
FNDA:2498,(anonymous_10)
FNDA:1616,(anonymous_11)
FNDA:2,(anonymous_12)
FNDA:16584,(anonymous_13)
FNDA:17959,(anonymous_14)
FNDA:304,(anonymous_15)
FNDA:2,(anonymous_16)
FNDA:4408,(anonymous_17)
FNDA:6300,(anonymous_18)
DA:1,12
DA:2,12
DA:3,12
DA:4,12
DA:7,12
DA:8,12
DA:9,2274
DA:11,0
DA:13,0
DA:15,84
DA:17,0
DA:19,1
DA:21,1072
DA:23,0
DA:25,1117
DA:27,0
DA:31,12
DA:32,306
DA:71,12
DA:74,246
DA:108,12
DA:110,12
DA:111,42919
DA:112,42919
DA:113,42919
DA:114,42919
DA:115,42919
DA:116,42919
DA:117,432423
DA:118,432423
DA:119,430332
DA:120,5073
DA:122,0
DA:123,0
DA:125,0
DA:126,0
DA:128,180
DA:129,180
DA:131,0
DA:132,0
DA:134,0
DA:135,0
DA:137,2356
DA:138,2356
DA:140,0
DA:141,0
DA:143,2537
DA:144,2537
DA:146,0
DA:148,5073
DA:150,425259
DA:151,382343
DA:152,382343
DA:155,2091
DA:156,2091
DA:157,1478
DA:159,613
DA:160,613
DA:161,609
DA:163,4
DA:164,4
DA:165,4
DA:166,4
DA:167,4
DA:168,4
DA:169,4
DA:170,4
DA:171,4
DA:173,0
DA:179,384434
DA:181,42919
DA:182,42919
DA:185,12
DA:186,13
DA:189,2
DA:190,2
DA:194,667
DA:195,667
DA:199,48758
DA:200,48758
DA:201,48758
DA:202,48758
DA:203,48758
DA:204,48758
DA:206,14688
DA:207,304
DA:208,304
DA:209,246
DA:210,2
DA:211,2
DA:214,14628
DA:217,6265
DA:219,1346
DA:221,1508
DA:223,2059
DA:225,9046
DA:227,13846
DA:228,6
DA:233,277512
DA:234,277512
DA:235,277512
DA:236,277512
DA:237,277512
DA:238,277891
DA:239,277891
DA:244,379
DA:245,379
DA:247,277512
DA:248,277512
DA:254,1816
DA:255,1816
DA:259,2498
DA:260,2498
DA:264,1616
DA:265,1616
DA:266,1616
DA:270,2
DA:271,2
DA:273,1
DA:275,1
DA:277,0
DA:282,16584
DA:283,16584
DA:284,16584
DA:285,16584
DA:286,16584
DA:287,16584
DA:288,16584
DA:289,395
DA:290,395
DA:291,395
DA:292,395
DA:294,16189
DA:295,16189
DA:296,16189
DA:297,218
DA:298,218
DA:299,218
DA:300,218
DA:302,15971
DA:303,15971
DA:304,15971
DA:305,487
DA:306,487
DA:307,487
DA:308,487
DA:310,15484
DA:311,15484
DA:312,15484
DA:313,481
DA:314,481
DA:315,481
DA:316,481
DA:318,15003
DA:319,15003
DA:320,15003
DA:321,309
DA:322,309
DA:323,309
DA:324,309
DA:326,14694
DA:327,14694
DA:328,14694
DA:329,271
DA:330,271
DA:331,271
DA:332,271
DA:334,14423
DA:335,14423
DA:336,14423
DA:337,44
DA:338,44
DA:339,44
DA:340,44
DA:342,14379
DA:343,14379
DA:344,14379
DA:345,14
DA:346,14
DA:347,14
DA:348,14
DA:350,14365
DA:351,14365
DA:352,14365
DA:353,0
DA:354,0
DA:355,0
DA:356,0
DA:358,14365
DA:359,14365
DA:360,14365
DA:361,33
DA:362,33
DA:363,33
DA:364,33
DA:366,14332
DA:367,14332
DA:368,14332
DA:369,10
DA:370,10
DA:371,10
DA:372,10
DA:374,14322
DA:375,14322
DA:376,14322
DA:377,5
DA:378,5
DA:379,5
DA:380,5
DA:382,14317
DA:383,14317
DA:384,14317
DA:385,9
DA:386,9
DA:387,9
DA:388,9
DA:390,14308
DA:391,14308
DA:392,14308
DA:393,15
DA:394,15
DA:395,15
DA:396,15
DA:398,14293
DA:399,14293
DA:400,14293
DA:401,195
DA:402,195
DA:403,195
DA:404,195
DA:406,14098
DA:407,14098
DA:408,14098
DA:409,1860
DA:410,1860
DA:411,1860
DA:412,1860
DA:414,12238
DA:415,12238
DA:416,12238
DA:417,9009
DA:418,9009
DA:419,9009
DA:420,9009
DA:422,3229
DA:423,3229
DA:424,3229
DA:425,3229
DA:426,3229
DA:427,3229
DA:428,3229
DA:430,0
DA:431,0
DA:432,0
DA:433,0
DA:434,0
DA:435,0
DA:436,0
DA:438,0
DA:439,0
DA:440,0
DA:441,0
DA:442,0
DA:464,0
DA:465,0
DA:467,0
DA:468,0
DA:469,0
DA:470,0
DA:471,0
DA:494,0
DA:495,0
DA:497,0
DA:498,0
DA:499,0
DA:500,0
DA:501,0
DA:525,0
DA:526,0
DA:528,0
DA:529,0
DA:530,0
DA:531,0
DA:532,0
DA:557,0
DA:558,0
DA:560,0
DA:561,0
DA:562,0
DA:563,0
DA:564,0
DA:589,0
DA:590,0
DA:592,0
DA:596,17959
DA:597,17959
DA:598,17959
DA:599,17959
DA:600,17959
DA:601,17959
DA:602,17958
DA:604,17958
DA:605,17958
DA:606,17958
DA:610,304
DA:611,304
DA:612,304
DA:613,304
DA:614,304
DA:615,304
DA:616,58
DA:617,58
DA:618,58
DA:619,58
DA:620,58
DA:621,58
DA:622,58
DA:626,2
DA:627,2
DA:628,2
DA:629,2
DA:630,2
DA:631,2
DA:632,2
DA:633,2
DA:634,2
DA:635,2
DA:636,2
DA:637,2
DA:638,2
DA:642,4408
DA:643,4408
DA:644,4408
DA:645,4408
DA:646,4408
DA:647,4408
DA:648,15070
DA:649,15070
DA:650,15070
DA:651,10663
DA:652,3267
DA:653,10662
DA:654,10662
DA:655,10662
DA:660,6300
DA:661,6300
DA:662,6300
DA:663,6300
DA:664,6300
DA:665,6300
DA:666,35338
DA:667,35338
DA:668,35338
DA:669,29039
DA:670,5672
DA:671,29038
DA:672,29038
DA:673,29038
DA:674,29038
DA:675,29038
DA:676,29038
DA:677,29038
DA:678,29038
DA:679,29038
DA:680,29038
LF:365
LH:300
BRDA:9,0,0,0
BRDA:9,0,1,0
BRDA:9,0,2,84
BRDA:9,0,3,0
BRDA:9,0,4,1
BRDA:9,0,5,1072
BRDA:9,0,6,0
BRDA:9,0,7,1117
BRDA:32,1,0,306
BRDA:32,1,1,306
BRDA:32,1,2,82
BRDA:32,1,3,62
BRDA:32,1,4,62
BRDA:32,1,5,62
BRDA:32,1,6,62
BRDA:32,1,7,62
BRDA:32,1,8,62
BRDA:32,1,9,62
BRDA:32,1,10,62
BRDA:32,1,11,62
BRDA:32,1,12,62
BRDA:32,1,13,62
BRDA:32,1,14,62
BRDA:32,1,15,62
BRDA:32,1,16,62
BRDA:32,1,17,62
BRDA:32,1,18,60
BRDA:32,1,19,60
BRDA:32,1,20,60
BRDA:32,1,21,60
BRDA:32,1,22,60
BRDA:32,1,23,60
BRDA:32,1,24,60
BRDA:32,1,25,60
BRDA:32,1,26,60
BRDA:32,1,27,60
BRDA:32,1,28,60
BRDA:32,1,29,60
BRDA:32,1,30,60
BRDA:32,1,31,60
BRDA:32,1,32,60
BRDA:32,1,33,60
BRDA:32,1,34,60
BRDA:32,1,35,60
BRDA:32,1,36,60
BRDA:74,2,0,246
BRDA:74,2,1,22
BRDA:74,2,2,2
BRDA:74,2,3,2
BRDA:74,2,4,2
BRDA:74,2,5,2
BRDA:74,2,6,2
BRDA:74,2,7,2
BRDA:74,2,8,2
BRDA:74,2,9,2
BRDA:74,2,10,2
BRDA:74,2,11,2
BRDA:74,2,12,2
BRDA:74,2,13,2
BRDA:74,2,14,2
BRDA:74,2,15,2
BRDA:74,2,16,2
BRDA:74,2,17,2
BRDA:74,2,18,2
BRDA:74,2,19,2
BRDA:74,2,20,2
BRDA:74,2,21,2
BRDA:74,2,22,2
BRDA:74,2,23,2
BRDA:74,2,24,2
BRDA:74,2,25,2
BRDA:74,2,26,2
BRDA:74,2,27,2
BRDA:74,2,28,2
BRDA:74,2,29,2
BRDA:74,2,30,2
BRDA:74,2,31,2
BRDA:74,2,32,2
BRDA:118,3,0,430332
BRDA:118,3,1,2091
BRDA:119,4,0,5073
BRDA:119,4,1,425259
BRDA:120,5,0,0
BRDA:120,5,1,0
BRDA:120,5,2,180
BRDA:120,5,3,0
BRDA:120,5,4,0
BRDA:120,5,5,2356
BRDA:120,5,6,0
BRDA:120,5,7,2537
BRDA:120,5,8,0
BRDA:150,6,0,42916
BRDA:152,7,0,5073
BRDA:156,8,0,1478
BRDA:156,8,1,613
BRDA:160,9,0,609
BRDA:160,9,1,4
BRDA:163,10,0,4
BRDA:166,11,0,4
BRDA:166,11,1,0
BRDA:204,12,0,14688
BRDA:204,12,1,6265
BRDA:204,12,2,1346
BRDA:204,12,3,1508
BRDA:204,12,4,2059
BRDA:204,12,5,9046
BRDA:204,12,6,13846
BRDA:206,13,0,304
BRDA:208,14,0,58
BRDA:209,15,0,2
BRDA:227,16,0,13840
BRDA:227,17,0,13846
BRDA:227,17,1,12468
BRDA:227,17,2,1378
BRDA:239,18,0,325
BRDA:239,18,1,339
BRDA:239,18,2,364
BRDA:239,18,3,379
BRDA:239,18,4,277512
BRDA:254,19,0,0
BRDA:259,20,0,0
BRDA:265,21,0,0
BRDA:265,22,0,1616
BRDA:265,22,1,1616
BRDA:271,23,0,1
BRDA:271,23,1,1
BRDA:271,23,2,0
BRDA:288,24,0,395
BRDA:288,25,0,16584
BRDA:288,25,1,16569
BRDA:288,25,2,16304
BRDA:288,25,3,380
BRDA:288,25,4,380
BRDA:288,25,5,380
BRDA:291,26,0,0
BRDA:296,27,0,218
BRDA:296,28,0,16189
BRDA:296,28,1,16165
BRDA:296,28,2,16025
BRDA:296,28,3,194
BRDA:296,28,4,194
BRDA:296,28,5,194
BRDA:299,29,0,0
BRDA:304,30,0,487
BRDA:304,31,0,15971
BRDA:304,31,1,15930
BRDA:304,31,2,15596
BRDA:304,31,3,446
BRDA:304,31,4,446
BRDA:304,31,5,446
BRDA:307,32,0,0
BRDA:312,33,0,481
BRDA:312,34,0,15484
BRDA:312,34,1,15462
BRDA:312,34,2,15134
BRDA:312,34,3,460
BRDA:312,34,4,460
BRDA:312,34,5,460
BRDA:315,35,0,0
BRDA:320,36,0,309
BRDA:320,37,0,15003
BRDA:320,37,1,14997
BRDA:320,37,2,14763
BRDA:320,37,3,303
BRDA:320,37,4,303
BRDA:320,37,5,303
BRDA:323,38,0,0
BRDA:328,39,0,271
BRDA:328,40,0,14694
BRDA:328,40,1,14693
BRDA:328,40,2,14479
BRDA:328,40,3,270
BRDA:328,40,4,270
BRDA:328,40,5,270
BRDA:331,41,0,0
BRDA:336,42,0,44
BRDA:336,43,0,14423
BRDA:336,43,1,14421
BRDA:336,43,2,14412
BRDA:336,43,3,42
BRDA:336,43,4,42
BRDA:336,43,5,42
BRDA:339,44,0,0
BRDA:344,45,0,14
BRDA:344,46,0,14379
BRDA:344,46,1,14374
BRDA:344,46,2,14369
BRDA:344,46,3,9
BRDA:344,46,4,9
BRDA:344,46,5,9
BRDA:347,47,0,0
BRDA:352,48,0,0
BRDA:352,49,0,14365
BRDA:352,49,1,14365
BRDA:352,49,2,14365
BRDA:352,49,3,0
BRDA:352,49,4,0
BRDA:355,50,0,0
BRDA:360,51,0,33
BRDA:360,52,0,14365
BRDA:360,52,1,14355
BRDA:360,52,2,14340
BRDA:360,52,3,23
BRDA:360,52,4,23
BRDA:363,53,0,0
BRDA:368,54,0,10
BRDA:368,55,0,14332
[...]
FNDA:11,(anonymous_15)
FNDA:457000,(anonymous_16)
FNDA:10,(anonymous_17)
FNDA:568060,(anonymous_18)
FNDA:0,(anonymous_19)
FNDA:13758,(anonymous_20)
FNDA:398,(anonymous_21)
FNDA:342,(anonymous_22)
FNDA:100,(anonymous_23)
FNDA:0,(anonymous_24)
FNDA:8196,(anonymous_25)
FNDA:28,(anonymous_26)
FNDA:22,(anonymous_27)
FNDA:0,(anonymous_28)
FNDA:0,(anonymous_29)
FNDA:1842,(anonymous_30)
FNDA:0,(anonymous_31)
FNDA:2712,(anonymous_32)
DA:1,5
DA:3,5
DA:6,5
DA:8,5
DA:19,139
DA:21,139
DA:24,2268
DA:25,2268
DA:30,0
DA:31,0
DA:37,2942210
DA:38,2942210
DA:39,2942071
DA:41,43983
DA:43,40744
DA:45,1700075
DA:47,38
DA:49,101089
DA:51,29834
DA:53,568046
DA:55,456990
DA:57,1208
DA:59,10
DA:61,7
DA:63,10
DA:65,12
DA:67,11
DA:69,14
DA:71,0
DA:75,1030917
DA:76,1030917
DA:77,1030917
DA:78,2067306
DA:79,2067211
DA:80,1036389
DA:85,3
DA:86,3
DA:87,3
DA:88,3
DA:89,3
DA:90,3
DA:91,3
DA:92,3
DA:93,3
DA:94,3
DA:95,3
DA:96,4
DA:97,4
DA:98,4
DA:100,3
DA:106,101089
DA:107,101089
DA:108,101082
DA:109,101068
DA:115,43983
DA:116,43983
DA:117,43983
DA:118,43976
DA:119,43976
DA:120,8922
DA:121,35054
DA:122,43976
DA:123,169259
DA:124,169244
DA:125,43961
DA:126,43955
DA:128,125283
DA:133,40744
DA:134,40744
DA:135,40744
DA:136,474352
DA:137,474326
DA:138,40718
DA:139,40718
DA:140,40718
DA:141,40718
DA:143,80
DA:145,5
DA:147,5
DA:149,70
DA:151,20033
DA:152,5
DA:154,20028
DA:156,40703
DA:157,40702
DA:162,7
DA:163,7
DA:164,7
DA:165,35
DA:166,35
DA:167,7
DA:168,7
DA:169,7
DA:170,7
DA:171,7
DA:178,1700075
DA:179,1700075
DA:180,1700075
DA:181,17661377
DA:182,17660441
DA:183,1699139
DA:184,1699139
DA:185,1699139
DA:186,1699139
DA:187,1699051
DA:192,42
DA:193,42
DA:194,1
DA:195,1
DA:197,41
DA:199,41
DA:200,39
DA:201,41
DA:202,41
DA:206,3
DA:207,3
DA:208,3
DA:209,3
DA:210,3
DA:211,3
DA:215,1208
DA:216,1208
DA:217,1199
DA:218,1186
DA:219,1186
DA:220,1186
DA:221,1140
DA:222,1133
DA:224,0
DA:225,0
DA:226,0
DA:232,12
DA:233,12
DA:234,12
DA:235,60
DA:236,56
DA:237,8
DA:238,8
DA:239,8
DA:240,8
DA:241,7
DA:246,11
DA:247,11
DA:248,8
DA:249,7
DA:250,5
DA:256,457000
DA:257,457000
DA:258,456978
DA:259,1
DA:260,1
DA:262,456977
DA:263,456937
DA:264,456937
DA:265,456331
DA:269,10
DA:270,10
DA:271,20
DA:272,10
DA:278,568060
DA:279,567970
DA:280,567970
DA:281,1312119
DA:282,1311315
DA:284,563625
DA:290,0
DA:294,13758
DA:295,13758
DA:296,13758
DA:298,342
DA:300,100
DA:302,8196
DA:304,28
DA:306,398
DA:308,118
DA:310,2712
DA:312,1842
DA:314,22
DA:316,0
DA:318,0
DA:320,0
DA:322,0
DA:324,0
DA:326,0
DA:328,0
DA:332,398
DA:336,342
DA:337,342
DA:338,1470
DA:339,342
DA:340,342
DA:345,100
DA:346,100
DA:347,514
DA:348,100
DA:349,100
DA:354,0
DA:355,0
DA:356,0
DA:357,0
DA:358,0
DA:363,8196
DA:364,8196
DA:365,81040
DA:366,8196
DA:367,8196
DA:372,28
DA:373,28
DA:374,0
DA:375,0
DA:377,28
DA:381,22
DA:382,22
DA:386,0
DA:387,0
DA:388,0
DA:389,0
DA:390,0
DA:395,0
DA:396,0
DA:400,1842
DA:401,1842
DA:402,1842
DA:403,0
DA:404,0
DA:406,1842
DA:407,1842
DA:411,0
DA:412,0
DA:416,2712
DA:417,2712
DA:418,6006
DA:419,6006
LF:233
LH:201
BRDA:21,0,0,134
BRDA:39,1,0,43983
BRDA:39,1,1,40744
BRDA:39,1,2,1700075
BRDA:39,1,3,38
BRDA:39,1,4,101089
BRDA:39,1,5,29834
BRDA:39,1,6,568046
BRDA:39,1,7,456990
BRDA:39,1,8,1208
BRDA:39,1,9,10
BRDA:39,1,10,7
BRDA:39,1,11,10
BRDA:39,1,12,12
BRDA:39,1,13,11
BRDA:39,1,14,14
BRDA:59,2,0,10
BRDA:59,2,1,0
BRDA:79,3,0,1030822
BRDA:87,4,0,0
BRDA:89,5,0,0
BRDA:91,6,0,0
BRDA:97,7,0,0
BRDA:119,8,0,8922
BRDA:119,8,1,35054
BRDA:121,9,0,35053
BRDA:124,10,0,43961
BRDA:126,11,0,8913
BRDA:126,11,1,35042
BRDA:137,12,0,433608
BRDA:141,13,0,80
BRDA:141,13,1,20033
BRDA:143,14,0,5
BRDA:143,14,1,5
BRDA:151,15,0,5
BRDA:166,16,0,28
BRDA:182,17,0,15961302
BRDA:193,18,0,1
BRDA:199,19,0,2
BRDA:199,19,1,39
BRDA:199,20,0,41
BRDA:199,20,1,3
BRDA:219,21,0,1186
BRDA:236,22,0,48
BRDA:258,23,0,1
BRDA:296,24,0,342
BRDA:296,24,1,100
BRDA:296,24,2,8196
BRDA:296,24,3,28
BRDA:296,24,4,398
BRDA:296,24,5,118
BRDA:296,24,6,2712
BRDA:296,24,7,1842
BRDA:296,24,8,22
BRDA:296,24,9,0
BRDA:296,24,10,0
BRDA:296,24,11,0
BRDA:296,24,12,0
BRDA:296,24,13,0
BRDA:296,24,14,0
BRDA:338,25,0,1128
BRDA:347,26,0,414
BRDA:356,27,0,0
BRDA:365,28,0,72844
BRDA:373,29,0,0
BRDA:388,30,0,0
BRDA:402,31,0,0
BRF:67
BRH:52
end_of_record
TN:
SF:src/resp/RespEncoder.ts
FN:19,(anonymous_0)
FN:21,(anonymous_1)
FN:26,(anonymous_2)
FN:31,(anonymous_3)
FN:61,(anonymous_4)
FN:92,(anonymous_5)
FN:97,(anonymous_6)
FN:107,(anonymous_7)
FN:112,(anonymous_8)
FN:118,(anonymous_9)
FN:123,(anonymous_10)
FN:130,(anonymous_11)
FN:139,(anonymous_12)
FN:148,(anonymous_13)
FN:160,(anonymous_14)
FN:166,(anonymous_15)
FN:173,(anonymous_16)
FN:180,(anonymous_17)
FN:184,(anonymous_18)
FN:216,(anonymous_19)
FN:226,(anonymous_20)
FN:231,(anonymous_21)
FN:237,(anonymous_22)
FN:242,(anonymous_23)
FN:250,(anonymous_24)
FN:257,(anonymous_25)
FN:268,(anonymous_26)
FN:277,(anonymous_27)
FN:283,(anonymous_28)
FN:300,(anonymous_29)
FN:305,(anonymous_30)
FN:313,(anonymous_31)
FN:324,(anonymous_32)
FN:333,(anonymous_33)
FN:340,(anonymous_34)
FN:354,(anonymous_35)
FN:361,(anonymous_36)
FN:375,(anonymous_37)
FN:381,(anonymous_38)
FN:384,(anonymous_39)
FN:398,(anonymous_40)
FN:402,(anonymous_41)
FN:406,(anonymous_42)
FN:412,(anonymous_43)
FN:420,(anonymous_44)
FN:431,(anonymous_45)
FN:439,(anonymous_46)
FN:447,(anonymous_47)
FN:457,(anonymous_48)
FN:465,(anonymous_49)
FN:473,(anonymous_50)
FN:477,(anonymous_51)
FN:484,(anonymous_52)
FN:492,(anonymous_53)
FN:497,(anonymous_54)
FNF:55
FNH:40
FNDA:61,(anonymous_0)
FNDA:2380,(anonymous_1)
FNDA:0,(anonymous_2)
FNDA:86263,(anonymous_3)
FNDA:24594,(anonymous_4)
FNDA:4,(anonymous_5)
FNDA:6,(anonymous_6)
FNDA:0,(anonymous_7)
FNDA:1,(anonymous_8)
FNDA:3,(anonymous_9)
FNDA:2829,(anonymous_10)
FNDA:2,(anonymous_11)
FNDA:2,(anonymous_12)
FNDA:6067,(anonymous_13)
FNDA:26920,(anonymous_14)
FNDA:7,(anonymous_15)
FNDA:6100,(anonymous_16)
FNDA:0,(anonymous_17)
FNDA:20824,(anonymous_18)
FNDA:67,(anonymous_19)
FNDA:0,(anonymous_20)
FNDA:87534,(anonymous_21)
FNDA:0,(anonymous_22)
FNDA:87055,(anonymous_23)
FNDA:1,(anonymous_24)
FNDA:6,(anonymous_25)
FNDA:15,(anonymous_26)
FNDA:1,(anonymous_27)
FNDA:494,(anonymous_28)
FNDA:14,(anonymous_29)
FNDA:9,(anonymous_30)
FNDA:6,(anonymous_31)
FNDA:9744,(anonymous_32)
FNDA:7,(anonymous_33)
FNDA:14208,(anonymous_34)
FNDA:0,(anonymous_35)
FNDA:16,(anonymous_36)
FNDA:12,(anonymous_37)
FNDA:61,(anonymous_38)
FNDA:12,(anonymous_39)
FNDA:0,(anonymous_40)
FNDA:0,(anonymous_41)
FNDA:0,(anonymous_42)
FNDA:1,(anonymous_43)
FNDA:2,(anonymous_44)
FNDA:1,(anonymous_45)
FNDA:1,(anonymous_46)
FNDA:2,(anonymous_47)
FNDA:1,(anonymous_48)
FNDA:0,(anonymous_49)
FNDA:0,(anonymous_50)
FNDA:0,(anonymous_51)
FNDA:0,(anonymous_52)
FNDA:0,(anonymous_53)
FNDA:0,(anonymous_54)
DA:1,7
DA:2,7
DA:4,7
DA:5,7
DA:10,7
DA:11,7
DA:16,7
DA:19,61
DA:22,2380
DA:23,2380
DA:27,0
DA:28,0
DA:32,86263
DA:34,26920
DA:36,26372
DA:38,6067
DA:40,26897
DA:41,24068
DA:42,14324
DA:43,14259
DA:44,14245
DA:45,14233
DA:46,25
DA:47,15
DA:48,14
DA:50,14208
DA:53,0
DA:55,7
DA:57,0
DA:62,24594
DA:63,24594
DA:64,24574
DA:65,21930
DA:66,21930
DA:68,2644
DA:69,2644
DA:70,2644
DA:71,2644
DA:73,20
DA:74,20
DA:75,20
DA:76,40
DA:77,40
DA:79,20
DA:80,20
DA:81,20
DA:82,20
DA:83,20
DA:84,20
DA:85,60
DA:86,60
DA:87,60
DA:89,20
DA:93,4
DA:94,4
DA:98,6
DA:99,6
DA:100,6
DA:101,16
DA:102,16
DA:103,15
DA:108,0
DA:109,0
DA:113,1
DA:114,1
DA:115,3
DA:119,3
DA:120,3
DA:124,2829
DA:131,2
DA:140,2
DA:149,6067
DA:161,26920
DA:162,20824
DA:163,20824
DA:167,7
DA:168,7
DA:169,7
DA:170,7
DA:174,6100
DA:175,6100
DA:176,6100
DA:177,6100
DA:181,0
DA:185,20824
DA:186,20824
DA:187,20824
DA:189,3
DA:194,3
DA:196,3
DA:202,3
DA:204,20818
DA:205,3
DA:210,20815
DA:211,20818
DA:213,20824
DA:217,67
DA:218,67
DA:219,67
DA:220,67
DA:221,67
DA:222,67
DA:223,67
DA:227,0
DA:232,87534
DA:233,87534
DA:234,491
DA:238,0
DA:243,87055
DA:244,87055
DA:245,87055
DA:246,87055
DA:247,87055
DA:251,1
DA:252,1
DA:253,1
DA:254,1
DA:258,6
DA:259,6
DA:260,6
DA:261,6
DA:262,6
DA:263,6
DA:264,6
DA:265,6
DA:269,15
DA:270,15
DA:271,15
DA:272,15
DA:273,15
DA:274,15
DA:278,1
DA:279,1
DA:280,0
DA:284,494
DA:285,494
DA:286,494
DA:287,494
DA:288,494
DA:289,494
DA:295,494
DA:296,494
DA:297,494
DA:301,14
DA:302,6
DA:306,9
DA:307,9
DA:308,9
DA:309,9
DA:310,9
DA:314,6
DA:315,6
DA:316,6
DA:317,6
DA:318,6
DA:319,6
DA:320,6
DA:321,6
DA:325,9744
DA:326,9744
DA:327,9744
DA:328,9744
DA:329,9744
DA:330,22373
DA:334,7
DA:335,7
DA:336,7
DA:337,7
DA:341,14208
DA:342,14208
DA:343,14208
DA:344,14208
DA:345,14208
DA:346,14208
DA:347,14208
DA:348,61125
DA:349,61125
DA:350,61125
DA:355,0
DA:356,0
DA:357,0
DA:358,0
DA:362,16
DA:363,16
DA:364,16
DA:365,16
DA:366,16
DA:367,16
DA:368,16
DA:369,37
DA:370,37
DA:371,37
DA:376,12
DA:377,12
DA:378,12
DA:379,12
DA:380,12
DA:381,61
DA:385,12
DA:386,12
DA:387,12
DA:388,12
DA:389,12
DA:390,22
DA:399,0
DA:403,0
DA:407,0
DA:413,1
DA:421,2
DA:422,2
DA:423,2
DA:424,2
DA:425,2
DA:426,2
DA:427,2
DA:428,2
DA:432,1
DA:440,1
DA:448,2
DA:449,2
DA:450,2
DA:451,2
DA:452,2
DA:453,2
DA:454,2
DA:458,1
DA:466,0
DA:474,0
DA:478,0
DA:485,0
DA:493,0
DA:494,0
DA:498,0
LF:233
LH:209
BRDA:19,0,0,60
BRDA:32,1,0,26920
BRDA:32,1,1,26372
BRDA:32,1,2,6067
BRDA:32,1,3,26897
BRDA:32,1,4,0
BRDA:32,1,5,7
BRDA:32,1,6,0
BRDA:40,2,0,2829
BRDA:41,3,0,9744
BRDA:42,4,0,65
BRDA:43,5,0,14
BRDA:44,6,0,12
BRDA:45,7,0,25
BRDA:46,8,0,10
BRDA:47,9,0,1
BRDA:48,10,0,14
BRDA:63,11,0,24574
BRDA:64,12,0,21930
BRDA:102,13,0,1
BRDA:102,13,1,15
BRDA:119,14,0,0
BRDA:119,14,1,3
BRDA:150,15,0,3467
BRDA:150,15,1,2600
BRDA:161,16,0,6096
BRDA:161,16,1,20824
BRDA:162,17,0,0
BRDA:162,17,1,20824
BRDA:187,18,0,3
BRDA:187,18,1,3
BRDA:187,18,2,20818
BRDA:204,19,0,3
BRDA:204,19,1,20815
BRDA:233,20,0,87043
BRDA:233,20,1,491
BRDA:233,21,0,87534
BRDA:233,21,1,87479
BRDA:279,22,0,1
BRDA:279,22,1,0
BRDA:301,23,0,8
BRDA:301,23,1,6
BRDA:301,24,0,14
BRDA:301,24,1,14
BRF:44
BRH:39
end_of_record
TN:
SF:src/resp/RespEncoderLegacy.ts
FN:14,(anonymous_0)
FN:44,(anonymous_1)
FN:49,(anonymous_2)
FN:55,(anonymous_3)
FN:59,(anonymous_4)
FN:64,(anonymous_5)
FN:68,(anonymous_6)
FN:81,(anonymous_7)
FNF:8
FNH:7
FNDA:20,(anonymous_0)
FNDA:5,(anonymous_1)
FNDA:8,(anonymous_2)
FNDA:1,(anonymous_3)
FNDA:1,(anonymous_4)
FNDA:0,(anonymous_5)
FNDA:2,(anonymous_6)
FNDA:1,(anonymous_7)
DA:2,1
DA:3,1
DA:4,1
DA:7,1
DA:8,1
DA:13,1
DA:15,20
DA:17,5
DA:19,7
DA:21,2
DA:23,6
DA:24,5
DA:25,3
DA:26,2
DA:27,1
DA:28,1
DA:29,0
DA:30,0
DA:31,0
DA:33,1
DA:36,0
DA:38,0
DA:40,0
DA:45,5
DA:46,1
DA:50,8
DA:51,8
DA:52,1
DA:56,1
DA:60,1
DA:61,0
DA:65,0
DA:69,2
DA:70,2
DA:71,2
DA:72,2
DA:73,2
DA:74,2
DA:75,5
DA:76,5
DA:77,4
DA:82,1
DA:83,1
DA:84,1
DA:85,1
DA:86,1
DA:87,1
DA:88,1
DA:89,1
DA:90,1
DA:91,1
DA:92,1
DA:93,1
LF:53
LH:45
BRDA:15,0,0,5
BRDA:15,0,1,7
BRDA:15,0,2,2
BRDA:15,0,3,6
BRDA:15,0,4,0
BRDA:15,0,5,0
BRDA:15,0,6,0
BRDA:21,1,0,1
BRDA:21,1,1,1
BRDA:23,2,0,1
BRDA:24,3,0,2
BRDA:25,4,0,1
BRDA:26,5,0,1
BRDA:27,6,0,0
BRDA:28,7,0,0
BRDA:29,8,0,0
BRDA:30,9,0,0
BRDA:31,10,0,0
BRDA:45,11,0,4
BRDA:45,11,1,1
BRDA:51,12,0,7
BRDA:51,12,1,1
BRDA:51,13,0,8
BRDA:51,13,1,8
BRDA:60,14,0,1
BRDA:60,14,1,0
BRDA:60,15,0,1
BRDA:60,15,1,1
BRDA:76,16,0,1
BRDA:76,16,1,4
BRDA:92,17,0,0
BRDA:92,17,1,1
BRF:32
BRH:22
end_of_record
TN:
SF:src/resp/RespStreamingDecoder.ts
FN:21,(anonymous_0)
FN:30,(anonymous_1)
FN:33,(anonymous_2)
FN:41,(anonymous_3)
FN:54,(anonymous_4)
FN:77,(anonymous_5)
FN:99,(anonymous_6)
FNF:7
FNH:5
FNDA:5,(anonymous_0)
FNDA:0,(anonymous_1)
FNDA:0,(anonymous_2)
FNDA:1580,(anonymous_3)
FNDA:1644,(anonymous_4)
FNDA:1,(anonymous_5)
FNDA:70,(anonymous_6)
DA:1,2
DA:2,2
DA:21,2
DA:22,5
DA:23,5
DA:31,0
DA:34,0
DA:42,1580
DA:55,1644
DA:56,1644
DA:57,1640
DA:58,1640
DA:59,1640
DA:60,155
DA:61,155
DA:63,1485
DA:64,1485
DA:65,1485
DA:66,0
DA:78,1
DA:79,1
DA:80,1
DA:81,1
DA:82,1
DA:83,1
DA:84,1
DA:86,0
DA:87,0
DA:88,0
DA:89,0
DA:100,70
DA:101,70
DA:102,70
DA:103,70
DA:104,70
DA:105,70
DA:106,70
DA:108,0
DA:109,0
DA:110,0
DA:111,0
LF:41
LH:30
BRDA:56,0,0,4
BRDA:63,1,0,1485
BRDA:63,1,1,0
BRDA:79,2,0,0
BRDA:86,3,0,0
BRDA:86,3,1,0
BRDA:101,4,0,0
BRDA:108,5,0,0
BRDA:108,5,1,0
BRF:9
BRH:2
end_of_record
TN:
SF:src/resp/extensions.ts
FN:4,(anonymous_0)
FN:10,(anonymous_1)
FN:16,(anonymous_2)
FNF:3
FNH:3
FNDA:15,(anonymous_0)
FNDA:21,(anonymous_1)
FNDA:1,(anonymous_2)
DA:1,7
DA:3,7
DA:4,15
DA:5,15
DA:9,7
DA:10,21
DA:11,21
DA:15,7
DA:16,1
DA:17,1
LF:10
LH:10
BRF:0
BRH:0
end_of_record
TN:
SF:src/ubjson/UbjsonDecoder.ts
FN:6,(anonymous_0)
FN:9,(anonymous_1)
FN:14,(anonymous_2)
FN:19,(anonymous_3)
FNF:4
FNH:3
FNDA:3,(anonymous_0)
FNDA:117,(anonymous_1)
FNDA:0,(anonymous_2)
FNDA:74318,(anonymous_3)
DA:1,3
DA:2,3
DA:6,3
DA:7,3
DA:10,117
DA:11,117
DA:15,0
DA:16,0
DA:20,74318
DA:21,74318
DA:22,74318
DA:24,1360
DA:26,1441
DA:28,1290
DA:30,37532
DA:32,222
DA:34,368
DA:35,368
DA:36,368
DA:39,251
DA:40,251
DA:41,251
DA:44,0
DA:45,0
DA:46,0
DA:49,12027
DA:50,12027
DA:51,12027
DA:54,10
DA:55,10
DA:56,10
DA:59,11324
DA:61,9
DA:63,3552
DA:64,3552
DA:65,3552
DA:66,18
DA:67,18
DA:68,18
DA:70,3534
DA:71,3534
DA:72,0
DA:73,0
DA:75,3534
DA:76,3534
DA:77,0
DA:78,0
DA:80,3534
DA:81,0
DA:82,0
DA:84,3534
DA:85,0
DA:86,0
DA:88,0
DA:89,0
DA:92,0
DA:93,0
DA:96,0
DA:97,0
DA:99,0
DA:101,3534
DA:102,9990
DA:103,3534
DA:104,3534
DA:108,4930
DA:109,4930
DA:110,4930
DA:111,25895
DA:112,25895
DA:113,25895
DA:114,25894
DA:116,4929
DA:117,4929
DA:120,2
DA:122,0
LF:75
LH:54
BRDA:22,0,0,1360
BRDA:22,0,1,1441
BRDA:22,0,2,1290
BRDA:22,0,3,37532
BRDA:22,0,4,222
BRDA:22,0,5,368
BRDA:22,0,6,251
BRDA:22,0,7,0
BRDA:22,0,8,12027
BRDA:22,0,9,10
BRDA:22,0,10,11324
BRDA:22,0,11,9
BRDA:22,0,12,3552
BRDA:22,0,13,4930
BRDA:22,0,14,2
BRDA:65,1,0,18
BRDA:65,2,0,3552
BRDA:65,2,1,18
BRDA:65,2,2,18
BRDA:71,3,0,0
BRDA:76,4,0,0
BRDA:80,5,0,0
BRDA:84,6,0,0
BRDA:84,6,1,3534
BRDA:86,7,0,0
BRDA:86,7,1,0
BRDA:86,7,2,0
BRDA:86,7,3,0
BRDA:86,7,4,0
BRDA:113,8,0,1
BRF:30
BRH:20
end_of_record
TN:
SF:src/ubjson/UbjsonEncoder.ts
FN:5,(anonymous_0)
FN:7,(anonymous_1)
FN:14,(anonymous_2)
FN:43,(anonymous_3)
FN:47,(anonymous_4)
FN:51,(anonymous_5)
FN:55,(anonymous_6)
FN:60,(anonymous_7)
FN:79,(anonymous_8)
FN:84,(anonymous_9)
FN:94,(anonymous_10)
FN:104,(anonymous_11)
FN:112,(anonymous_12)
FN:134,(anonymous_13)
FN:138,(anonymous_14)
FN:146,(anonymous_15)
FN:160,(anonymous_16)
FN:183,(anonymous_17)
FN:187,(anonymous_18)
FN:191,(anonymous_19)
FN:195,(anonymous_20)
FN:199,(anonymous_21)
FN:203,(anonymous_22)
FN:207,(anonymous_23)
FN:211,(anonymous_24)
FN:215,(anonymous_25)
FN:219,(anonymous_26)
FN:223,(anonymous_27)
FN:228,(anonymous_28)
FNF:29
FNH:15
FNDA:4,(anonymous_0)
FNDA:1197,(anonymous_1)
FNDA:37082,(anonymous_2)
FNDA:1360,(anonymous_3)
FNDA:2,(anonymous_4)
FNDA:2731,(anonymous_5)
FNDA:13164,(anonymous_6)
FNDA:1155,(anonymous_7)
FNDA:0,(anonymous_8)
FNDA:12027,(anonymous_9)
FNDA:10,(anonymous_10)
FNDA:18,(anonymous_11)
FNDA:11333,(anonymous_12)
FNDA:0,(anonymous_13)
FNDA:3534,(anonymous_14)
FNDA:4930,(anonymous_15)
FNDA:25895,(anonymous_16)
FNDA:0,(anonymous_17)
FNDA:0,(anonymous_18)
FNDA:0,(anonymous_19)
FNDA:0,(anonymous_20)
FNDA:0,(anonymous_21)
FNDA:0,(anonymous_22)
FNDA:0,(anonymous_23)
FNDA:0,(anonymous_24)
FNDA:0,(anonymous_25)
FNDA:0,(anonymous_26)
FNDA:0,(anonymous_27)
FNDA:0,(anonymous_28)
DA:4,4
DA:5,4
DA:8,1197
DA:9,1197
DA:10,1197
DA:11,1197
DA:15,37082
DA:17,2731
DA:19,13164
DA:21,11333
DA:23,9842
DA:24,8482
DA:25,8482
DA:27,3534
DA:29,18
DA:31,4930
DA:35,10
DA:37,2
DA:39,0
DA:44,1360
DA:48,2
DA:52,2731
DA:56,13164
DA:57,12027
DA:61,1155
DA:62,1155
DA:63,748
DA:64,143
DA:65,143
DA:66,605
DA:67,367
DA:68,367
DA:69,367
DA:70,367
DA:71,238
DA:72,238
DA:73,238
DA:74,238
DA:75,238
DA:80,0
DA:81,0
DA:85,12027
DA:86,12027
DA:87,12027
DA:88,12027
DA:89,12027
DA:90,12027
DA:91,12027
DA:95,10
DA:96,10
DA:97,10
DA:98,10
DA:99,10
DA:100,10
DA:101,10
DA:105,18
DA:106,18
DA:107,18
DA:108,18
DA:109,18
DA:113,11333
DA:114,11333
DA:115,11333
DA:116,11333
DA:117,11333
DA:118,11333
DA:119,11333
DA:120,11333
DA:121,11333
DA:122,11333
DA:123,11322
DA:124,11322
DA:126,11
DA:127,11
DA:129,11333
DA:130,11333
DA:131,11
DA:135,0
DA:139,3534
DA:140,3534
DA:141,3534
DA:142,9990
DA:143,3534
DA:147,4930
DA:148,4930
DA:149,4930
DA:150,4930
DA:151,4930
DA:152,25895
DA:153,25895
DA:154,25895
DA:155,25895
DA:157,4930
DA:161,25895
DA:162,25895
DA:163,25895
DA:164,25895
DA:165,25895
DA:166,25895
DA:167,25895
DA:168,25895
DA:169,25895
DA:170,25891
DA:171,25891
DA:173,4
DA:174,4
DA:176,25895
DA:177,25895
DA:178,4
DA:184,0
DA:188,0
DA:192,0
DA:196,0
DA:200,0
DA:204,0
DA:208,0
DA:212,0
DA:216,0
DA:220,0
DA:224,0
DA:225,0
DA:229,0
LF:122
LH:105
BRDA:15,0,0,2731
BRDA:15,0,1,13164
BRDA:15,0,2,11333
BRDA:15,0,3,9842
BRDA:15,0,4,10
BRDA:15,0,5,2
BRDA:15,0,6,0
BRDA:23,1,0,1360
BRDA:25,2,0,3534
BRDA:25,2,1,18
BRDA:25,2,2,4930
BRDA:52,3,0,1441
BRDA:52,3,1,1290
BRDA:56,4,0,1137
BRDA:62,5,0,407
BRDA:62,5,1,748
BRDA:62,6,0,1155
BRDA:62,6,1,906
BRDA:63,7,0,143
BRDA:63,7,1,605
BRDA:63,8,0,748
BRDA:63,8,1,499
BRDA:66,9,0,367
BRDA:66,9,1,238
BRDA:66,10,0,605
BRDA:66,10,1,481
BRDA:71,11,0,238
BRDA:71,12,0,238
BRDA:71,12,1,238
BRDA:81,13,0,0
BRDA:122,14,0,11322
BRDA:122,14,1,11
BRDA:130,15,0,11322
BRDA:130,15,1,11
BRDA:169,16,0,25891
BRDA:169,16,1,4
BRDA:177,17,0,25891
BRDA:177,17,1,4
BRF:38
BRH:36
end_of_record
TN:
SF:src/util/CompressionTable.ts
FN:5,(anonymous_0)
FN:6,(anonymous_1)
FN:19,(anonymous_2)
FN:23,(anonymous_3)
FN:31,(anonymous_4)
FN:53,(anonymous_5)
FN:61,(anonymous_6)
FN:79,(anonymous_7)
FN:81,(anonymous_8)
FN:109,(anonymous_9)
FN:115,(anonymous_10)
FN:119,(anonymous_11)
FN:141,(anonymous_12)
FN:149,(anonymous_13)
FNF:14
FNH:10
FNDA:8,(anonymous_0)
FNDA:7,(anonymous_1)
FNDA:28,(anonymous_2)
FNDA:66,(anonymous_3)
FNDA:61,(anonymous_4)
FNDA:0,(anonymous_5)
FNDA:0,(anonymous_6)
FNDA:8,(anonymous_7)
FNDA:25,(anonymous_8)
FNDA:33,(anonymous_9)
FNDA:7,(anonymous_10)
FNDA:25,(anonymous_11)
FNDA:0,(anonymous_12)
FNDA:0,(anonymous_13)
DA:1,2
DA:3,2
DA:5,2
DA:7,7
DA:8,7
DA:9,7
DA:10,7
DA:13,8
DA:14,8
DA:16,8
DA:17,8
DA:20,28
DA:24,66
DA:25,28
DA:26,28
DA:28,38
DA:32,61
DA:34,19
DA:35,15
DA:36,15
DA:38,8
DA:39,8
DA:40,20
DA:41,20
DA:43,8
DA:46,7
DA:47,7
DA:48,32
DA:49,7
DA:52,0
DA:53,0
DA:54,0
DA:55,0
DA:57,0
DA:60,0
DA:61,0
DA:62,0
DA:64,0
DA:67,0
DA:68,0
DA:69,0
DA:72,15
DA:75,42
DA:80,8
DA:81,25
DA:82,8
DA:83,8
DA:84,8
DA:85,8
DA:86,8
DA:87,8
DA:88,8
DA:89,8
DA:90,8
DA:91,17
DA:92,17
DA:93,17
DA:94,17
DA:97,8
DA:98,8
DA:99,8
DA:100,8
DA:101,31
DA:102,31
DA:103,31
DA:105,8
DA:106,8
DA:110,33
DA:111,33
DA:112,33
DA:116,7
DA:120,25
DA:122,9
DA:123,7
DA:124,7
DA:126,4
DA:127,4
DA:128,9
DA:129,4
DA:132,3
DA:133,3
DA:134,3
DA:135,12
DA:136,3
DA:139,0
DA:140,0
DA:141,0
DA:142,0
DA:144,0
DA:147,0
DA:148,0
DA:149,0
DA:150,0
DA:152,0
DA:155,0
DA:156,0
DA:157,0
DA:160,0
DA:163,16
LF:99
LH:73
BRDA:24,0,0,28
BRDA:32,1,0,19
BRDA:32,1,1,42
BRDA:34,2,0,4
BRDA:36,3,0,8
BRDA:36,3,1,7
BRDA:36,3,2,0
BRDA:36,3,3,0
BRDA:36,3,4,0
BRDA:85,4,0,8
BRDA:111,5,0,0
BRDA:120,6,0,9
BRDA:120,6,1,16
BRDA:122,7,0,2
BRDA:124,8,0,4
BRDA:124,8,1,3
BRDA:124,8,2,0
BRDA:124,8,3,0
BRDA:124,8,4,0
BRF:19
BRH:12
end_of_record
TN:
SF:src/util/DecompressionTable.ts
FN:5,(anonymous_0)
FN:8,(anonymous_1)
FN:32,(anonymous_2)
FN:38,(anonymous_3)
FN:63,(anonymous_4)
FN:71,(anonymous_5)
FNF:6
FNH:4
FNDA:2,(anonymous_0)
FNDA:2,(anonymous_1)
FNDA:22,(anonymous_2)
FNDA:12,(anonymous_3)
FNDA:0,(anonymous_4)
FNDA:0,(anonymous_5)
DA:1,1
DA:3,1
DA:5,1
DA:6,2
DA:9,2
DA:10,2
DA:11,2
DA:12,2
DA:13,2
DA:14,2
DA:15,2
DA:16,2
DA:18,2
DA:19,8
DA:20,8
DA:21,6
DA:22,6
DA:23,6
DA:25,2
DA:29,12
DA:33,22
DA:35,22
DA:39,12
DA:41,9
DA:44,3
DA:45,3
DA:46,3
DA:48,1
DA:49,1
DA:50,3
DA:51,1
DA:54,2
DA:55,2
DA:56,2
DA:57,8
DA:58,2
DA:61,0
DA:62,0
DA:63,0
DA:64,0
DA:66,0
DA:69,0
DA:70,0
DA:71,0
DA:72,0
DA:74,0
DA:77,0
DA:78,0
DA:79,0
DA:82,0
DA:85,0
LF:51
LH:36
BRDA:10,0,0,0
BRDA:15,1,0,2
BRDA:20,2,0,6
BRDA:20,2,1,2
BRDA:39,3,0,9
BRDA:39,3,1,3
BRDA:39,3,2,0
BRDA:44,4,0,0
BRDA:46,5,0,1
BRDA:46,5,1,2
BRDA:46,5,2,0
BRDA:46,5,3,0
BRDA:46,5,4,0
BRF:13
BRH:7
end_of_record
TN:
SF:src/util/buffers/toDataUri.ts
FN:3,(anonymous_0)
FNF:1
FNH:0
FNDA:0,(anonymous_0)
DA:1,14
DA:3,14
DA:4,0
DA:5,0
DA:6,0
LF:5
LH:2
BRF:0
BRH:0
end_of_record
