TN:
SF:src/JsonPackExtension.ts
FN:10,(anonymous_0)
FNF:1
FNH:1
FNDA:101,(anonymous_0)
DA:9,42
DA:11,101
DA:12,101
LF:3
LH:3
BRF:0
BRH:0
end_of_record
TN:
SF:src/JsonPackValue.ts
FN:12,(anonymous_0)
FNF:1
FNH:1
FNDA:50,(anonymous_0)
DA:11,26
DA:12,50
LF:2
LH:2
BRF:0
BRH:0
end_of_record
TN:
SF:src/__bench__/data/json-very-large-object.ts
FNF:0
FNH:0
DA:1,1
LF:1
LH:1
BRF:0
BRH:0
end_of_record
TN:
SF:src/__tests__/binary-documents.ts
FNF:0
FNH:0
DA:7,8
LF:1
LH:1
BRF:0
BRH:0
end_of_record
TN:
SF:src/__tests__/json-documents.ts
FNF:0
FNH:0
DA:10,15
LF:1
LH:1
BRF:0
BRH:0
end_of_record
TN:
SF:src/__tests__/msgpack-documents.ts
FNF:0
FNH:0
DA:1,1
DA:2,1
DA:10,1
LF:3
LH:3
BRF:0
BRH:0
end_of_record
TN:
SF:src/avro/AvroDecoder.ts
FN:9,(anonymous_0)
FN:12,(anonymous_1)
FN:17,(anonymous_2)
FN:25,(anonymous_3)
FN:32,(anonymous_4)
FN:40,(anonymous_5)
FN:47,(anonymous_6)
FN:55,(anonymous_7)
FN:69,(anonymous_8)
FN:79,(anonymous_9)
FN:89,(anonymous_10)
FN:97,(anonymous_11)
FN:107,(anonymous_12)
FN:126,(anonymous_13)
FN:147,(anonymous_14)
FN:161,(anonymous_15)
FN:168,(anonymous_16)
FN:176,(anonymous_17)
FN:192,(anonymous_18)
FN:215,(anonymous_19)
FN:238,(anonymous_20)
FN:245,(anonymous_21)
FNF:22
FNH:19
FNDA:58,(anonymous_0)
FNDA:0,(anonymous_1)
FNDA:0,(anonymous_2)
FNDA:1,(anonymous_3)
FNDA:4,(anonymous_4)
FNDA:6,(anonymous_5)
FNDA:35,(anonymous_6)
FNDA:11,(anonymous_7)
FNDA:9,(anonymous_8)
FNDA:9,(anonymous_9)
FNDA:4,(anonymous_10)
FNDA:35,(anonymous_11)
FNDA:9,(anonymous_12)
FNDA:7,(anonymous_13)
FNDA:6,(anonymous_14)
FNDA:4,(anonymous_15)
FNDA:2,(anonymous_16)
FNDA:0,(anonymous_17)
FNDA:111,(anonymous_18)
FNDA:11,(anonymous_19)
FNDA:44,(anonymous_20)
FNDA:10,(anonymous_21)
DA:1,2
DA:9,2
DA:10,58
DA:13,0
DA:14,0
DA:18,0
DA:19,0
DA:26,1
DA:34,4
DA:41,6
DA:48,35
DA:49,34
DA:56,11
DA:57,10
DA:60,10
DA:61,8
DA:63,2
DA:70,9
DA:71,9
DA:72,9
DA:73,9
DA:80,9
DA:81,9
DA:82,9
DA:83,9
DA:90,4
DA:91,4
DA:98,35
DA:99,35
DA:100,35
DA:108,9
DA:110,9
DA:111,16
DA:112,16
DA:114,7
DA:115,22
DA:119,9
DA:127,7
DA:129,7
DA:130,11
DA:131,11
DA:133,5
DA:134,10
DA:135,10
DA:136,9
DA:140,6
DA:148,6
DA:149,6
DA:150,1
DA:153,5
DA:154,5
DA:162,4
DA:169,2
DA:177,0
DA:178,0
DA:179,0
DA:182,0
DA:184,0
DA:193,111
DA:194,111
DA:195,111
DA:197,111
DA:198,130
DA:199,130
DA:201,130
DA:203,20
DA:204,20
DA:205,1
DA:209,110
DA:216,11
DA:217,11
DA:218,11
DA:220,11
DA:221,44
DA:222,44
DA:224,44
DA:226,34
DA:227,34
DA:228,1
DA:232,10
DA:239,44
DA:246,10
LF:82
LH:73
BRDA:60,0,0,8
BRDA:60,1,0,10
BRDA:60,1,1,10
BRDA:112,2,0,9
BRDA:131,3,0,6
BRDA:135,4,0,1
BRDA:149,5,0,1
BRDA:149,6,0,6
BRDA:149,6,1,6
BRDA:201,7,0,110
BRDA:204,8,0,1
BRDA:224,9,0,10
BRDA:227,10,0,1
BRF:13
BRH:13
end_of_record
TN:
SF:src/avro/AvroEncoder.ts
FN:10,(anonymous_0)
FN:12,(anonymous_1)
FN:22,(anonymous_2)
FN:26,(anonymous_3)
FN:60,(anonymous_4)
FN:67,(anonymous_5)
FN:74,(anonymous_6)
FN:81,(anonymous_7)
FN:92,(anonymous_8)
FN:102,(anonymous_9)
FN:112,(anonymous_10)
FN:120,(anonymous_11)
FN:152,(anonymous_12)
FN:164,(anonymous_13)
FN:181,(anonymous_14)
FN:196,(anonymous_15)
FN:203,(anonymous_16)
FN:210,(anonymous_17)
FN:217,(anonymous_18)
FN:227,(anonymous_19)
FN:238,(anonymous_20)
FN:251,(anonymous_21)
FN:264,(anonymous_22)
FN:280,(anonymous_23)
FN:287,(anonymous_24)
FNF:25
FNH:25
FNDA:130,(anonymous_0)
FNDA:5,(anonymous_1)
FNDA:1,(anonymous_2)
FNDA:30,(anonymous_3)
FNDA:12,(anonymous_4)
FNDA:11,(anonymous_5)
FNDA:62,(anonymous_6)
FNDA:17,(anonymous_7)
FNDA:4,(anonymous_8)
FNDA:16,(anonymous_9)
FNDA:7,(anonymous_10)
FNDA:64,(anonymous_11)
FNDA:6,(anonymous_12)
FNDA:6,(anonymous_13)
FNDA:17,(anonymous_14)
FNDA:1,(anonymous_15)
FNDA:1,(anonymous_16)
FNDA:12,(anonymous_17)
FNDA:12,(anonymous_18)
FNDA:1,(anonymous_19)
FNDA:62,(anonymous_20)
FNDA:96,(anonymous_21)
FNDA:17,(anonymous_22)
FNDA:62,(anonymous_23)
FNDA:17,(anonymous_24)
DA:9,4
DA:10,130
DA:13,5
DA:14,5
DA:15,5
DA:16,5
DA:23,1
DA:27,30
DA:29,2
DA:31,14
DA:33,7
DA:35,5
DA:36,4
DA:37,4
DA:39,1
DA:41,1
DA:43,1
DA:45,1
DA:49,1
DA:51,1
DA:53,0
DA:68,11
DA:75,62
DA:82,17
DA:83,13
DA:85,4
DA:93,4
DA:94,4
DA:95,4
DA:96,4
DA:103,16
DA:104,16
DA:105,16
DA:106,16
DA:113,7
DA:114,7
DA:121,64
DA:122,64
DA:123,64
DA:126,64
DA:127,64
DA:130,64
DA:131,64
DA:134,64
DA:135,64
DA:136,64
DA:139,64
DA:140,64
DA:141,64
DA:142,64
DA:143,64
DA:145,0
DA:153,6
DA:154,6
DA:155,6
DA:156,14
DA:158,6
DA:165,6
DA:166,6
DA:167,6
DA:168,6
DA:169,11
DA:170,11
DA:171,11
DA:173,6
DA:182,17
DA:183,16
DA:184,15
DA:186,1
DA:189,1
DA:197,1
DA:204,1
DA:211,12
DA:218,12
DA:219,12
DA:220,12
DA:221,12
DA:228,1
DA:229,1
DA:230,1
DA:239,62
DA:240,62
DA:241,62
DA:242,25
DA:243,25
DA:245,62
DA:252,96
DA:253,96
DA:254,96
DA:255,0
DA:256,0
DA:258,96
DA:265,17
DA:266,17
DA:267,17
DA:268,17
DA:270,17
DA:271,47
DA:272,47
DA:274,17
DA:281,62
DA:288,17
LF:102
LH:98
BRDA:27,0,0,2
BRDA:27,0,1,14
BRDA:27,0,2,7
BRDA:27,0,3,5
BRDA:27,0,4,1
BRDA:27,0,5,1
BRDA:27,0,6,0
BRDA:35,1,0,1
BRDA:37,2,0,1
BRDA:37,2,1,1
BRDA:37,2,2,1
BRDA:37,2,3,1
BRDA:68,3,0,9
BRDA:68,3,1,2
BRDA:82,4,0,13
BRDA:82,4,1,4
BRDA:139,5,0,64
BRDA:139,5,1,0
BRDA:182,6,0,16
BRDA:182,6,1,1
BRDA:183,7,0,15
BRDA:183,7,1,1
BRDA:183,8,0,16
BRDA:183,8,1,16
BRF:24
BRH:22
end_of_record
TN:
SF:src/avro/AvroSchemaDecoder.ts
FN:25,(anonymous_0)
FN:34,(anonymous_1)
FN:50,(anonymous_2)
FN:99,(anonymous_3)
FN:117,(anonymous_4)
FN:130,(anonymous_5)
FN:131,(anonymous_6)
FN:137,(anonymous_7)
FN:138,(anonymous_8)
FN:144,(anonymous_9)
FN:145,(anonymous_10)
FN:145,(anonymous_11)
FN:153,(anonymous_12)
FN:160,(anonymous_13)
FN:168,(anonymous_14)
FN:176,(anonymous_15)
FN:188,(anonymous_16)
FN:196,(anonymous_17)
FN:204,(anonymous_18)
FN:212,(anonymous_19)
FN:220,(anonymous_20)
FN:225,(anonymous_21)
FN:239,(anonymous_22)
FN:247,(anonymous_23)
FN:258,(anonymous_24)
FN:280,(anonymous_25)
FNF:26
FNH:19
FNDA:28,(anonymous_0)
FNDA:27,(anonymous_1)
FNDA:79,(anonymous_2)
FNDA:9,(anonymous_3)
FNDA:3,(anonymous_4)
FNDA:7,(anonymous_5)
FNDA:17,(anonymous_6)
FNDA:4,(anonymous_7)
FNDA:6,(anonymous_8)
FNDA:4,(anonymous_9)
FNDA:9,(anonymous_10)
FNDA:4,(anonymous_11)
FNDA:1,(anonymous_12)
FNDA:0,(anonymous_13)
FNDA:2,(anonymous_14)
FNDA:0,(anonymous_15)
FNDA:0,(anonymous_16)
FNDA:0,(anonymous_17)
FNDA:0,(anonymous_18)
FNDA:0,(anonymous_19)
FNDA:0,(anonymous_20)
FNDA:2,(anonymous_21)
FNDA:81,(anonymous_22)
FNDA:59,(anonymous_23)
FNDA:24,(anonymous_24)
FNDA:11,(anonymous_25)
DA:1,1
DA:2,1
DA:3,1
DA:20,1
DA:23,28
DA:25,28
DA:26,28
DA:27,28
DA:28,28
DA:35,27
DA:36,27
DA:39,27
DA:40,1
DA:43,26
DA:44,26
DA:51,79
DA:53,79
DA:54,51
DA:56,3
DA:58,3
DA:60,17
DA:62,4
DA:64,2
DA:66,2
DA:68,2
DA:70,18
DA:72,0
DA:76,28
DA:77,4
DA:80,24
DA:82,9
DA:84,3
DA:86,7
DA:88,4
DA:90,1
DA:92,0
DA:100,9
DA:102,9
DA:103,26
DA:104,26
DA:105,26
DA:107,0
DA:111,9
DA:118,3
DA:120,3
DA:121,1
DA:124,2
DA:131,17
DA:138,6
DA:145,9
DA:146,4
DA:147,4
DA:154,1
DA:161,0
DA:162,0
DA:169,2
DA:170,1
DA:177,0
DA:178,0
DA:179,0
DA:180,0
DA:182,0
DA:189,0
DA:190,0
DA:197,0
DA:198,0
DA:205,0
DA:206,0
DA:213,0
DA:214,0
DA:221,0
DA:222,0
DA:226,2
DA:228,2
DA:234,2
DA:235,1
DA:240,81
DA:241,53
DA:242,53
DA:244,28
DA:248,59
DA:249,39
DA:252,20
DA:253,20
DA:255,7
DA:256,7
DA:257,7
DA:258,24
DA:259,7
DA:261,3
DA:262,3
DA:263,3
DA:264,3
DA:266,1
DA:267,1
DA:268,1
DA:269,1
DA:271,5
DA:272,5
DA:274,4
DA:275,4
DA:281,11
LF:102
LH:82
BRDA:25,0,0,28
BRDA:39,1,0,1
BRDA:53,2,0,51
BRDA:54,3,0,3
BRDA:54,3,1,3
BRDA:54,3,2,17
BRDA:54,3,3,4
BRDA:54,3,4,2
BRDA:54,3,5,2
BRDA:54,3,6,2
BRDA:54,3,7,18
BRDA:54,3,8,0
BRDA:76,4,0,4
BRDA:80,5,0,9
BRDA:80,5,1,3
BRDA:80,5,2,7
BRDA:80,5,3,4
BRDA:80,5,4,1
BRDA:80,5,5,0
BRDA:120,6,0,1
BRDA:120,7,0,3
BRDA:120,7,1,3
BRDA:179,8,0,0
BRDA:179,9,0,0
BRDA:179,9,1,0
BRDA:179,9,2,0
BRDA:228,10,0,2
BRDA:228,10,1,0
BRDA:230,11,0,0
BRDA:230,11,1,0
BRDA:234,12,0,1
BRDA:240,13,0,53
BRDA:242,14,0,53
BRDA:242,14,1,53
BRDA:248,15,0,39
BRDA:248,16,0,59
BRDA:248,16,1,24
BRDA:252,17,0,20
BRDA:252,18,0,20
BRDA:252,18,1,20
BRDA:253,19,0,7
BRDA:253,19,1,3
BRDA:253,19,2,1
BRDA:253,19,3,5
BRDA:253,19,4,4
BRDA:281,20,0,0
BRDA:281,20,1,11
BRF:47
BRH:37
end_of_record
TN:
SF:src/avro/AvroSchemaEncoder.ts
FN:26,(anonymous_0)
FN:34,(anonymous_1)
FN:62,(anonymous_2)
FN:70,(anonymous_3)
FN:78,(anonymous_4)
FN:89,(anonymous_5)
FN:97,(anonymous_6)
FN:105,(anonymous_7)
FN:113,(anonymous_8)
FN:121,(anonymous_9)
FN:129,(anonymous_10)
FN:155,(anonymous_11)
FN:176,(anonymous_12)
FN:202,(anonymous_13)
FN:232,(anonymous_14)
FN:240,(anonymous_15)
FN:260,(anonymous_16)
FN:280,(anonymous_17)
FN:310,(anonymous_18)
FN:371,(anonymous_19)
FN:385,(anonymous_20)
FN:393,(anonymous_21)
FN:404,(anonymous_22)
FN:426,(anonymous_23)
FN:433,(anonymous_24)
FN:446,(anonymous_25)
FN:459,(anonymous_26)
FNF:27
FNH:25
FNDA:66,(anonymous_0)
FNDA:64,(anonymous_1)
FNDA:2,(anonymous_2)
FNDA:2,(anonymous_3)
FNDA:4,(anonymous_4)
FNDA:1,(anonymous_5)
FNDA:1,(anonymous_6)
FNDA:1,(anonymous_7)
FNDA:0,(anonymous_8)
FNDA:0,(anonymous_9)
FNDA:14,(anonymous_10)
FNDA:4,(anonymous_11)
FNDA:10,(anonymous_12)
FNDA:7,(anonymous_13)
FNDA:11,(anonymous_14)
FNDA:17,(anonymous_15)
FNDA:2,(anonymous_16)
FNDA:5,(anonymous_17)
FNDA:127,(anonymous_18)
FNDA:11,(anonymous_19)
FNDA:180,(anonymous_20)
FNDA:101,(anonymous_21)
FNDA:36,(anonymous_22)
FNDA:18,(anonymous_23)
FNDA:34,(anonymous_24)
FNDA:14,(anonymous_25)
FNDA:14,(anonymous_26)
DA:2,2
DA:3,2
DA:21,2
DA:24,66
DA:26,66
DA:27,66
DA:28,66
DA:35,64
DA:36,64
DA:39,64
DA:40,1
DA:44,63
DA:45,13
DA:48,50
DA:50,50
DA:51,2
DA:53,48
DA:56,49
DA:63,2
DA:64,1
DA:71,2
DA:72,1
DA:79,4
DA:80,3
DA:81,1
DA:83,2
DA:90,1
DA:91,1
DA:98,1
DA:99,1
DA:106,1
DA:107,1
DA:114,0
DA:115,0
DA:122,0
DA:123,0
DA:130,14
DA:131,0
DA:134,14
DA:135,14
DA:136,0
DA:139,14
DA:140,38
DA:141,38
DA:142,38
DA:143,37
DA:144,1
DA:145,1
DA:147,0
DA:156,4
DA:157,0
DA:160,4
DA:161,4
DA:162,0
DA:165,4
DA:166,4
DA:167,0
DA:170,4
DA:177,10
DA:178,0
DA:181,10
DA:182,10
DA:183,0
DA:187,10
DA:190,10
DA:191,10
DA:192,21
DA:196,10
DA:203,7
DA:204,0
DA:207,7
DA:208,7
DA:209,0
DA:212,7
DA:215,7
DA:218,7
DA:219,7
DA:220,10
DA:221,10
DA:222,10
DA:226,7
DA:233,11
DA:234,0
DA:237,11
DA:238,11
DA:240,17
DA:241,9
DA:242,0
DA:246,11
DA:247,1
DA:251,10
DA:254,10
DA:261,2
DA:262,0
DA:265,2
DA:266,2
DA:267,0
DA:270,2
DA:271,0
DA:274,2
DA:281,5
DA:283,5
DA:289,5
DA:291,1
DA:292,1
DA:294,1
DA:295,1
DA:297,1
DA:298,1
DA:300,1
DA:301,1
DA:303,1
DA:311,127
DA:313,127
DA:314,81
DA:316,6
DA:317,6
DA:319,4
DA:320,4
DA:322,26
DA:323,26
DA:325,6
DA:326,6
DA:328,3
DA:329,3
DA:331,3
DA:332,3
DA:334,3
DA:335,3
DA:337,30
DA:338,30
DA:340,0
DA:342,81
DA:345,46
DA:346,9
DA:347,9
DA:350,37
DA:352,14
DA:353,14
DA:355,4
DA:356,4
DA:358,10
DA:359,10
DA:361,7
DA:362,7
DA:364,2
DA:365,2
DA:367,0
DA:372,11
DA:374,11
DA:380,11
DA:381,3
DA:386,180
DA:387,97
DA:388,97
DA:390,83
DA:394,101
DA:395,68
DA:398,33
DA:399,33
DA:401,12
DA:402,12
DA:403,12
DA:404,36
DA:405,12
DA:407,4
DA:408,4
DA:409,4
DA:410,4
DA:412,2
DA:413,2
DA:414,2
DA:415,2
DA:417,8
DA:418,8
DA:420,7
DA:421,7
DA:427,18
DA:434,34
DA:435,34
DA:436,34
DA:437,0
DA:438,0
DA:440,34
DA:447,14
DA:448,14
DA:449,14
DA:450,0
DA:451,0
DA:453,14
DA:460,14
LF:191
LH:166
BRDA:39,0,0,1
BRDA:44,1,0,13
BRDA:50,2,0,2
BRDA:50,2,1,48
BRDA:50,3,0,50
BRDA:50,3,1,8
BRDA:80,4,0,1
BRDA:80,5,0,3
BRDA:80,5,1,3
BRDA:80,5,2,3
BRDA:130,6,0,0
BRDA:130,7,0,14
BRDA:130,7,1,14
BRDA:135,8,0,0
BRDA:142,9,0,37
BRDA:142,9,1,1
BRDA:144,10,0,1
BRDA:144,10,1,0
BRDA:156,11,0,0
BRDA:156,12,0,4
BRDA:156,12,1,4
BRDA:161,13,0,0
BRDA:166,14,0,0
BRDA:177,15,0,0
BRDA:177,16,0,10
BRDA:177,16,1,10
BRDA:182,17,0,0
BRDA:203,18,0,0
BRDA:203,19,0,7
BRDA:203,19,1,7
BRDA:208,20,0,0
BRDA:233,21,0,0
BRDA:238,22,0,9
BRDA:241,23,0,0
BRDA:246,24,0,1
BRDA:246,25,0,11
BRDA:246,25,1,11
BRDA:261,26,0,0
BRDA:261,27,0,2
BRDA:261,27,1,2
BRDA:266,28,0,0
BRDA:270,29,0,0
BRDA:283,30,0,5
BRDA:283,30,1,0
BRDA:285,31,0,0
BRDA:285,31,1,0
BRDA:289,32,0,1
BRDA:289,32,1,1
BRDA:289,32,2,1
BRDA:289,32,3,1
BRDA:289,32,4,1
BRDA:313,33,0,81
BRDA:314,34,0,6
BRDA:314,34,1,4
BRDA:314,34,2,26
BRDA:314,34,3,6
BRDA:314,34,4,3
BRDA:314,34,5,3
BRDA:314,34,6,3
BRDA:314,34,7,30
BRDA:314,34,8,0
BRDA:345,35,0,9
BRDA:350,36,0,14
BRDA:350,36,1,4
BRDA:350,36,2,10
BRDA:350,36,3,7
BRDA:350,36,4,2
BRDA:350,36,5,0
BRDA:374,37,0,11
BRDA:374,37,1,0
BRDA:376,38,0,0
BRDA:376,38,1,0
BRDA:380,39,0,3
BRDA:386,40,0,97
BRDA:388,41,0,97
BRDA:388,41,1,97
BRDA:394,42,0,68
BRDA:394,43,0,101
BRDA:394,43,1,44
BRDA:398,44,0,33
BRDA:398,45,0,33
BRDA:398,45,1,33
BRDA:399,46,0,12
BRDA:399,46,1,4
BRDA:399,46,2,2
BRDA:399,46,3,8
BRDA:399,46,4,7
BRDA:427,47,0,0
BRDA:427,47,1,18
BRF:89
BRH:65
end_of_record
TN:
SF:src/avro/AvroSchemaValidator.ts
FN:25,(anonymous_0)
FN:31,(anonymous_1)
FN:39,(anonymous_2)
FN:45,(anonymous_3)
FN:92,(anonymous_4)
FN:97,(anonymous_5)
FN:113,(anonymous_6)
FN:117,(anonymous_7)
FN:121,(anonymous_8)
FN:125,(anonymous_9)
FN:129,(anonymous_10)
FN:133,(anonymous_11)
FN:137,(anonymous_12)
FN:141,(anonymous_13)
FN:145,(anonymous_14)
FN:162,(anonymous_15)
FN:166,(anonymous_16)
FN:186,(anonymous_17)
FN:190,(anonymous_18)
FN:194,(anonymous_19)
FN:205,(anonymous_20)
FN:212,(anonymous_21)
FN:250,(anonymous_22)
FN:274,(anonymous_23)
FN:287,(anonymous_24)
FN:291,(anonymous_25)
FN:293,(anonymous_26)
FN:296,(anonymous_27)
FN:299,(anonymous_28)
FN:302,(anonymous_29)
FN:306,(anonymous_30)
FN:312,(anonymous_31)
FNF:32
FNH:32
FNDA:134,(anonymous_0)
FNDA:126,(anonymous_1)
FNDA:122,(anonymous_2)
FNDA:508,(anonymous_3)
FNDA:325,(anonymous_4)
FNDA:36,(anonymous_5)
FNDA:1,(anonymous_6)
FNDA:1,(anonymous_7)
FNDA:1,(anonymous_8)
FNDA:1,(anonymous_9)
FNDA:1,(anonymous_10)
FNDA:1,(anonymous_11)
FNDA:1,(anonymous_12)
FNDA:1,(anonymous_13)
FNDA:48,(anonymous_14)
FNDA:122,(anonymous_15)
FNDA:21,(anonymous_16)
FNDA:29,(anonymous_17)
FNDA:25,(anonymous_18)
FNDA:14,(anonymous_19)
FNDA:242,(anonymous_20)
FNDA:32,(anonymous_21)
FNDA:166,(anonymous_22)
FNDA:20,(anonymous_23)
FNDA:8,(anonymous_24)
FNDA:14,(anonymous_25)
FNDA:28,(anonymous_26)
FNDA:11,(anonymous_27)
FNDA:16,(anonymous_28)
FNDA:7,(anonymous_29)
FNDA:84,(anonymous_30)
FNDA:81,(anonymous_31)
DA:25,3
DA:26,134
DA:32,126
DA:33,126
DA:40,122
DA:41,122
DA:42,122
DA:46,508
DA:48,325
DA:51,183
DA:53,36
DA:56,147
DA:57,147
DA:59,1
DA:61,1
DA:63,1
DA:65,1
DA:67,1
DA:69,1
DA:71,1
DA:73,1
DA:75,48
DA:77,21
DA:79,29
DA:81,25
DA:83,14
DA:85,2
DA:89,0
DA:93,325
DA:94,325
DA:98,36
DA:99,35
DA:101,35
DA:102,84
DA:105,84
DA:106,84
DA:107,83
DA:110,34
DA:114,1
DA:118,1
DA:122,1
DA:126,1
DA:130,1
DA:134,1
DA:138,1
DA:142,1
DA:146,48
DA:148,47
DA:149,47
DA:150,47
DA:152,47
DA:153,47
DA:154,122
DA:155,122
DA:156,121
DA:159,46
DA:163,122
DA:167,21
DA:169,21
DA:170,21
DA:171,21
DA:173,21
DA:174,20
DA:175,20
DA:176,58
DA:177,57
DA:181,19
DA:183,18
DA:187,29
DA:191,25
DA:195,14
DA:196,14
DA:198,13
DA:199,13
DA:200,13
DA:202,13
DA:206,242
DA:207,166
DA:210,76
DA:212,32
DA:215,60
DA:216,60
DA:218,0
DA:220,0
DA:222,0
DA:224,0
DA:227,0
DA:229,0
DA:231,0
DA:233,20
DA:235,8
DA:237,14
DA:239,11
DA:241,7
DA:243,0
DA:247,0
DA:251,166
DA:253,30
DA:255,7
DA:257,52
DA:259,9
DA:262,10
DA:264,5
DA:266,53
DA:269,0
DA:270,0
DA:275,20
DA:276,20
DA:278,20
DA:279,47
DA:280,47
DA:281,45
DA:284,16
DA:288,8
DA:292,14
DA:293,28
DA:297,11
DA:298,11
DA:299,16
DA:303,7
DA:307,84
DA:308,4
DA:309,4
DA:313,81
LF:124
LH:112
BRDA:46,0,0,325
BRDA:51,1,0,36
BRDA:56,2,0,147
BRDA:56,3,0,147
BRDA:56,3,1,147
BRDA:57,4,0,1
BRDA:57,4,1,1
BRDA:57,4,2,1
BRDA:57,4,3,1
BRDA:57,4,4,1
BRDA:57,4,5,1
BRDA:57,4,6,1
BRDA:57,4,7,1
BRDA:57,4,8,48
BRDA:57,4,9,21
BRDA:57,4,10,29
BRDA:57,4,11,25
BRDA:57,4,12,14
BRDA:57,4,13,2
BRDA:94,5,0,325
BRDA:94,5,1,0
BRDA:98,6,0,1
BRDA:102,7,0,0
BRDA:106,8,0,1
BRDA:146,9,0,1
BRDA:146,10,0,48
BRDA:146,10,1,48
BRDA:146,10,2,47
BRDA:149,11,0,0
BRDA:154,12,0,0
BRDA:155,13,0,1
BRDA:163,14,0,122
BRDA:163,14,1,122
BRDA:163,14,2,122
BRDA:167,15,0,0
BRDA:167,16,0,21
BRDA:167,16,1,21
BRDA:167,16,2,21
BRDA:170,17,0,0
BRDA:173,18,0,1
BRDA:176,19,0,1
BRDA:176,20,0,58
BRDA:176,20,1,58
BRDA:181,21,0,1
BRDA:181,22,0,19
BRDA:181,22,1,2
BRDA:187,23,0,29
BRDA:187,23,1,29
BRDA:191,24,0,25
BRDA:191,24,1,25
BRDA:195,25,0,0
BRDA:195,26,0,14
BRDA:195,26,1,14
BRDA:195,26,2,14
BRDA:196,27,0,1
BRDA:199,28,0,0
BRDA:206,29,0,166
BRDA:210,30,0,16
BRDA:215,31,0,60
BRDA:215,32,0,60
BRDA:215,32,1,60
BRDA:216,33,0,0
BRDA:216,33,1,0
BRDA:216,33,2,0
BRDA:216,33,3,0
BRDA:216,33,4,0
BRDA:216,33,5,0
BRDA:216,33,6,0
BRDA:216,33,7,0
BRDA:216,33,8,20
BRDA:216,33,9,8
BRDA:216,33,10,14
BRDA:216,33,11,11
BRDA:216,33,12,7
BRDA:216,33,13,0
BRDA:222,34,0,0
BRDA:222,34,1,0
BRDA:222,34,2,0
BRDA:222,34,3,0
BRDA:224,35,0,0
BRDA:224,35,1,0
BRDA:224,35,2,0
BRDA:251,36,0,30
BRDA:251,36,1,7
BRDA:251,36,2,52
BRDA:251,36,3,9
BRDA:251,36,4,6
BRDA:251,36,5,10
BRDA:251,36,6,5
BRDA:251,36,7,53
BRDA:251,36,8,0
BRDA:257,37,0,52
BRDA:257,37,1,45
BRDA:257,37,2,42
BRDA:257,37,3,42
BRDA:259,38,0,9
BRDA:259,38,1,3
BRDA:259,38,2,7
BRDA:270,39,0,0
BRDA:270,39,1,0
BRDA:275,40,0,0
BRDA:275,41,0,20
BRDA:275,41,1,20
BRDA:280,42,0,2
BRDA:280,43,0,47
BRDA:280,43,1,3
BRDA:281,44,0,2
BRDA:281,45,0,45
BRDA:281,45,1,44
BRDA:288,46,0,8
BRDA:288,46,1,7
BRDA:292,47,0,0
BRDA:297,48,0,0
BRDA:297,49,0,11
BRDA:297,49,1,11
BRDA:303,50,0,7
BRDA:303,50,1,7
BRDA:307,51,0,80
BRDA:308,52,0,0
BRDA:313,53,0,0
BRDA:313,53,1,81
BRF:121
BRH:89
end_of_record
TN:
SF:src/bencode/BencodeDecoder.ts
FN:4,(anonymous_0)
FN:7,(anonymous_1)
FN:12,(anonymous_2)
FN:17,(anonymous_3)
FN:43,(anonymous_4)
FN:48,(anonymous_5)
FN:53,(anonymous_6)
FN:58,(anonymous_7)
FN:63,(anonymous_8)
FN:75,(anonymous_9)
FN:95,(anonymous_10)
FN:100,(anonymous_11)
FN:120,(anonymous_12)
FN:135,(anonymous_13)
FNF:14
FNH:13
FNDA:2,(anonymous_0)
FNDA:2,(anonymous_1)
FNDA:18,(anonymous_2)
FNDA:97,(anonymous_3)
FNDA:4,(anonymous_4)
FNDA:4,(anonymous_5)
FNDA:4,(anonymous_6)
FNDA:3,(anonymous_7)
FNDA:0,(anonymous_8)
FNDA:26,(anonymous_9)
FNDA:18,(anonymous_10)
FNDA:46,(anonymous_11)
FNDA:16,(anonymous_12)
FNDA:14,(anonymous_13)
DA:1,2
DA:4,2
DA:5,2
DA:8,2
DA:9,2
DA:13,18
DA:14,18
DA:18,97
DA:19,97
DA:20,97
DA:21,97
DA:22,97
DA:24,26
DA:26,14
DA:28,16
DA:30,3
DA:32,4
DA:34,4
DA:36,4
DA:38,26
DA:40,0
DA:44,4
DA:45,4
DA:49,4
DA:50,4
DA:54,4
DA:55,4
DA:59,3
DA:60,3
DA:64,0
DA:65,0
DA:67,0
DA:69,0
DA:71,0
DA:76,26
DA:77,26
DA:78,26
DA:79,26
DA:80,26
DA:81,26
DA:82,26
DA:83,26
DA:84,26
DA:85,71
DA:86,71
DA:87,71
DA:88,71
DA:90,26
DA:91,26
DA:92,26
DA:96,18
DA:97,18
DA:101,46
DA:102,46
DA:103,46
DA:104,46
DA:105,46
DA:106,46
DA:107,46
DA:108,52
DA:109,52
DA:110,52
DA:111,52
DA:112,52
DA:114,46
DA:115,46
DA:116,46
DA:117,46
DA:121,16
DA:122,16
DA:123,16
DA:124,16
DA:125,16
DA:126,48
DA:127,48
DA:128,16
DA:129,16
DA:131,32
DA:136,14
DA:137,14
DA:138,14
DA:139,14
DA:140,14
DA:141,32
DA:142,32
DA:143,14
DA:144,14
DA:146,18
DA:147,18
DA:148,18
LF:90
LH:84
BRDA:22,0,0,26
BRDA:22,0,1,14
BRDA:22,0,2,16
BRDA:22,0,3,3
BRDA:22,0,4,4
BRDA:22,0,5,4
BRDA:22,0,6,4
BRDA:22,0,7,26
BRDA:38,1,0,26
BRDA:38,2,0,26
BRDA:38,2,1,26
BRDA:44,3,0,0
BRDA:49,4,0,0
BRDA:54,5,0,0
BRDA:59,6,0,0
BRDA:65,7,0,0
BRDA:65,7,1,0
BRDA:65,7,2,0
BRDA:78,8,0,0
BRDA:87,9,0,0
BRDA:90,10,0,0
BRDA:108,11,0,0
BRDA:108,12,0,52
BRDA:108,12,1,52
BRDA:111,13,0,0
BRDA:122,14,0,0
BRDA:127,15,0,16
BRDA:137,16,0,0
BRDA:142,17,0,14
BRDA:147,18,0,0
BRF:30
BRH:15
end_of_record
TN:
SF:src/bencode/BencodeEncoder.ts
FN:7,(anonymous_0)
FN:9,(anonymous_1)
FN:21,(anonymous_2)
FN:25,(anonymous_3)
FN:62,(anonymous_4)
FN:66,(anonymous_5)
FN:70,(anonymous_6)
FN:74,(anonymous_7)
FN:81,(anonymous_8)
FN:88,(anonymous_9)
FN:92,(anonymous_10)
FN:96,(anonymous_11)
FN:103,(anonymous_12)
FN:111,(anonymous_13)
FN:120,(anonymous_14)
FN:127,(anonymous_15)
FN:135,(anonymous_16)
FN:148,(anonymous_17)
FN:161,(anonymous_18)
FNF:19
FNH:14
FNDA:6,(anonymous_0)
FNDA:77,(anonymous_1)
FNDA:0,(anonymous_2)
FNDA:149,(anonymous_3)
FNDA:3,(anonymous_4)
FNDA:5,(anonymous_5)
FNDA:6,(anonymous_6)
FNDA:56,(anonymous_7)
FNDA:0,(anonymous_8)
FNDA:0,(anonymous_9)
FNDA:0,(anonymous_10)
FNDA:5,(anonymous_11)
FNDA:9,(anonymous_12)
FNDA:45,(anonymous_13)
FNDA:0,(anonymous_14)
FNDA:25,(anonymous_15)
FNDA:13,(anonymous_16)
FNDA:4,(anonymous_17)
FNDA:7,(anonymous_18)
DA:1,3
DA:2,3
DA:6,3
DA:7,6
DA:10,77
DA:11,77
DA:12,77
DA:13,77
DA:22,0
DA:26,149
DA:28,6
DA:30,56
DA:32,23
DA:34,54
DA:35,51
DA:36,51
DA:38,13
DA:40,18
DA:42,9
DA:44,4
DA:46,7
DA:48,0
DA:52,5
DA:55,5
DA:58,0
DA:63,3
DA:67,5
DA:71,6
DA:75,56
DA:76,56
DA:77,56
DA:78,56
DA:82,0
DA:83,0
DA:84,0
DA:85,0
DA:89,0
DA:93,0
DA:97,5
DA:98,5
DA:99,5
DA:100,5
DA:104,9
DA:105,9
DA:106,9
DA:107,9
DA:108,9
DA:112,45
DA:113,45
DA:114,45
DA:115,45
DA:116,45
DA:117,45
DA:121,0
DA:122,0
DA:123,0
DA:124,0
DA:128,25
DA:129,25
DA:130,25
DA:131,50
DA:132,25
DA:136,13
DA:137,13
DA:138,13
DA:139,13
DA:140,13
DA:141,15
DA:142,15
DA:143,15
DA:145,13
DA:149,4
DA:150,4
DA:151,4
DA:152,4
DA:153,4
DA:154,7
DA:155,7
DA:156,7
DA:158,4
DA:162,7
LF:81
LH:68
BRDA:26,0,0,6
BRDA:26,0,1,56
BRDA:26,0,2,23
BRDA:26,0,3,54
BRDA:26,0,4,5
BRDA:26,0,5,5
BRDA:26,0,6,0
BRDA:34,1,0,3
BRDA:36,2,0,13
BRDA:36,2,1,18
BRDA:36,2,2,9
BRDA:36,2,3,4
BRDA:36,2,4,7
BRDA:36,2,5,0
BRDA:71,3,0,3
BRDA:71,3,1,3
BRF:16
BRH:14
end_of_record
TN:
SF:src/bson/BsonDecoder.ts
FN:20,(anonymous_0)
FN:22,(anonymous_1)
FN:27,(anonymous_2)
FN:32,(anonymous_3)
FN:57,(anonymous_4)
FN:78,(anonymous_5)
FN:90,(anonymous_6)
FN:170,(anonymous_7)
FN:172,(anonymous_8)
FN:173,(anonymous_9)
FN:176,(anonymous_10)
FN:191,(anonymous_11)
FN:213,(anonymous_12)
FN:219,(anonymous_13)
FN:225,(anonymous_14)
FN:234,(anonymous_15)
FN:243,(anonymous_16)
FNF:17
FNH:16
FNDA:3,(anonymous_0)
FNDA:0,(anonymous_1)
FNDA:1123,(anonymous_2)
FNDA:8446,(anonymous_3)
FNDA:35960,(anonymous_4)
FNDA:11444,(anonymous_5)
FNDA:35958,(anonymous_6)
FNDA:3490,(anonymous_7)
FNDA:7096,(anonymous_8)
FNDA:9784,(anonymous_9)
FNDA:16,(anonymous_10)
FNDA:3,(anonymous_11)
FNDA:1,(anonymous_12)
FNDA:1,(anonymous_13)
FNDA:1,(anonymous_14)
FNDA:1,(anonymous_15)
FNDA:1,(anonymous_16)
DA:1,3
DA:2,3
DA:19,3
DA:20,3
DA:23,0
DA:24,0
DA:28,1123
DA:29,1123
DA:33,8446
DA:34,8446
DA:35,8446
DA:36,8446
DA:37,8446
DA:38,8446
DA:40,8446
DA:41,35958
DA:42,35958
DA:44,35958
DA:45,35958
DA:46,35958
DA:50,8446
DA:51,8446
DA:54,8446
DA:58,35960
DA:59,35960
DA:60,35960
DA:61,35960
DA:64,35960
DA:65,238718
DA:68,35960
DA:69,1
DA:70,1
DA:73,35959
DA:74,35959
DA:75,35959
DA:79,11444
DA:80,11444
DA:81,11444
DA:82,11444
DA:83,0
DA:85,11444
DA:86,11444
DA:87,11444
DA:91,35958
DA:93,35958
DA:95,10293
DA:96,10293
DA:97,10293
DA:100,11440
DA:103,3832
DA:106,3490
DA:109,16
DA:112,1
DA:115,2
DA:118,2789
DA:121,2
DA:122,2
DA:123,2
DA:126,1351
DA:129,1
DA:132,1
DA:135,1
DA:138,1
DA:141,1
DA:144,1099
DA:145,1099
DA:146,1099
DA:149,1
DA:152,1634
DA:153,1634
DA:154,1634
DA:157,1
DA:160,1
DA:163,1
DA:166,0
DA:171,3490
DA:172,7096
DA:173,9784
DA:177,16
DA:178,16
DA:179,16
DA:180,16
DA:181,16
DA:184,16
DA:185,15
DA:188,1
DA:192,3
DA:193,3
DA:194,3
DA:197,3
DA:200,3
DA:201,3
DA:203,3
DA:204,3
DA:207,3
DA:209,3
DA:210,3
DA:214,1
DA:215,1
DA:216,1
DA:220,1
DA:221,1
DA:222,1
DA:226,1
DA:227,1
DA:228,1
DA:229,1
DA:230,1
DA:231,1
DA:235,1
DA:236,1
DA:237,1
DA:238,1
DA:239,1
DA:240,1
DA:244,1
DA:245,1
DA:246,1
LF:118
LH:114
BRDA:20,0,0,3
BRDA:42,1,0,0
BRDA:50,2,0,8446
BRDA:68,3,0,1
BRDA:82,4,0,0
BRDA:93,5,0,10293
BRDA:93,5,1,11440
BRDA:93,5,2,3832
BRDA:93,5,3,3490
BRDA:93,5,4,16
BRDA:93,5,5,1
BRDA:93,5,6,2
BRDA:93,5,7,2789
BRDA:93,5,8,2
BRDA:93,5,9,1351
BRDA:93,5,10,1
BRDA:93,5,11,1
BRDA:93,5,12,1
BRDA:93,5,13,1
BRDA:93,5,14,1
BRDA:93,5,15,1099
BRDA:93,5,16,1
BRDA:93,5,17,1634
BRDA:93,5,18,1
BRDA:93,5,19,1
BRDA:93,5,20,1
BRDA:93,5,21,0
BRDA:184,6,0,15
BRF:28
BRH:25
end_of_record
TN:
SF:src/bson/BsonEncoder.ts
FN:19,(anonymous_0)
FN:21,(anonymous_1)
FN:28,(anonymous_2)
FN:38,(anonymous_3)
FN:43,(anonymous_4)
FN:48,(anonymous_5)
FN:53,(anonymous_6)
FN:58,(anonymous_7)
FN:63,(anonymous_8)
FN:68,(anonymous_9)
FN:75,(anonymous_10)
FN:82,(anonymous_11)
FN:89,(anonymous_12)
FN:94,(anonymous_13)
FN:102,(anonymous_14)
FN:116,(anonymous_15)
FN:121,(anonymous_16)
FN:125,(anonymous_17)
FN:144,(anonymous_18)
FN:195,(anonymous_19)
FN:219,(anonymous_20)
FNF:21
FNH:12
FNDA:6,(anonymous_0)
FNDA:1267,(anonymous_1)
FNDA:1267,(anonymous_2)
FNDA:0,(anonymous_3)
FNDA:0,(anonymous_4)
FNDA:0,(anonymous_5)
FNDA:0,(anonymous_6)
FNDA:0,(anonymous_7)
FNDA:0,(anonymous_8)
FNDA:13915,(anonymous_9)
FNDA:1647,(anonymous_10)
FNDA:10352,(anonymous_11)
FNDA:0,(anonymous_12)
FNDA:16,(anonymous_13)
FNDA:12591,(anonymous_14)
FNDA:0,(anonymous_15)
FNDA:0,(anonymous_16)
FNDA:10856,(anonymous_17)
FNDA:39928,(anonymous_18)
FNDA:5,(anonymous_19)
FNDA:39924,(anonymous_20)
DA:1,6
DA:18,6
DA:19,6
DA:22,1267
DA:23,1267
DA:24,1267
DA:25,1267
DA:29,1267
DA:31,1267
DA:32,1267
DA:35,0
DA:40,0
DA:45,0
DA:50,0
DA:55,0
DA:60,0
DA:65,0
DA:69,13915
DA:70,13915
DA:71,13915
DA:72,13915
DA:76,1647
DA:77,1647
DA:78,1647
DA:79,1647
DA:83,10352
DA:84,10352
DA:85,10352
DA:86,10352
DA:91,0
DA:95,16
DA:96,16
DA:97,16
DA:98,16
DA:99,16
DA:103,12591
DA:104,12591
DA:105,12591
DA:106,12591
DA:107,12591
DA:108,12591
DA:109,12591
DA:110,12591
DA:111,12591
DA:112,435
DA:118,0
DA:122,0
DA:126,10856
DA:127,10856
DA:128,10856
DA:129,10856
DA:130,10856
DA:131,10856
DA:132,10856
DA:133,10856
DA:134,39924
DA:135,39924
DA:136,39924
DA:138,10856
DA:139,10856
DA:140,10856
DA:141,10856
DA:145,39928
DA:146,39928
DA:147,39928
DA:148,39928
DA:149,39928
DA:150,39928
DA:151,39928
DA:152,267773
DA:153,267773
DA:154,266051
DA:155,266051
DA:156,266051
DA:157,1722
DA:158,1221
DA:159,1221
DA:160,1221
DA:162,501
DA:163,2
DA:164,2
DA:165,2
DA:166,2
DA:167,2
DA:171,501
DA:172,499
DA:173,499
DA:174,499
DA:175,499
DA:176,499
DA:178,2
DA:179,2
DA:180,2
DA:181,2
DA:182,2
DA:183,2
DA:184,2
DA:187,1722
DA:188,1722
DA:189,1722
DA:191,39928
DA:192,39928
DA:196,5
DA:197,5
DA:198,5
DA:199,5
DA:200,5
DA:201,5
DA:202,5
DA:203,5
DA:204,5
DA:205,5
DA:206,5
DA:207,5
DA:208,5
DA:209,5
DA:210,5
DA:211,5
DA:212,5
DA:213,5
DA:214,5
DA:215,5
DA:216,5
DA:220,39924
DA:221,39924
DA:223,13293
DA:224,13293
DA:225,10350
DA:226,10350
DA:227,10350
DA:228,10350
DA:230,2943
DA:231,1298
DA:232,1298
DA:233,1298
DA:234,1298
DA:236,1645
DA:237,1645
DA:238,1645
DA:239,1645
DA:242,12582
DA:243,12582
DA:244,12582
DA:245,12582
DA:248,11048
DA:249,1413
DA:250,1413
DA:251,1413
DA:253,9635
DA:254,9635
DA:256,5168
DA:257,5168
DA:258,5168
DA:259,5168
DA:262,4419
DA:263,4419
DA:264,4419
DA:265,4419
DA:268,16
DA:269,16
DA:270,16
DA:271,16
DA:274,3
DA:275,3
DA:276,3
DA:277,3
DA:280,3
DA:281,3
DA:282,3
DA:283,3
DA:284,3
DA:285,3
DA:288,2
DA:289,2
DA:290,2
DA:291,2
DA:292,2
DA:295,2
DA:296,2
DA:297,2
DA:298,2
DA:299,2
DA:300,2
DA:303,2
DA:304,2
DA:305,2
DA:306,2
DA:309,2
DA:310,2
DA:311,2
DA:312,2
DA:313,2
DA:314,2
DA:315,2
DA:316,2
DA:317,2
DA:318,2
DA:321,2
DA:322,2
DA:323,2
DA:324,2
DA:327,2
DA:328,2
DA:329,2
DA:330,2
DA:333,2
DA:334,2
DA:335,2
DA:336,2
DA:339,2
DA:340,2
DA:341,2
DA:342,2
DA:343,2
DA:344,2
DA:347,2
DA:348,2
DA:349,2
DA:350,2
DA:351,2
DA:352,2
DA:355,2
DA:356,2
DA:357,2
DA:360,2
DA:361,2
DA:362,2
DA:365,4
DA:366,4
DA:367,4
DA:368,4
DA:369,4
DA:370,4
DA:371,4
DA:372,4
DA:375,0
DA:376,0
DA:377,0
DA:378,0
DA:381,9635
DA:384,2995
DA:385,2995
DA:386,2995
DA:387,2995
DA:390,3
DA:391,3
DA:392,3
DA:395,3
DA:396,3
DA:397,3
DA:398,3
LF:251
LH:237
BRDA:29,0,0,1267
BRDA:31,1,0,0
BRDA:111,2,0,435
BRDA:153,3,0,266051
BRDA:153,3,1,1722
BRDA:154,4,0,0
BRDA:157,5,0,1221
BRDA:157,5,1,501
BRDA:159,6,0,0
BRDA:162,7,0,2
BRDA:162,8,0,501
BRDA:162,8,1,2
BRDA:163,9,0,2
BRDA:165,10,0,2
BRDA:171,11,0,499
BRDA:171,11,1,2
BRDA:174,12,0,0
BRDA:174,13,0,499
BRDA:174,13,1,499
BRDA:181,14,0,0
BRDA:181,15,0,2
BRDA:181,15,1,2
BRDA:181,15,2,2
BRDA:188,16,0,0
BRDA:210,17,0,1
BRDA:221,18,0,13293
BRDA:221,18,1,12582
BRDA:221,18,2,11048
BRDA:221,18,3,2995
BRDA:221,18,4,3
BRDA:221,18,5,3
BRDA:224,19,0,10350
BRDA:230,20,0,1298
BRDA:230,21,0,2943
BRDA:230,21,1,2115
BRDA:248,22,0,1413
BRDA:254,23,0,5168
BRDA:254,23,1,4419
BRDA:254,23,2,16
BRDA:254,23,3,3
BRDA:254,23,4,3
BRDA:254,23,5,2
BRDA:254,23,6,2
BRDA:254,23,7,2
BRDA:254,23,8,2
BRDA:254,23,9,2
BRDA:254,23,10,2
BRDA:254,23,11,2
BRDA:254,23,12,2
BRDA:254,23,13,2
BRDA:254,23,14,2
BRDA:254,23,15,2
BRDA:254,23,16,4
BRDA:254,23,17,0
BRDA:350,24,0,0
BRDA:397,25,0,3
BRDA:397,25,1,0
BRF:57
BRH:48
end_of_record
TN:
SF:src/bson/values.ts
FN:2,(anonymous_0)
FN:10,(anonymous_1)
FN:17,(anonymous_2)
FN:21,(anonymous_3)
FN:25,(anonymous_4)
FN:32,(anonymous_5)
FN:36,(anonymous_6)
FN:40,(anonymous_7)
FN:44,(anonymous_8)
FN:51,(anonymous_9)
FN:59,(anonymous_10)
FNF:11
FNH:11
FNDA:18,(anonymous_0)
FNDA:5,(anonymous_1)
FNDA:11,(anonymous_2)
FNDA:2,(anonymous_3)
FNDA:5,(anonymous_4)
FNDA:16,(anonymous_5)
FNDA:7,(anonymous_6)
FNDA:17,(anonymous_7)
FNDA:8,(anonymous_8)
FNDA:5,(anonymous_9)
FNDA:14,(anonymous_10)
DA:1,11
DA:3,18
DA:4,18
DA:5,18
DA:9,11
DA:11,5
DA:12,5
DA:16,11
DA:17,11
DA:20,11
DA:21,2
DA:24,11
DA:26,5
DA:27,5
DA:31,11
DA:32,16
DA:35,11
DA:36,7
DA:39,11
DA:40,17
DA:43,11
DA:45,8
DA:46,8
DA:50,11
DA:51,5
DA:54,11
DA:56,11
DA:58,11
DA:60,14
DA:61,14
LF:30
LH:30
BRF:0
BRH:0
end_of_record
TN:
SF:src/cbor/CborDecoder.ts
FN:12,(anonymous_0)
FN:24,(anonymous_1)
FN:30,(anonymous_2)
FN:40,(anonymous_3)
FN:54,(anonymous_4)
FN:57,(anonymous_5)
FN:61,(anonymous_6)
FN:90,(anonymous_7)
FN:110,(anonymous_8)
FN:128,(anonymous_9)
FN:137,(anonymous_10)
FN:148,(anonymous_11)
FN:157,(anonymous_12)
FN:168,(anonymous_13)
FN:179,(anonymous_14)
FN:194,(anonymous_15)
FN:202,(anonymous_16)
FN:236,(anonymous_17)
FN:247,(anonymous_18)
FN:258,(anonymous_19)
FN:277,(anonymous_20)
FN:289,(anonymous_21)
FN:299,(anonymous_22)
FN:305,(anonymous_23)
FN:315,(anonymous_24)
FN:329,(anonymous_25)
FN:335,(anonymous_26)
FN:341,(anonymous_27)
FN:350,(anonymous_28)
FN:371,(anonymous_29)
FN:375,(anonymous_30)
FN:379,(anonymous_31)
FN:383,(anonymous_32)
FN:393,(anonymous_33)
FN:400,(anonymous_34)
FNF:35
FNH:29
FNDA:3,(anonymous_0)
FNDA:3,(anonymous_1)
FNDA:3,(anonymous_2)
FNDA:0,(anonymous_3)
FNDA:9160,(anonymous_4)
FNDA:27707,(anonymous_5)
FNDA:27707,(anonymous_6)
FNDA:20218,(anonymous_7)
FNDA:742,(anonymous_8)
FNDA:14,(anonymous_9)
FNDA:0,(anonymous_10)
FNDA:16510,(anonymous_11)
FNDA:0,(anonymous_12)
FNDA:3694,(anonymous_13)
FNDA:5469,(anonymous_14)
FNDA:0,(anonymous_15)
FNDA:1278,(anonymous_16)
FNDA:8,(anonymous_17)
FNDA:5,(anonymous_18)
FNDA:5,(anonymous_19)
FNDA:14,(anonymous_20)
FNDA:4,(anonymous_21)
FNDA:2,(anonymous_22)
FNDA:2,(anonymous_23)
FNDA:0,(anonymous_24)
FNDA:2,(anonymous_25)
FNDA:2,(anonymous_26)
FNDA:0,(anonymous_27)
FNDA:195,(anonymous_28)
FNDA:58,(anonymous_29)
FNDA:102,(anonymous_30)
FNDA:35,(anonymous_31)
FNDA:60,(anonymous_32)
FNDA:20,(anonymous_33)
FNDA:28,(anonymous_34)
DA:2,10
DA:3,10
DA:7,10
DA:13,3
DA:14,3
DA:15,3
DA:16,3
DA:18,3
DA:20,0
DA:25,3
DA:26,3
DA:27,0
DA:31,3
DA:32,3
DA:33,5
DA:34,5
DA:35,5
DA:37,3
DA:41,0
DA:42,0
DA:43,0
DA:44,0
DA:45,0
DA:46,0
DA:48,0
DA:49,0
DA:55,27365
DA:58,27707
DA:62,27707
DA:63,27707
DA:64,27707
DA:67,742
DA:68,742
DA:70,14
DA:71,14
DA:73,16510
DA:74,16510
DA:76,3694
DA:77,3694
DA:79,5469
DA:80,5467
DA:82,1278
DA:83,1277
DA:85,0
DA:86,0
DA:91,20218
DA:92,6196
DA:94,6168
DA:96,28
DA:98,0
DA:100,0
DA:102,0
DA:104,0
DA:111,742
DA:112,387
DA:114,147
DA:116,116
DA:118,108
DA:120,16
DA:122,0
DA:129,14
DA:130,14
DA:132,0
DA:133,0
DA:138,0
DA:139,0
DA:140,0
DA:141,0
DA:142,0
DA:143,0
DA:149,16510
DA:150,16510
DA:152,0
DA:153,0
DA:158,0
DA:159,0
DA:160,0
DA:161,0
DA:162,0
DA:163,0
DA:169,3694
DA:170,3694
DA:172,0
DA:173,0
DA:180,5469
DA:181,5469
DA:183,3
DA:184,3
DA:185,3
DA:186,1
DA:188,1
DA:195,0
DA:196,0
DA:197,0
DA:203,1278
DA:205,0
DA:206,0
DA:208,0
DA:209,0
DA:211,8
DA:212,8
DA:214,196
DA:215,196
DA:217,1074
DA:218,1
DA:237,8
DA:238,8
DA:239,8
DA:240,8
DA:241,5
DA:242,5
DA:248,5
DA:249,5
DA:259,5
DA:260,5
DA:261,5
DA:262,5
DA:264,2
DA:266,2
DA:268,1
DA:278,14
DA:279,14
DA:280,14
DA:283,4
DA:285,10
DA:290,4
DA:291,4
DA:292,4
DA:293,4
DA:294,4
DA:300,2
DA:301,2
DA:302,0
DA:306,2
DA:307,2
DA:308,6
DA:309,6
DA:310,6
DA:312,2
DA:316,0
DA:317,0
DA:318,0
DA:319,0
DA:320,0
DA:321,0
DA:323,0
DA:324,0
DA:330,2
DA:331,2
DA:332,0
DA:336,2
DA:337,8
DA:338,2
DA:342,0
DA:343,0
DA:344,0
DA:345,0
DA:351,195
DA:352,195
DA:353,195
DA:354,193
DA:355,193
DA:356,0
DA:358,0
DA:360,0
DA:362,0
DA:364,0
DA:366,0
DA:368,0
DA:372,58
DA:376,102
DA:380,35
DA:384,60
DA:385,60
DA:386,82
DA:387,82
DA:388,22
DA:390,0
DA:394,20
DA:395,20
DA:396,17
DA:397,17
DA:401,28
DA:402,55
DA:403,55
DA:404,13
DA:406,27
LF:187
LH:123
BRDA:16,0,0,3
BRDA:16,0,1,0
BRDA:26,1,0,3
BRDA:26,1,1,0
BRDA:44,2,0,0
BRDA:64,3,0,614
BRDA:64,3,1,742
BRDA:64,3,2,14
BRDA:64,3,3,16510
BRDA:64,3,4,3694
BRDA:64,3,5,5469
BRDA:64,3,6,1278
BRDA:64,3,7,0
BRDA:91,4,0,14022
BRDA:92,5,0,6168
BRDA:92,5,1,28
BRDA:92,5,2,0
BRDA:92,5,3,0
BRDA:92,5,4,0
BRDA:92,5,5,0
BRDA:111,6,0,355
BRDA:112,7,0,147
BRDA:112,7,1,116
BRDA:112,7,2,108
BRDA:112,7,3,16
BRDA:112,7,4,0
BRDA:130,8,0,14
BRDA:130,8,1,0
BRDA:141,9,0,0
BRDA:142,10,0,0
BRDA:150,11,0,16510
BRDA:150,11,1,0
BRDA:161,12,0,0
BRDA:162,13,0,0
BRDA:170,14,0,3694
BRDA:170,14,1,0
BRDA:181,15,0,5466
BRDA:181,15,1,3
BRDA:185,16,0,2
BRDA:196,17,0,0
BRDA:203,18,0,0
BRDA:203,18,1,0
BRDA:203,18,2,8
BRDA:203,18,3,196
BRDA:217,19,0,1073
BRDA:236,20,0,8
BRDA:236,21,0,8
BRDA:242,22,0,2
BRDA:262,23,0,2
BRDA:262,23,1,2
BRDA:262,23,2,1
BRDA:280,24,0,2
BRDA:280,24,1,4
BRDA:280,24,2,10
BRDA:301,25,0,2
BRDA:301,25,1,0
BRDA:319,26,0,0
BRDA:331,27,0,2
BRDA:353,28,0,2
BRDA:355,29,0,193
BRDA:356,30,0,0
BRDA:356,30,1,0
BRDA:356,30,2,0
BRDA:356,30,3,0
BRDA:356,30,4,0
BRDA:387,31,0,60
BRDA:395,32,0,3
BRDA:403,33,0,42
BRDA:403,33,1,13
BRF:69
BRH:43
end_of_record
TN:
SF:src/cbor/CborDecoderBase.ts
FN:14,(anonymous_0)
FN:19,(anonymous_1)
FN:24,(anonymous_2)
FN:31,(anonymous_3)
FN:45,(anonymous_4)
FN:57,(anonymous_5)
FN:77,(anonymous_6)
FN:92,(anonymous_7)
FN:107,(anonymous_8)
FN:143,(anonymous_9)
FN:154,(anonymous_10)
FN:163,(anonymous_11)
FN:186,(anonymous_12)
FN:202,(anonymous_13)
FN:213,(anonymous_14)
FN:219,(anonymous_15)
FN:225,(anonymous_16)
FN:234,(anonymous_17)
FN:264,(anonymous_18)
FN:274,(anonymous_19)
FN:286,(anonymous_20)
FN:300,(anonymous_21)
FN:316,(anonymous_22)
FN:322,(anonymous_23)
FN:345,(anonymous_24)
FNF:25
FNH:23
FNDA:38,(anonymous_0)
FNDA:809,(anonymous_1)
FNDA:568,(anonymous_2)
FNDA:177232,(anonymous_3)
FNDA:3,(anonymous_4)
FNDA:11359,(anonymous_5)
FNDA:136543,(anonymous_6)
FNDA:1210,(anonymous_7)
FNDA:32,(anonymous_8)
FNDA:3,(anonymous_9)
FNDA:0,(anonymous_10)
FNDA:12783,(anonymous_11)
FNDA:30350,(anonymous_12)
FNDA:5,(anonymous_13)
FNDA:5883,(anonymous_14)
FNDA:5874,(anonymous_15)
FNDA:9,(anonymous_16)
FNDA:8230,(anonymous_17)
FNDA:0,(anonymous_18)
FNDA:4,(anonymous_19)
FNDA:30352,(anonymous_20)
FNDA:16,(anonymous_21)
FNDA:13,(anonymous_22)
FNDA:12546,(anonymous_23)
FNDA:11,(anonymous_24)
DA:2,10
DA:3,10
DA:4,10
DA:5,10
DA:6,10
DA:11,10
DA:15,38
DA:16,38
DA:20,809
DA:21,809
DA:25,568
DA:26,568
DA:32,177232
DA:33,177232
DA:34,177232
DA:35,177232
DA:36,177232
DA:37,150558
DA:38,12807
DA:40,26674
DA:41,12561
DA:46,3
DA:47,3
DA:48,3
DA:49,2
DA:50,0
DA:52,1
DA:53,1
DA:58,11359
DA:59,31
DA:61,11
DA:63,7
DA:65,1
DA:67,0
DA:69,12
DA:71,0
DA:78,136543
DA:79,135506
DA:81,1037
DA:82,348
DA:84,689
DA:85,689
DA:93,1210
DA:94,286
DA:96,924
DA:97,240
DA:99,684
DA:100,684
DA:108,32
DA:109,32
DA:110,8
DA:112,4
DA:114,2
DA:116,1
DA:118,0
DA:120,1
DA:121,1
DA:122,1
DA:123,3
DA:124,3
DA:125,3
DA:127,1
DA:128,1
DA:129,1
DA:130,1
DA:131,1
DA:132,3
DA:133,3
DA:134,3
DA:136,1
DA:139,0
DA:144,3
DA:145,3
DA:146,3
DA:147,3
DA:148,3
DA:149,3
DA:155,0
DA:156,0
DA:157,0
DA:158,0
DA:159,0
DA:160,0
DA:164,12783
DA:165,12783
DA:166,3984
DA:168,3963
DA:170,19
DA:172,0
DA:174,0
DA:176,2
DA:177,5
DA:178,2
DA:179,2
DA:182,0
DA:187,30350
DA:188,11327
DA:190,11317
DA:192,10
DA:194,0
DA:196,0
DA:198,0
DA:203,5
DA:204,5
DA:205,5
DA:206,5
DA:207,5
DA:208,5
DA:214,5883
DA:215,5883
DA:216,9
DA:220,5874
DA:221,145503
DA:222,5874
DA:226,9
DA:227,42
DA:228,9
DA:229,9
DA:235,8230
DA:236,8226
DA:237,8226
DA:239,45
DA:240,45
DA:242,4
DA:243,4
DA:245,0
DA:246,0
DA:248,0
DA:249,0
DA:251,8226
DA:252,8226
DA:253,30257
DA:254,30257
DA:255,30257
DA:256,30257
DA:258,8226
DA:259,4
DA:260,0
DA:265,0
DA:266,0
DA:267,0
DA:268,0
DA:269,0
DA:271,0
DA:275,4
DA:276,4
DA:277,7
DA:278,7
DA:279,7
DA:280,7
DA:282,4
DA:283,4
DA:287,30352
DA:288,30352
DA:289,30352
DA:290,30352
DA:291,30350
DA:292,30350
DA:293,29698
DA:294,29698
DA:295,29698
DA:301,16
DA:302,7
DA:304,6
DA:306,1
DA:308,0
DA:310,0
DA:312,0
DA:317,13
DA:323,12546
DA:325,1113
DA:327,1775
DA:329,1256
DA:331,4
DA:333,1
DA:335,11
DA:337,24
DA:339,8342
DA:341,20
DA:342,0
DA:346,11
LF:181
LH:149
BRDA:15,0,0,38
BRDA:16,1,0,38
BRDA:36,2,0,150558
BRDA:36,2,1,26674
BRDA:37,3,0,137751
BRDA:37,3,1,12807
BRDA:37,4,0,136541
BRDA:37,4,1,1210
BRDA:38,5,0,29
BRDA:38,5,1,12778
BRDA:40,6,0,14113
BRDA:40,6,1,12561
BRDA:40,7,0,5883
BRDA:40,7,1,8230
BRDA:41,8,0,16
BRDA:41,8,1,12545
BRDA:48,9,0,2
BRDA:48,9,1,1
BRDA:49,10,0,2
BRDA:49,10,1,0
BRDA:49,11,0,2
BRDA:49,11,1,0
BRDA:50,12,0,0
BRDA:50,12,1,0
BRDA:52,13,0,0
BRDA:52,13,1,1
BRDA:52,14,0,0
BRDA:52,14,1,0
BRDA:53,15,0,0
BRDA:53,15,1,1
BRDA:58,16,0,11328
BRDA:59,17,0,11
BRDA:59,17,1,7
BRDA:59,17,2,1
BRDA:59,17,3,0
BRDA:59,17,4,12
BRDA:59,17,5,0
BRDA:78,18,0,135506
BRDA:78,18,1,1037
BRDA:79,19,0,291
BRDA:79,19,1,135215
BRDA:81,20,0,348
BRDA:81,20,1,689
BRDA:82,21,0,248
BRDA:82,21,1,100
BRDA:85,22,0,6
BRDA:85,22,1,683
BRDA:93,23,0,286
BRDA:93,23,1,924
BRDA:94,24,0,206
BRDA:94,24,1,80
BRDA:96,25,0,240
BRDA:96,25,1,684
BRDA:97,26,0,215
BRDA:97,26,1,25
BRDA:100,27,0,5
BRDA:100,27,1,679
BRDA:109,28,0,24
BRDA:110,29,0,4
BRDA:110,29,1,2
BRDA:110,29,2,1
BRDA:110,29,3,0
BRDA:110,29,4,1
BRDA:110,29,5,0
BRDA:147,30,0,0
BRDA:148,31,0,0
BRDA:159,32,0,0
BRDA:165,33,0,8799
BRDA:166,34,0,3963
BRDA:166,34,1,19
BRDA:166,34,2,0
BRDA:166,34,3,0
BRDA:166,34,4,2
BRDA:166,34,5,0
BRDA:187,35,0,19023
BRDA:188,36,0,11317
BRDA:188,36,1,10
BRDA:188,36,2,0
BRDA:188,36,3,0
BRDA:188,36,4,0
BRDA:206,37,0,0
BRDA:207,38,0,0
BRDA:215,39,0,5874
BRDA:235,40,0,8226
BRDA:235,40,1,4
BRDA:237,41,0,45
BRDA:237,41,1,4
BRDA:237,41,2,0
BRDA:237,41,3,0
BRDA:254,42,0,0
BRDA:259,43,0,4
BRDA:259,43,1,0
BRDA:278,44,0,0
BRDA:290,45,0,2
BRDA:292,46,0,652
BRDA:301,47,0,9
BRDA:302,48,0,6
BRDA:302,48,1,1
BRDA:302,48,2,0
BRDA:302,48,3,0
BRDA:302,48,4,0
BRDA:323,49,0,1113
BRDA:323,49,1,1775
BRDA:323,49,2,1256
BRDA:323,49,3,4
BRDA:323,49,4,1
BRDA:323,49,5,11
BRDA:323,49,6,24
BRDA:323,49,7,8342
BRDA:341,50,0,20
BRF:110
BRH:79
end_of_record
TN:
SF:src/cbor/CborDecoderDag.ts
FN:5,(anonymous_0)
FNF:1
FNH:1
FNDA:2,(anonymous_0)
DA:1,2
DA:2,2
DA:4,2
DA:6,2
DA:7,2
LF:5
LH:5
BRDA:7,0,0,1
BRDA:7,0,1,1
BRF:2
BRH:2
end_of_record
TN:
SF:src/cbor/CborEncoder.ts
FN:13,(anonymous_0)
FN:17,(anonymous_1)
FN:58,(anonymous_2)
FN:63,(anonymous_3)
FN:65,(anonymous_4)
FN:71,(anonymous_5)
FNF:6
FNH:5
FNDA:0,(anonymous_0)
FNDA:304128,(anonymous_1)
FNDA:4253,(anonymous_2)
FNDA:3,(anonymous_3)
FNDA:5,(anonymous_4)
FNDA:3,(anonymous_5)
DA:1,12
DA:2,12
DA:3,12
DA:4,12
DA:7,12
DA:14,0
DA:18,304128
DA:20,279346
DA:22,9677
DA:24,2221
DA:26,11927
DA:27,10947
DA:28,10947
DA:30,6323
DA:32,4568
DA:34,42
DA:36,3
DA:38,5
DA:40,1
DA:41,1
DA:43,5
DA:44,4
DA:45,4
DA:46,4
DA:50,4
DA:52,953
DA:54,0
DA:59,4253
DA:60,4234
DA:64,3
DA:65,3
DA:66,5
DA:67,5
DA:72,3
LF:34
LH:32
BRDA:18,0,0,279346
BRDA:18,0,1,9677
BRDA:18,0,2,2221
BRDA:18,0,3,11927
BRDA:18,0,4,4
BRDA:18,0,5,953
BRDA:18,0,6,0
BRDA:26,1,0,980
BRDA:28,2,0,6323
BRDA:28,2,1,4568
BRDA:28,2,2,42
BRDA:28,2,3,3
BRDA:28,2,4,5
BRDA:28,2,5,1
BRDA:28,2,6,5
BRDA:43,3,0,1
BRDA:44,4,0,0
BRDA:45,5,0,0
BRDA:59,6,0,19
BRDA:59,6,1,4234
BRF:20
BRH:17
end_of_record
TN:
SF:src/cbor/CborEncoderDag.ts
FN:4,(anonymous_0)
FN:8,(anonymous_1)
FN:14,(anonymous_2)
FNF:3
FNH:3
FNDA:1,(anonymous_0)
FNDA:2127,(anonymous_1)
FNDA:6,(anonymous_2)
DA:1,3
DA:3,3
DA:5,1
DA:9,2127
DA:10,2126
DA:11,2124
DA:15,6
DA:16,6
LF:8
LH:8
BRDA:9,0,0,1
BRDA:10,1,0,2
BRDA:15,2,0,5
BRF:3
BRH:3
end_of_record
TN:
SF:src/cbor/CborEncoderFast.ts
FN:16,(anonymous_0)
FN:18,(anonymous_1)
FN:23,(anonymous_2)
FN:28,(anonymous_3)
FN:49,(anonymous_4)
FN:53,(anonymous_5)
FN:57,(anonymous_6)
FN:61,(anonymous_7)
FN:66,(anonymous_8)
FN:72,(anonymous_9)
FN:77,(anonymous_10)
FN:82,(anonymous_11)
FN:88,(anonymous_12)
FN:93,(anonymous_13)
FN:120,(anonymous_14)
FN:125,(anonymous_15)
FN:130,(anonymous_16)
FN:134,(anonymous_17)
FN:161,(anonymous_18)
FN:165,(anonymous_19)
FN:171,(anonymous_20)
FN:180,(anonymous_21)
FN:208,(anonymous_22)
FN:216,(anonymous_23)
FN:221,(anonymous_24)
FN:227,(anonymous_25)
FN:236,(anonymous_26)
FN:247,(anonymous_27)
FN:256,(anonymous_28)
FN:260,(anonymous_29)
FN:264,(anonymous_30)
FN:269,(anonymous_31)
FN:278,(anonymous_32)
FN:286,(anonymous_33)
FN:290,(anonymous_34)
FN:294,(anonymous_35)
FN:298,(anonymous_36)
FN:302,(anonymous_37)
FN:306,(anonymous_38)
FN:310,(anonymous_39)
FN:314,(anonymous_40)
FN:318,(anonymous_41)
FN:322,(anonymous_42)
FN:326,(anonymous_43)
FN:330,(anonymous_44)
FNF:45
FNH:28
FNDA:49,(anonymous_0)
FNDA:3477,(anonymous_1)
FNDA:0,(anonymous_2)
FNDA:10448,(anonymous_3)
FNDA:0,(anonymous_4)
FNDA:33,(anonymous_5)
FNDA:4,(anonymous_6)
FNDA:0,(anonymous_7)
FNDA:282119,(anonymous_8)
FNDA:953,(anonymous_9)
FNDA:438,(anonymous_10)
FNDA:515,(anonymous_11)
FNDA:273640,(anonymous_12)
FNDA:272342,(anonymous_13)
FNDA:0,(anonymous_14)
FNDA:0,(anonymous_15)
FNDA:0,(anonymous_16)
FNDA:2241,(anonymous_17)
FNDA:2099,(anonymous_18)
FNDA:49,(anonymous_19)
FNDA:49,(anonymous_20)
FNDA:22007,(anonymous_21)
FNDA:0,(anonymous_22)
FNDA:0,(anonymous_23)
FNDA:6061,(anonymous_24)
FNDA:6061,(anonymous_25)
FNDA:4277,(anonymous_26)
FNDA:8377,(anonymous_27)
FNDA:3,(anonymous_28)
FNDA:5,(anonymous_29)
FNDA:20,(anonymous_30)
FNDA:25,(anonymous_31)
FNDA:48,(anonymous_32)
FNDA:3,(anonymous_33)
FNDA:0,(anonymous_34)
FNDA:0,(anonymous_35)
FNDA:2,(anonymous_36)
FNDA:0,(anonymous_37)
FNDA:0,(anonymous_38)
FNDA:22,(anonymous_39)
FNDA:0,(anonymous_40)
FNDA:0,(anonymous_41)
FNDA:0,(anonymous_42)
FNDA:0,(anonymous_43)
FNDA:0,(anonymous_44)
DA:1,12
DA:7,12
DA:13,12
DA:16,49
DA:19,3477
DA:20,3475
DA:24,0
DA:25,0
DA:29,10448
DA:31,2773
DA:33,3173
DA:35,729
DA:37,3773
DA:38,3478
DA:39,3478
DA:41,1427
DA:43,2051
DA:50,0
DA:54,33
DA:58,4
DA:62,0
DA:63,0
DA:67,282119
DA:68,8479
DA:69,8479
DA:73,953
DA:74,515
DA:78,438
DA:79,6
DA:83,515
DA:84,4
DA:85,4
DA:89,273640
DA:90,1730
DA:94,272342
DA:95,272342
DA:96,272342
DA:97,272342
DA:98,272342
DA:99,270151
DA:100,2191
DA:101,532
DA:102,532
DA:103,1659
DA:104,463
DA:105,463
DA:106,463
DA:107,1196
DA:108,308
DA:109,308
DA:110,308
DA:112,888
DA:113,888
DA:114,888
DA:116,272342
DA:121,0
DA:126,0
DA:131,0
DA:135,2241
DA:136,2241
DA:137,2241
DA:138,2241
DA:139,2241
DA:140,2241
DA:141,289
DA:142,1952
DA:143,411
DA:144,411
DA:145,1541
DA:146,422
DA:147,422
DA:148,422
DA:149,1119
DA:150,235
DA:151,235
DA:152,235
DA:154,884
DA:155,884
DA:156,884
DA:158,2241
DA:162,2099
DA:166,49
DA:167,49
DA:168,49
DA:172,49
DA:173,49
DA:174,14
DA:175,6
DA:176,2
DA:177,0
DA:181,22007
DA:182,22007
DA:183,22007
DA:184,22007
DA:185,22007
DA:186,22007
DA:187,22007
DA:188,14649
DA:189,14625
DA:190,14625
DA:191,14625
DA:192,24
DA:193,24
DA:194,24
DA:195,24
DA:197,0
DA:198,0
DA:199,0
DA:201,22007
DA:202,22007
DA:203,14649
DA:204,24
DA:205,0
DA:209,0
DA:210,0
DA:211,0
DA:212,0
DA:213,0
DA:217,0
DA:218,0
DA:222,6061
DA:223,6061
DA:224,280480
DA:228,6061
DA:229,6061
DA:230,18
DA:231,8
DA:232,2
DA:233,0
DA:237,4277
DA:238,4277
DA:239,4277
DA:240,4277
DA:241,15555
DA:242,15555
DA:243,15555
DA:248,8377
DA:249,8377
DA:250,50
DA:251,4
DA:252,0
DA:253,0
DA:257,3
DA:261,5
DA:265,20
DA:266,20
DA:270,25
DA:271,25
DA:272,7
DA:273,0
DA:274,0
DA:275,0
DA:279,48
DA:280,48
DA:281,0
DA:287,3
DA:291,0
DA:295,0
DA:299,2
DA:303,0
DA:307,0
DA:311,22
DA:315,0
DA:319,0
DA:323,0
DA:327,0
DA:331,0
LF:167
LH:131
BRDA:16,0,0,18
BRDA:29,1,0,2773
BRDA:29,1,1,3173
BRDA:29,1,2,729
BRDA:29,1,3,3773
BRDA:37,2,0,295
BRDA:39,3,0,1427
BRDA:39,3,1,2051
BRDA:62,4,0,0
BRDA:62,4,1,0
BRDA:67,5,0,273640
BRDA:67,5,1,8479
BRDA:68,6,0,0
BRDA:68,6,1,8479
BRDA:73,7,0,438
BRDA:73,7,1,515
BRDA:78,8,0,432
BRDA:83,9,0,511
BRDA:89,10,0,271910
BRDA:89,10,1,1730
BRDA:98,11,0,270151
BRDA:98,11,1,2191
BRDA:100,12,0,532
BRDA:100,12,1,1659
BRDA:103,13,0,463
BRDA:103,13,1,1196
BRDA:107,14,0,308
BRDA:107,14,1,888
BRDA:140,15,0,289
BRDA:140,15,1,1952
BRDA:142,16,0,411
BRDA:142,16,1,1541
BRDA:145,17,0,422
BRDA:145,17,1,1119
BRDA:149,18,0,235
BRDA:149,18,1,884
BRDA:173,19,0,35
BRDA:173,19,1,14
BRDA:174,20,0,8
BRDA:174,20,1,6
BRDA:175,21,0,4
BRDA:175,21,1,2
BRDA:176,22,0,2
BRDA:176,22,1,0
BRDA:187,23,0,7358
BRDA:187,23,1,14649
BRDA:188,24,0,14625
BRDA:188,24,1,24
BRDA:192,25,0,24
BRDA:192,25,1,0
BRDA:202,26,0,7358
BRDA:202,26,1,14649
BRDA:203,27,0,14625
BRDA:203,27,1,24
BRDA:204,28,0,24
BRDA:204,28,1,0
BRDA:210,29,0,0
BRDA:210,29,1,0
BRDA:211,30,0,0
BRDA:211,30,1,0
BRDA:212,31,0,0
BRDA:212,31,1,0
BRDA:229,32,0,6043
BRDA:229,32,1,18
BRDA:230,33,0,10
BRDA:230,33,1,8
BRDA:231,34,0,6
BRDA:231,34,1,2
BRDA:232,35,0,2
BRDA:232,35,1,0
BRDA:249,36,0,8327
BRDA:249,36,1,50
BRDA:250,37,0,46
BRDA:250,37,1,4
BRDA:251,38,0,4
BRDA:251,38,1,0
BRDA:252,39,0,0
BRDA:252,39,1,0
BRDA:271,40,0,18
BRDA:271,40,1,7
BRDA:272,41,0,7
BRDA:272,41,1,0
BRDA:273,42,0,0
BRDA:273,42,1,0
BRDA:274,43,0,0
BRDA:274,43,1,0
BRDA:280,44,0,48
BRDA:280,44,1,0
BRDA:281,45,0,0
BRF:89
BRH:66
end_of_record
TN:
SF:src/cbor/CborEncoderStable.ts
FN:6,(anonymous_0)
FN:14,(anonymous_1)
FN:27,(anonymous_2)
FN:65,(anonymous_3)
FNF:4
FNH:3
FNDA:42866,(anonymous_0)
FNDA:4097,(anonymous_1)
FNDA:21433,(anonymous_2)
FNDA:0,(anonymous_3)
DA:1,5
DA:2,5
DA:4,5
DA:6,5
DA:7,42866
DA:8,1391
DA:9,58
DA:10,22
DA:13,5
DA:15,4097
DA:16,4097
DA:17,4097
DA:18,4097
DA:19,4097
DA:20,15021
DA:21,15021
DA:22,15021
DA:28,21433
DA:29,21433
DA:30,21433
DA:31,21433
DA:32,21433
DA:33,21433
DA:34,21433
DA:35,21433
DA:36,21433
DA:37,21433
DA:38,21433
DA:39,21433
DA:40,3
DA:41,3
DA:43,21433
DA:45,20736
DA:46,20736
DA:48,668
DA:49,668
DA:50,668
DA:52,18
DA:53,18
DA:54,18
DA:57,11
DA:58,11
DA:59,11
DA:62,21433
DA:66,0
LF:45
LH:44
BRDA:7,0,0,41475
BRDA:7,0,1,1391
BRDA:8,1,0,1333
BRDA:8,1,1,58
BRDA:9,2,0,36
BRDA:9,2,1,22
BRDA:39,3,0,3
BRDA:43,4,0,20736
BRDA:43,4,1,668
BRDA:43,4,2,18
BRDA:43,4,3,11
BRF:11
BRH:11
end_of_record
TN:
SF:src/cbor/__tests__/cbor-js-testcases.ts
FNF:0
FNH:0
DA:5,1
LF:1
LH:1
BRF:0
BRH:0
end_of_record
TN:
SF:src/ejson/EjsonDecoder.ts
FN:27,(anonymous_0)
FN:35,(anonymous_1)
FN:40,(anonymous_2)
FN:64,(anonymous_3)
FN:82,(anonymous_4)
FN:113,(anonymous_5)
FN:137,(anonymous_6)
FN:165,(anonymous_7)
FN:169,(anonymous_8)
FN:171,(anonymous_9)
FN:175,(anonymous_10)
FN:470,(anonymous_11)
FN:483,(anonymous_12)
FN:491,(anonymous_13)
FN:501,(anonymous_14)
FN:507,(anonymous_15)
FNF:16
FNH:16
FNDA:5,(anonymous_0)
FNDA:108,(anonymous_1)
FNDA:2971,(anonymous_2)
FNDA:1474,(anonymous_3)
FNDA:786,(anonymous_4)
FNDA:7841,(anonymous_5)
FNDA:1453,(anonymous_6)
FNDA:2769,(anonymous_7)
FNDA:97,(anonymous_8)
FNDA:95,(anonymous_9)
FNDA:9116,(anonymous_10)
FNDA:2571,(anonymous_11)
FNDA:7,(anonymous_12)
FNDA:5,(anonymous_13)
FNDA:2,(anonymous_14)
FNDA:1,(anonymous_15)
DA:1,5
DA:17,5
DA:18,5
DA:26,5
DA:27,5
DA:28,5
DA:36,108
DA:37,108
DA:41,2971
DA:42,2971
DA:43,2971
DA:44,2971
DA:45,2971
DA:47,992
DA:49,197
DA:51,78
DA:53,89
DA:55,74
DA:57,786
DA:59,755
DA:60,1
DA:65,1474
DA:66,1474
DA:67,1474
DA:68,1474
DA:69,1474
DA:70,1474
DA:71,4064
DA:72,4064
DA:73,4064
DA:74,2590
DA:75,1020
DA:76,2590
DA:77,2590
DA:78,2590
DA:83,786
DA:84,786
DA:85,786
DA:86,786
DA:87,786
DA:88,786
DA:89,5095
DA:90,5095
DA:91,5095
DA:92,785
DA:94,785
DA:96,4310
DA:97,748
DA:98,4310
DA:99,4310
DA:100,4310
DA:101,4309
DA:102,4309
DA:103,4309
DA:104,4309
DA:105,4309
DA:108,4309
DA:109,4309
DA:114,7841
DA:115,7841
DA:116,7841
DA:117,7841
DA:118,7841
DA:120,2326
DA:122,1277
DA:124,213
DA:126,213
DA:128,372
DA:130,1453
DA:132,1987
DA:133,0
DA:138,1453
DA:139,1453
DA:140,1453
DA:141,1453
DA:142,1453
DA:143,1453
DA:144,4985
DA:145,4985
DA:146,4985
DA:147,1453
DA:148,1453
DA:150,3532
DA:151,1337
DA:152,3532
DA:153,3532
DA:154,3532
DA:155,3532
DA:156,3532
DA:157,3532
DA:158,3532
DA:159,3532
DA:160,3532
DA:161,3532
DA:166,2769
DA:169,2769
DA:170,97
DA:171,95
DA:175,9116
DA:177,2769
DA:179,173
DA:180,11
DA:181,1
DA:183,10
DA:184,10
DA:185,7
DA:187,3
DA:191,162
DA:192,17
DA:193,2
DA:195,15
DA:196,15
DA:197,14
DA:198,14
DA:199,11
DA:202,4
DA:206,145
DA:207,4
DA:208,0
DA:210,4
DA:211,4
DA:212,3
DA:213,3
DA:214,2
DA:217,2
DA:221,141
DA:222,14
DA:223,0
DA:225,14
DA:226,14
DA:227,13
DA:228,10
DA:229,7
DA:230,4
DA:231,4
DA:232,3
DA:235,2
DA:239,127
DA:240,1
DA:241,0
DA:243,1
DA:244,1
DA:245,1
DA:247,0
DA:251,126
DA:252,8
DA:253,0
DA:255,8
DA:256,8
DA:257,6
DA:258,6
DA:259,5
DA:260,5
DA:261,5
DA:262,5
DA:263,5
DA:264,5
DA:268,3
DA:272,118
DA:273,2
DA:274,0
DA:276,2
DA:277,2
DA:278,1
DA:279,1
DA:281,1
DA:285,116
DA:286,5
DA:287,0
DA:289,5
DA:290,5
DA:291,5
DA:293,0
DA:297,111
DA:298,1
DA:299,0
DA:301,1
DA:302,1
DA:303,1
DA:304,1
DA:309,0
DA:313,110
DA:314,1
DA:315,0
DA:317,1
DA:318,1
DA:319,1
DA:321,0
DA:325,109
DA:326,7
DA:327,0
DA:329,7
DA:330,7
DA:331,7
DA:332,7
DA:333,5
DA:334,5
DA:335,5
DA:336,3
DA:340,4
DA:344,102
DA:345,3
DA:346,0
DA:348,3
DA:349,3
DA:350,3
DA:351,3
DA:352,3
DA:353,3
DA:354,3
DA:355,3
DA:359,0
DA:363,99
DA:364,1
DA:365,0
DA:367,1
DA:368,1
DA:369,1
DA:370,1
DA:371,1
DA:372,1
DA:373,1
DA:374,1
DA:375,1
DA:376,1
DA:381,0
DA:385,98
DA:386,17
DA:387,0
DA:389,17
DA:390,17
DA:392,8
DA:393,8
DA:394,7
DA:396,9
DA:398,9
DA:399,9
DA:400,9
DA:401,9
DA:402,9
DA:403,8
DA:407,2
DA:411,81
DA:412,1
DA:413,0
DA:415,1
DA:416,1
DA:418,0
DA:422,80
DA:423,1
DA:424,0
DA:426,1
DA:427,1
DA:429,0
DA:433,79
DA:434,3
DA:435,0
DA:437,3
DA:438,3
DA:440,0
DA:445,2672
DA:446,1
DA:447,1
DA:448,1
DA:450,1
DA:451,1
DA:455,1
DA:456,3
DA:457,0
DA:461,1
DA:465,2671
DA:466,2671
DA:467,9012
DA:468,1513
DA:469,7499
DA:470,1788
DA:471,2571
DA:476,5711
DA:479,2671
DA:485,7
DA:486,7
DA:487,7
DA:488,7
DA:493,5
DA:494,5
DA:495,5
DA:496,18
DA:498,5
DA:503,2
DA:504,2
DA:509,1
DA:510,1
DA:511,1
DA:512,16
DA:514,1
LF:295
LH:269
BRDA:27,0,0,5
BRDA:45,1,0,992
BRDA:45,1,1,197
BRDA:45,1,2,78
BRDA:45,1,3,89
BRDA:45,1,4,74
BRDA:45,1,5,786
BRDA:45,1,6,755
BRDA:59,2,0,754
BRDA:59,3,0,755
BRDA:59,3,1,663
BRDA:59,3,2,93
BRDA:66,4,0,0
BRDA:73,5,0,1474
BRDA:74,6,0,1570
BRDA:74,6,1,1020
BRDA:75,7,0,0
BRDA:84,8,0,0
BRDA:91,9,0,785
BRDA:96,10,0,3562
BRDA:96,10,1,748
BRDA:97,11,0,0
BRDA:100,12,0,1
BRDA:102,13,0,0
BRDA:104,14,0,0
BRDA:118,15,0,2326
BRDA:118,15,1,1277
BRDA:118,15,2,213
BRDA:118,15,3,213
BRDA:118,15,4,372
BRDA:118,15,5,1453
BRDA:118,15,6,1987
BRDA:132,16,0,1987
BRDA:132,17,0,1987
BRDA:132,17,1,1769
BRDA:132,17,2,218
BRDA:139,18,0,0
BRDA:146,19,0,1453
BRDA:150,20,0,2195
BRDA:150,20,1,1337
BRDA:151,21,0,0
BRDA:154,22,0,0
BRDA:156,23,0,0
BRDA:158,24,0,0
BRDA:170,25,0,3
BRDA:177,26,0,173
BRDA:179,27,0,11
BRDA:180,28,0,1
BRDA:184,29,0,7
BRDA:184,30,0,10
BRDA:184,30,1,8
BRDA:191,31,0,17
BRDA:192,32,0,2
BRDA:196,33,0,14
BRDA:198,34,0,11
BRDA:198,35,0,14
BRDA:198,35,1,12
BRDA:198,35,2,12
BRDA:206,36,0,4
BRDA:207,37,0,0
BRDA:211,38,0,3
BRDA:213,39,0,2
BRDA:221,40,0,14
BRDA:222,41,0,0
BRDA:226,42,0,13
BRDA:227,43,0,3
BRDA:228,44,0,3
BRDA:229,45,0,3
BRDA:231,46,0,3
BRDA:239,47,0,1
BRDA:240,48,0,0
BRDA:244,49,0,1
BRDA:251,50,0,8
BRDA:252,51,0,0
BRDA:256,52,0,6
BRDA:256,53,0,8
BRDA:256,53,1,6
BRDA:258,54,0,5
BRDA:258,55,0,6
BRDA:258,55,1,5
BRDA:258,55,2,5
BRDA:261,56,0,5
BRDA:261,57,0,5
BRDA:261,57,1,5
BRDA:272,58,0,2
BRDA:273,59,0,0
BRDA:277,60,0,1
BRDA:277,61,0,2
BRDA:277,61,1,2
BRDA:285,62,0,5
BRDA:285,63,0,116
BRDA:285,63,1,6
BRDA:286,64,0,0
BRDA:290,65,0,5
BRDA:297,66,0,1
BRDA:297,67,0,111
BRDA:297,67,1,1
BRDA:298,68,0,0
BRDA:303,69,0,1
BRDA:303,70,0,1
BRDA:303,70,1,1
BRDA:303,70,2,1
BRDA:313,71,0,1
BRDA:314,72,0,0
BRDA:318,73,0,1
BRDA:325,74,0,7
BRDA:326,75,0,0
BRDA:330,76,0,7
BRDA:330,77,0,7
BRDA:330,77,1,7
BRDA:332,78,0,5
BRDA:332,79,0,7
BRDA:332,79,1,5
BRDA:332,79,2,5
BRDA:335,80,0,3
BRDA:335,81,0,5
BRDA:335,81,1,5
BRDA:335,81,2,5
BRDA:335,81,3,4
BRDA:344,82,0,3
BRDA:345,83,0,0
BRDA:349,84,0,3
BRDA:349,85,0,3
BRDA:349,85,1,3
BRDA:351,86,0,3
BRDA:351,87,0,3
BRDA:351,87,1,3
BRDA:351,87,2,3
BRDA:354,88,0,3
BRDA:354,89,0,3
BRDA:354,89,1,3
BRDA:363,90,0,1
BRDA:364,91,0,0
BRDA:368,92,0,1
BRDA:368,93,0,1
BRDA:368,93,1,1
BRDA:370,94,0,1
BRDA:370,95,0,1
BRDA:370,95,1,1
BRDA:370,95,2,1
BRDA:373,96,0,1
BRDA:373,97,0,1
BRDA:373,97,1,1
BRDA:375,98,0,1
BRDA:385,99,0,17
BRDA:386,100,0,0
BRDA:390,101,0,8
BRDA:390,101,1,9
BRDA:393,102,0,7
BRDA:396,103,0,9
BRDA:396,104,0,9
BRDA:396,104,1,9
BRDA:400,105,0,9
BRDA:400,106,0,9
BRDA:400,106,1,9
BRDA:400,106,2,9
BRDA:402,107,0,8
BRDA:411,108,0,1
BRDA:412,109,0,0
BRDA:415,110,0,1
BRDA:422,111,0,1
BRDA:423,112,0,0
BRDA:426,113,0,1
BRDA:433,114,0,3
BRDA:434,115,0,0
BRDA:437,116,0,3
BRDA:445,117,0,1
BRDA:445,118,0,2672
BRDA:445,118,1,27
BRDA:450,119,0,1
BRDA:456,120,0,0
BRDA:456,121,0,3
BRDA:456,121,1,2
BRDA:456,121,2,1
BRDA:467,122,0,1513
BRDA:467,122,1,7499
BRDA:467,123,0,9012
BRDA:467,123,1,3523
BRDA:467,123,2,3301
BRDA:469,124,0,1788
BRDA:469,124,1,5711
BRDA:471,125,0,468
BRDA:471,125,1,2103
BRDA:471,126,0,2571
BRDA:471,126,1,690
BRDA:471,126,2,610
BRF:186
BRH:159
end_of_record
TN:
SF:src/ejson/EjsonEncoder.ts
FN:28,(anonymous_0)
FN:39,(anonymous_1)
FN:44,(anonymous_2)
FN:48,(anonymous_3)
FN:141,(anonymous_4)
FN:173,(anonymous_5)
FN:201,(anonymous_6)
FN:222,(anonymous_7)
FN:235,(anonymous_8)
FN:254,(anonymous_9)
FN:267,(anonymous_10)
FN:289,(anonymous_11)
FN:301,(anonymous_12)
FN:313,(anonymous_13)
FN:330,(anonymous_14)
FN:371,(anonymous_15)
FN:393,(anonymous_16)
FN:404,(anonymous_17)
FN:412,(anonymous_18)
FN:420,(anonymous_19)
FN:432,(anonymous_20)
FN:445,(anonymous_21)
FN:465,(anonymous_22)
FN:476,(anonymous_23)
FN:492,(anonymous_24)
FN:503,(anonymous_25)
FN:521,(anonymous_26)
FN:540,(anonymous_27)
FN:551,(anonymous_28)
FN:564,(anonymous_29)
FN:570,(anonymous_30)
FN:578,(anonymous_31)
FN:587,(anonymous_32)
FNF:33
FNH:30
FNDA:7,(anonymous_0)
FNDA:93,(anonymous_1)
FNDA:0,(anonymous_2)
FNDA:10661,(anonymous_3)
FNDA:0,(anonymous_4)
FNDA:11004,(anonymous_5)
FNDA:0,(anonymous_6)
FNDA:1477,(anonymous_7)
FNDA:2113,(anonymous_8)
FNDA:3,(anonymous_9)
FNDA:2753,(anonymous_10)
FNDA:20,(anonymous_11)
FNDA:3,(anonymous_12)
FNDA:16,(anonymous_13)
FNDA:16,(anonymous_14)
FNDA:3,(anonymous_15)
FNDA:6,(anonymous_16)
FNDA:4,(anonymous_17)
FNDA:4,(anonymous_18)
FNDA:4,(anonymous_19)
FNDA:1,(anonymous_20)
FNDA:5,(anonymous_21)
FNDA:5,(anonymous_22)
FNDA:1,(anonymous_23)
FNDA:1,(anonymous_24)
FNDA:3,(anonymous_25)
FNDA:1,(anonymous_26)
FNDA:1,(anonymous_27)
FNDA:1,(anonymous_28)
FNDA:12,(anonymous_29)
FNDA:6,(anonymous_30)
FNDA:5,(anonymous_31)
FNDA:1,(anonymous_32)
DA:1,4
DA:16,4
DA:18,4
DA:27,4
DA:30,7
DA:32,7
DA:40,93
DA:41,93
DA:45,0
DA:49,10661
DA:50,305
DA:51,3
DA:53,302
DA:56,10356
DA:57,734
DA:60,9622
DA:61,3223
DA:64,6399
DA:65,2753
DA:68,3646
DA:69,1477
DA:72,2169
DA:73,16
DA:76,2153
DA:77,3
DA:81,2150
DA:82,6
DA:85,2144
DA:86,4
DA:89,2140
DA:90,4
DA:93,2136
DA:94,4
DA:97,2132
DA:98,1
DA:101,2131
DA:102,5
DA:105,2126
DA:106,5
DA:109,2121
DA:110,1
DA:113,2120
DA:114,1
DA:117,2119
DA:118,3
DA:121,2116
DA:122,1
DA:125,2115
DA:126,1
DA:129,2114
DA:130,1
DA:133,2113
DA:134,2113
DA:138,0
DA:142,0
DA:143,0
DA:144,0
DA:146,0
DA:147,0
DA:148,0
DA:149,0
DA:150,0
DA:151,0
DA:152,0
DA:153,0
DA:154,0
DA:155,0
DA:156,0
DA:157,0
DA:158,0
DA:159,0
DA:160,0
DA:161,0
DA:162,0
DA:163,0
DA:164,0
DA:165,0
DA:166,0
DA:167,0
DA:168,0
DA:169,0
DA:170,0
DA:174,11004
DA:175,11004
DA:176,11004
DA:177,11004
DA:178,11002
DA:179,11002
DA:180,11002
DA:181,11002
DA:182,94076
DA:183,94076
DA:186,1179
DA:187,1179
DA:189,94076
DA:190,310
DA:191,310
DA:192,93766
DA:194,10692
DA:195,10692
DA:196,10692
DA:198,2
DA:202,0
DA:203,0
DA:204,0
DA:205,0
DA:206,0
DA:207,0
DA:208,0
DA:209,0
DA:210,0
DA:213,0
DA:214,0
DA:216,0
DA:218,0
DA:219,0
DA:223,1477
DA:224,1477
DA:225,1477
DA:226,1477
DA:227,1477
DA:228,1575
DA:229,1575
DA:231,1477
DA:232,1477
DA:236,2113
DA:237,2113
DA:238,2113
DA:239,2113
DA:240,1959
DA:241,1959
DA:242,7695
DA:243,7695
DA:244,7695
DA:245,7695
DA:246,7695
DA:247,7695
DA:249,1959
DA:256,3
DA:257,3
DA:258,3
DA:259,3
DA:260,3
DA:261,3
DA:262,3
DA:263,3
DA:264,3
DA:268,2753
DA:269,27
DA:271,19
DA:272,18
DA:274,1
DA:277,8
DA:281,2726
DA:282,6
DA:284,2720
DA:291,20
DA:292,20
DA:293,20
DA:294,20
DA:295,20
DA:296,20
DA:297,20
DA:298,20
DA:303,3
DA:304,3
DA:305,3
DA:306,3
DA:307,3
DA:308,3
DA:309,3
DA:310,3
DA:315,16
DA:316,16
DA:317,16
DA:318,16
DA:319,16
DA:320,16
DA:321,16
DA:322,16
DA:323,12
DA:325,4
DA:327,16
DA:331,16
DA:333,16
DA:334,0
DA:337,16
DA:338,16
DA:339,16
DA:340,16
DA:341,16
DA:343,16
DA:345,7
DA:346,7
DA:347,7
DA:348,7
DA:349,7
DA:350,7
DA:351,7
DA:354,9
DA:355,9
DA:356,7
DA:359,2
DA:360,2
DA:361,2
DA:362,2
DA:363,2
DA:364,2
DA:365,2
DA:368,16
DA:373,3
DA:374,3
DA:375,3
DA:376,3
DA:377,3
DA:378,3
DA:379,3
DA:380,3
DA:381,3
DA:382,3
DA:383,3
DA:384,3
DA:385,3
DA:386,3
DA:387,3
DA:388,3
DA:389,3
DA:390,3
DA:395,6
DA:396,6
DA:397,6
DA:398,6
DA:399,6
DA:400,6
DA:401,6
DA:405,4
DA:406,2
DA:408,2
DA:413,4
DA:414,2
DA:416,2
DA:421,4
DA:422,2
DA:424,2
DA:425,0
DA:427,2
DA:434,1
DA:435,1
DA:436,1
DA:437,1
DA:438,1
DA:439,1
DA:440,1
DA:441,1
DA:442,1
DA:447,5
DA:448,5
DA:449,5
DA:450,5
DA:451,5
DA:452,5
DA:453,5
DA:454,5
DA:455,5
DA:456,5
DA:457,5
DA:458,5
DA:459,5
DA:460,5
DA:461,5
DA:462,5
DA:467,5
DA:468,5
DA:469,5
DA:470,5
DA:471,5
DA:472,5
DA:473,5
DA:478,1
DA:479,1
DA:480,1
DA:481,1
DA:482,1
DA:483,1
DA:484,1
DA:485,1
DA:486,1
DA:487,1
DA:488,1
DA:489,1
DA:494,1
DA:495,1
DA:496,1
DA:497,1
DA:498,1
DA:499,1
DA:500,1
DA:505,3
DA:506,3
DA:507,3
DA:508,3
DA:509,3
DA:510,3
DA:511,3
DA:512,3
DA:513,3
DA:514,3
DA:515,3
DA:516,3
DA:517,3
DA:518,3
DA:523,1
DA:524,1
DA:525,1
DA:526,1
DA:527,1
DA:528,1
DA:529,1
DA:530,1
DA:531,1
DA:532,1
DA:533,1
DA:534,1
DA:535,1
DA:536,1
DA:537,1
DA:542,1
DA:543,1
DA:544,1
DA:545,1
DA:546,1
DA:547,1
DA:548,1
DA:553,1
DA:554,1
DA:555,1
DA:556,1
DA:557,1
DA:558,1
DA:559,1
DA:565,12
DA:566,8
DA:567,4
DA:572,6
DA:573,6
DA:574,6
DA:575,6
DA:580,5
DA:581,5
DA:582,18
DA:584,5
DA:591,1
LF:352
LH:306
BRDA:30,0,0,0
BRDA:49,1,0,305
BRDA:49,2,0,10661
BRDA:49,2,1,10359
BRDA:50,3,0,3
BRDA:56,4,0,734
BRDA:60,5,0,3223
BRDA:64,6,0,2753
BRDA:68,7,0,1477
BRDA:72,8,0,16
BRDA:76,9,0,3
BRDA:81,10,0,6
BRDA:85,11,0,4
BRDA:89,12,0,4
BRDA:93,13,0,4
BRDA:97,14,0,1
BRDA:101,15,0,5
BRDA:105,16,0,5
BRDA:109,17,0,1
BRDA:113,18,0,1
BRDA:117,19,0,3
BRDA:121,20,0,1
BRDA:125,21,0,1
BRDA:129,22,0,1
BRDA:133,23,0,2113
BRDA:133,24,0,2113
BRDA:133,24,1,2113
BRDA:177,25,0,11002
BRDA:183,26,0,577
BRDA:183,26,1,1179
BRDA:189,27,0,310
BRDA:189,27,1,93766
BRDA:189,28,0,94076
BRDA:189,28,1,94043
BRDA:210,29,0,0
BRDA:210,29,1,0
BRDA:231,30,0,1023
BRDA:239,31,0,154
BRDA:268,32,0,27
BRDA:268,32,1,2726
BRDA:269,33,0,19
BRDA:269,33,1,8
BRDA:271,34,0,18
BRDA:271,34,1,1
BRDA:271,35,0,19
BRDA:271,35,1,19
BRDA:281,36,0,6
BRDA:281,36,1,2720
BRDA:322,37,0,12
BRDA:322,37,1,4
BRDA:333,38,0,0
BRDA:343,39,0,7
BRDA:343,39,1,9
BRDA:355,40,0,7
BRDA:355,40,1,2
BRDA:355,41,0,9
BRDA:355,41,1,7
BRDA:405,42,0,2
BRDA:405,42,1,2
BRDA:413,43,0,2
BRDA:413,43,1,2
BRDA:421,44,0,2
BRDA:421,44,1,2
BRDA:424,45,0,0
BRDA:424,45,1,2
BRDA:565,46,0,4
BRDA:566,47,0,4
BRF:67
BRH:62
end_of_record
TN:
SF:src/ejson/index.ts
FN:5,(anonymous_0)
FN:6,(anonymous_1)
FN:10,(anonymous_2)
FN:11,(anonymous_3)
FN:12,(anonymous_4)
FN:13,(anonymous_5)
FN:14,(anonymous_6)
FN:15,(anonymous_7)
FN:16,(anonymous_8)
FN:17,(anonymous_9)
FN:18,(anonymous_10)
FN:19,(anonymous_11)
FN:20,(anonymous_12)
FN:21,(anonymous_13)
FN:22,(anonymous_14)
FNF:15
FNH:2
FNDA:4,(anonymous_0)
FNDA:2,(anonymous_1)
FNDA:0,(anonymous_2)
FNDA:0,(anonymous_3)
FNDA:0,(anonymous_4)
FNDA:0,(anonymous_5)
FNDA:0,(anonymous_6)
FNDA:0,(anonymous_7)
FNDA:0,(anonymous_8)
FNDA:0,(anonymous_9)
FNDA:0,(anonymous_10)
FNDA:0,(anonymous_11)
FNDA:0,(anonymous_12)
FNDA:0,(anonymous_13)
FNDA:0,(anonymous_14)
DA:5,6
DA:6,4
DA:9,2
DA:10,2
DA:11,2
DA:12,2
DA:13,2
DA:14,2
DA:15,2
DA:16,2
DA:17,2
DA:18,2
DA:19,2
DA:20,2
DA:21,2
DA:22,2
LF:16
LH:16
BRF:0
BRH:0
end_of_record
TN:
SF:src/ion/Import.ts
FN:9,(anonymous_0)
FN:21,(anonymous_1)
FN:28,(anonymous_2)
FN:33,(anonymous_3)
FN:44,(anonymous_4)
FNF:5
FNH:5
FNDA:6481,(anonymous_0)
FNDA:5,(anonymous_1)
FNDA:53111,(anonymous_2)
FNDA:49075,(anonymous_3)
FNDA:2035,(anonymous_4)
DA:1,6
DA:4,6
DA:7,6481
DA:10,6481
DA:11,6481
DA:13,6481
DA:14,6481
DA:15,6481
DA:16,46655
DA:17,46655
DA:22,5
DA:23,5
DA:24,0
DA:25,0
DA:29,53111
DA:30,51080
DA:34,49075
DA:35,49075
DA:36,46624
DA:37,46624
DA:38,46624
DA:39,46624
DA:40,46624
DA:41,46624
DA:45,2035
DA:46,2035
DA:47,2035
LF:27
LH:25
BRDA:13,0,0,6475
BRDA:13,0,1,6
BRDA:23,1,0,5
BRDA:24,2,0,0
BRDA:29,3,0,2031
BRDA:29,4,0,2031
BRDA:29,4,1,0
BRDA:35,5,0,2451
BRF:8
BRH:6
end_of_record
TN:
SF:src/ion/IonDecoder.ts
FN:8,(anonymous_0)
FN:12,(anonymous_1)
FN:28,(anonymous_2)
FNF:3
FNH:2
FNDA:2041,(anonymous_0)
FNDA:2140,(anonymous_1)
FNDA:0,(anonymous_2)
DA:2,4
DA:3,4
DA:4,4
DA:7,4
DA:9,2041
DA:13,2140
DA:16,2140
DA:19,2140
DA:22,2140
DA:25,2140
DA:29,0
LF:11
LH:10
BRF:0
BRH:0
end_of_record
TN:
SF:src/ion/IonDecoderBase.ts
FN:13,(anonymous_0)
FN:18,(anonymous_1)
FN:49,(anonymous_2)
FN:69,(anonymous_3)
FN:76,(anonymous_4)
FN:87,(anonymous_5)
FN:98,(anonymous_6)
FN:106,(anonymous_7)
FN:119,(anonymous_8)
FN:132,(anonymous_9)
FN:156,(anonymous_10)
FN:183,(anonymous_11)
FN:209,(anonymous_12)
FN:221,(anonymous_13)
FN:244,(anonymous_14)
FN:257,(anonymous_15)
FN:264,(anonymous_16)
FNF:17
FNH:16
FNDA:2041,(anonymous_0)
FNDA:122749,(anonymous_1)
FNDA:2595,(anonymous_2)
FNDA:5403,(anonymous_3)
FNDA:2892,(anonymous_4)
FNDA:2671,(anonymous_5)
FNDA:20534,(anonymous_6)
FNDA:68126,(anonymous_7)
FNDA:5,(anonymous_8)
FNDA:8028,(anonymous_9)
FNDA:10464,(anonymous_10)
FNDA:2031,(anonymous_11)
FNDA:83575,(anonymous_12)
FNDA:0,(anonymous_13)
FNDA:51076,(anonymous_14)
FNDA:2140,(anonymous_15)
FNDA:2140,(anonymous_16)
DA:1,4
DA:2,4
DA:6,4
DA:8,4
DA:14,2041
DA:15,2041
DA:19,122749
DA:20,122749
DA:21,122749
DA:23,122749
DA:25,2595
DA:27,5403
DA:29,2892
DA:31,2671
DA:33,20534
DA:35,68126
DA:37,5
DA:39,8028
DA:41,10464
DA:43,2031
DA:45,0
DA:50,2595
DA:51,0
DA:53,0
DA:54,0
DA:56,0
DA:58,0
DA:59,0
DA:60,0
DA:61,0
DA:64,0
DA:65,0
DA:66,0
DA:70,5403
DA:71,5403
DA:72,2770
DA:73,0
DA:77,2892
DA:78,2892
DA:80,2877
DA:81,2877
DA:82,13372
DA:84,2877
DA:88,2671
DA:89,2671
DA:91,2671
DA:92,2671
DA:93,13285
DA:95,2671
DA:99,20534
DA:100,20534
DA:101,20534
DA:102,20534
DA:103,0
DA:107,68126
DA:109,68126
DA:110,68126
DA:111,13423
DA:114,68126
DA:116,68115
DA:120,5
DA:122,5
DA:123,5
DA:124,1
DA:127,5
DA:129,4
DA:133,8028
DA:135,8028
DA:136,8028
DA:137,5222
DA:140,8028
DA:142,6698
DA:143,6698
DA:145,6698
DA:146,65471
DA:149,6698
DA:150,0
DA:153,6698
DA:157,10464
DA:159,10464
DA:160,10464
DA:161,7770
DA:164,10464
DA:166,9425
DA:167,9425
DA:169,9425
DA:170,51076
DA:171,51076
DA:172,51076
DA:173,51076
DA:176,9425
DA:177,0
DA:180,9425
DA:184,2031
DA:185,0
DA:188,2031
DA:189,2031
DA:190,2021
DA:193,2031
DA:194,2031
DA:197,2031
DA:198,2031
DA:201,2031
DA:202,0
DA:206,2031
DA:210,83575
DA:213,83575
DA:214,92170
DA:215,92170
DA:218,83575
DA:222,0
DA:225,0
DA:226,0
DA:227,0
DA:228,0
DA:232,0
DA:233,0
DA:236,0
DA:237,0
DA:238,0
DA:241,0
DA:245,51076
DA:246,0
DA:249,51076
DA:250,51076
DA:251,0
DA:254,51076
DA:258,2140
DA:259,2140
DA:260,0
DA:266,2140
DA:267,2140
DA:268,2140
DA:270,2140
DA:272,2031
DA:275,2031
DA:276,2031
DA:277,2031
DA:279,2031
DA:281,2031
DA:282,2031
LF:141
LH:109
BRDA:14,0,0,0
BRDA:14,0,1,2041
BRDA:14,1,0,2041
BRDA:14,1,1,2041
BRDA:23,2,0,2595
BRDA:23,2,1,5403
BRDA:23,2,2,2892
BRDA:23,2,3,2671
BRDA:23,2,4,20534
BRDA:23,2,5,68126
BRDA:23,2,6,5
BRDA:23,2,7,8028
BRDA:23,2,8,10464
BRDA:23,2,9,2031
BRDA:23,2,10,0
BRDA:50,3,0,2595
BRDA:51,4,0,0
BRDA:56,5,0,0
BRDA:70,6,0,0
BRDA:71,7,0,2633
BRDA:72,8,0,2770
BRDA:77,9,0,0
BRDA:78,10,0,15
BRDA:88,11,0,0
BRDA:89,12,0,0
BRDA:99,13,0,0
BRDA:100,14,0,0
BRDA:101,15,0,0
BRDA:102,16,0,20534
BRDA:107,17,0,0
BRDA:110,18,0,13423
BRDA:114,19,0,11
BRDA:120,20,0,0
BRDA:123,21,0,1
BRDA:127,22,0,1
BRDA:133,23,0,0
BRDA:136,24,0,5222
BRDA:140,25,0,1330
BRDA:149,26,0,0
BRDA:157,27,0,0
BRDA:160,28,0,7770
BRDA:164,29,0,1039
BRDA:176,30,0,0
BRDA:184,31,0,0
BRDA:189,32,0,2021
BRDA:201,33,0,0
BRDA:225,34,0,0
BRDA:226,35,0,0
BRDA:226,35,1,0
BRDA:232,36,0,0
BRDA:232,36,1,0
BRDA:245,37,0,0
BRDA:250,38,0,0
BRDA:259,39,0,0
BRDA:266,40,0,2140
BRDA:270,41,0,2031
BRDA:275,42,0,2031
BRDA:275,43,0,2031
BRDA:275,43,1,2031
BRDA:275,43,2,2031
BRDA:279,44,0,2031
BRDA:279,45,0,2031
BRDA:279,45,1,2031
BRDA:282,46,0,2031
BRDA:282,46,1,0
BRF:65
BRH:37
end_of_record
TN:
SF:src/ion/IonEncoderFast.ts
FN:24,(anonymous_0)
FN:26,(anonymous_1)
FN:36,(anonymous_2)
FN:48,(anonymous_3)
FN:52,(anonymous_4)
FN:58,(anonymous_5)
FN:70,(anonymous_6)
FN:74,(anonymous_7)
FN:100,(anonymous_8)
FN:125,(anonymous_9)
FN:129,(anonymous_10)
FN:176,(anonymous_11)
FN:189,(anonymous_12)
FN:201,(anonymous_13)
FN:217,(anonymous_14)
FN:230,(anonymous_15)
FNF:16
FNH:16
FNDA:2042,(anonymous_0)
FNDA:2300,(anonymous_1)
FNDA:713481,(anonymous_2)
FNDA:2300,(anonymous_3)
FNDA:2300,(anonymous_4)
FNDA:2035,(anonymous_5)
FNDA:5407,(anonymous_6)
FNDA:2988,(anonymous_7)
FNDA:2705,(anonymous_8)
FNDA:20570,(anonymous_9)
FNDA:83635,(anonymous_10)
FNDA:68185,(anonymous_11)
FNDA:10,(anonymous_12)
FNDA:8048,(anonymous_13)
FNDA:10474,(anonymous_14)
FNDA:51102,(anonymous_15)
DA:2,5
DA:3,5
DA:18,5
DA:19,5
DA:21,5
DA:24,2042
DA:27,2300
DA:28,2300
DA:29,2300
DA:30,2300
DA:31,2300
DA:32,2300
DA:33,2300
DA:37,713481
DA:38,710883
DA:39,642698
DA:40,639710
DA:41,637005
DA:42,626531
DA:43,618483
DA:44,597913
DA:45,592506
DA:49,2300
DA:53,2300
DA:54,2035
DA:55,2035
DA:59,2035
DA:60,2035
DA:62,2022
DA:63,2022
DA:65,2035
DA:66,2035
DA:67,2035
DA:71,5407
DA:75,2988
DA:76,2988
DA:77,2966
DA:78,2156
DA:79,1728
DA:80,1702
DA:82,1691
DA:83,1691
DA:84,1691
DA:85,1691
DA:86,1691
DA:87,6
DA:88,6
DA:89,1685
DA:90,57
DA:91,57
DA:93,1628
DA:94,1628
DA:95,1628
DA:101,2705
DA:102,2705
DA:103,2178
DA:104,1733
DA:105,1724
DA:107,1714
DA:108,1714
DA:109,1714
DA:110,1714
DA:111,1714
DA:112,6
DA:113,6
DA:114,1708
DA:115,56
DA:116,56
DA:118,1652
DA:119,1652
DA:120,1652
DA:126,20570
DA:130,83635
DA:131,83635
DA:132,75038
DA:133,8597
DA:134,8596
DA:135,8596
DA:136,8596
DA:137,8596
DA:138,1
DA:139,1
DA:140,1
DA:141,1
DA:142,1
DA:143,1
DA:144,0
DA:145,0
DA:146,0
DA:147,0
DA:148,0
DA:149,0
DA:150,0
DA:152,0
DA:153,0
DA:154,0
DA:155,0
DA:156,0
DA:157,0
DA:158,0
DA:159,0
DA:160,0
DA:161,0
DA:162,0
DA:163,0
DA:164,0
DA:165,0
DA:166,0
DA:167,0
DA:168,0
DA:169,0
DA:170,0
DA:171,0
DA:177,68185
DA:178,68185
DA:179,68185
DA:180,68185
DA:182,13438
DA:183,13438
DA:185,68185
DA:186,68185
DA:190,10
DA:191,10
DA:192,10
DA:193,10
DA:195,3
DA:196,3
DA:198,10
DA:202,8048
DA:203,8048
DA:204,8048
DA:205,0
DA:206,0
DA:208,8048
DA:209,8048
DA:211,5227
DA:212,5227
DA:214,658044
DA:218,10474
DA:219,10474
DA:220,10474
DA:221,0
DA:222,0
DA:224,10474
DA:225,10474
DA:227,7773
DA:228,7773
DA:230,10474
DA:231,51102
DA:232,51102
LF:150
LH:119
BRDA:24,0,0,2042
BRDA:37,1,0,2598
BRDA:37,1,1,710883
BRDA:38,2,0,68185
BRDA:38,2,1,642698
BRDA:39,3,0,2988
BRDA:39,3,1,639710
BRDA:40,4,0,2705
BRDA:40,4,1,637005
BRDA:41,5,0,10474
BRDA:41,5,1,626531
BRDA:42,6,0,8048
BRDA:42,6,1,618483
BRDA:43,7,0,20570
BRDA:43,7,1,597913
BRDA:44,8,0,5407
BRDA:44,8,1,592506
BRDA:45,9,0,10
BRDA:53,10,0,265
BRDA:53,11,0,0
BRDA:53,11,1,2300
BRDA:53,12,0,2300
BRDA:53,12,1,2300
BRDA:60,13,0,13
BRDA:60,13,1,2022
BRDA:71,14,0,2772
BRDA:71,14,1,2635
BRDA:76,15,0,22
BRDA:76,15,1,2966
BRDA:77,16,0,810
BRDA:77,16,1,2156
BRDA:78,17,0,428
BRDA:78,17,1,1728
BRDA:79,18,0,26
BRDA:79,18,1,1702
BRDA:80,19,0,11
BRDA:80,19,1,1691
BRDA:83,20,0,816
BRDA:86,21,0,6
BRDA:86,21,1,1685
BRDA:89,22,0,57
BRDA:89,22,1,1628
BRDA:102,23,0,527
BRDA:102,23,1,2178
BRDA:103,24,0,445
BRDA:103,24,1,1733
BRDA:104,25,0,9
BRDA:104,25,1,1724
BRDA:105,26,0,10
BRDA:105,26,1,1714
BRDA:108,27,0,874
BRDA:111,28,0,6
BRDA:111,28,1,1708
BRDA:114,29,0,56
BRDA:114,29,1,1652
BRDA:131,30,0,75038
BRDA:131,30,1,8597
BRDA:133,31,0,8596
BRDA:133,31,1,1
BRDA:138,32,0,1
BRDA:138,32,1,0
BRDA:144,33,0,0
BRDA:144,33,1,0
BRDA:153,34,0,0
BRDA:155,35,0,0
BRDA:155,35,1,0
BRDA:163,36,0,0
BRDA:180,37,0,54747
BRDA:180,37,1,13438
BRDA:193,38,0,7
BRDA:193,38,1,3
BRDA:204,39,0,0
BRDA:209,40,0,2821
BRDA:209,40,1,5227
BRDA:220,41,0,0
BRDA:225,42,0,2701
BRDA:225,42,1,7773
BRF:77
BRH:67
end_of_record
TN:
SF:src/ion/ast.ts
FN:13,(anonymous_0)
FN:16,(anonymous_1)
FN:23,(anonymous_2)
FN:24,(anonymous_3)
FN:31,(anonymous_4)
FN:41,(anonymous_5)
FN:48,(anonymous_6)
FN:59,(anonymous_7)
FN:66,(anonymous_8)
FN:67,(anonymous_9)
FN:72,(anonymous_10)
FN:83,(anonymous_11)
FN:86,(anonymous_12)
FN:93,(anonymous_13)
FN:96,(anonymous_14)
FN:103,(anonymous_15)
FN:115,(anonymous_16)
FN:122,(anonymous_17)
FN:129,(anonymous_18)
FN:136,(anonymous_19)
FN:144,(anonymous_20)
FN:155,(anonymous_21)
FN:162,(anonymous_22)
FN:164,(anonymous_23)
FNF:24
FNH:23
FNDA:2598,(anonymous_0)
FNDA:2594,(anonymous_1)
FNDA:5407,(anonymous_2)
FNDA:5399,(anonymous_3)
FNDA:2988,(anonymous_4)
FNDA:2930,(anonymous_5)
FNDA:2705,(anonymous_6)
FNDA:2643,(anonymous_7)
FNDA:20570,(anonymous_8)
FNDA:20523,(anonymous_9)
FNDA:79562,(anonymous_10)
FNDA:68185,(anonymous_11)
FNDA:68141,(anonymous_12)
FNDA:10,(anonymous_13)
FNDA:1,(anonymous_14)
FNDA:8048,(anonymous_15)
FNDA:8017,(anonymous_16)
FNDA:10474,(anonymous_17)
FNDA:51102,(anonymous_18)
FNDA:8437,(anonymous_19)
FNDA:2035,(anonymous_20)
FNDA:0,(anonymous_21)
FNDA:118950,(anonymous_22)
FNDA:65548,(anonymous_23)
DA:1,6
DA:13,6
DA:14,2598
DA:15,2598
DA:17,2594
DA:21,6
DA:22,5407
DA:23,5407
DA:25,5399
DA:29,6
DA:31,2988
DA:32,2988
DA:33,2966
DA:34,2156
DA:35,1728
DA:36,1702
DA:37,1691
DA:38,1685
DA:39,1628
DA:42,2930
DA:46,6
DA:48,2705
DA:49,2705
DA:50,2705
DA:51,2705
DA:52,2178
DA:53,1733
DA:54,1724
DA:55,1714
DA:56,1708
DA:57,1652
DA:60,2643
DA:64,6
DA:65,20570
DA:66,20570
DA:68,20523
DA:72,6
DA:73,79562
DA:74,4681
DA:75,0
DA:76,0
DA:77,0
DA:78,0
DA:81,6
DA:83,68185
DA:84,68185
DA:87,68141
DA:91,6
DA:93,10
DA:94,10
DA:97,1
DA:101,6
DA:103,8048
DA:104,8048
DA:105,0
DA:107,8048
DA:109,6716
DA:110,65548
DA:111,6716
DA:116,8017
DA:120,6
DA:122,10474
DA:123,10474
DA:124,0
DA:126,10474
DA:128,9434
DA:129,9434
DA:130,51102
DA:132,9434
DA:137,8437
DA:141,6
DA:145,2035
DA:146,2035
DA:148,2035
DA:149,2035
DA:150,2035
DA:151,2035
DA:152,2035
DA:153,2035
DA:156,0
DA:160,6
DA:162,6
DA:163,118950
DA:164,116352
DA:165,108304
DA:166,108294
DA:168,5407
DA:170,26263
DA:171,20570
DA:174,68185
DA:176,8439
DA:177,8439
DA:178,49067
DA:179,49067
DA:181,8439
DA:184,0
LF:96
LH:88
BRDA:32,0,0,22
BRDA:32,0,1,2966
BRDA:33,1,0,810
BRDA:33,1,1,2156
BRDA:34,2,0,428
BRDA:34,2,1,1728
BRDA:35,3,0,26
BRDA:35,3,1,1702
BRDA:36,4,0,11
BRDA:36,4,1,1691
BRDA:37,5,0,6
BRDA:37,5,1,1685
BRDA:38,6,0,57
BRDA:38,6,1,1628
BRDA:50,7,0,0
BRDA:50,7,1,2705
BRDA:51,8,0,527
BRDA:51,8,1,2178
BRDA:52,9,0,445
BRDA:52,9,1,1733
BRDA:53,10,0,9
BRDA:53,10,1,1724
BRDA:54,11,0,10
BRDA:54,11,1,1714
BRDA:55,12,0,6
BRDA:55,12,1,1708
BRDA:56,13,0,56
BRDA:56,13,1,1652
BRDA:73,14,0,74881
BRDA:73,14,1,4681
BRDA:74,15,0,4681
BRDA:74,15,1,0
BRDA:75,16,0,0
BRDA:75,16,1,0
BRDA:76,17,0,0
BRDA:76,17,1,0
BRDA:77,18,0,0
BRDA:77,18,1,0
BRDA:87,19,0,54722
BRDA:87,19,1,13419
BRDA:97,20,0,1
BRDA:97,20,1,0
BRDA:104,21,0,0
BRDA:104,21,1,8048
BRDA:107,22,0,1332
BRDA:107,22,1,6716
BRDA:116,23,0,2799
BRDA:116,23,1,5218
BRDA:123,24,0,0
BRDA:123,24,1,10474
BRDA:126,25,0,1040
BRDA:126,25,1,9434
BRDA:137,26,0,2684
BRDA:137,26,1,5753
BRDA:156,27,0,0
BRDA:156,27,1,0
BRDA:163,28,0,2598
BRDA:164,29,0,8048
BRDA:165,30,0,10
BRDA:166,31,0,5407
BRDA:166,31,1,26263
BRDA:166,31,2,68185
BRDA:166,31,3,8439
BRDA:170,32,0,5693
BRDA:170,32,1,20570
BRDA:170,33,0,2988
BRDA:170,33,1,2705
BRF:67
BRH:54
end_of_record
TN:
SF:src/ion/symbols.ts
FNF:0
FNH:0
DA:1,6
DA:4,6
DA:16,6
LF:3
LH:3
BRF:0
BRH:0
end_of_record
TN:
SF:src/json/JsonDecoder.ts
FN:8,(anonymous_0)
FN:31,(anonymous_1)
FN:71,(anonymous_2)
FN:110,(anonymous_3)
FN:185,(anonymous_4)
FN:188,(anonymous_5)
FN:193,(anonymous_6)
FN:198,(anonymous_7)
FN:232,(anonymous_8)
FN:253,(anonymous_9)
FN:258,(anonymous_10)
FN:263,(anonymous_11)
FN:269,(anonymous_12)
FN:281,(anonymous_13)
FN:595,(anonymous_14)
FN:609,(anonymous_15)
FN:625,(anonymous_16)
FN:641,(anonymous_17)
FN:659,(anonymous_18)
FNF:19
FNH:19
FNDA:2191,(anonymous_0)
FNDA:307,(anonymous_1)
FNDA:247,(anonymous_2)
FNDA:43266,(anonymous_3)
FNDA:13,(anonymous_4)
FNDA:2,(anonymous_5)
FNDA:667,(anonymous_6)
FNDA:48756,(anonymous_7)
FNDA:278204,(anonymous_8)
FNDA:1862,(anonymous_9)
FNDA:2453,(anonymous_10)
FNDA:1672,(anonymous_11)
FNDA:2,(anonymous_12)
FNDA:16534,(anonymous_13)
FNDA:17946,(anonymous_14)
FNDA:305,(anonymous_15)
FNDA:2,(anonymous_16)
FNDA:4353,(anonymous_17)
FNDA:6367,(anonymous_18)
DA:1,12
DA:2,12
DA:3,12
DA:4,12
DA:7,12
DA:8,12
DA:9,2191
DA:11,0
DA:13,0
DA:15,91
DA:17,0
DA:19,1
DA:21,1023
DA:23,0
DA:25,1076
DA:27,0
DA:31,12
DA:32,307
DA:71,12
DA:74,247
DA:108,12
DA:110,12
DA:111,43266
DA:112,43266
DA:113,43266
DA:114,43266
DA:115,43266
DA:116,43266
DA:117,436215
DA:118,436215
DA:119,434206
DA:120,5118
DA:122,0
DA:123,0
DA:125,0
DA:126,0
DA:128,185
DA:129,185
DA:131,0
DA:132,0
DA:134,0
DA:135,0
DA:137,2401
DA:138,2401
DA:140,0
DA:141,0
DA:143,2532
DA:144,2532
DA:146,0
DA:148,5118
DA:150,429088
DA:151,385825
DA:152,385825
DA:155,2009
DA:156,2009
DA:157,1467
DA:159,542
DA:160,542
DA:161,538
DA:163,4
DA:164,4
DA:165,4
DA:166,4
DA:167,4
DA:168,4
DA:169,4
DA:170,4
DA:171,4
DA:173,0
DA:179,387834
DA:181,43266
DA:182,43266
DA:185,12
DA:186,13
DA:189,2
DA:190,2
DA:194,667
DA:195,667
DA:199,48756
DA:200,48756
DA:201,48756
DA:202,48756
DA:203,48756
DA:204,48756
DA:206,14688
DA:207,305
DA:208,305
DA:209,247
DA:210,2
DA:211,2
DA:214,14628
DA:217,6210
DA:219,1380
DA:221,1560
DA:223,2006
DA:225,9113
DA:227,13799
DA:228,6
DA:233,278204
DA:234,278204
DA:235,278204
DA:236,278204
DA:237,278204
DA:238,278583
DA:239,278583
DA:244,379
DA:245,379
DA:247,278204
DA:248,278204
DA:254,1862
DA:255,1862
DA:259,2453
DA:260,2453
DA:264,1672
DA:265,1672
DA:266,1672
DA:270,2
DA:271,2
DA:273,1
DA:275,1
DA:277,0
DA:282,16534
DA:283,16534
DA:284,16534
DA:285,16534
DA:286,16534
DA:287,16534
DA:288,16534
DA:289,393
DA:290,393
DA:291,393
DA:292,393
DA:294,16141
DA:295,16141
DA:296,16141
DA:297,221
DA:298,221
DA:299,221
DA:300,221
DA:302,15920
DA:303,15920
DA:304,15920
DA:305,504
DA:306,504
DA:307,504
DA:308,504
DA:310,15416
DA:311,15416
DA:312,15416
DA:313,481
DA:314,481
DA:315,481
DA:316,481
DA:318,14935
DA:319,14935
DA:320,14935
DA:321,327
DA:322,327
DA:323,327
DA:324,327
DA:326,14608
DA:327,14608
DA:328,14608
DA:329,253
DA:330,253
DA:331,253
DA:332,253
DA:334,14355
DA:335,14355
DA:336,14355
DA:337,44
DA:338,44
DA:339,44
DA:340,44
DA:342,14311
DA:343,14311
DA:344,14311
DA:345,14
DA:346,14
DA:347,14
DA:348,14
DA:350,14297
DA:351,14297
DA:352,14297
DA:353,0
DA:354,0
DA:355,0
DA:356,0
DA:358,14297
DA:359,14297
DA:360,14297
DA:361,33
DA:362,33
DA:363,33
DA:364,33
DA:366,14264
DA:367,14264
DA:368,14264
DA:369,10
DA:370,10
DA:371,10
DA:372,10
DA:374,14254
DA:375,14254
DA:376,14254
DA:377,5
DA:378,5
DA:379,5
DA:380,5
DA:382,14249
DA:383,14249
DA:384,14249
DA:385,8
DA:386,8
DA:387,8
DA:388,8
DA:390,14241
DA:391,14241
DA:392,14241
DA:393,18
DA:394,18
DA:395,18
DA:396,18
DA:398,14223
DA:399,14223
DA:400,14223
DA:401,218
DA:402,218
DA:403,218
DA:404,218
DA:406,14005
DA:407,14005
DA:408,14005
DA:409,1934
DA:410,1934
DA:411,1934
DA:412,1934
DA:414,12071
DA:415,12071
DA:416,12071
DA:417,8950
DA:418,8950
DA:419,8950
DA:420,8950
DA:422,3121
DA:423,3121
DA:424,3121
DA:425,3121
DA:426,3121
DA:427,3121
DA:428,3121
DA:430,0
DA:431,0
DA:432,0
DA:433,0
DA:434,0
DA:435,0
DA:436,0
DA:438,0
DA:439,0
DA:440,0
DA:441,0
DA:442,0
DA:464,0
DA:465,0
DA:467,0
DA:468,0
DA:469,0
DA:470,0
DA:471,0
DA:494,0
DA:495,0
DA:497,0
DA:498,0
DA:499,0
DA:500,0
DA:501,0
DA:525,0
DA:526,0
DA:528,0
DA:529,0
DA:530,0
DA:531,0
DA:532,0
DA:557,0
DA:558,0
DA:560,0
DA:561,0
DA:562,0
DA:563,0
DA:564,0
DA:589,0
DA:590,0
DA:592,0
DA:596,17946
DA:597,17946
DA:598,17946
DA:599,17946
DA:600,17946
DA:601,17946
DA:602,17945
DA:604,17945
DA:605,17945
DA:606,17945
DA:610,305
DA:611,305
DA:612,305
DA:613,305
DA:614,305
DA:615,305
DA:616,58
DA:617,58
DA:618,58
DA:619,58
DA:620,58
DA:621,58
DA:622,58
DA:626,2
DA:627,2
DA:628,2
DA:629,2
DA:630,2
DA:631,2
DA:632,2
DA:633,2
DA:634,2
DA:635,2
DA:636,2
DA:637,2
DA:638,2
DA:642,4353
DA:643,4353
DA:644,4353
DA:645,4353
DA:646,4353
DA:647,4353
DA:648,14678
DA:649,14678
DA:650,14678
DA:651,10326
DA:652,3226
DA:653,10325
DA:654,10325
DA:655,10325
DA:660,6367
DA:661,6367
DA:662,6367
DA:663,6367
DA:664,6367
DA:665,6367
DA:666,35740
DA:667,35740
DA:668,35740
DA:669,29374
DA:670,5771
DA:671,29373
DA:672,29373
DA:673,29373
DA:674,29373
DA:675,29373
DA:676,29373
DA:677,29373
DA:678,29373
DA:679,29373
DA:680,29373
LF:365
LH:300
BRDA:9,0,0,0
BRDA:9,0,1,0
BRDA:9,0,2,91
BRDA:9,0,3,0
BRDA:9,0,4,1
BRDA:9,0,5,1023
BRDA:9,0,6,0
BRDA:9,0,7,1076
BRDA:32,1,0,307
BRDA:32,1,1,307
BRDA:32,1,2,83
BRDA:32,1,3,62
BRDA:32,1,4,62
BRDA:32,1,5,62
BRDA:32,1,6,62
BRDA:32,1,7,62
BRDA:32,1,8,62
BRDA:32,1,9,62
BRDA:32,1,10,62
BRDA:32,1,11,62
BRDA:32,1,12,62
BRDA:32,1,13,62
BRDA:32,1,14,62
BRDA:32,1,15,62
BRDA:32,1,16,62
BRDA:32,1,17,62
BRDA:32,1,18,60
BRDA:32,1,19,60
BRDA:32,1,20,60
BRDA:32,1,21,60
BRDA:32,1,22,60
BRDA:32,1,23,60
BRDA:32,1,24,60
BRDA:32,1,25,60
BRDA:32,1,26,60
BRDA:32,1,27,60
BRDA:32,1,28,60
BRDA:32,1,29,60
BRDA:32,1,30,60
BRDA:32,1,31,60
BRDA:32,1,32,60
BRDA:32,1,33,60
BRDA:32,1,34,60
BRDA:32,1,35,60
BRDA:32,1,36,60
BRDA:74,2,0,247
BRDA:74,2,1,23
BRDA:74,2,2,2
BRDA:74,2,3,2
BRDA:74,2,4,2
BRDA:74,2,5,2
BRDA:74,2,6,2
BRDA:74,2,7,2
BRDA:74,2,8,2
BRDA:74,2,9,2
BRDA:74,2,10,2
BRDA:74,2,11,2
BRDA:74,2,12,2
BRDA:74,2,13,2
BRDA:74,2,14,2
BRDA:74,2,15,2
BRDA:74,2,16,2
BRDA:74,2,17,2
BRDA:74,2,18,2
BRDA:74,2,19,2
BRDA:74,2,20,2
BRDA:74,2,21,2
BRDA:74,2,22,2
BRDA:74,2,23,2
BRDA:74,2,24,2
BRDA:74,2,25,2
BRDA:74,2,26,2
BRDA:74,2,27,2
BRDA:74,2,28,2
BRDA:74,2,29,2
BRDA:74,2,30,2
BRDA:74,2,31,2
BRDA:74,2,32,2
BRDA:118,3,0,434206
BRDA:118,3,1,2009
BRDA:119,4,0,5118
BRDA:119,4,1,429088
BRDA:120,5,0,0
BRDA:120,5,1,0
BRDA:120,5,2,185
BRDA:120,5,3,0
BRDA:120,5,4,0
BRDA:120,5,5,2401
BRDA:120,5,6,0
BRDA:120,5,7,2532
BRDA:120,5,8,0
BRDA:150,6,0,43263
BRDA:152,7,0,5118
BRDA:156,8,0,1467
BRDA:156,8,1,542
BRDA:160,9,0,538
BRDA:160,9,1,4
BRDA:163,10,0,4
BRDA:166,11,0,4
BRDA:166,11,1,0
BRDA:204,12,0,14688
BRDA:204,12,1,6210
BRDA:204,12,2,1380
BRDA:204,12,3,1560
BRDA:204,12,4,2006
BRDA:204,12,5,9113
BRDA:204,12,6,13799
BRDA:206,13,0,305
BRDA:208,14,0,58
BRDA:209,15,0,2
BRDA:227,16,0,13793
BRDA:227,17,0,13799
BRDA:227,17,1,12432
BRDA:227,17,2,1367
BRDA:239,18,0,325
BRDA:239,18,1,339
BRDA:239,18,2,364
BRDA:239,18,3,379
BRDA:239,18,4,278204
BRDA:254,19,0,0
BRDA:259,20,0,0
BRDA:265,21,0,0
BRDA:265,22,0,1672
BRDA:265,22,1,1672
BRDA:271,23,0,1
BRDA:271,23,1,1
BRDA:271,23,2,0
BRDA:288,24,0,393
BRDA:288,25,0,16534
BRDA:288,25,1,16519
BRDA:288,25,2,16259
BRDA:288,25,3,378
BRDA:288,25,4,378
BRDA:288,25,5,378
BRDA:291,26,0,0
BRDA:296,27,0,221
BRDA:296,28,0,16141
BRDA:296,28,1,16117
BRDA:296,28,2,15969
BRDA:296,28,3,197
BRDA:296,28,4,197
BRDA:296,28,5,197
BRDA:299,29,0,0
BRDA:304,30,0,504
BRDA:304,31,0,15920
BRDA:304,31,1,15879
BRDA:304,31,2,15519
BRDA:304,31,3,463
BRDA:304,31,4,463
BRDA:304,31,5,463
BRDA:307,32,0,0
BRDA:312,33,0,481
BRDA:312,34,0,15416
BRDA:312,34,1,15394
BRDA:312,34,2,15056
BRDA:312,34,3,460
BRDA:312,34,4,460
BRDA:312,34,5,460
BRDA:315,35,0,0
BRDA:320,36,0,327
BRDA:320,37,0,14935
BRDA:320,37,1,14929
BRDA:320,37,2,14685
BRDA:320,37,3,321
BRDA:320,37,4,321
BRDA:320,37,5,321
BRDA:323,38,0,0
BRDA:328,39,0,253
BRDA:328,40,0,14608
BRDA:328,40,1,14607
BRDA:328,40,2,14416
BRDA:328,40,3,252
BRDA:328,40,4,252
BRDA:328,40,5,252
BRDA:331,41,0,0
BRDA:336,42,0,44
BRDA:336,43,0,14355
BRDA:336,43,1,14353
BRDA:336,43,2,14344
BRDA:336,43,3,42
BRDA:336,43,4,42
BRDA:336,43,5,42
BRDA:339,44,0,0
BRDA:344,45,0,14
BRDA:344,46,0,14311
BRDA:344,46,1,14306
BRDA:344,46,2,14301
BRDA:344,46,3,9
BRDA:344,46,4,9
BRDA:344,46,5,9
BRDA:347,47,0,0
BRDA:352,48,0,0
BRDA:352,49,0,14297
BRDA:352,49,1,14297
BRDA:352,49,2,14297
BRDA:352,49,3,0
BRDA:352,49,4,0
BRDA:355,50,0,0
BRDA:360,51,0,33
BRDA:360,52,0,14297
BRDA:360,52,1,14287
BRDA:360,52,2,14272
BRDA:360,52,3,23
BRDA:360,52,4,23
BRDA:363,53,0,0
BRDA:368,54,0,10
BRDA:368,55,0,14264
BRDA:368,55,1,14264
[...]
FNDA:11,(anonymous_15)
FNDA:457018,(anonymous_16)
FNDA:10,(anonymous_17)
FNDA:567897,(anonymous_18)
FNDA:0,(anonymous_19)
FNDA:13758,(anonymous_20)
FNDA:398,(anonymous_21)
FNDA:342,(anonymous_22)
FNDA:100,(anonymous_23)
FNDA:0,(anonymous_24)
FNDA:8196,(anonymous_25)
FNDA:28,(anonymous_26)
FNDA:22,(anonymous_27)
FNDA:0,(anonymous_28)
FNDA:0,(anonymous_29)
FNDA:1842,(anonymous_30)
FNDA:0,(anonymous_31)
FNDA:2712,(anonymous_32)
DA:1,5
DA:3,5
DA:6,5
DA:8,5
DA:19,139
DA:21,139
DA:24,2268
DA:25,2268
DA:30,0
DA:31,0
DA:37,2942503
DA:38,2942503
DA:39,2942364
DA:41,44000
DA:43,40924
DA:45,1700237
DA:47,38
DA:49,101073
DA:51,29925
DA:53,567883
DA:55,457008
DA:57,1212
DA:59,10
DA:61,7
DA:63,10
DA:65,12
DA:67,11
DA:69,14
DA:71,0
DA:75,1030776
DA:76,1030776
DA:77,1030776
DA:78,2067032
DA:79,2066937
DA:80,1036256
DA:85,3
DA:86,3
DA:87,3
DA:88,3
DA:89,3
DA:90,3
DA:91,3
DA:92,3
DA:93,3
DA:94,3
DA:95,3
DA:96,4
DA:97,4
DA:98,4
DA:100,3
DA:106,101073
DA:107,101073
DA:108,101066
DA:109,101052
DA:115,44000
DA:116,44000
DA:117,44000
DA:118,43993
DA:119,43993
DA:120,8947
DA:121,35046
DA:122,43993
DA:123,169710
DA:124,169695
DA:125,43978
DA:126,43972
DA:128,125717
DA:133,40924
DA:134,40924
DA:135,40924
DA:136,477537
DA:137,477511
DA:138,40898
DA:139,40898
DA:140,40898
DA:141,40898
DA:143,80
DA:145,5
DA:147,5
DA:149,70
DA:151,20033
DA:152,5
DA:154,20028
DA:156,40883
DA:157,40882
DA:162,7
DA:163,7
DA:164,7
DA:165,35
DA:166,35
DA:167,7
DA:168,7
DA:169,7
DA:170,7
DA:171,7
DA:178,1700237
DA:179,1700237
DA:180,1700237
DA:181,17662440
DA:182,17661504
DA:183,1699301
DA:184,1699301
DA:185,1699301
DA:186,1699301
DA:187,1699213
DA:192,42
DA:193,42
DA:194,1
DA:195,1
DA:197,41
DA:199,41
DA:200,39
DA:201,41
DA:202,41
DA:206,3
DA:207,3
DA:208,3
DA:209,3
DA:210,3
DA:211,3
DA:215,1212
DA:216,1212
DA:217,1203
DA:218,1190
DA:219,1190
DA:220,1190
DA:221,1144
DA:222,1137
DA:224,0
DA:225,0
DA:226,0
DA:232,12
DA:233,12
DA:234,12
DA:235,60
DA:236,56
DA:237,8
DA:238,8
DA:239,8
DA:240,8
DA:241,7
DA:246,11
DA:247,11
DA:248,8
DA:249,7
DA:250,5
DA:256,457018
DA:257,457018
DA:258,456996
DA:259,1
DA:260,1
DA:262,456995
DA:263,456955
DA:264,456955
DA:265,456349
DA:269,10
DA:270,10
DA:271,20
DA:272,10
DA:278,567897
DA:279,567807
DA:280,567807
DA:281,1312397
DA:282,1311593
DA:284,563462
DA:290,0
DA:294,13758
DA:295,13758
DA:296,13758
DA:298,342
DA:300,100
DA:302,8196
DA:304,28
DA:306,398
DA:308,118
DA:310,2712
DA:312,1842
DA:314,22
DA:316,0
DA:318,0
DA:320,0
DA:322,0
DA:324,0
DA:326,0
DA:328,0
DA:332,398
DA:336,342
DA:337,342
DA:338,1470
DA:339,342
DA:340,342
DA:345,100
DA:346,100
DA:347,514
DA:348,100
DA:349,100
DA:354,0
DA:355,0
DA:356,0
DA:357,0
DA:358,0
DA:363,8196
DA:364,8196
DA:365,81040
DA:366,8196
DA:367,8196
DA:372,28
DA:373,28
DA:374,0
DA:375,0
DA:377,28
DA:381,22
DA:382,22
DA:386,0
DA:387,0
DA:388,0
DA:389,0
DA:390,0
DA:395,0
DA:396,0
DA:400,1842
DA:401,1842
DA:402,1842
DA:403,0
DA:404,0
DA:406,1842
DA:407,1842
DA:411,0
DA:412,0
DA:416,2712
DA:417,2712
DA:418,6006
DA:419,6006
LF:233
LH:201
BRDA:21,0,0,134
BRDA:39,1,0,44000
BRDA:39,1,1,40924
BRDA:39,1,2,1700237
BRDA:39,1,3,38
BRDA:39,1,4,101073
BRDA:39,1,5,29925
BRDA:39,1,6,567883
BRDA:39,1,7,457008
BRDA:39,1,8,1212
BRDA:39,1,9,10
BRDA:39,1,10,7
BRDA:39,1,11,10
BRDA:39,1,12,12
BRDA:39,1,13,11
BRDA:39,1,14,14
BRDA:59,2,0,10
BRDA:59,2,1,0
BRDA:79,3,0,1030681
BRDA:87,4,0,0
BRDA:89,5,0,0
BRDA:91,6,0,0
BRDA:97,7,0,0
BRDA:119,8,0,8947
BRDA:119,8,1,35046
BRDA:121,9,0,35045
BRDA:124,10,0,43978
BRDA:126,11,0,8938
BRDA:126,11,1,35034
BRDA:137,12,0,436613
BRDA:141,13,0,80
BRDA:141,13,1,20033
BRDA:143,14,0,5
BRDA:143,14,1,5
BRDA:151,15,0,5
BRDA:166,16,0,28
BRDA:182,17,0,15962203
BRDA:193,18,0,1
BRDA:199,19,0,2
BRDA:199,19,1,39
BRDA:199,20,0,41
BRDA:199,20,1,3
BRDA:219,21,0,1190
BRDA:236,22,0,48
BRDA:258,23,0,1
BRDA:296,24,0,342
BRDA:296,24,1,100
BRDA:296,24,2,8196
BRDA:296,24,3,28
BRDA:296,24,4,398
BRDA:296,24,5,118
BRDA:296,24,6,2712
BRDA:296,24,7,1842
BRDA:296,24,8,22
BRDA:296,24,9,0
BRDA:296,24,10,0
BRDA:296,24,11,0
BRDA:296,24,12,0
BRDA:296,24,13,0
BRDA:296,24,14,0
BRDA:338,25,0,1128
BRDA:347,26,0,414
BRDA:356,27,0,0
BRDA:365,28,0,72844
BRDA:373,29,0,0
BRDA:388,30,0,0
BRDA:402,31,0,0
BRF:67
BRH:52
end_of_record
TN:
SF:src/resp/RespEncoder.ts
FN:19,(anonymous_0)
FN:21,(anonymous_1)
FN:26,(anonymous_2)
FN:31,(anonymous_3)
FN:61,(anonymous_4)
FN:92,(anonymous_5)
FN:97,(anonymous_6)
FN:107,(anonymous_7)
FN:112,(anonymous_8)
FN:118,(anonymous_9)
FN:123,(anonymous_10)
FN:130,(anonymous_11)
FN:139,(anonymous_12)
FN:148,(anonymous_13)
FN:160,(anonymous_14)
FN:166,(anonymous_15)
FN:173,(anonymous_16)
FN:180,(anonymous_17)
FN:184,(anonymous_18)
FN:216,(anonymous_19)
FN:226,(anonymous_20)
FN:231,(anonymous_21)
FN:237,(anonymous_22)
FN:242,(anonymous_23)
FN:250,(anonymous_24)
FN:257,(anonymous_25)
FN:268,(anonymous_26)
FN:277,(anonymous_27)
FN:283,(anonymous_28)
FN:300,(anonymous_29)
FN:305,(anonymous_30)
FN:313,(anonymous_31)
FN:324,(anonymous_32)
FN:333,(anonymous_33)
FN:340,(anonymous_34)
FN:354,(anonymous_35)
FN:361,(anonymous_36)
FN:375,(anonymous_37)
FN:381,(anonymous_38)
FN:384,(anonymous_39)
FN:398,(anonymous_40)
FN:402,(anonymous_41)
FN:406,(anonymous_42)
FN:412,(anonymous_43)
FN:420,(anonymous_44)
FN:431,(anonymous_45)
FN:439,(anonymous_46)
FN:447,(anonymous_47)
FN:457,(anonymous_48)
FN:465,(anonymous_49)
FN:473,(anonymous_50)
FN:477,(anonymous_51)
FN:484,(anonymous_52)
FN:492,(anonymous_53)
FN:497,(anonymous_54)
FNF:55
FNH:40
FNDA:61,(anonymous_0)
FNDA:2380,(anonymous_1)
FNDA:0,(anonymous_2)
FNDA:86278,(anonymous_3)
FNDA:24453,(anonymous_4)
FNDA:4,(anonymous_5)
FNDA:6,(anonymous_6)
FNDA:0,(anonymous_7)
FNDA:1,(anonymous_8)
FNDA:3,(anonymous_9)
FNDA:2920,(anonymous_10)
FNDA:2,(anonymous_11)
FNDA:2,(anonymous_12)
FNDA:6051,(anonymous_13)
FNDA:27117,(anonymous_14)
FNDA:7,(anonymous_15)
FNDA:6117,(anonymous_16)
FNDA:0,(anonymous_17)
FNDA:21004,(anonymous_18)
FNDA:67,(anonymous_19)
FNDA:0,(anonymous_20)
FNDA:87700,(anonymous_21)
FNDA:0,(anonymous_22)
FNDA:87217,(anonymous_23)
FNDA:1,(anonymous_24)
FNDA:6,(anonymous_25)
FNDA:15,(anonymous_26)
FNDA:1,(anonymous_27)
FNDA:498,(anonymous_28)
FNDA:14,(anonymous_29)
FNDA:9,(anonymous_30)
FNDA:6,(anonymous_31)
FNDA:9762,(anonymous_32)
FNDA:7,(anonymous_33)
FNDA:14045,(anonymous_34)
FNDA:0,(anonymous_35)
FNDA:16,(anonymous_36)
FNDA:12,(anonymous_37)
FNDA:61,(anonymous_38)
FNDA:12,(anonymous_39)
FNDA:0,(anonymous_40)
FNDA:0,(anonymous_41)
FNDA:0,(anonymous_42)
FNDA:1,(anonymous_43)
FNDA:2,(anonymous_44)
FNDA:1,(anonymous_45)
FNDA:1,(anonymous_46)
FNDA:2,(anonymous_47)
FNDA:1,(anonymous_48)
FNDA:0,(anonymous_49)
FNDA:0,(anonymous_50)
FNDA:0,(anonymous_51)
FNDA:0,(anonymous_52)
FNDA:0,(anonymous_53)
FNDA:0,(anonymous_54)
DA:1,7
DA:2,7
DA:4,7
DA:5,7
DA:10,7
DA:11,7
DA:16,7
DA:19,61
DA:22,2380
DA:23,2380
DA:27,0
DA:28,0
DA:32,86278
DA:34,27117
DA:36,26260
DA:38,6051
DA:40,26843
DA:41,23923
DA:42,14161
DA:43,14096
DA:44,14082
DA:45,14070
DA:46,25
DA:47,15
DA:48,14
DA:50,14045
DA:53,0
DA:55,7
DA:57,0
DA:62,24453
DA:63,24453
DA:64,24433
DA:65,21781
DA:66,21781
DA:68,2652
DA:69,2652
DA:70,2652
DA:71,2652
DA:73,20
DA:74,20
DA:75,20
DA:76,40
DA:77,40
DA:79,20
DA:80,20
DA:81,20
DA:82,20
DA:83,20
DA:84,20
DA:85,60
DA:86,60
DA:87,60
DA:89,20
DA:93,4
DA:94,4
DA:98,6
DA:99,6
DA:100,6
DA:101,16
DA:102,16
DA:103,15
DA:108,0
DA:109,0
DA:113,1
DA:114,1
DA:115,3
DA:119,3
DA:120,3
DA:124,2920
DA:131,2
DA:140,2
DA:149,6051
DA:161,27117
DA:162,21004
DA:163,21004
DA:167,7
DA:168,7
DA:169,7
DA:170,7
DA:174,6117
DA:175,6117
DA:176,6117
DA:177,6117
DA:181,0
DA:185,21004
DA:186,21004
DA:187,21004
DA:189,3
DA:194,3
DA:196,3
DA:202,3
DA:204,20998
DA:205,3
DA:210,20995
DA:211,20998
DA:213,21004
DA:217,67
DA:218,67
DA:219,67
DA:220,67
DA:221,67
DA:222,67
DA:223,67
DA:227,0
DA:232,87700
DA:233,87700
DA:234,495
DA:238,0
DA:243,87217
DA:244,87217
DA:245,87217
DA:246,87217
DA:247,87217
DA:251,1
DA:252,1
DA:253,1
DA:254,1
DA:258,6
DA:259,6
DA:260,6
DA:261,6
DA:262,6
DA:263,6
DA:264,6
DA:265,6
DA:269,15
DA:270,15
DA:271,15
DA:272,15
DA:273,15
DA:274,15
DA:278,1
DA:279,1
DA:280,0
DA:284,498
DA:285,498
DA:286,498
DA:287,498
DA:288,498
DA:289,498
DA:295,498
DA:296,498
DA:297,498
DA:301,14
DA:302,6
DA:306,9
DA:307,9
DA:308,9
DA:309,9
DA:310,9
DA:314,6
DA:315,6
DA:316,6
DA:317,6
DA:318,6
DA:319,6
DA:320,6
DA:321,6
DA:325,9762
DA:326,9762
DA:327,9762
DA:328,9762
DA:329,9762
DA:330,22110
DA:334,7
DA:335,7
DA:336,7
DA:337,7
DA:341,14045
DA:342,14045
DA:343,14045
DA:344,14045
DA:345,14045
DA:346,14045
DA:347,14045
DA:348,61403
DA:349,61403
DA:350,61403
DA:355,0
DA:356,0
DA:357,0
DA:358,0
DA:362,16
DA:363,16
DA:364,16
DA:365,16
DA:366,16
DA:367,16
DA:368,16
DA:369,37
DA:370,37
DA:371,37
DA:376,12
DA:377,12
DA:378,12
DA:379,12
DA:380,12
DA:381,61
DA:385,12
DA:386,12
DA:387,12
DA:388,12
DA:389,12
DA:390,22
DA:399,0
DA:403,0
DA:407,0
DA:413,1
DA:421,2
DA:422,2
DA:423,2
DA:424,2
DA:425,2
DA:426,2
DA:427,2
DA:428,2
DA:432,1
DA:440,1
DA:448,2
DA:449,2
DA:450,2
DA:451,2
DA:452,2
DA:453,2
DA:454,2
DA:458,1
DA:466,0
DA:474,0
DA:478,0
DA:485,0
DA:493,0
DA:494,0
DA:498,0
LF:233
LH:209
BRDA:19,0,0,60
BRDA:32,1,0,27117
BRDA:32,1,1,26260
BRDA:32,1,2,6051
BRDA:32,1,3,26843
BRDA:32,1,4,0
BRDA:32,1,5,7
BRDA:32,1,6,0
BRDA:40,2,0,2920
BRDA:41,3,0,9762
BRDA:42,4,0,65
BRDA:43,5,0,14
BRDA:44,6,0,12
BRDA:45,7,0,25
BRDA:46,8,0,10
BRDA:47,9,0,1
BRDA:48,10,0,14
BRDA:63,11,0,24433
BRDA:64,12,0,21781
BRDA:102,13,0,1
BRDA:102,13,1,15
BRDA:119,14,0,0
BRDA:119,14,1,3
BRDA:150,15,0,3399
BRDA:150,15,1,2652
BRDA:161,16,0,6113
BRDA:161,16,1,21004
BRDA:162,17,0,0
BRDA:162,17,1,21004
BRDA:187,18,0,3
BRDA:187,18,1,3
BRDA:187,18,2,20998
BRDA:204,19,0,3
BRDA:204,19,1,20995
BRDA:233,20,0,87205
BRDA:233,20,1,495
BRDA:233,21,0,87700
BRDA:233,21,1,87645
BRDA:279,22,0,1
BRDA:279,22,1,0
BRDA:301,23,0,8
BRDA:301,23,1,6
BRDA:301,24,0,14
BRDA:301,24,1,14
BRF:44
BRH:39
end_of_record
TN:
SF:src/resp/RespEncoderLegacy.ts
FN:14,(anonymous_0)
FN:44,(anonymous_1)
FN:49,(anonymous_2)
FN:55,(anonymous_3)
FN:59,(anonymous_4)
FN:64,(anonymous_5)
FN:68,(anonymous_6)
FN:81,(anonymous_7)
FNF:8
FNH:7
FNDA:20,(anonymous_0)
FNDA:5,(anonymous_1)
FNDA:8,(anonymous_2)
FNDA:1,(anonymous_3)
FNDA:1,(anonymous_4)
FNDA:0,(anonymous_5)
FNDA:2,(anonymous_6)
FNDA:1,(anonymous_7)
DA:2,1
DA:3,1
DA:4,1
DA:7,1
DA:8,1
DA:13,1
DA:15,20
DA:17,5
DA:19,7
DA:21,2
DA:23,6
DA:24,5
DA:25,3
DA:26,2
DA:27,1
DA:28,1
DA:29,0
DA:30,0
DA:31,0
DA:33,1
DA:36,0
DA:38,0
DA:40,0
DA:45,5
DA:46,1
DA:50,8
DA:51,8
DA:52,1
DA:56,1
DA:60,1
DA:61,0
DA:65,0
DA:69,2
DA:70,2
DA:71,2
DA:72,2
DA:73,2
DA:74,2
DA:75,5
DA:76,5
DA:77,4
DA:82,1
DA:83,1
DA:84,1
DA:85,1
DA:86,1
DA:87,1
DA:88,1
DA:89,1
DA:90,1
DA:91,1
DA:92,1
DA:93,1
LF:53
LH:45
BRDA:15,0,0,5
BRDA:15,0,1,7
BRDA:15,0,2,2
BRDA:15,0,3,6
BRDA:15,0,4,0
BRDA:15,0,5,0
BRDA:15,0,6,0
BRDA:21,1,0,1
BRDA:21,1,1,1
BRDA:23,2,0,1
BRDA:24,3,0,2
BRDA:25,4,0,1
BRDA:26,5,0,1
BRDA:27,6,0,0
BRDA:28,7,0,0
BRDA:29,8,0,0
BRDA:30,9,0,0
BRDA:31,10,0,0
BRDA:45,11,0,4
BRDA:45,11,1,1
BRDA:51,12,0,7
BRDA:51,12,1,1
BRDA:51,13,0,8
BRDA:51,13,1,8
BRDA:60,14,0,1
BRDA:60,14,1,0
BRDA:60,15,0,1
BRDA:60,15,1,1
BRDA:76,16,0,1
BRDA:76,16,1,4
BRDA:92,17,0,0
BRDA:92,17,1,1
BRF:32
BRH:22
end_of_record
TN:
SF:src/resp/RespStreamingDecoder.ts
FN:21,(anonymous_0)
FN:30,(anonymous_1)
FN:33,(anonymous_2)
FN:41,(anonymous_3)
FN:54,(anonymous_4)
FN:77,(anonymous_5)
FN:99,(anonymous_6)
FNF:7
FNH:5
FNDA:5,(anonymous_0)
FNDA:0,(anonymous_1)
FNDA:0,(anonymous_2)
FNDA:1580,(anonymous_3)
FNDA:1644,(anonymous_4)
FNDA:1,(anonymous_5)
FNDA:70,(anonymous_6)
DA:1,2
DA:2,2
DA:21,2
DA:22,5
DA:23,5
DA:31,0
DA:34,0
DA:42,1580
DA:55,1644
DA:56,1644
DA:57,1640
DA:58,1640
DA:59,1640
DA:60,155
DA:61,155
DA:63,1485
DA:64,1485
DA:65,1485
DA:66,0
DA:78,1
DA:79,1
DA:80,1
DA:81,1
DA:82,1
DA:83,1
DA:84,1
DA:86,0
DA:87,0
DA:88,0
DA:89,0
DA:100,70
DA:101,70
DA:102,70
DA:103,70
DA:104,70
DA:105,70
DA:106,70
DA:108,0
DA:109,0
DA:110,0
DA:111,0
LF:41
LH:30
BRDA:56,0,0,4
BRDA:63,1,0,1485
BRDA:63,1,1,0
BRDA:79,2,0,0
BRDA:86,3,0,0
BRDA:86,3,1,0
BRDA:101,4,0,0
BRDA:108,5,0,0
BRDA:108,5,1,0
BRF:9
BRH:2
end_of_record
TN:
SF:src/resp/extensions.ts
FN:4,(anonymous_0)
FN:10,(anonymous_1)
FN:16,(anonymous_2)
FNF:3
FNH:3
FNDA:15,(anonymous_0)
FNDA:21,(anonymous_1)
FNDA:1,(anonymous_2)
DA:1,7
DA:3,7
DA:4,15
DA:5,15
DA:9,7
DA:10,21
DA:11,21
DA:15,7
DA:16,1
DA:17,1
LF:10
LH:10
BRF:0
BRH:0
end_of_record
TN:
SF:src/ubjson/UbjsonDecoder.ts
FN:6,(anonymous_0)
FN:9,(anonymous_1)
FN:14,(anonymous_2)
FN:19,(anonymous_3)
FNF:4
FNH:3
FNDA:3,(anonymous_0)
FNDA:117,(anonymous_1)
FNDA:0,(anonymous_2)
FNDA:74411,(anonymous_3)
DA:1,3
DA:2,3
DA:6,3
DA:7,3
DA:10,117
DA:11,117
DA:15,0
DA:16,0
DA:20,74411
DA:21,74411
DA:22,74411
DA:24,1315
DA:26,1421
DA:28,1282
DA:30,37613
DA:32,227
DA:34,335
DA:35,335
DA:36,335
DA:39,262
DA:40,262
DA:41,262
DA:44,0
DA:45,0
DA:46,0
DA:49,11992
DA:50,11992
DA:51,11992
DA:54,10
DA:55,10
DA:56,10
DA:59,11393
DA:61,9
DA:63,3562
DA:64,3562
DA:65,3562
DA:66,18
DA:67,18
DA:68,18
DA:70,3544
DA:71,3544
DA:72,0
DA:73,0
DA:75,3544
DA:76,3544
DA:77,0
DA:78,0
DA:80,3544
DA:81,0
DA:82,0
DA:84,3544
DA:85,0
DA:86,0
DA:88,0
DA:89,0
DA:92,0
DA:93,0
DA:96,0
DA:97,0
DA:99,0
DA:101,3544
DA:102,10006
DA:103,3544
DA:104,3544
DA:108,4988
DA:109,4988
DA:110,4988
DA:111,25899
DA:112,25899
DA:113,25899
DA:114,25898
DA:116,4987
DA:117,4987
DA:120,2
DA:122,0
LF:75
LH:54
BRDA:22,0,0,1315
BRDA:22,0,1,1421
BRDA:22,0,2,1282
BRDA:22,0,3,37613
BRDA:22,0,4,227
BRDA:22,0,5,335
BRDA:22,0,6,262
BRDA:22,0,7,0
BRDA:22,0,8,11992
BRDA:22,0,9,10
BRDA:22,0,10,11393
BRDA:22,0,11,9
BRDA:22,0,12,3562
BRDA:22,0,13,4988
BRDA:22,0,14,2
BRDA:65,1,0,18
BRDA:65,2,0,3562
BRDA:65,2,1,18
BRDA:65,2,2,18
BRDA:71,3,0,0
BRDA:76,4,0,0
BRDA:80,5,0,0
BRDA:84,6,0,0
BRDA:84,6,1,3544
BRDA:86,7,0,0
BRDA:86,7,1,0
BRDA:86,7,2,0
BRDA:86,7,3,0
BRDA:86,7,4,0
BRDA:113,8,0,1
BRF:30
BRH:20
end_of_record
TN:
SF:src/ubjson/UbjsonEncoder.ts
FN:5,(anonymous_0)
FN:7,(anonymous_1)
FN:14,(anonymous_2)
FN:43,(anonymous_3)
FN:47,(anonymous_4)
FN:51,(anonymous_5)
FN:55,(anonymous_6)
FN:60,(anonymous_7)
FN:79,(anonymous_8)
FN:84,(anonymous_9)
FN:94,(anonymous_10)
FN:104,(anonymous_11)
FN:112,(anonymous_12)
FN:134,(anonymous_13)
FN:138,(anonymous_14)
FN:146,(anonymous_15)
FN:160,(anonymous_16)
FN:183,(anonymous_17)
FN:187,(anonymous_18)
FN:191,(anonymous_19)
FN:195,(anonymous_20)
FN:199,(anonymous_21)
FN:203,(anonymous_22)
FN:207,(anonymous_23)
FN:211,(anonymous_24)
FN:215,(anonymous_25)
FN:219,(anonymous_26)
FN:223,(anonymous_27)
FN:228,(anonymous_28)
FNF:29
FNH:15
FNDA:4,(anonymous_0)
FNDA:1197,(anonymous_1)
FNDA:37102,(anonymous_2)
FNDA:1315,(anonymous_3)
FNDA:2,(anonymous_4)
FNDA:2703,(anonymous_5)
FNDA:13120,(anonymous_6)
FNDA:1146,(anonymous_7)
FNDA:0,(anonymous_8)
FNDA:11992,(anonymous_9)
FNDA:10,(anonymous_10)
FNDA:18,(anonymous_11)
FNDA:11402,(anonymous_12)
FNDA:0,(anonymous_13)
FNDA:3544,(anonymous_14)
FNDA:4988,(anonymous_15)
FNDA:25899,(anonymous_16)
FNDA:0,(anonymous_17)
FNDA:0,(anonymous_18)
FNDA:0,(anonymous_19)
FNDA:0,(anonymous_20)
FNDA:0,(anonymous_21)
FNDA:0,(anonymous_22)
FNDA:0,(anonymous_23)
FNDA:0,(anonymous_24)
FNDA:0,(anonymous_25)
FNDA:0,(anonymous_26)
FNDA:0,(anonymous_27)
FNDA:0,(anonymous_28)
DA:4,4
DA:5,4
DA:8,1197
DA:9,1197
DA:10,1197
DA:11,1197
DA:15,37102
DA:17,2703
DA:19,13120
DA:21,11402
DA:23,9865
DA:24,8550
DA:25,8550
DA:27,3544
DA:29,18
DA:31,4988
DA:35,10
DA:37,2
DA:39,0
DA:44,1315
DA:48,2
DA:52,2703
DA:56,13120
DA:57,11992
DA:61,1146
DA:62,1146
DA:63,731
DA:64,148
DA:65,148
DA:66,583
DA:67,334
DA:68,334
DA:69,334
DA:70,334
DA:71,249
DA:72,249
DA:73,249
DA:74,249
DA:75,249
DA:80,0
DA:81,0
DA:85,11992
DA:86,11992
DA:87,11992
DA:88,11992
DA:89,11992
DA:90,11992
DA:91,11992
DA:95,10
DA:96,10
DA:97,10
DA:98,10
DA:99,10
DA:100,10
DA:101,10
DA:105,18
DA:106,18
DA:107,18
DA:108,18
DA:109,18
DA:113,11402
DA:114,11402
DA:115,11402
DA:116,11402
DA:117,11402
DA:118,11402
DA:119,11402
DA:120,11402
DA:121,11402
DA:122,11402
DA:123,11391
DA:124,11391
DA:126,11
DA:127,11
DA:129,11402
DA:130,11402
DA:131,11
DA:135,0
DA:139,3544
DA:140,3544
DA:141,3544
DA:142,10006
DA:143,3544
DA:147,4988
DA:148,4988
DA:149,4988
DA:150,4988
DA:151,4988
DA:152,25899
DA:153,25899
DA:154,25899
DA:155,25899
DA:157,4988
DA:161,25899
DA:162,25899
DA:163,25899
DA:164,25899
DA:165,25899
DA:166,25899
DA:167,25899
DA:168,25899
DA:169,25899
DA:170,25895
DA:171,25895
DA:173,4
DA:174,4
DA:176,25899
DA:177,25899
DA:178,4
DA:184,0
DA:188,0
DA:192,0
DA:196,0
DA:200,0
DA:204,0
DA:208,0
DA:212,0
DA:216,0
DA:220,0
DA:224,0
DA:225,0
DA:229,0
LF:122
LH:105
BRDA:15,0,0,2703
BRDA:15,0,1,13120
BRDA:15,0,2,11402
BRDA:15,0,3,9865
BRDA:15,0,4,10
BRDA:15,0,5,2
BRDA:15,0,6,0
BRDA:23,1,0,1315
BRDA:25,2,0,3544
BRDA:25,2,1,18
BRDA:25,2,2,4988
BRDA:52,3,0,1421
BRDA:52,3,1,1282
BRDA:56,4,0,1128
BRDA:62,5,0,415
BRDA:62,5,1,731
BRDA:62,6,0,1146
BRDA:62,6,1,901
BRDA:63,7,0,148
BRDA:63,7,1,583
BRDA:63,8,0,731
BRDA:63,8,1,486
BRDA:66,9,0,334
BRDA:66,9,1,249
BRDA:66,10,0,583
BRDA:66,10,1,460
BRDA:71,11,0,249
BRDA:71,12,0,249
BRDA:71,12,1,249
BRDA:81,13,0,0
BRDA:122,14,0,11391
BRDA:122,14,1,11
BRDA:130,15,0,11391
BRDA:130,15,1,11
BRDA:169,16,0,25895
BRDA:169,16,1,4
BRDA:177,17,0,25895
BRDA:177,17,1,4
BRF:38
BRH:36
end_of_record
TN:
SF:src/util/CompressionTable.ts
FN:5,(anonymous_0)
FN:6,(anonymous_1)
FN:19,(anonymous_2)
FN:23,(anonymous_3)
FN:31,(anonymous_4)
FN:53,(anonymous_5)
FN:61,(anonymous_6)
FN:79,(anonymous_7)
FN:81,(anonymous_8)
FN:109,(anonymous_9)
FN:115,(anonymous_10)
FN:119,(anonymous_11)
FN:141,(anonymous_12)
FN:149,(anonymous_13)
FNF:14
FNH:10
FNDA:8,(anonymous_0)
FNDA:7,(anonymous_1)
FNDA:28,(anonymous_2)
FNDA:66,(anonymous_3)
FNDA:61,(anonymous_4)
FNDA:0,(anonymous_5)
FNDA:0,(anonymous_6)
FNDA:8,(anonymous_7)
FNDA:25,(anonymous_8)
FNDA:33,(anonymous_9)
FNDA:7,(anonymous_10)
FNDA:25,(anonymous_11)
FNDA:0,(anonymous_12)
FNDA:0,(anonymous_13)
DA:1,2
DA:3,2
DA:5,2
DA:7,7
DA:8,7
DA:9,7
DA:10,7
DA:13,8
DA:14,8
DA:16,8
DA:17,8
DA:20,28
DA:24,66
DA:25,28
DA:26,28
DA:28,38
DA:32,61
DA:34,19
DA:35,15
DA:36,15
DA:38,8
DA:39,8
DA:40,20
DA:41,20
DA:43,8
DA:46,7
DA:47,7
DA:48,32
DA:49,7
DA:52,0
DA:53,0
DA:54,0
DA:55,0
DA:57,0
DA:60,0
DA:61,0
DA:62,0
DA:64,0
DA:67,0
DA:68,0
DA:69,0
DA:72,15
DA:75,42
DA:80,8
DA:81,25
DA:82,8
DA:83,8
DA:84,8
DA:85,8
DA:86,8
DA:87,8
DA:88,8
DA:89,8
DA:90,8
DA:91,17
DA:92,17
DA:93,17
DA:94,17
DA:97,8
DA:98,8
DA:99,8
DA:100,8
DA:101,31
DA:102,31
DA:103,31
DA:105,8
DA:106,8
DA:110,33
DA:111,33
DA:112,33
DA:116,7
DA:120,25
DA:122,9
DA:123,7
DA:124,7
DA:126,4
DA:127,4
DA:128,9
DA:129,4
DA:132,3
DA:133,3
DA:134,3
DA:135,12
DA:136,3
DA:139,0
DA:140,0
DA:141,0
DA:142,0
DA:144,0
DA:147,0
DA:148,0
DA:149,0
DA:150,0
DA:152,0
DA:155,0
DA:156,0
DA:157,0
DA:160,0
DA:163,16
LF:99
LH:73
BRDA:24,0,0,28
BRDA:32,1,0,19
BRDA:32,1,1,42
BRDA:34,2,0,4
BRDA:36,3,0,8
BRDA:36,3,1,7
BRDA:36,3,2,0
BRDA:36,3,3,0
BRDA:36,3,4,0
BRDA:85,4,0,8
BRDA:111,5,0,0
BRDA:120,6,0,9
BRDA:120,6,1,16
BRDA:122,7,0,2
BRDA:124,8,0,4
BRDA:124,8,1,3
BRDA:124,8,2,0
BRDA:124,8,3,0
BRDA:124,8,4,0
BRF:19
BRH:12
end_of_record
TN:
SF:src/util/DecompressionTable.ts
FN:5,(anonymous_0)
FN:8,(anonymous_1)
FN:32,(anonymous_2)
FN:38,(anonymous_3)
FN:63,(anonymous_4)
FN:71,(anonymous_5)
FNF:6
FNH:4
FNDA:2,(anonymous_0)
FNDA:2,(anonymous_1)
FNDA:22,(anonymous_2)
FNDA:12,(anonymous_3)
FNDA:0,(anonymous_4)
FNDA:0,(anonymous_5)
DA:1,1
DA:3,1
DA:5,1
DA:6,2
DA:9,2
DA:10,2
DA:11,2
DA:12,2
DA:13,2
DA:14,2
DA:15,2
DA:16,2
DA:18,2
DA:19,8
DA:20,8
DA:21,6
DA:22,6
DA:23,6
DA:25,2
DA:29,12
DA:33,22
DA:35,22
DA:39,12
DA:41,9
DA:44,3
DA:45,3
DA:46,3
DA:48,1
DA:49,1
DA:50,3
DA:51,1
DA:54,2
DA:55,2
DA:56,2
DA:57,8
DA:58,2
DA:61,0
DA:62,0
DA:63,0
DA:64,0
DA:66,0
DA:69,0
DA:70,0
DA:71,0
DA:72,0
DA:74,0
DA:77,0
DA:78,0
DA:79,0
DA:82,0
DA:85,0
LF:51
LH:36
BRDA:10,0,0,0
BRDA:15,1,0,2
BRDA:20,2,0,6
BRDA:20,2,1,2
BRDA:39,3,0,9
BRDA:39,3,1,3
BRDA:39,3,2,0
BRDA:44,4,0,0
BRDA:46,5,0,1
BRDA:46,5,1,2
BRDA:46,5,2,0
BRDA:46,5,3,0
BRDA:46,5,4,0
BRF:13
BRH:7
end_of_record
TN:
SF:src/util/buffers/toDataUri.ts
FN:3,(anonymous_0)
FNF:1
FNH:0
FNDA:0,(anonymous_0)
DA:1,14
DA:3,14
DA:4,0
DA:5,0
DA:6,0
LF:5
LH:2
BRF:0
BRH:0
end_of_record
